 ============================>     TALLY 1     <============================

 Universe 13
   Delayed Group 1
     Total Material
       Delayed-Nu-Fission Rate              0.000264877 +/- 1.02361e-07
   Delayed Group 2
     Total Material
       Delayed-Nu-Fission Rate              0.000709662 +/- 2.73363e-07
   Delayed Group 3
     Total Material
       Delayed-Nu-Fission Rate              0.000555951 +/- 2.12537e-07
   Delayed Group 4
     Total Material
       Delayed-Nu-Fission Rate              0.00110909 +/- 4.19649e-07
   Delayed Group 5
     Total Material
       Delayed-Nu-Fission Rate              0.000362561 +/- 1.36516e-07
   Delayed Group 6
     Total Material
       Delayed-Nu-Fission Rate              0.000131556 +/- 4.89305e-08
 ============================>     TALLY 2     <============================

 Universe 13
   Delayed Group 1
     Total Material
       Decay Rate                           -nan +/- 0
   Delayed Group 2
     Total Material
       Decay Rate                           2.46355e-05 +/- 9.49486e-09
   Delayed Group 3
     Total Material
       Decay Rate                           -nan +/- 0
   Delayed Group 4
     Total Material
       Decay Rate                           -nan +/- 0
   Delayed Group 5
     Total Material
       Decay Rate                           -nan +/- 0
   Delayed Group 6
     Total Material
       Decay Rate                           -nan +/- 0
 ============================>     TALLY 3     <============================

 Universe 13
   Incoming Energy [0, 200000000)
     Total Material
       Nu-Fission Rate                      1.0327 +/- 0.000402091
 ============================>     TALLY 4     <============================

 Universe 13
   Delayed Group 1
     Incoming Energy [0, 200000000)
       Total Material
         Delayed-Nu-Fission Rate              0.000264877 +/- 1.02361e-07
   Delayed Group 2
     Incoming Energy [0, 200000000)
       Total Material
         Delayed-Nu-Fission Rate              0.000709662 +/- 2.73363e-07
   Delayed Group 3
     Incoming Energy [0, 200000000)
       Total Material
         Delayed-Nu-Fission Rate              0.000555951 +/- 2.12537e-07
   Delayed Group 4
     Incoming Energy [0, 200000000)
       Total Material
         Delayed-Nu-Fission Rate              0.00110909 +/- 4.19649e-07
   Delayed Group 5
     Incoming Energy [0, 200000000)
       Total Material
         Delayed-Nu-Fission Rate              0.000362561 +/- 1.36516e-07
   Delayed Group 6
     Incoming Energy [0, 200000000)
       Total Material
         Delayed-Nu-Fission Rate              0.000131556 +/- 4.89305e-08
 =================>     TALLY 5: BREEDING_RATIO_TALLY     <=================

 Universe 13
   Pu238
     (n,gamma)                            1.0612e-09 +/- 4.82983e-13
     Absorption Rate                      1.13357e-09 +/- 5.0469e-13
   U238
     (n,gamma)                            1.27528e-10 +/- 1.31944e-13
     Absorption Rate                      1.27918e-10 +/- 1.31944e-13
   Th232
     (n,gamma)                            0.456344 +/- 0.000122742
     Absorption Rate                      0.457863 +/- 0.000122739
   U235
     (n,gamma)                            0.00012246 +/- 4.58961e-08
     Absorption Rate                      0.000677045 +/- 2.82908e-07
   Pu241
     (n,gamma)                            3.96031e-13 +/- 1.77883e-16
     Absorption Rate                      1.4326e-12 +/- 6.35606e-16
   U234
     (n,gamma)                            0.00491334 +/- 3.94229e-06
     Absorption Rate                      0.00494346 +/- 3.94579e-06
   U233
     (n,gamma)                            0.0502544 +/- 1.85865e-05
     Absorption Rate                      0.461713 +/- 0.000178877
   Pu239
     (n,gamma)                            9.46745e-11 +/- 4.42607e-14
     Absorption Rate                      2.51884e-10 +/- 1.16355e-13
   Pu240
     (n,gamma)                            1.22135e-11 +/- 1.05811e-14
     Absorption Rate                      1.22245e-11 +/- 1.05832e-14
 ====================>     TALLY 6: FISSION_ENERGY     <====================

 Universe 13
   Total Material
     Kappa-Fission Rate                   7.90046e+07 +/- 30766.6
 =======================>     TALLY 7: HEATING     <========================

 Universe 13
   Total Material
     heating                              7.4642e+07 +/- 28269.5
 ============================>     TALLY 8     <============================

 Internal

