 ============================>     TALLY 1     <============================

 Universe 13
   Delayed Group 1
     Total Material
       Delayed-Nu-Fission Rate              0.000260037 +/- 1.00184e-07
   Delayed Group 2
     Total Material
       Delayed-Nu-Fission Rate              0.000697275 +/- 2.67711e-07
   Delayed Group 3
     Total Material
       Delayed-Nu-Fission Rate              0.000546581 +/- 2.08103e-07
   Delayed Group 4
     Total Material
       Delayed-Nu-Fission Rate              0.00109107 +/- 4.1067e-07
   Delayed Group 5
     Total Material
       Delayed-Nu-Fission Rate              0.00035692 +/- 1.33627e-07
   Delayed Group 6
     Total Material
       Delayed-Nu-Fission Rate              0.000129621 +/- 4.78685e-08
 ============================>     TALLY 2     <============================

 Universe 13
   Delayed Group 1
     Total Material
       Decay Rate                           -nan +/- 0
   Delayed Group 2
     Total Material
       Decay Rate                           2.4203e-05 +/- 9.29797e-09
   Delayed Group 3
     Total Material
       Decay Rate                           -nan +/- 0
   Delayed Group 4
     Total Material
       Decay Rate                           -nan +/- 0
   Delayed Group 5
     Total Material
       Decay Rate                           -nan +/- 0
   Delayed Group 6
     Total Material
       Decay Rate                           -nan +/- 0
 ============================>     TALLY 3     <============================

 Universe 13
   Incoming Energy [0, 200000000)
     Total Material
       Nu-Fission Rate                      1.01371 +/- 0.000393952
 ============================>     TALLY 4     <============================

 Universe 13
   Delayed Group 1
     Incoming Energy [0, 200000000)
       Total Material
         Delayed-Nu-Fission Rate              0.000260037 +/- 1.00184e-07
   Delayed Group 2
     Incoming Energy [0, 200000000)
       Total Material
         Delayed-Nu-Fission Rate              0.000697275 +/- 2.67711e-07
   Delayed Group 3
     Incoming Energy [0, 200000000)
       Total Material
         Delayed-Nu-Fission Rate              0.000546581 +/- 2.08103e-07
   Delayed Group 4
     Incoming Energy [0, 200000000)
       Total Material
         Delayed-Nu-Fission Rate              0.00109107 +/- 4.1067e-07
   Delayed Group 5
     Incoming Energy [0, 200000000)
       Total Material
         Delayed-Nu-Fission Rate              0.00035692 +/- 1.33627e-07
   Delayed Group 6
     Incoming Energy [0, 200000000)
       Total Material
         Delayed-Nu-Fission Rate              0.000129621 +/- 4.78685e-08
 =================>     TALLY 5: BREEDING_RATIO_TALLY     <=================

 Universe 13
   U238
     (n,gamma)                            3.85133e-10 +/- 3.9379e-13
     Absorption Rate                      3.86337e-10 +/- 3.9388e-13
   Th232
     (n,gamma)                            0.452698 +/- 0.00014549
     Absorption Rate                      0.454259 +/- 0.000145516
   Pu241
     (n,gamma)                            3.07841e-12 +/- 1.45568e-15
     Absorption Rate                      1.11349e-11 +/- 5.17889e-15
   U233
     (n,gamma)                            0.049387 +/- 1.77836e-05
     Absorption Rate                      0.452841 +/- 0.000174646
   Pu239
     (n,gamma)                            4.47864e-10 +/- 2.21463e-13
     Absorption Rate                      1.19128e-09 +/- 5.856e-13
   Pu240
     (n,gamma)                            7.42055e-11 +/- 6.21513e-14
     Absorption Rate                      7.42729e-11 +/- 6.21662e-14
   U235
     (n,gamma)                            0.000198799 +/- 7.56225e-08
     Absorption Rate                      0.00109655 +/- 4.78187e-07
   Pu238
     (n,gamma)                            4.19249e-09 +/- 2.03537e-12
     Absorption Rate                      4.48051e-09 +/- 2.12654e-12
   U234
     (n,gamma)                            0.00621244 +/- 5.39587e-06
     Absorption Rate                      0.00625131 +/- 5.39938e-06
 ====================>     TALLY 6: FISSION_ENERGY     <====================

 Universe 13
   Total Material
     Kappa-Fission Rate                   7.75517e+07 +/- 30140.4
 =======================>     TALLY 7: HEATING     <========================

 Universe 13
   Total Material
     heating                              7.20115e+07 +/- 28253.9
 ============================>     TALLY 8     <============================

 Internal

 ============================>     TALLY 9     <============================

 Internal

 ===========================>     TALLY 10     <============================

 Internal

