 ============================>     TALLY 1     <============================

 Universe 13
   Delayed Group 1
     Total Material
       Delayed-Nu-Fission Rate              0.000260823 +/- 8.74165e-08
   Delayed Group 2
     Total Material
       Delayed-Nu-Fission Rate              0.000698259 +/- 2.33145e-07
   Delayed Group 3
     Total Material
       Delayed-Nu-Fission Rate              0.00054684 +/- 1.80991e-07
   Delayed Group 4
     Total Material
       Delayed-Nu-Fission Rate              0.00109071 +/- 3.56688e-07
   Delayed Group 5
     Total Material
       Delayed-Nu-Fission Rate              0.000356358 +/- 1.1587e-07
   Delayed Group 6
     Total Material
       Delayed-Nu-Fission Rate              0.000129259 +/- 4.14238e-08
 ============================>     TALLY 2     <============================

 Universe 13
   Delayed Group 1
     Total Material
       Decay Rate                           -nan +/- 0
   Delayed Group 2
     Total Material
       Decay Rate                           2.42419e-05 +/- 8.09939e-09
   Delayed Group 3
     Total Material
       Decay Rate                           -nan +/- 0
   Delayed Group 4
     Total Material
       Decay Rate                           -nan +/- 0
   Delayed Group 5
     Total Material
       Decay Rate                           -nan +/- 0
   Delayed Group 6
     Total Material
       Decay Rate                           -nan +/- 0
 ============================>     TALLY 3     <============================

 Universe 13
   Incoming Energy [0, 200000000)
     Total Material
       Nu-Fission Rate                      1.01672 +/- 0.000343694
 ============================>     TALLY 4     <============================

 Universe 13
   Delayed Group 1
     Incoming Energy [0, 200000000)
       Total Material
         Delayed-Nu-Fission Rate              0.000260823 +/- 8.74165e-08
   Delayed Group 2
     Incoming Energy [0, 200000000)
       Total Material
         Delayed-Nu-Fission Rate              0.000698259 +/- 2.33145e-07
   Delayed Group 3
     Incoming Energy [0, 200000000)
       Total Material
         Delayed-Nu-Fission Rate              0.00054684 +/- 1.80991e-07
   Delayed Group 4
     Incoming Energy [0, 200000000)
       Total Material
         Delayed-Nu-Fission Rate              0.00109071 +/- 3.56688e-07
   Delayed Group 5
     Incoming Energy [0, 200000000)
       Total Material
         Delayed-Nu-Fission Rate              0.000356358 +/- 1.1587e-07
   Delayed Group 6
     Incoming Energy [0, 200000000)
       Total Material
         Delayed-Nu-Fission Rate              0.000129259 +/- 4.14238e-08
 =================>     TALLY 5: BREEDING_RATIO_TALLY     <=================

 Universe 13
   U235
     (n,gamma)                            3.33703e-05 +/- 1.12021e-08
     Absorption Rate                      0.000184207 +/- 7.08206e-08
   U234
     (n,gamma)                            0.00266659 +/- 2.3323e-06
     Absorption Rate                      0.00268296 +/- 2.33346e-06
   U238
     (n,gamma)                            6.77819e-12 +/- 7.88803e-15
     Absorption Rate                      6.79905e-12 +/- 7.88889e-15
   Th232
     (n,gamma)                            0.449572 +/- 0.000124154
     Absorption Rate                      0.451077 +/- 0.00012419
   Pu238
     (n,gamma)                            2.43123e-11 +/- 1.04e-14
     Absorption Rate                      2.59784e-11 +/- 1.08578e-14
   Pu240
     (n,gamma)                            8.70025e-14 +/- 8.64754e-17
     Absorption Rate                      8.70815e-14 +/- 8.649e-17
   Pu241
     (n,gamma)                            1.44244e-15 +/- 6.30547e-19
     Absorption Rate                      5.21777e-15 +/- 2.24412e-18
   U233
     (n,gamma)                            0.0495813 +/- 1.58177e-05
     Absorption Rate                      0.455056 +/- 0.000152735
   Pu239
     (n,gamma)                            1.33699e-12 +/- 6.08295e-16
     Absorption Rate                      3.55658e-12 +/- 1.59182e-15
 ====================>     TALLY 6: FISSION_ENERGY     <====================

 Universe 13
   Total Material
     Kappa-Fission Rate                   7.77792e+07 +/- 26298.3
 =======================>     TALLY 7: HEATING     <========================

 Universe 13
   Total Material
     heating                              7.23548e+07 +/- 24347.8
 ============================>     TALLY 8     <============================

 Internal

