 ============================>     TALLY 1     <============================

 Universe 13
   Delayed Group 1
     Total Material
       Delayed-Nu-Fission Rate              0.000258267 +/- 8.28738e-08
   Delayed Group 2
     Total Material
       Delayed-Nu-Fission Rate              0.000693908 +/- 2.21972e-07
   Delayed Group 3
     Total Material
       Delayed-Nu-Fission Rate              0.000544404 +/- 1.72766e-07
   Delayed Group 4
     Total Material
       Delayed-Nu-Fission Rate              0.0010873 +/- 3.41317e-07
   Delayed Group 5
     Total Material
       Delayed-Nu-Fission Rate              0.000356187 +/- 1.11268e-07
   Delayed Group 6
     Total Material
       Delayed-Nu-Fission Rate              0.000129481 +/- 3.99365e-08
 ============================>     TALLY 2     <============================

 Universe 13
   Delayed Group 1
     Total Material
       Decay Rate                           -nan +/- 0
   Delayed Group 2
     Total Material
       Decay Rate                           2.40805e-05 +/- 7.70722e-09
   Delayed Group 3
     Total Material
       Decay Rate                           -nan +/- 0
   Delayed Group 4
     Total Material
       Decay Rate                           -nan +/- 0
   Delayed Group 5
     Total Material
       Decay Rate                           -nan +/- 0
   Delayed Group 6
     Total Material
       Decay Rate                           -nan +/- 0
 ============================>     TALLY 3     <============================

 Universe 13
   Incoming Energy [0, 200000000)
     Total Material
       Nu-Fission Rate                      1.00706 +/- 0.000325826
 ============================>     TALLY 4     <============================

 Universe 13
   Delayed Group 1
     Incoming Energy [0, 200000000)
       Total Material
         Delayed-Nu-Fission Rate              0.000258267 +/- 8.28738e-08
   Delayed Group 2
     Incoming Energy [0, 200000000)
       Total Material
         Delayed-Nu-Fission Rate              0.000693908 +/- 2.21972e-07
   Delayed Group 3
     Incoming Energy [0, 200000000)
       Total Material
         Delayed-Nu-Fission Rate              0.000544404 +/- 1.72766e-07
   Delayed Group 4
     Incoming Energy [0, 200000000)
       Total Material
         Delayed-Nu-Fission Rate              0.0010873 +/- 3.41317e-07
   Delayed Group 5
     Incoming Energy [0, 200000000)
       Total Material
         Delayed-Nu-Fission Rate              0.000356187 +/- 1.11268e-07
   Delayed Group 6
     Incoming Energy [0, 200000000)
       Total Material
         Delayed-Nu-Fission Rate              0.000129481 +/- 3.99365e-08
 =================>     TALLY 5: BREEDING_RATIO_TALLY     <=================

 Universe 13
   Pu240
     (n,gamma)                            1.11541e-09 +/- 9.23873e-13
     Absorption Rate                      1.1164e-09 +/- 9.24082e-13
   Th232
     (n,gamma)                            0.462757 +/- 0.000128596
     Absorption Rate                      0.464276 +/- 0.000128632
   U238
     (n,gamma)                            1.9951e-09 +/- 2.33214e-12
     Absorption Rate                      2.00117e-09 +/- 2.33226e-12
   U233
     (n,gamma)                            0.0486959 +/- 1.48785e-05
     Absorption Rate                      0.448555 +/- 0.000144113
   Pu241
     (n,gamma)                            6.77598e-11 +/- 2.69002e-14
     Absorption Rate                      2.45145e-10 +/- 9.63691e-14
   Pu239
     (n,gamma)                            4.7286e-09 +/- 1.95908e-12
     Absorption Rate                      1.25847e-08 +/- 5.13243e-12
   U235
     (n,gamma)                            0.000417397 +/- 1.36961e-07
     Absorption Rate                      0.00231589 +/- 8.37981e-07
   U234
     (n,gamma)                            0.00899544 +/- 7.23968e-06
     Absorption Rate                      0.00905085 +/- 7.24415e-06
   Pu238
     (n,gamma)                            3.347e-08 +/- 1.29326e-11
     Absorption Rate                      3.57324e-08 +/- 1.3481e-11
 ====================>     TALLY 6: FISSION_ENERGY     <====================

 Universe 13
   Total Material
     Kappa-Fission Rate                   7.70537e+07 +/- 24933.9
 =======================>     TALLY 7: HEATING     <========================

 Universe 13
   Total Material
     heating                              7.10329e+07 +/- 22601.7
 ============================>     TALLY 8     <============================

 Internal

