 ============================>     TALLY 1     <============================

 Universe 13
   Delayed Group 1
     Total Material
       Delayed-Nu-Fission Rate              0.000268491 +/- 9.07281e-08
   Delayed Group 2
     Total Material
       Delayed-Nu-Fission Rate              0.000718769 +/- 2.42152e-07
   Delayed Group 3
     Total Material
       Delayed-Nu-Fission Rate              0.000562834 +/- 1.88287e-07
   Delayed Group 4
     Total Material
       Delayed-Nu-Fission Rate              0.0011224 +/- 3.71883e-07
   Delayed Group 5
     Total Material
       Delayed-Nu-Fission Rate              0.000366689 +/- 1.20937e-07
   Delayed Group 6
     Total Material
       Delayed-Nu-Fission Rate              0.000132977 +/- 4.33515e-08
 ============================>     TALLY 2     <============================

 Universe 13
   Delayed Group 1
     Total Material
       Decay Rate                           -nan +/- 0
   Delayed Group 2
     Total Material
       Decay Rate                           2.49541e-05 +/- 8.4113e-09
   Delayed Group 3
     Total Material
       Decay Rate                           -nan +/- 0
   Delayed Group 4
     Total Material
       Decay Rate                           -nan +/- 0
   Delayed Group 5
     Total Material
       Decay Rate                           -nan +/- 0
   Delayed Group 6
     Total Material
       Decay Rate                           -nan +/- 0
 ============================>     TALLY 3     <============================

 Universe 13
   Incoming Energy [0, 200000000)
     Total Material
       Nu-Fission Rate                      1.0468 +/- 0.000356192
 ============================>     TALLY 4     <============================

 Universe 13
   Delayed Group 1
     Incoming Energy [0, 200000000)
       Total Material
         Delayed-Nu-Fission Rate              0.000268491 +/- 9.07281e-08
   Delayed Group 2
     Incoming Energy [0, 200000000)
       Total Material
         Delayed-Nu-Fission Rate              0.000718769 +/- 2.42152e-07
   Delayed Group 3
     Incoming Energy [0, 200000000)
       Total Material
         Delayed-Nu-Fission Rate              0.000562834 +/- 1.88287e-07
   Delayed Group 4
     Incoming Energy [0, 200000000)
       Total Material
         Delayed-Nu-Fission Rate              0.0011224 +/- 3.71883e-07
   Delayed Group 5
     Incoming Energy [0, 200000000)
       Total Material
         Delayed-Nu-Fission Rate              0.000366689 +/- 1.20937e-07
   Delayed Group 6
     Incoming Energy [0, 200000000)
       Total Material
         Delayed-Nu-Fission Rate              0.000132977 +/- 4.33515e-08
 =================>     TALLY 5: BREEDING_RATIO_TALLY     <=================

 Universe 13
   Pu241
     (n,gamma)                            3.17953e-15 +/- 1.29178e-18
     Absorption Rate                      1.15004e-14 +/- 4.63687e-18
   U233
     (n,gamma)                            0.0510927 +/- 1.59989e-05
     Absorption Rate                      0.468577 +/- 0.000157735
   Pu238
     (n,gamma)                            4.14554e-11 +/- 1.89121e-14
     Absorption Rate                      4.43011e-11 +/- 1.9699e-14
   U234
     (n,gamma)                            0.00277119 +/- 2.43438e-06
     Absorption Rate                      0.00278817 +/- 2.43613e-06
   Pu240
     (n,gamma)                            1.77176e-13 +/- 1.63694e-16
     Absorption Rate                      1.77337e-13 +/- 1.63722e-16
   U238
     (n,gamma)                            9.88242e-12 +/- 1.00985e-14
     Absorption Rate                      9.91276e-12 +/- 1.00986e-14
   U235
     (n,gamma)                            3.85387e-05 +/- 1.28066e-08
     Absorption Rate                      0.000212583 +/- 8.14258e-08
   Th232
     (n,gamma)                            0.452685 +/- 0.000141254
     Absorption Rate                      0.454205 +/- 0.000141329
   Pu239
     (n,gamma)                            2.43574e-12 +/- 1.02536e-15
     Absorption Rate                      6.47889e-12 +/- 2.70408e-15
 ====================>     TALLY 6: FISSION_ENERGY     <====================

 Universe 13
   Total Material
     Kappa-Fission Rate                   8.00799e+07 +/- 27253.3
 =======================>     TALLY 7: HEATING     <========================

 Universe 13
   Total Material
     heating                              7.66617e+07 +/- 25957.6
 ============================>     TALLY 8     <============================

 Internal

