 ============================>     TALLY 1     <============================

 Universe 13
   Delayed Group 1
     Total Material
       Delayed-Nu-Fission Rate              0.000253397 +/- 8.68338e-08
   Delayed Group 2
     Total Material
       Delayed-Nu-Fission Rate              0.000680165 +/- 2.32402e-07
   Delayed Group 3
     Total Material
       Delayed-Nu-Fission Rate              0.000533375 +/- 1.80906e-07
   Delayed Group 4
     Total Material
       Delayed-Nu-Fission Rate              0.00106494 +/- 3.57547e-07
   Delayed Group 5
     Total Material
       Delayed-Nu-Fission Rate              0.000348612 +/- 1.1651e-07
   Delayed Group 6
     Total Material
       Delayed-Nu-Fission Rate              0.000126657 +/- 4.18252e-08
 ============================>     TALLY 2     <============================

 Universe 13
   Delayed Group 1
     Total Material
       Decay Rate                           -nan +/- 0
   Delayed Group 2
     Total Material
       Decay Rate                           -nan +/- 0
   Delayed Group 3
     Total Material
       Decay Rate                           -nan +/- 0
   Delayed Group 4
     Total Material
       Decay Rate                           -nan +/- 0
   Delayed Group 5
     Total Material
       Decay Rate                           -nan +/- 0
   Delayed Group 6
     Total Material
       Decay Rate                           -nan +/- 0
 ============================>     TALLY 3     <============================

 Universe 13
   Incoming Energy [0, 200000000)
     Total Material
       Nu-Fission Rate                      0.987952 +/- 0.000341137
 ============================>     TALLY 4     <============================

 Universe 13
   Delayed Group 1
     Incoming Energy [0, 200000000)
       Total Material
         Delayed-Nu-Fission Rate              0.000253397 +/- 8.68338e-08
   Delayed Group 2
     Incoming Energy [0, 200000000)
       Total Material
         Delayed-Nu-Fission Rate              0.000680165 +/- 2.32402e-07
   Delayed Group 3
     Incoming Energy [0, 200000000)
       Total Material
         Delayed-Nu-Fission Rate              0.000533375 +/- 1.80906e-07
   Delayed Group 4
     Incoming Energy [0, 200000000)
       Total Material
         Delayed-Nu-Fission Rate              0.00106494 +/- 3.57547e-07
   Delayed Group 5
     Incoming Energy [0, 200000000)
       Total Material
         Delayed-Nu-Fission Rate              0.000348612 +/- 1.1651e-07
   Delayed Group 6
     Incoming Energy [0, 200000000)
       Total Material
         Delayed-Nu-Fission Rate              0.000126657 +/- 4.18252e-08
 =================>     TALLY 5: BREEDING_RATIO_TALLY     <=================

 Universe 13
   Pu239
     (n,gamma)                            1.49138e-09 +/- 6.31838e-13
     Absorption Rate                      3.96711e-09 +/- 1.66779e-12
   U234
     (n,gamma)                            0.00812803 +/- 6.86653e-06
     Absorption Rate                      0.00817958 +/- 6.87148e-06
   U235
     (n,gamma)                            0.000308554 +/- 1.04303e-07
     Absorption Rate                      0.00170122 +/- 6.58938e-07
   U238
     (n,gamma)                            9.39093e-10 +/- 1.01637e-12
     Absorption Rate                      9.4199e-10 +/- 1.01655e-12
   Th232
     (n,gamma)                            0.443009 +/- 0.000119751
     Absorption Rate                      0.444497 +/- 0.000119817
   U233
     (n,gamma)                            0.048045 +/- 1.51988e-05
     Absorption Rate                      0.440766 +/- 0.000150609
   Pu238
     (n,gamma)                            1.23094e-08 +/- 5.48055e-12
     Absorption Rate                      1.31565e-08 +/- 5.71457e-12
   Pu240
     (n,gamma)                            2.91258e-10 +/- 2.77403e-13
     Absorption Rate                      2.91524e-10 +/- 2.77465e-13
   Pu241
     (n,gamma)                            1.47486e-11 +/- 6.02425e-15
     Absorption Rate                      5.33515e-11 +/- 2.15382e-14
 ====================>     TALLY 6: FISSION_ENERGY     <====================

 Universe 13
   Total Material
     Kappa-Fission Rate                   7.5587e+07 +/- 26104.2
 =======================>     TALLY 7: HEATING     <========================

 Universe 13
   Total Material
     heating                              6.84661e+07 +/- 25606.1
 ============================>     TALLY 8     <============================

 Internal

