 ============================>     TALLY 1     <============================

 Universe 13
   Delayed Group 1
     Total Material
       Delayed-Nu-Fission Rate              0.000258469 +/- 8.06436e-08
   Delayed Group 2
     Total Material
       Delayed-Nu-Fission Rate              0.000692226 +/- 2.15258e-07
   Delayed Group 3
     Total Material
       Delayed-Nu-Fission Rate              0.000542234 +/- 1.6731e-07
   Delayed Group 4
     Total Material
       Delayed-Nu-Fission Rate              0.00108172 +/- 3.30257e-07
   Delayed Group 5
     Total Material
       Delayed-Nu-Fission Rate              0.000353526 +/- 1.07394e-07
   Delayed Group 6
     Total Material
       Delayed-Nu-Fission Rate              0.000128268 +/- 3.84771e-08
 ============================>     TALLY 2     <============================

 Universe 13
   Delayed Group 1
     Total Material
       Decay Rate                           -nan +/- 0
   Delayed Group 2
     Total Material
       Decay Rate                           2.40313e-05 +/- 7.47712e-09
   Delayed Group 3
     Total Material
       Decay Rate                           -nan +/- 0
   Delayed Group 4
     Total Material
       Decay Rate                           -nan +/- 0
   Delayed Group 5
     Total Material
       Decay Rate                           -nan +/- 0
   Delayed Group 6
     Total Material
       Decay Rate                           -nan +/- 0
 ============================>     TALLY 3     <============================

 Universe 13
   Incoming Energy [0, 200000000)
     Total Material
       Nu-Fission Rate                      1.00754 +/- 0.000316671
 ============================>     TALLY 4     <============================

 Universe 13
   Delayed Group 1
     Incoming Energy [0, 200000000)
       Total Material
         Delayed-Nu-Fission Rate              0.000258469 +/- 8.06436e-08
   Delayed Group 2
     Incoming Energy [0, 200000000)
       Total Material
         Delayed-Nu-Fission Rate              0.000692226 +/- 2.15258e-07
   Delayed Group 3
     Incoming Energy [0, 200000000)
       Total Material
         Delayed-Nu-Fission Rate              0.000542234 +/- 1.6731e-07
   Delayed Group 4
     Incoming Energy [0, 200000000)
       Total Material
         Delayed-Nu-Fission Rate              0.00108172 +/- 3.30257e-07
   Delayed Group 5
     Incoming Energy [0, 200000000)
       Total Material
         Delayed-Nu-Fission Rate              0.000353526 +/- 1.07394e-07
   Delayed Group 6
     Incoming Energy [0, 200000000)
       Total Material
         Delayed-Nu-Fission Rate              0.000128268 +/- 3.84771e-08
 =================>     TALLY 5: BREEDING_RATIO_TALLY     <=================

 Universe 13
   U235
     (n,gamma)                            7.25434e-05 +/- 2.24079e-08
     Absorption Rate                      0.000400417 +/- 1.3877e-07
   U234
     (n,gamma)                            0.00394033 +/- 3.3876e-06
     Absorption Rate                      0.00396472 +/- 3.39042e-06
   U238
     (n,gamma)                            3.77292e-11 +/- 4.5556e-14
     Absorption Rate                      3.78453e-11 +/- 4.55627e-14
   Th232
     (n,gamma)                            0.448669 +/- 0.000123648
     Absorption Rate                      0.45017 +/- 0.000123715
   Pu238
     (n,gamma)                            2.14739e-10 +/- 8.6346e-14
     Absorption Rate                      2.29462e-10 +/- 8.96955e-14
   Pu240
     (n,gamma)                            1.46648e-12 +/- 1.31605e-15
     Absorption Rate                      1.46782e-12 +/- 1.31629e-15
   Pu241
     (n,gamma)                            3.57821e-14 +/- 1.43836e-17
     Absorption Rate                      1.29436e-13 +/- 5.10752e-17
   U233
     (n,gamma)                            0.0491088 +/- 1.51687e-05
     Absorption Rate                      0.450729 +/- 0.000141199
   Pu239
     (n,gamma)                            1.5409e-11 +/- 6.71291e-15
     Absorption Rate                      4.09908e-11 +/- 1.75398e-14
 ====================>     TALLY 6: FISSION_ENERGY     <====================

 Universe 13
   Total Material
     Kappa-Fission Rate                   7.70781e+07 +/- 24234
 =======================>     TALLY 7: HEATING     <========================

 Universe 13
   Total Material
     heating                              7.11134e+07 +/- 22962.8
 ============================>     TALLY 8     <============================

 Internal

