 ============================>     TALLY 1     <============================

 Universe 13
   Delayed Group 1
     Total Material
       Delayed-Nu-Fission Rate              0.000269278 +/- 1.00177e-06
   Delayed Group 2
     Total Material
       Delayed-Nu-Fission Rate              0.000720609 +/- 2.66995e-06
   Delayed Group 3
     Total Material
       Delayed-Nu-Fission Rate              0.000564153 +/- 2.07067e-06
   Delayed Group 4
     Total Material
       Delayed-Nu-Fission Rate              0.00112482 +/- 4.07551e-06
   Delayed Group 5
     Total Material
       Delayed-Nu-Fission Rate              0.000367378 +/- 1.3228e-06
   Delayed Group 6
     Total Material
       Delayed-Nu-Fission Rate              0.00013319 +/- 4.72068e-07
 ============================>     TALLY 2     <============================

 Universe 13
   Delayed Group 1
     Total Material
       Decay Rate                           3.47516e-06 +/- 1.29354e-08
   Delayed Group 2
     Total Material
       Decay Rate                           2.50191e-05 +/- 9.27627e-08
   Delayed Group 3
     Total Material
       Decay Rate                           6.73128e-05 +/- 2.4697e-07
   Delayed Group 4
     Total Material
       Decay Rate                           0.000323111 +/- 1.16519e-06
   Delayed Group 5
     Total Material
       Decay Rate                           0.000294969 +/- 1.03743e-06
   Delayed Group 6
     Total Material
       Decay Rate                           0.00033066 +/- 1.14867e-06
 ============================>     TALLY 3     <============================

 Universe 13
   Incoming Energy [0, 200000000)
     Total Material
       Nu-Fission Rate                      1.04995 +/- 0.00394211
 ============================>     TALLY 4     <============================

 Universe 13
   Delayed Group 1
     Incoming Energy [0, 200000000)
       Total Material
         Delayed-Nu-Fission Rate              0.000269278 +/- 1.00177e-06
   Delayed Group 2
     Incoming Energy [0, 200000000)
       Total Material
         Delayed-Nu-Fission Rate              0.000720609 +/- 2.66995e-06
   Delayed Group 3
     Incoming Energy [0, 200000000)
       Total Material
         Delayed-Nu-Fission Rate              0.000564153 +/- 2.07067e-06
   Delayed Group 4
     Incoming Energy [0, 200000000)
       Total Material
         Delayed-Nu-Fission Rate              0.00112482 +/- 4.07551e-06
   Delayed Group 5
     Incoming Energy [0, 200000000)
       Total Material
         Delayed-Nu-Fission Rate              0.000367378 +/- 1.3228e-06
   Delayed Group 6
     Incoming Energy [0, 200000000)
       Total Material
         Delayed-Nu-Fission Rate              0.00013319 +/- 4.72068e-07
 =================>     TALLY 5: BREEDING_RATIO_TALLY     <=================

 Universe 13
   U238
     (n,gamma)                            2.06787e-17 +/- 2.21705e-19
     Absorption Rate                      2.07436e-17 +/- 2.21753e-19
   U233
     (n,gamma)                            0.0511631 +/- 0.000178319
     Absorption Rate                      0.470072 +/- 0.00175345
   Pu239
     (n,gamma)                            2.41772e-17 +/- 1.08307e-19
     Absorption Rate                      6.43229e-17 +/- 2.8678e-19
   U234
     (n,gamma)                            0.000170357 +/- 1.5076e-06
     Absorption Rate                      0.000171403 +/- 1.50816e-06
   Pu240
     (n,gamma)                            5.13479e-17 +/- 4.4966e-19
     Absorption Rate                      5.13946e-17 +/- 4.49728e-19
   U235
     (n,gamma)                            1.45401e-07 +/- 5.47393e-10
     Absorption Rate                      8.02002e-07 +/- 3.35273e-09
   Pu238
     (n,gamma)                            5.11901e-18 +/- 2.41825e-20
     Absorption Rate                      5.47092e-18 +/- 2.52322e-20
   Th232
     (n,gamma)                            0.453119 +/- 0.00152025
     Absorption Rate                      0.454647 +/- 0.00151949
   Pu241
     (n,gamma)                            1.06302e-17 +/- 4.5479e-20
     Absorption Rate                      3.84433e-17 +/- 1.63054e-19
 ====================>     TALLY 6: FISSION_ENERGY     <====================

 Universe 13
   Total Material
     Kappa-Fission Rate                   8.03171e+07 +/- 301605
 =======================>     TALLY 7: HEATING     <========================

 Universe 13
   Total Material
     heating                              7.48792e+07 +/- 274689
 ============================>     TALLY 8     <============================

 Internal

