 ============================>     TALLY 1     <============================

 Universe 13
   Delayed Group 1
     Total Material
       Delayed-Nu-Fission Rate              0.000263114 +/- 9.73721e-08
   Delayed Group 2
     Total Material
       Delayed-Nu-Fission Rate              0.000705339 +/- 2.60294e-07
   Delayed Group 3
     Total Material
       Delayed-Nu-Fission Rate              0.000552733 +/- 2.02582e-07
   Delayed Group 4
     Total Material
       Delayed-Nu-Fission Rate              0.00110294 +/- 4.00478e-07
   Delayed Group 5
     Total Material
       Delayed-Nu-Fission Rate              0.000360706 +/- 1.30409e-07
   Delayed Group 6
     Total Material
       Delayed-Nu-Fission Rate              0.000130934 +/- 4.68192e-08
 ============================>     TALLY 2     <============================

 Universe 13
   Delayed Group 1
     Total Material
       Decay Rate                           -nan +/- 0
   Delayed Group 2
     Total Material
       Decay Rate                           2.44838e-05 +/- 9.03972e-09
   Delayed Group 3
     Total Material
       Decay Rate                           -nan +/- 0
   Delayed Group 4
     Total Material
       Decay Rate                           -nan +/- 0
   Delayed Group 5
     Total Material
       Decay Rate                           -nan +/- 0
   Delayed Group 6
     Total Material
       Decay Rate                           -nan +/- 0
 ============================>     TALLY 3     <============================

 Universe 13
   Incoming Energy [0, 200000000)
     Total Material
       Nu-Fission Rate                      1.02584 +/- 0.000382187
 ============================>     TALLY 4     <============================

 Universe 13
   Delayed Group 1
     Incoming Energy [0, 200000000)
       Total Material
         Delayed-Nu-Fission Rate              0.000263114 +/- 9.73721e-08
   Delayed Group 2
     Incoming Energy [0, 200000000)
       Total Material
         Delayed-Nu-Fission Rate              0.000705339 +/- 2.60294e-07
   Delayed Group 3
     Incoming Energy [0, 200000000)
       Total Material
         Delayed-Nu-Fission Rate              0.000552733 +/- 2.02582e-07
   Delayed Group 4
     Incoming Energy [0, 200000000)
       Total Material
         Delayed-Nu-Fission Rate              0.00110294 +/- 4.00478e-07
   Delayed Group 5
     Incoming Energy [0, 200000000)
       Total Material
         Delayed-Nu-Fission Rate              0.000360706 +/- 1.30409e-07
   Delayed Group 6
     Incoming Energy [0, 200000000)
       Total Material
         Delayed-Nu-Fission Rate              0.000130934 +/- 4.68192e-08
 =================>     TALLY 5: BREEDING_RATIO_TALLY     <=================

 Universe 13
   Pu238
     (n,gamma)                            3.22145e-09 +/- 1.48861e-12
     Absorption Rate                      3.44066e-09 +/- 1.55003e-12
   U238
     (n,gamma)                            3.07622e-10 +/- 3.26413e-13
     Absorption Rate                      3.08562e-10 +/- 3.26424e-13
   Th232
     (n,gamma)                            0.457792 +/- 0.000137421
     Absorption Rate                      0.459311 +/- 0.000137534
   U235
     (n,gamma)                            0.000182181 +/- 6.52743e-08
     Absorption Rate                      0.00100843 +/- 4.20468e-07
   Pu241
     (n,gamma)                            2.08254e-12 +/- 9.37519e-16
     Absorption Rate                      7.5336e-12 +/- 3.34979e-15
   U234
     (n,gamma)                            0.00597297 +/- 4.81495e-06
     Absorption Rate                      0.00600965 +/- 4.81769e-06
   U233
     (n,gamma)                            0.04985 +/- 1.69106e-05
     Absorption Rate                      0.458291 +/- 0.000169047
   Pu239
     (n,gamma)                            3.3349e-10 +/- 1.53449e-13
     Absorption Rate                      8.87351e-10 +/- 4.06142e-13
   Pu240
     (n,gamma)                            5.23441e-11 +/- 4.74024e-14
     Absorption Rate                      5.23911e-11 +/- 4.74111e-14
 ====================>     TALLY 6: FISSION_ENERGY     <====================

 Universe 13
   Total Material
     Kappa-Fission Rate                   7.84819e+07 +/- 29246.9
 =======================>     TALLY 7: HEATING     <========================

 Universe 13
   Total Material
     heating                              7.36392e+07 +/- 28199.3
 ============================>     TALLY 8     <============================

 Internal

