 ============================>     TALLY 1     <============================

 Universe 13
   Delayed Group 1
     Total Material
       Delayed-Nu-Fission Rate              0.000261216 +/- 9.02154e-08
   Delayed Group 2
     Total Material
       Delayed-Nu-Fission Rate              0.000700132 +/- 2.41043e-07
   Delayed Group 3
     Total Material
       Delayed-Nu-Fission Rate              0.000548691 +/- 1.87473e-07
   Delayed Group 4
     Total Material
       Delayed-Nu-Fission Rate              0.00109507 +/- 3.70301e-07
   Delayed Group 5
     Total Material
       Delayed-Nu-Fission Rate              0.000358112 +/- 1.20518e-07
   Delayed Group 6
     Total Material
       Delayed-Nu-Fission Rate              0.000130015 +/- 4.32252e-08
 ============================>     TALLY 2     <============================

 Universe 13
   Delayed Group 1
     Total Material
       Decay Rate                           -nan +/- 0
   Delayed Group 2
     Total Material
       Decay Rate                           2.43034e-05 +/- 8.37176e-09
   Delayed Group 3
     Total Material
       Decay Rate                           -nan +/- 0
   Delayed Group 4
     Total Material
       Decay Rate                           -nan +/- 0
   Delayed Group 5
     Total Material
       Decay Rate                           -nan +/- 0
   Delayed Group 6
     Total Material
       Decay Rate                           -nan +/- 0
 ============================>     TALLY 3     <============================

 Universe 13
   Incoming Energy [0, 200000000)
     Total Material
       Nu-Fission Rate                      1.0183 +/- 0.000354432
 ============================>     TALLY 4     <============================

 Universe 13
   Delayed Group 1
     Incoming Energy [0, 200000000)
       Total Material
         Delayed-Nu-Fission Rate              0.000261216 +/- 9.02154e-08
   Delayed Group 2
     Incoming Energy [0, 200000000)
       Total Material
         Delayed-Nu-Fission Rate              0.000700132 +/- 2.41043e-07
   Delayed Group 3
     Incoming Energy [0, 200000000)
       Total Material
         Delayed-Nu-Fission Rate              0.000548691 +/- 1.87473e-07
   Delayed Group 4
     Incoming Energy [0, 200000000)
       Total Material
         Delayed-Nu-Fission Rate              0.00109507 +/- 3.70301e-07
   Delayed Group 5
     Incoming Energy [0, 200000000)
       Total Material
         Delayed-Nu-Fission Rate              0.000358112 +/- 1.20518e-07
   Delayed Group 6
     Incoming Energy [0, 200000000)
       Total Material
         Delayed-Nu-Fission Rate              0.000130015 +/- 4.32252e-08
 =================>     TALLY 5: BREEDING_RATIO_TALLY     <=================

 Universe 13
   U238
     (n,gamma)                            2.17938e-10 +/- 2.41584e-13
     Absorption Rate                      2.18617e-10 +/- 2.41624e-13
   Th232
     (n,gamma)                            0.451735 +/- 0.000152155
     Absorption Rate                      0.453296 +/- 0.000152327
   Pu241
     (n,gamma)                            1.05116e-12 +/- 4.44257e-16
     Absorption Rate                      3.80221e-12 +/- 1.60073e-15
   U233
     (n,gamma)                            0.04966 +/- 1.60687e-05
     Absorption Rate                      0.455155 +/- 0.000157082
   Pu239
     (n,gamma)                            1.98024e-10 +/- 8.40589e-14
     Absorption Rate                      5.26717e-10 +/- 2.22525e-13
   Pu240
     (n,gamma)                            2.88122e-11 +/- 2.37414e-14
     Absorption Rate                      2.88384e-11 +/- 2.37472e-14
   U235
     (n,gamma)                            0.000153777 +/- 5.3957e-08
     Absorption Rate                      0.000847789 +/- 3.39337e-07
   Pu238
     (n,gamma)                            2.04181e-09 +/- 9.75177e-13
     Absorption Rate                      2.18225e-09 +/- 1.01483e-12
   U234
     (n,gamma)                            0.00546711 +/- 4.78863e-06
     Absorption Rate                      0.00550128 +/- 4.7947e-06
 ====================>     TALLY 6: FISSION_ENERGY     <====================

 Universe 13
   Total Material
     Kappa-Fission Rate                   7.79011e+07 +/- 27117.9
 =======================>     TALLY 7: HEATING     <========================

 Universe 13
   Total Material
     heating                              7.26738e+07 +/- 24487.8
 ============================>     TALLY 8     <============================

 Internal

 ============================>     TALLY 9     <============================

 Internal

 ===========================>     TALLY 10     <============================

 Internal

