 ============================>     TALLY 1     <============================

 Universe 13
   Delayed Group 1
     Total Material
       Delayed-Nu-Fission Rate              0.000253908 +/- 9.49756e-08
   Delayed Group 2
     Total Material
       Delayed-Nu-Fission Rate              0.00068131 +/- 2.53964e-07
   Delayed Group 3
     Total Material
       Delayed-Nu-Fission Rate              0.000534186 +/- 1.9745e-07
   Delayed Group 4
     Total Material
       Delayed-Nu-Fission Rate              0.00106643 +/- 3.8964e-07
   Delayed Group 5
     Total Material
       Delayed-Nu-Fission Rate              0.000349015 +/- 1.26837e-07
   Delayed Group 6
     Total Material
       Delayed-Nu-Fission Rate              0.000126778 +/- 4.54392e-08
 ============================>     TALLY 2     <============================

 Universe 13
   Delayed Group 1
     Total Material
       Decay Rate                           -nan +/- 0
   Delayed Group 2
     Total Material
       Decay Rate                           2.36469e-05 +/- 8.81986e-09
   Delayed Group 3
     Total Material
       Decay Rate                           -nan +/- 0
   Delayed Group 4
     Total Material
       Decay Rate                           -nan +/- 0
   Delayed Group 5
     Total Material
       Decay Rate                           -nan +/- 0
   Delayed Group 6
     Total Material
       Decay Rate                           -nan +/- 0
 ============================>     TALLY 3     <============================

 Universe 13
   Incoming Energy [0, 200000000)
     Total Material
       Nu-Fission Rate                      0.989914 +/- 0.000373466
 ============================>     TALLY 4     <============================

 Universe 13
   Delayed Group 1
     Incoming Energy [0, 200000000)
       Total Material
         Delayed-Nu-Fission Rate              0.000253908 +/- 9.49756e-08
   Delayed Group 2
     Incoming Energy [0, 200000000)
       Total Material
         Delayed-Nu-Fission Rate              0.00068131 +/- 2.53964e-07
   Delayed Group 3
     Incoming Energy [0, 200000000)
       Total Material
         Delayed-Nu-Fission Rate              0.000534186 +/- 1.9745e-07
   Delayed Group 4
     Incoming Energy [0, 200000000)
       Total Material
         Delayed-Nu-Fission Rate              0.00106643 +/- 3.8964e-07
   Delayed Group 5
     Incoming Energy [0, 200000000)
       Total Material
         Delayed-Nu-Fission Rate              0.000349015 +/- 1.26837e-07
   Delayed Group 6
     Incoming Energy [0, 200000000)
       Total Material
         Delayed-Nu-Fission Rate              0.000126778 +/- 4.54392e-08
 =================>     TALLY 5: BREEDING_RATIO_TALLY     <=================

 Universe 13
   Pu239
     (n,gamma)                            1.01674e-09 +/- 4.67436e-13
     Absorption Rate                      2.70463e-09 +/- 1.23384e-12
   U234
     (n,gamma)                            0.00766157 +/- 6.42631e-06
     Absorption Rate                      0.00770998 +/- 6.43147e-06
   U235
     (n,gamma)                            0.000273675 +/- 1.01965e-07
     Absorption Rate                      0.0015092 +/- 6.25895e-07
   U238
     (n,gamma)                            7.1761e-10 +/- 7.32274e-13
     Absorption Rate                      7.19819e-10 +/- 7.32248e-13
   Th232
     (n,gamma)                            0.443603 +/- 0.000139023
     Absorption Rate                      0.445092 +/- 0.000139096
   U233
     (n,gamma)                            0.0481544 +/- 1.77552e-05
     Absorption Rate                      0.441817 +/- 0.000166101
   Pu238
     (n,gamma)                            8.77091e-09 +/- 3.96777e-12
     Absorption Rate                      9.37387e-09 +/- 4.11216e-12
   Pu240
     (n,gamma)                            1.86999e-10 +/- 1.48819e-13
     Absorption Rate                      1.8717e-10 +/- 1.48841e-13
   Pu241
     (n,gamma)                            8.9204e-12 +/- 3.99682e-15
     Absorption Rate                      3.22686e-11 +/- 1.43558e-14
 ====================>     TALLY 6: FISSION_ENERGY     <====================

 Universe 13
   Total Material
     Kappa-Fission Rate                   7.57361e+07 +/- 28577.5
 =======================>     TALLY 7: HEATING     <========================

 Universe 13
   Total Material
     heating                              6.87257e+07 +/- 25689.6
 ============================>     TALLY 8     <============================

 Internal

