 ============================>     TALLY 1     <============================

 Universe 13
   Delayed Group 1
     Total Material
       Delayed-Nu-Fission Rate              0.000252258 +/- 9.33092e-08
   Delayed Group 2
     Total Material
       Delayed-Nu-Fission Rate              0.000677625 +/- 2.49904e-07
   Delayed Group 3
     Total Material
       Delayed-Nu-Fission Rate              0.000531574 +/- 1.94563e-07
   Delayed Group 4
     Total Material
       Delayed-Nu-Fission Rate              0.00106161 +/- 3.84541e-07
   Delayed Group 5
     Total Material
       Delayed-Nu-Fission Rate              0.000347715 +/- 1.25363e-07
   Delayed Group 6
     Total Material
       Delayed-Nu-Fission Rate              0.000126386 +/- 4.50099e-08
 ============================>     TALLY 2     <============================

 Universe 13
   Delayed Group 1
     Total Material
       Decay Rate                           -nan +/- 0
   Delayed Group 2
     Total Material
       Decay Rate                           2.3516e-05 +/- 8.67707e-09
   Delayed Group 3
     Total Material
       Decay Rate                           -nan +/- 0
   Delayed Group 4
     Total Material
       Decay Rate                           -nan +/- 0
   Delayed Group 5
     Total Material
       Decay Rate                           -nan +/- 0
   Delayed Group 6
     Total Material
       Decay Rate                           -nan +/- 0
 ============================>     TALLY 3     <============================

 Universe 13
   Incoming Energy [0, 200000000)
     Total Material
       Nu-Fission Rate                      0.983599 +/- 0.000366701
 ============================>     TALLY 4     <============================

 Universe 13
   Delayed Group 1
     Incoming Energy [0, 200000000)
       Total Material
         Delayed-Nu-Fission Rate              0.000252258 +/- 9.33092e-08
   Delayed Group 2
     Incoming Energy [0, 200000000)
       Total Material
         Delayed-Nu-Fission Rate              0.000677625 +/- 2.49904e-07
   Delayed Group 3
     Incoming Energy [0, 200000000)
       Total Material
         Delayed-Nu-Fission Rate              0.000531574 +/- 1.94563e-07
   Delayed Group 4
     Incoming Energy [0, 200000000)
       Total Material
         Delayed-Nu-Fission Rate              0.00106161 +/- 3.84541e-07
   Delayed Group 5
     Incoming Energy [0, 200000000)
       Total Material
         Delayed-Nu-Fission Rate              0.000347715 +/- 1.25363e-07
   Delayed Group 6
     Incoming Energy [0, 200000000)
       Total Material
         Delayed-Nu-Fission Rate              0.000126386 +/- 4.50099e-08
 =================>     TALLY 5: BREEDING_RATIO_TALLY     <=================

 Universe 13
   Pu239
     (n,gamma)                            3.13647e-09 +/- 1.43631e-12
     Absorption Rate                      8.34301e-09 +/- 3.78216e-12
   U234
     (n,gamma)                            0.00910912 +/- 8.02826e-06
     Absorption Rate                      0.00916728 +/- 8.03331e-06
   U235
     (n,gamma)                            0.000388876 +/- 1.45446e-07
     Absorption Rate                      0.00214354 +/- 8.84495e-07
   U238
     (n,gamma)                            1.58826e-09 +/- 1.72144e-12
     Absorption Rate                      1.59316e-09 +/- 1.72181e-12
   Th232
     (n,gamma)                            0.441506 +/- 0.000140914
     Absorption Rate                      0.442988 +/- 0.000140963
   U233
     (n,gamma)                            0.0477956 +/- 1.70321e-05
     Absorption Rate                      0.438417 +/- 0.000162658
   Pu238
     (n,gamma)                            2.37755e-08 +/- 1.07493e-11
     Absorption Rate                      2.54136e-08 +/- 1.12041e-11
   Pu240
     (n,gamma)                            6.87092e-10 +/- 6.27997e-13
     Absorption Rate                      6.87722e-10 +/- 6.28118e-13
   Pu241
     (n,gamma)                            3.91134e-11 +/- 1.7694e-14
     Absorption Rate                      1.41489e-10 +/- 6.3167e-14
 ====================>     TALLY 6: FISSION_ENERGY     <====================

 Universe 13
   Total Material
     Kappa-Fission Rate                   7.52564e+07 +/- 28060.4
 =======================>     TALLY 7: HEATING     <========================

 Universe 13
   Total Material
     heating                              6.78252e+07 +/- 24853.1
 ============================>     TALLY 8     <============================

 Internal

