 ============================>     TALLY 1     <============================

 Universe 13
   Delayed Group 1
     Total Material
       Delayed-Nu-Fission Rate              0.000265783 +/- 8.83027e-08
   Delayed Group 2
     Total Material
       Delayed-Nu-Fission Rate              0.000711542 +/- 2.35425e-07
   Delayed Group 3
     Total Material
       Delayed-Nu-Fission Rate              0.000557277 +/- 1.82622e-07
   Delayed Group 4
     Total Material
       Delayed-Nu-Fission Rate              0.00111161 +/- 3.59518e-07
   Delayed Group 5
     Total Material
       Delayed-Nu-Fission Rate              0.000363201 +/- 1.16725e-07
   Delayed Group 6
     Total Material
       Delayed-Nu-Fission Rate              0.000131754 +/- 4.16721e-08
 ============================>     TALLY 2     <============================

 Universe 13
   Delayed Group 1
     Total Material
       Decay Rate                           -nan +/- 0
   Delayed Group 2
     Total Material
       Decay Rate                           2.4703e-05 +/- 8.17909e-09
   Delayed Group 3
     Total Material
       Decay Rate                           -nan +/- 0
   Delayed Group 4
     Total Material
       Decay Rate                           -nan +/- 0
   Delayed Group 5
     Total Material
       Decay Rate                           -nan +/- 0
   Delayed Group 6
     Total Material
       Decay Rate                           -nan +/- 0
 ============================>     TALLY 3     <============================

 Universe 13
   Incoming Energy [0, 200000000)
     Total Material
       Nu-Fission Rate                      1.0361 +/- 0.000347386
 ============================>     TALLY 4     <============================

 Universe 13
   Delayed Group 1
     Incoming Energy [0, 200000000)
       Total Material
         Delayed-Nu-Fission Rate              0.000265783 +/- 8.83027e-08
   Delayed Group 2
     Incoming Energy [0, 200000000)
       Total Material
         Delayed-Nu-Fission Rate              0.000711542 +/- 2.35425e-07
   Delayed Group 3
     Incoming Energy [0, 200000000)
       Total Material
         Delayed-Nu-Fission Rate              0.000557277 +/- 1.82622e-07
   Delayed Group 4
     Incoming Energy [0, 200000000)
       Total Material
         Delayed-Nu-Fission Rate              0.00111161 +/- 3.59518e-07
   Delayed Group 5
     Incoming Energy [0, 200000000)
       Total Material
         Delayed-Nu-Fission Rate              0.000363201 +/- 1.16725e-07
   Delayed Group 6
     Incoming Energy [0, 200000000)
       Total Material
         Delayed-Nu-Fission Rate              0.000131754 +/- 4.16721e-08
 =================>     TALLY 5: BREEDING_RATIO_TALLY     <=================

 Universe 13
   U235
     (n,gamma)                            3.18297e-05 +/- 1.03139e-08
     Absorption Rate                      0.000175039 +/- 6.40329e-08
   Pu240
     (n,gamma)                            9.00694e-14 +/- 7.70996e-17
     Absorption Rate                      9.01518e-14 +/- 7.71141e-17
   U234
     (n,gamma)                            0.00250945 +/- 2.17843e-06
     Absorption Rate                      0.00252505 +/- 2.17955e-06
   Pu241
     (n,gamma)                            1.45832e-15 +/- 6.1515e-19
     Absorption Rate                      5.27489e-15 +/- 2.17035e-18
   U238
     (n,gamma)                            6.67371e-12 +/- 7.73504e-15
     Absorption Rate                      6.69457e-12 +/- 7.73564e-15
   Pu239
     (n,gamma)                            1.34741e-12 +/- 6.22913e-16
     Absorption Rate                      3.58331e-12 +/- 1.62532e-15
   U233
     (n,gamma)                            0.0507026 +/- 1.60897e-05
     Absorption Rate                      0.463877 +/- 0.000154714
   Th232
     (n,gamma)                            0.447879 +/- 0.000132702
     Absorption Rate                      0.449441 +/- 0.000132555
   Pu238
     (n,gamma)                            2.45117e-11 +/- 9.79804e-15
     Absorption Rate                      2.62092e-11 +/- 1.02127e-14
 ====================>     TALLY 6: FISSION_ENERGY     <====================

 Universe 13
   Total Material
     Kappa-Fission Rate                   7.92582e+07 +/- 26581.7
 =======================>     TALLY 7: HEATING     <========================

 Universe 13
   Total Material
     heating                              7.51984e+07 +/- 24439.7
 ============================>     TALLY 8     <============================

 Internal

 ============================>     TALLY 9     <============================

 Internal

 ===========================>     TALLY 10     <============================

 Internal

