 ============================>     TALLY 1     <============================

 Universe 13
   Delayed Group 1
     Total Material
       Delayed-Nu-Fission Rate              0.000262826 +/- 9.62633e-08
   Delayed Group 2
     Total Material
       Delayed-Nu-Fission Rate              0.000704081 +/- 2.5712e-07
   Delayed Group 3
     Total Material
       Delayed-Nu-Fission Rate              0.000551632 +/- 2.00059e-07
   Delayed Group 4
     Total Material
       Delayed-Nu-Fission Rate              0.00110069 +/- 3.95458e-07
   Delayed Group 5
     Total Material
       Delayed-Nu-Fission Rate              0.000359809 +/- 1.28705e-07
   Delayed Group 6
     Total Material
       Delayed-Nu-Fission Rate              0.000130584 +/- 4.61967e-08
 ============================>     TALLY 2     <============================

 Universe 13
   Delayed Group 1
     Total Material
       Decay Rate                           -nan +/- 0
   Delayed Group 2
     Total Material
       Decay Rate                           -nan +/- 0
   Delayed Group 3
     Total Material
       Decay Rate                           -nan +/- 0
   Delayed Group 4
     Total Material
       Decay Rate                           -nan +/- 0
   Delayed Group 5
     Total Material
       Decay Rate                           -nan +/- 0
   Delayed Group 6
     Total Material
       Decay Rate                           -nan +/- 0
 ============================>     TALLY 3     <============================

 Universe 13
   Incoming Energy [0, 200000000)
     Total Material
       Nu-Fission Rate                      1.02456 +/- 0.000377822
 ============================>     TALLY 4     <============================

 Universe 13
   Delayed Group 1
     Incoming Energy [0, 200000000)
       Total Material
         Delayed-Nu-Fission Rate              0.000262826 +/- 9.62633e-08
   Delayed Group 2
     Incoming Energy [0, 200000000)
       Total Material
         Delayed-Nu-Fission Rate              0.000704081 +/- 2.5712e-07
   Delayed Group 3
     Incoming Energy [0, 200000000)
       Total Material
         Delayed-Nu-Fission Rate              0.000551632 +/- 2.00059e-07
   Delayed Group 4
     Incoming Energy [0, 200000000)
       Total Material
         Delayed-Nu-Fission Rate              0.00110069 +/- 3.95458e-07
   Delayed Group 5
     Incoming Energy [0, 200000000)
       Total Material
         Delayed-Nu-Fission Rate              0.000359809 +/- 1.28705e-07
   Delayed Group 6
     Incoming Energy [0, 200000000)
       Total Material
         Delayed-Nu-Fission Rate              0.000130584 +/- 4.61967e-08
 =================>     TALLY 5: BREEDING_RATIO_TALLY     <=================

 Universe 13
   U235
     (n,gamma)                            9.92839e-05 +/- 3.5448e-08
     Absorption Rate                      0.000546944 +/- 2.21247e-07
   Pu240
     (n,gamma)                            5.82128e-12 +/- 4.85237e-15
     Absorption Rate                      5.82658e-12 +/- 4.85347e-15
   U234
     (n,gamma)                            0.00441117 +/- 3.78249e-06
     Absorption Rate                      0.00443864 +/- 3.78507e-06
   Pu241
     (n,gamma)                            1.69256e-13 +/- 7.12116e-17
     Absorption Rate                      6.12194e-13 +/- 2.54681e-16
   U238
     (n,gamma)                            8.24592e-11 +/- 8.16594e-14
     Absorption Rate                      8.27171e-11 +/- 8.16547e-14
   Pu239
     (n,gamma)                            4.95981e-11 +/- 2.18556e-14
     Absorption Rate                      1.31913e-10 +/- 5.77391e-14
   U233
     (n,gamma)                            0.0500259 +/- 1.67527e-05
     Absorption Rate                      0.458276 +/- 0.000167271
   Th232
     (n,gamma)                            0.450417 +/- 0.00014199
     Absorption Rate                      0.451977 +/- 0.000142074
   Pu238
     (n,gamma)                            6.01391e-10 +/- 2.8137e-13
     Absorption Rate                      6.42829e-10 +/- 2.93246e-13
 ====================>     TALLY 6: FISSION_ENERGY     <====================

 Universe 13
   Total Material
     Kappa-Fission Rate                   7.83784e+07 +/- 28908
 =======================>     TALLY 7: HEATING     <========================

 Universe 13
   Total Material
     heating                              7.35392e+07 +/- 26810.8
 ============================>     TALLY 8     <============================

 Internal

 ============================>     TALLY 9     <============================

 Internal

 ===========================>     TALLY 10     <============================

 Internal

