 ============================>     TALLY 1     <============================

 Universe 13
   Delayed Group 1
     Total Material
       Delayed-Nu-Fission Rate              0.000259153 +/- 8.96088e-08
   Delayed Group 2
     Total Material
       Delayed-Nu-Fission Rate              0.000693959 +/- 2.39085e-07
   Delayed Group 3
     Total Material
       Delayed-Nu-Fission Rate              0.00054356 +/- 1.85683e-07
   Delayed Group 4
     Total Material
       Delayed-Nu-Fission Rate              0.00108433 +/- 3.66143e-07
   Delayed Group 5
     Total Material
       Delayed-Nu-Fission Rate              0.000354344 +/- 1.18995e-07
   Delayed Group 6
     Total Material
       Delayed-Nu-Fission Rate              0.000128556 +/- 4.25774e-08
 ============================>     TALLY 2     <============================

 Universe 13
   Delayed Group 1
     Total Material
       Decay Rate                           -nan +/- 0
   Delayed Group 2
     Total Material
       Decay Rate                           2.40918e-05 +/- 8.3053e-09
   Delayed Group 3
     Total Material
       Decay Rate                           -nan +/- 0
   Delayed Group 4
     Total Material
       Decay Rate                           -nan +/- 0
   Delayed Group 5
     Total Material
       Decay Rate                           -nan +/- 0
   Delayed Group 6
     Total Material
       Decay Rate                           -nan +/- 0
 ============================>     TALLY 3     <============================

 Universe 13
   Incoming Energy [0, 200000000)
     Total Material
       Nu-Fission Rate                      1.01018 +/- 0.00035222
 ============================>     TALLY 4     <============================

 Universe 13
   Delayed Group 1
     Incoming Energy [0, 200000000)
       Total Material
         Delayed-Nu-Fission Rate              0.000259153 +/- 8.96088e-08
   Delayed Group 2
     Incoming Energy [0, 200000000)
       Total Material
         Delayed-Nu-Fission Rate              0.000693959 +/- 2.39085e-07
   Delayed Group 3
     Incoming Energy [0, 200000000)
       Total Material
         Delayed-Nu-Fission Rate              0.00054356 +/- 1.85683e-07
   Delayed Group 4
     Incoming Energy [0, 200000000)
       Total Material
         Delayed-Nu-Fission Rate              0.00108433 +/- 3.66143e-07
   Delayed Group 5
     Incoming Energy [0, 200000000)
       Total Material
         Delayed-Nu-Fission Rate              0.000354344 +/- 1.18995e-07
   Delayed Group 6
     Incoming Energy [0, 200000000)
       Total Material
         Delayed-Nu-Fission Rate              0.000128556 +/- 4.25774e-08
 =================>     TALLY 5: BREEDING_RATIO_TALLY     <=================

 Universe 13
   U235
     (n,gamma)                            5.69699e-05 +/- 1.97794e-08
     Absorption Rate                      0.00031437 +/- 1.27764e-07
   U234
     (n,gamma)                            0.00349534 +/- 3.34973e-06
     Absorption Rate                      0.00351694 +/- 3.35252e-06
   U238
     (n,gamma)                            2.22261e-11 +/- 2.41517e-14
     Absorption Rate                      2.22944e-11 +/- 2.41545e-14
   Th232
     (n,gamma)                            0.449126 +/- 0.000137447
     Absorption Rate                      0.450633 +/- 0.00013741
   Pu238
     (n,gamma)                            1.09283e-10 +/- 5.03894e-14
     Absorption Rate                      1.1678e-10 +/- 5.21123e-14
   Pu240
     (n,gamma)                            6.08181e-13 +/- 5.05756e-16
     Absorption Rate                      6.08736e-13 +/- 5.05856e-16
   Pu241
     (n,gamma)                            1.31418e-14 +/- 5.95399e-18
     Absorption Rate                      4.75399e-14 +/- 2.12406e-17
   U233
     (n,gamma)                            0.0492585 +/- 1.51601e-05
     Absorption Rate                      0.452001 +/- 0.000155494
   Pu239
     (n,gamma)                            7.20289e-12 +/- 3.47312e-15
     Absorption Rate                      1.91615e-11 +/- 9.11931e-15
 ====================>     TALLY 6: FISSION_ENERGY     <====================

 Universe 13
   Total Material
     Kappa-Fission Rate                   7.72794e+07 +/- 26952.4
 =======================>     TALLY 7: HEATING     <========================

 Universe 13
   Total Material
     heating                              7.14847e+07 +/- 25744.4
 ============================>     TALLY 8     <============================

 Internal

