 ============================>     TALLY 1     <============================

 Universe 13
   Delayed Group 1
     Total Material
       Delayed-Nu-Fission Rate              0.00026277 +/- 7.3545e-08
   Delayed Group 2
     Total Material
       Delayed-Nu-Fission Rate              0.000704515 +/- 1.96449e-07
   Delayed Group 3
     Total Material
       Delayed-Nu-Fission Rate              0.000552129 +/- 1.52635e-07
   Delayed Group 4
     Total Material
       Delayed-Nu-Fission Rate              0.00110181 +/- 3.01066e-07
   Delayed Group 5
     Total Material
       Delayed-Nu-Fission Rate              0.000360373 +/- 9.79333e-08
   Delayed Group 6
     Total Material
       Delayed-Nu-Fission Rate              0.000130826 +/- 3.50706e-08
 ============================>     TALLY 2     <============================

 Universe 13
   Delayed Group 1
     Total Material
       Decay Rate                           -nan +/- 0
   Delayed Group 2
     Total Material
       Decay Rate                           -nan +/- 0
   Delayed Group 3
     Total Material
       Decay Rate                           -nan +/- 0
   Delayed Group 4
     Total Material
       Decay Rate                           -nan +/- 0
   Delayed Group 5
     Total Material
       Decay Rate                           -nan +/- 0
   Delayed Group 6
     Total Material
       Decay Rate                           -nan +/- 0
 ============================>     TALLY 3     <============================

 Universe 13
   Incoming Energy [0, 200000000)
     Total Material
       Nu-Fission Rate                      1.0245 +/- 0.000289171
 ============================>     TALLY 4     <============================

 Universe 13
   Delayed Group 1
     Incoming Energy [0, 200000000)
       Total Material
         Delayed-Nu-Fission Rate              0.00026277 +/- 7.3545e-08
   Delayed Group 2
     Incoming Energy [0, 200000000)
       Total Material
         Delayed-Nu-Fission Rate              0.000704515 +/- 1.96449e-07
   Delayed Group 3
     Incoming Energy [0, 200000000)
       Total Material
         Delayed-Nu-Fission Rate              0.000552129 +/- 1.52635e-07
   Delayed Group 4
     Incoming Energy [0, 200000000)
       Total Material
         Delayed-Nu-Fission Rate              0.00110181 +/- 3.01066e-07
   Delayed Group 5
     Incoming Energy [0, 200000000)
       Total Material
         Delayed-Nu-Fission Rate              0.000360373 +/- 9.79333e-08
   Delayed Group 6
     Incoming Energy [0, 200000000)
       Total Material
         Delayed-Nu-Fission Rate              0.000130826 +/- 3.50706e-08
 =================>     TALLY 5: BREEDING_RATIO_TALLY     <=================

 Universe 13
   U234
     (n,gamma)                            0.00619536 +/- 5.26061e-06
     Absorption Rate                      0.00623346 +/- 5.2644e-06
   U233
     (n,gamma)                            0.0497717 +/- 1.48826e-05
     Absorption Rate                      0.457611 +/- 0.000129828
   Pu239
     (n,gamma)                            4.22738e-10 +/- 1.47233e-13
     Absorption Rate                      1.12482e-09 +/- 3.82538e-13
   Th232
     (n,gamma)                            0.458622 +/- 0.000128524
     Absorption Rate                      0.460142 +/- 0.000128545
   Pu240
     (n,gamma)                            6.88289e-11 +/- 5.87854e-14
     Absorption Rate                      6.88907e-11 +/- 5.87972e-14
   Pu238
     (n,gamma)                            3.97096e-09 +/- 1.374e-12
     Absorption Rate                      4.24107e-09 +/- 1.43032e-12
   U238
     (n,gamma)                            3.6411e-10 +/- 4.29296e-13
     Absorption Rate                      3.65221e-10 +/- 4.29345e-13
   Pu241
     (n,gamma)                            2.84411e-12 +/- 9.37024e-16
     Absorption Rate                      1.02887e-11 +/- 3.34637e-15
   U235
     (n,gamma)                            0.000196312 +/- 5.43344e-08
     Absorption Rate                      0.00108673 +/- 3.25358e-07
 ====================>     TALLY 6: FISSION_ENERGY     <====================

 Universe 13
   Total Material
     Kappa-Fission Rate                   7.83799e+07 +/- 22128.3
 =======================>     TALLY 7: HEATING     <========================

 Universe 13
   Total Material
     heating                              7.34675e+07 +/- 20371.5
 ============================>     TALLY 8     <============================

 Internal

