 ============================>     TALLY 1     <============================

 Universe 13
   Delayed Group 1
     Total Material
       Delayed-Nu-Fission Rate              0.00026302 +/- 9.58071e-08
   Delayed Group 2
     Total Material
       Delayed-Nu-Fission Rate              0.000704576 +/- 2.55769e-07
   Delayed Group 3
     Total Material
       Delayed-Nu-Fission Rate              0.000552007 +/- 1.98762e-07
   Delayed Group 4
     Total Material
       Delayed-Nu-Fission Rate              0.00110141 +/- 3.92196e-07
   Delayed Group 5
     Total Material
       Delayed-Nu-Fission Rate              0.000360035 +/- 1.2753e-07
   Delayed Group 6
     Total Material
       Delayed-Nu-Fission Rate              0.000130662 +/- 4.56676e-08
 ============================>     TALLY 2     <============================

 Universe 13
   Delayed Group 1
     Total Material
       Decay Rate                           -nan +/- 0
   Delayed Group 2
     Total Material
       Decay Rate                           2.44593e-05 +/- 8.8842e-09
   Delayed Group 3
     Total Material
       Decay Rate                           -nan +/- 0
   Delayed Group 4
     Total Material
       Decay Rate                           -nan +/- 0
   Delayed Group 5
     Total Material
       Decay Rate                           -nan +/- 0
   Delayed Group 6
     Total Material
       Decay Rate                           -nan +/- 0
 ============================>     TALLY 3     <============================

 Universe 13
   Incoming Energy [0, 200000000)
     Total Material
       Nu-Fission Rate                      1.02532 +/- 0.000376498
 ============================>     TALLY 4     <============================

 Universe 13
   Delayed Group 1
     Incoming Energy [0, 200000000)
       Total Material
         Delayed-Nu-Fission Rate              0.00026302 +/- 9.58071e-08
   Delayed Group 2
     Incoming Energy [0, 200000000)
       Total Material
         Delayed-Nu-Fission Rate              0.000704576 +/- 2.55769e-07
   Delayed Group 3
     Incoming Energy [0, 200000000)
       Total Material
         Delayed-Nu-Fission Rate              0.000552007 +/- 1.98762e-07
   Delayed Group 4
     Incoming Energy [0, 200000000)
       Total Material
         Delayed-Nu-Fission Rate              0.00110141 +/- 3.92196e-07
   Delayed Group 5
     Incoming Energy [0, 200000000)
       Total Material
         Delayed-Nu-Fission Rate              0.000360035 +/- 1.2753e-07
   Delayed Group 6
     Incoming Energy [0, 200000000)
       Total Material
         Delayed-Nu-Fission Rate              0.000130662 +/- 4.56676e-08
 =================>     TALLY 5: BREEDING_RATIO_TALLY     <=================

 Universe 13
   U235
     (n,gamma)                            9.58269e-05 +/- 3.5108e-08
     Absorption Rate                      0.000527979 +/- 2.20998e-07
   Pu240
     (n,gamma)                            5.1044e-12 +/- 4.75523e-15
     Absorption Rate                      5.10905e-12 +/- 4.75632e-15
   U234
     (n,gamma)                            0.00432611 +/- 3.92455e-06
     Absorption Rate                      0.00435308 +/- 3.92676e-06
   Pu241
     (n,gamma)                            1.4584e-13 +/- 6.38869e-17
     Absorption Rate                      5.27508e-13 +/- 2.28018e-16
   U238
     (n,gamma)                            7.6054e-11 +/- 7.00612e-14
     Absorption Rate                      7.62922e-11 +/- 7.00547e-14
   Pu239
     (n,gamma)                            4.4311e-11 +/- 1.96961e-14
     Absorption Rate                      1.17855e-10 +/- 5.2252e-14
   U233
     (n,gamma)                            0.0500543 +/- 1.67704e-05
     Absorption Rate                      0.458626 +/- 0.000166733
   Th232
     (n,gamma)                            0.450513 +/- 0.000121171
     Absorption Rate                      0.452072 +/- 0.000121173
   Pu238
     (n,gamma)                            5.44557e-10 +/- 2.64319e-13
     Absorption Rate                      5.82084e-10 +/- 2.75475e-13
 ====================>     TALLY 6: FISSION_ENERGY     <====================

 Universe 13
   Total Material
     Kappa-Fission Rate                   7.84365e+07 +/- 28806.8
 =======================>     TALLY 7: HEATING     <========================

 Universe 13
   Total Material
     heating                              7.36648e+07 +/- 26486.2
 ============================>     TALLY 8     <============================

 Internal

 ============================>     TALLY 9     <============================

 Internal

 ===========================>     TALLY 10     <============================

 Internal

