 ============================>     TALLY 1     <============================

 Universe 13
   Delayed Group 1
     Total Material
       Delayed-Nu-Fission Rate              0.000268808 +/- 9.42795e-08
   Delayed Group 2
     Total Material
       Delayed-Nu-Fission Rate              0.000719419 +/- 2.51455e-07
   Delayed Group 3
     Total Material
       Delayed-Nu-Fission Rate              0.00056332 +/- 1.95337e-07
   Delayed Group 4
     Total Material
       Delayed-Nu-Fission Rate              0.00112342 +/- 3.85371e-07
   Delayed Group 5
     Total Material
       Delayed-Nu-Fission Rate              0.000366966 +/- 1.25231e-07
   Delayed Group 6
     Total Material
       Delayed-Nu-Fission Rate              0.000133078 +/- 4.483e-08
 ============================>     TALLY 2     <============================

 Universe 13
   Delayed Group 1
     Total Material
       Decay Rate                           -nan +/- 0
   Delayed Group 2
     Total Material
       Decay Rate                           -nan +/- 0
   Delayed Group 3
     Total Material
       Decay Rate                           -nan +/- 0
   Delayed Group 4
     Total Material
       Decay Rate                           -nan +/- 0
   Delayed Group 5
     Total Material
       Decay Rate                           -nan +/- 0
   Delayed Group 6
     Total Material
       Decay Rate                           -nan +/- 0
 ============================>     TALLY 3     <============================

 Universe 13
   Incoming Energy [0, 200000000)
     Total Material
       Nu-Fission Rate                      1.04796 +/- 0.00037029
 ============================>     TALLY 4     <============================

 Universe 13
   Delayed Group 1
     Incoming Energy [0, 200000000)
       Total Material
         Delayed-Nu-Fission Rate              0.000268808 +/- 9.42795e-08
   Delayed Group 2
     Incoming Energy [0, 200000000)
       Total Material
         Delayed-Nu-Fission Rate              0.000719419 +/- 2.51455e-07
   Delayed Group 3
     Incoming Energy [0, 200000000)
       Total Material
         Delayed-Nu-Fission Rate              0.00056332 +/- 1.95337e-07
   Delayed Group 4
     Incoming Energy [0, 200000000)
       Total Material
         Delayed-Nu-Fission Rate              0.00112342 +/- 3.85371e-07
   Delayed Group 5
     Incoming Energy [0, 200000000)
       Total Material
         Delayed-Nu-Fission Rate              0.000366966 +/- 1.25231e-07
   Delayed Group 6
     Incoming Energy [0, 200000000)
       Total Material
         Delayed-Nu-Fission Rate              0.000133078 +/- 4.483e-08
 =================>     TALLY 5: BREEDING_RATIO_TALLY     <=================

 Universe 13
   U235
     (n,gamma)                            2.3323e-06 +/- 8.39305e-10
     Absorption Rate                      1.28058e-05 +/- 5.10536e-09
   Pu240
     (n,gamma)                            5.17825e-18 +/- 4.72507e-21
     Absorption Rate                      5.183e-18 +/- 4.72605e-21
   U234
     (n,gamma)                            0.000683313 +/- 6.23947e-07
     Absorption Rate                      0.000687548 +/- 6.24444e-07
   Pu241
     (n,gamma)                            2.18713e-20 +/- 8.8465e-24
     Absorption Rate                      7.91075e-20 +/- 3.20262e-23
   U238
     (n,gamma)                            1.67428e-14 +/- 1.8812e-17
     Absorption Rate                      1.67955e-14 +/- 1.88143e-17
   Pu239
     (n,gamma)                            2.59655e-16 +/- 1.09216e-19
     Absorption Rate                      6.90436e-16 +/- 2.88886e-19
   U233
     (n,gamma)                            0.0513634 +/- 1.65415e-05
     Absorption Rate                      0.46943 +/- 0.000164418
   Th232
     (n,gamma)                            0.44467 +/- 0.000129904
     Absorption Rate                      0.44623 +/- 0.00012984
   Pu238
     (n,gamma)                            1.04124e-14 +/- 4.4062e-18
     Absorption Rate                      1.11365e-14 +/- 4.58308e-18
 ====================>     TALLY 6: FISSION_ENERGY     <====================

 Universe 13
   Total Material
     Kappa-Fission Rate                   8.01646e+07 +/- 28334.8
 =======================>     TALLY 7: HEATING     <========================

 Universe 13
   Total Material
     heating                              7.69099e+07 +/- 26174
 ============================>     TALLY 8     <============================

 Internal

 ============================>     TALLY 9     <============================

 Internal

 ===========================>     TALLY 10     <============================

 Internal

