 ============================>     TALLY 1     <============================

 Universe 13
   Delayed Group 1
     Total Material
       Delayed-Nu-Fission Rate              0.000257017 +/- 9.69976e-08
   Delayed Group 2
     Total Material
       Delayed-Nu-Fission Rate              0.000690246 +/- 2.59614e-07
   Delayed Group 3
     Total Material
       Delayed-Nu-Fission Rate              0.000541494 +/- 2.01986e-07
   Delayed Group 4
     Total Material
       Delayed-Nu-Fission Rate              0.00108156 +/- 3.9889e-07
   Delayed Group 5
     Total Material
       Delayed-Nu-Fission Rate              0.000354216 +/- 1.29955e-07
   Delayed Group 6
     Total Material
       Delayed-Nu-Fission Rate              0.000128765 +/- 4.66074e-08
 ============================>     TALLY 2     <============================

 Universe 13
   Delayed Group 1
     Total Material
       Decay Rate                           -nan +/- 0
   Delayed Group 2
     Total Material
       Decay Rate                           2.39546e-05 +/- 9.01499e-09
   Delayed Group 3
     Total Material
       Decay Rate                           -nan +/- 0
   Delayed Group 4
     Total Material
       Decay Rate                           -nan +/- 0
   Delayed Group 5
     Total Material
       Decay Rate                           -nan +/- 0
   Delayed Group 6
     Total Material
       Decay Rate                           -nan +/- 0
 ============================>     TALLY 3     <============================

 Universe 13
   Incoming Energy [0, 200000000)
     Total Material
       Nu-Fission Rate                      1.00204 +/- 0.000381381
 ============================>     TALLY 4     <============================

 Universe 13
   Delayed Group 1
     Incoming Energy [0, 200000000)
       Total Material
         Delayed-Nu-Fission Rate              0.000257017 +/- 9.69976e-08
   Delayed Group 2
     Incoming Energy [0, 200000000)
       Total Material
         Delayed-Nu-Fission Rate              0.000690246 +/- 2.59614e-07
   Delayed Group 3
     Incoming Energy [0, 200000000)
       Total Material
         Delayed-Nu-Fission Rate              0.000541494 +/- 2.01986e-07
   Delayed Group 4
     Incoming Energy [0, 200000000)
       Total Material
         Delayed-Nu-Fission Rate              0.00108156 +/- 3.9889e-07
   Delayed Group 5
     Incoming Energy [0, 200000000)
       Total Material
         Delayed-Nu-Fission Rate              0.000354216 +/- 1.29955e-07
   Delayed Group 6
     Incoming Energy [0, 200000000)
       Total Material
         Delayed-Nu-Fission Rate              0.000128765 +/- 4.66074e-08
 =================>     TALLY 5: BREEDING_RATIO_TALLY     <=================

 Universe 13
   U238
     (n,gamma)                            1.47461e-09 +/- 1.48712e-12
     Absorption Rate                      1.47922e-09 +/- 1.48713e-12
   Th232
     (n,gamma)                            0.455431 +/- 0.000120707
     Absorption Rate                      0.456992 +/- 0.000120674
   Pu241
     (n,gamma)                            3.78301e-11 +/- 1.71114e-14
     Absorption Rate                      1.36845e-10 +/- 6.09664e-14
   U233
     (n,gamma)                            0.0486507 +/- 1.76337e-05
     Absorption Rate                      0.446701 +/- 0.000169201
   Pu239
     (n,gamma)                            3.02509e-09 +/- 1.42342e-12
     Absorption Rate                      8.04778e-09 +/- 3.74866e-12
   Pu240
     (n,gamma)                            6.70221e-10 +/- 5.5336e-13
     Absorption Rate                      6.70829e-10 +/- 5.53474e-13
   U235
     (n,gamma)                            0.000361341 +/- 1.28172e-07
     Absorption Rate                      0.00199658 +/- 8.10085e-07
   Pu238
     (n,gamma)                            2.26321e-08 +/- 1.00553e-11
     Absorption Rate                      2.41799e-08 +/- 1.04578e-11
   U234
     (n,gamma)                            0.00834456 +/- 8.06138e-06
     Absorption Rate                      0.0083969 +/- 8.06673e-06
 ====================>     TALLY 6: FISSION_ENERGY     <====================

 Universe 13
   Total Material
     Kappa-Fission Rate                   7.66643e+07 +/- 29182.2
 =======================>     TALLY 7: HEATING     <========================

 Universe 13
   Total Material
     heating                              7.03896e+07 +/- 26132.5
 ============================>     TALLY 8     <============================

 Internal

 ============================>     TALLY 9     <============================

 Internal

 ===========================>     TALLY 10     <============================

 Internal

