 ============================>     TALLY 1     <============================

 Universe 13
   Delayed Group 1
     Total Material
       Delayed-Nu-Fission Rate              0.000262142 +/- 8.8783e-08
   Delayed Group 2
     Total Material
       Delayed-Nu-Fission Rate              0.000703026 +/- 2.37256e-07
   Delayed Group 3
     Total Material
       Delayed-Nu-Fission Rate              0.00055104 +/- 1.84361e-07
   Delayed Group 4
     Total Material
       Delayed-Nu-Fission Rate              0.00109975 +/- 3.63614e-07
   Delayed Group 5
     Total Material
       Delayed-Nu-Fission Rate              0.000359775 +/- 1.18303e-07
   Delayed Group 6
     Total Material
       Delayed-Nu-Fission Rate              0.000130632 +/- 4.23562e-08
 ============================>     TALLY 2     <============================

 Universe 13
   Delayed Group 1
     Total Material
       Decay Rate                           -nan +/- 0
   Delayed Group 2
     Total Material
       Decay Rate                           2.44023e-05 +/- 8.24027e-09
   Delayed Group 3
     Total Material
       Decay Rate                           -nan +/- 0
   Delayed Group 4
     Total Material
       Decay Rate                           -nan +/- 0
   Delayed Group 5
     Total Material
       Decay Rate                           -nan +/- 0
   Delayed Group 6
     Total Material
       Decay Rate                           -nan +/- 0
 ============================>     TALLY 3     <============================

 Universe 13
   Incoming Energy [0, 200000000)
     Total Material
       Nu-Fission Rate                      1.02207 +/- 0.000349072
 ============================>     TALLY 4     <============================

 Universe 13
   Delayed Group 1
     Incoming Energy [0, 200000000)
       Total Material
         Delayed-Nu-Fission Rate              0.000262142 +/- 8.8783e-08
   Delayed Group 2
     Incoming Energy [0, 200000000)
       Total Material
         Delayed-Nu-Fission Rate              0.000703026 +/- 2.37256e-07
   Delayed Group 3
     Incoming Energy [0, 200000000)
       Total Material
         Delayed-Nu-Fission Rate              0.00055104 +/- 1.84361e-07
   Delayed Group 4
     Incoming Energy [0, 200000000)
       Total Material
         Delayed-Nu-Fission Rate              0.00109975 +/- 3.63614e-07
   Delayed Group 5
     Incoming Energy [0, 200000000)
       Total Material
         Delayed-Nu-Fission Rate              0.000359775 +/- 1.18303e-07
   Delayed Group 6
     Incoming Energy [0, 200000000)
       Total Material
         Delayed-Nu-Fission Rate              0.000130632 +/- 4.23562e-08
 =================>     TALLY 5: BREEDING_RATIO_TALLY     <=================

 Universe 13
   U234
     (n,gamma)                            0.00663932 +/- 6.09692e-06
     Absorption Rate                      0.00668016 +/- 6.10063e-06
   U233
     (n,gamma)                            0.0496209 +/- 1.5885e-05
     Absorption Rate                      0.456352 +/- 0.00015474
   Pu239
     (n,gamma)                            6.61002e-10 +/- 2.81652e-13
     Absorption Rate                      1.75885e-09 +/- 7.40933e-13
   Th232
     (n,gamma)                            0.459069 +/- 0.000136939
     Absorption Rate                      0.460588 +/- 0.000136992
   Pu240
     (n,gamma)                            1.15022e-10 +/- 1.03207e-13
     Absorption Rate                      1.15125e-10 +/- 1.03229e-13
   Pu238
     (n,gamma)                            5.89063e-09 +/- 2.49977e-12
     Absorption Rate                      6.29066e-09 +/- 2.60686e-12
   U238
     (n,gamma)                            4.96674e-10 +/- 5.33869e-13
     Absorption Rate                      4.98193e-10 +/- 5.33897e-13
   Pu241
     (n,gamma)                            5.12103e-12 +/- 2.0892e-15
     Absorption Rate                      1.85256e-11 +/- 7.51868e-15
   U235
     (n,gamma)                            0.000226002 +/- 7.51789e-08
     Absorption Rate                      0.00125161 +/- 4.76044e-07
 ====================>     TALLY 6: FISSION_ENERGY     <====================

 Universe 13
   Total Material
     Kappa-Fission Rate                   7.81949e+07 +/- 26714.2
 =======================>     TALLY 7: HEATING     <========================

 Universe 13
   Total Material
     heating                              7.31136e+07 +/- 24250.7
 ============================>     TALLY 8     <============================

 Internal

