 ============================>     TALLY 1     <============================

 Universe 13
   Delayed Group 1
     Total Material
       Delayed-Nu-Fission Rate              0.000260238 +/- 9.13897e-08
   Delayed Group 2
     Total Material
       Delayed-Nu-Fission Rate              0.000697719 +/- 2.44082e-07
   Delayed Group 3
     Total Material
       Delayed-Nu-Fission Rate              0.000546887 +/- 1.89578e-07
   Delayed Group 4
     Total Material
       Delayed-Nu-Fission Rate              0.00109161 +/- 3.73709e-07
   Delayed Group 5
     Total Material
       Delayed-Nu-Fission Rate              0.000357059 +/- 1.21522e-07
   Delayed Group 6
     Total Material
       Delayed-Nu-Fission Rate              0.000129658 +/- 4.34732e-08
 ============================>     TALLY 2     <============================

 Universe 13
   Delayed Group 1
     Total Material
       Decay Rate                           -nan +/- 0
   Delayed Group 2
     Total Material
       Decay Rate                           2.42188e-05 +/- 8.47798e-09
   Delayed Group 3
     Total Material
       Decay Rate                           -nan +/- 0
   Delayed Group 4
     Total Material
       Decay Rate                           -nan +/- 0
   Delayed Group 5
     Total Material
       Decay Rate                           -nan +/- 0
   Delayed Group 6
     Total Material
       Decay Rate                           -nan +/- 0
 ============================>     TALLY 3     <============================

 Universe 13
   Incoming Energy [0, 200000000)
     Total Material
       Nu-Fission Rate                      1.0145 +/- 0.000359393
 ============================>     TALLY 4     <============================

 Universe 13
   Delayed Group 1
     Incoming Energy [0, 200000000)
       Total Material
         Delayed-Nu-Fission Rate              0.000260238 +/- 9.13897e-08
   Delayed Group 2
     Incoming Energy [0, 200000000)
       Total Material
         Delayed-Nu-Fission Rate              0.000697719 +/- 2.44082e-07
   Delayed Group 3
     Incoming Energy [0, 200000000)
       Total Material
         Delayed-Nu-Fission Rate              0.000546887 +/- 1.89578e-07
   Delayed Group 4
     Incoming Energy [0, 200000000)
       Total Material
         Delayed-Nu-Fission Rate              0.00109161 +/- 3.73709e-07
   Delayed Group 5
     Incoming Energy [0, 200000000)
       Total Material
         Delayed-Nu-Fission Rate              0.000357059 +/- 1.21522e-07
   Delayed Group 6
     Incoming Energy [0, 200000000)
       Total Material
         Delayed-Nu-Fission Rate              0.000129658 +/- 4.34732e-08
 =================>     TALLY 5: BREEDING_RATIO_TALLY     <=================

 Universe 13
   U238
     (n,gamma)                            3.27099e-10 +/- 3.61746e-13
     Absorption Rate                      3.2812e-10 +/- 3.61769e-13
   Th232
     (n,gamma)                            0.45234 +/- 0.000126441
     Absorption Rate                      0.4539 +/- 0.000126381
   Pu241
     (n,gamma)                            2.26471e-12 +/- 8.93892e-16
     Absorption Rate                      8.19198e-12 +/- 3.23267e-15
   U233
     (n,gamma)                            0.0494352 +/- 1.73005e-05
     Absorption Rate                      0.45327 +/- 0.000160456
   Pu239
     (n,gamma)                            3.5462e-10 +/- 1.4816e-13
     Absorption Rate                      9.43294e-10 +/- 3.91488e-13
   Pu240
     (n,gamma)                            5.66107e-11 +/- 5.17893e-14
     Absorption Rate                      5.66622e-11 +/- 5.18001e-14
   U235
     (n,gamma)                            0.000184705 +/- 6.45506e-08
     Absorption Rate                      0.00101862 +/- 3.94182e-07
   Pu238
     (n,gamma)                            3.4131e-09 +/- 1.53506e-12
     Absorption Rate                      3.64761e-09 +/- 1.5984e-12
   U234
     (n,gamma)                            0.00599529 +/- 5.32185e-06
     Absorption Rate                      0.00603273 +/- 5.3235e-06
 ====================>     TALLY 6: FISSION_ENERGY     <====================

 Universe 13
   Total Material
     Kappa-Fission Rate                   7.76114e+07 +/- 27502.5
 =======================>     TALLY 7: HEATING     <========================

 Universe 13
   Total Material
     heating                              7.21735e+07 +/- 25425.8
 ============================>     TALLY 8     <============================

 Internal

 ============================>     TALLY 9     <============================

 Internal

 ===========================>     TALLY 10     <============================

 Internal

