 ============================>     TALLY 1     <============================

 Universe 13
   Delayed Group 1
     Total Material
       Delayed-Nu-Fission Rate              0.000257427 +/- 8.8542e-08
   Delayed Group 2
     Total Material
       Delayed-Nu-Fission Rate              0.000689647 +/- 2.36246e-07
   Delayed Group 3
     Total Material
       Delayed-Nu-Fission Rate              0.000540302 +/- 1.8335e-07
   Delayed Group 4
     Total Material
       Delayed-Nu-Fission Rate              0.00107801 +/- 3.61141e-07
   Delayed Group 5
     Total Material
       Delayed-Nu-Fission Rate              0.000352395 +/- 1.17335e-07
   Delayed Group 6
     Total Material
       Delayed-Nu-Fission Rate              0.000127884 +/- 4.193e-08
 ============================>     TALLY 2     <============================

 Universe 13
   Delayed Group 1
     Total Material
       Decay Rate                           -nan +/- 0
   Delayed Group 2
     Total Material
       Decay Rate                           -nan +/- 0
   Delayed Group 3
     Total Material
       Decay Rate                           -nan +/- 0
   Delayed Group 4
     Total Material
       Decay Rate                           -nan +/- 0
   Delayed Group 5
     Total Material
       Decay Rate                           -nan +/- 0
   Delayed Group 6
     Total Material
       Decay Rate                           -nan +/- 0
 ============================>     TALLY 3     <============================

 Universe 13
   Incoming Energy [0, 200000000)
     Total Material
       Nu-Fission Rate                      1.00348 +/- 0.000348348
 ============================>     TALLY 4     <============================

 Universe 13
   Delayed Group 1
     Incoming Energy [0, 200000000)
       Total Material
         Delayed-Nu-Fission Rate              0.000257427 +/- 8.8542e-08
   Delayed Group 2
     Incoming Energy [0, 200000000)
       Total Material
         Delayed-Nu-Fission Rate              0.000689647 +/- 2.36246e-07
   Delayed Group 3
     Incoming Energy [0, 200000000)
       Total Material
         Delayed-Nu-Fission Rate              0.000540302 +/- 1.8335e-07
   Delayed Group 4
     Incoming Energy [0, 200000000)
       Total Material
         Delayed-Nu-Fission Rate              0.00107801 +/- 3.61141e-07
   Delayed Group 5
     Incoming Energy [0, 200000000)
       Total Material
         Delayed-Nu-Fission Rate              0.000352395 +/- 1.17335e-07
   Delayed Group 6
     Incoming Energy [0, 200000000)
       Total Material
         Delayed-Nu-Fission Rate              0.000127884 +/- 4.193e-08
 =================>     TALLY 5: BREEDING_RATIO_TALLY     <=================

 Universe 13
   U235
     (n,gamma)                            0.000104782 +/- 3.50533e-08
     Absorption Rate                      0.000578254 +/- 2.14149e-07
   U234
     (n,gamma)                            0.00474222 +/- 3.76654e-06
     Absorption Rate                      0.00477171 +/- 3.7689e-06
   U238
     (n,gamma)                            8.48405e-11 +/- 9.13849e-14
     Absorption Rate                      8.51018e-11 +/- 9.13851e-14
   Th232
     (n,gamma)                            0.447854 +/- 0.000138066
     Absorption Rate                      0.449354 +/- 0.000138102
   Pu238
     (n,gamma)                            5.97919e-10 +/- 2.43981e-13
     Absorption Rate                      6.38943e-10 +/- 2.54292e-13
   Pu240
     (n,gamma)                            5.58798e-12 +/- 5.09376e-15
     Absorption Rate                      5.59307e-12 +/- 5.09478e-15
   Pu241
     (n,gamma)                            1.63901e-13 +/- 6.74282e-17
     Absorption Rate                      5.92916e-13 +/- 2.40966e-16
   U233
     (n,gamma)                            0.048892 +/- 1.65746e-05
     Absorption Rate                      0.448742 +/- 0.000155629
   Pu239
     (n,gamma)                            4.88723e-11 +/- 2.10475e-14
     Absorption Rate                      1.3001e-10 +/- 5.52804e-14
 ====================>     TALLY 6: FISSION_ENERGY     <====================

 Universe 13
   Total Material
     Kappa-Fission Rate                   7.67689e+07 +/- 26655.4
 =======================>     TALLY 7: HEATING     <========================

 Universe 13
   Total Material
     heating                              7.05258e+07 +/- 24491.1
 ============================>     TALLY 8     <============================

 Internal

