 ============================>     TALLY 1     <============================

 Universe 13
   Delayed Group 1
     Total Material
       Delayed-Nu-Fission Rate              0.000267665 +/- 1.00492e-07
   Delayed Group 2
     Total Material
       Delayed-Nu-Fission Rate              0.000716673 +/- 2.68265e-07
   Delayed Group 3
     Total Material
       Delayed-Nu-Fission Rate              0.000561239 +/- 2.08617e-07
   Delayed Group 4
     Total Material
       Delayed-Nu-Fission Rate              0.00111929 +/- 4.1213e-07
   Delayed Group 5
     Total Material
       Delayed-Nu-Fission Rate              0.000365717 +/- 1.34062e-07
   Delayed Group 6
     Total Material
       Delayed-Nu-Fission Rate              0.000132637 +/- 4.80841e-08
 ============================>     TALLY 2     <============================

 Universe 13
   Delayed Group 1
     Total Material
       Decay Rate                           -nan +/- 0
   Delayed Group 2
     Total Material
       Decay Rate                           2.48809e-05 +/- 9.31811e-09
   Delayed Group 3
     Total Material
       Decay Rate                           -nan +/- 0
   Delayed Group 4
     Total Material
       Decay Rate                           -nan +/- 0
   Delayed Group 5
     Total Material
       Decay Rate                           -nan +/- 0
   Delayed Group 6
     Total Material
       Decay Rate                           -nan +/- 0
 ============================>     TALLY 3     <============================

 Universe 13
   Incoming Energy [0, 200000000)
     Total Material
       Nu-Fission Rate                      1.04358 +/- 0.000394543
 ============================>     TALLY 4     <============================

 Universe 13
   Delayed Group 1
     Incoming Energy [0, 200000000)
       Total Material
         Delayed-Nu-Fission Rate              0.000267665 +/- 1.00492e-07
   Delayed Group 2
     Incoming Energy [0, 200000000)
       Total Material
         Delayed-Nu-Fission Rate              0.000716673 +/- 2.68265e-07
   Delayed Group 3
     Incoming Energy [0, 200000000)
       Total Material
         Delayed-Nu-Fission Rate              0.000561239 +/- 2.08617e-07
   Delayed Group 4
     Incoming Energy [0, 200000000)
       Total Material
         Delayed-Nu-Fission Rate              0.00111929 +/- 4.1213e-07
   Delayed Group 5
     Incoming Energy [0, 200000000)
       Total Material
         Delayed-Nu-Fission Rate              0.000365717 +/- 1.34062e-07
   Delayed Group 6
     Incoming Energy [0, 200000000)
       Total Material
         Delayed-Nu-Fission Rate              0.000132637 +/- 4.80841e-08
 =================>     TALLY 5: BREEDING_RATIO_TALLY     <=================

 Universe 13
   Pu241
     (n,gamma)                            1.52216e-14 +/- 7.16805e-18
     Absorption Rate                      5.50603e-14 +/- 2.56405e-17
   U233
     (n,gamma)                            0.0508811 +/- 1.67653e-05
     Absorption Rate                      0.467002 +/- 0.000174124
   Pu238
     (n,gamma)                            1.19437e-10 +/- 5.72687e-14
     Absorption Rate                      1.27609e-10 +/- 5.98313e-14
   U234
     (n,gamma)                            0.00333805 +/- 3.17227e-06
     Absorption Rate                      0.00335846 +/- 3.17522e-06
   Pu240
     (n,gamma)                            7.00181e-13 +/- 6.03928e-16
     Absorption Rate                      7.00813e-13 +/- 6.04065e-16
   U238
     (n,gamma)                            2.26417e-11 +/- 2.61804e-14
     Absorption Rate                      2.27111e-11 +/- 2.61875e-14
   U235
     (n,gamma)                            5.6079e-05 +/- 2.18045e-08
     Absorption Rate                      0.000309694 +/- 1.3607e-07
   Th232
     (n,gamma)                            0.453375 +/- 0.00014907
     Absorption Rate                      0.454892 +/- 0.000149112
   Pu239
     (n,gamma)                            8.00724e-12 +/- 3.81924e-15
     Absorption Rate                      2.13015e-11 +/- 1.00968e-14
 ====================>     TALLY 6: FISSION_ENERGY     <====================

 Universe 13
   Total Material
     Kappa-Fission Rate                   7.98349e+07 +/- 30187.9
 =======================>     TALLY 7: HEATING     <========================

 Universe 13
   Total Material
     heating                              7.61813e+07 +/- 28978.2
 ============================>     TALLY 8     <============================

 Internal

