 ============================>     TALLY 1     <============================

 Universe 13
   Delayed Group 1
     Total Material
       Delayed-Nu-Fission Rate              0.000262597 +/- 1.04572e-07
   Delayed Group 2
     Total Material
       Delayed-Nu-Fission Rate              0.000703539 +/- 2.79317e-07
   Delayed Group 3
     Total Material
       Delayed-Nu-Fission Rate              0.000551237 +/- 2.17274e-07
   Delayed Group 4
     Total Material
       Delayed-Nu-Fission Rate              0.00109995 +/- 4.29279e-07
   Delayed Group 5
     Total Material
       Delayed-Nu-Fission Rate              0.000359594 +/- 1.39686e-07
   Delayed Group 6
     Total Material
       Delayed-Nu-Fission Rate              0.000130515 +/- 5.01003e-08
 ============================>     TALLY 2     <============================

 Universe 13
   Delayed Group 1
     Total Material
       Decay Rate                           -nan +/- 0
   Delayed Group 2
     Total Material
       Decay Rate                           -nan +/- 0
   Delayed Group 3
     Total Material
       Decay Rate                           -nan +/- 0
   Delayed Group 4
     Total Material
       Decay Rate                           -nan +/- 0
   Delayed Group 5
     Total Material
       Decay Rate                           -nan +/- 0
   Delayed Group 6
     Total Material
       Decay Rate                           -nan +/- 0
 ============================>     TALLY 3     <============================

 Universe 13
   Incoming Energy [0, 200000000)
     Total Material
       Nu-Fission Rate                      1.02367 +/- 0.000410518
 ============================>     TALLY 4     <============================

 Universe 13
   Delayed Group 1
     Incoming Energy [0, 200000000)
       Total Material
         Delayed-Nu-Fission Rate              0.000262597 +/- 1.04572e-07
   Delayed Group 2
     Incoming Energy [0, 200000000)
       Total Material
         Delayed-Nu-Fission Rate              0.000703539 +/- 2.79317e-07
   Delayed Group 3
     Incoming Energy [0, 200000000)
       Total Material
         Delayed-Nu-Fission Rate              0.000551237 +/- 2.17274e-07
   Delayed Group 4
     Incoming Energy [0, 200000000)
       Total Material
         Delayed-Nu-Fission Rate              0.00109995 +/- 4.29279e-07
   Delayed Group 5
     Incoming Energy [0, 200000000)
       Total Material
         Delayed-Nu-Fission Rate              0.000359594 +/- 1.39686e-07
   Delayed Group 6
     Incoming Energy [0, 200000000)
       Total Material
         Delayed-Nu-Fission Rate              0.000130515 +/- 5.01003e-08
 =================>     TALLY 5: BREEDING_RATIO_TALLY     <=================

 Universe 13
   U235
     (n,gamma)                            0.000110146 +/- 4.43288e-08
     Absorption Rate                      0.000607054 +/- 2.74429e-07
   Pu240
     (n,gamma)                            8.49363e-12 +/- 7.6105e-15
     Absorption Rate                      8.50135e-12 +/- 7.61201e-15
   U234
     (n,gamma)                            0.00463869 +/- 3.96619e-06
     Absorption Rate                      0.00466759 +/- 3.96976e-06
   Pu241
     (n,gamma)                            2.60519e-13 +/- 1.22479e-16
     Absorption Rate                      9.42311e-13 +/- 4.42576e-16
   U238
     (n,gamma)                            1.03544e-10 +/- 1.04252e-13
     Absorption Rate                      1.03868e-10 +/- 1.04272e-13
   Pu239
     (n,gamma)                            6.87628e-11 +/- 3.25409e-14
     Absorption Rate                      1.82896e-10 +/- 8.62302e-14
   U233
     (n,gamma)                            0.0499439 +/- 1.83732e-05
     Absorption Rate                      0.457789 +/- 0.00018206
   Th232
     (n,gamma)                            0.450975 +/- 0.000134775
     Absorption Rate                      0.452536 +/- 0.000134839
   Pu238
     (n,gamma)                            8.03097e-10 +/- 4.1221e-13
     Absorption Rate                      8.58375e-10 +/- 4.30142e-13
 ====================>     TALLY 6: FISSION_ENERGY     <====================

 Universe 13
   Total Material
     Kappa-Fission Rate                   7.83109e+07 +/- 31412.4
 =======================>     TALLY 7: HEATING     <========================

 Universe 13
   Total Material
     heating                              7.34192e+07 +/- 28691.8
 ============================>     TALLY 8     <============================

 Internal

 ============================>     TALLY 9     <============================

 Internal

 ===========================>     TALLY 10     <============================

 Internal

