 ============================>     TALLY 1     <============================

 Universe 13
   Delayed Group 1
     Total Material
       Delayed-Nu-Fission Rate              0.000262303 +/- 9.12081e-08
   Delayed Group 2
     Total Material
       Delayed-Nu-Fission Rate              0.000703394 +/- 2.43711e-07
   Delayed Group 3
     Total Material
       Delayed-Nu-Fission Rate              0.000551305 +/- 1.89364e-07
   Delayed Group 4
     Total Material
       Delayed-Nu-Fission Rate              0.00110025 +/- 3.73445e-07
   Delayed Group 5
     Total Material
       Delayed-Nu-Fission Rate              0.000359915 +/- 1.21487e-07
   Delayed Group 6
     Total Material
       Delayed-Nu-Fission Rate              0.000130676 +/- 4.34855e-08
 ============================>     TALLY 2     <============================

 Universe 13
   Delayed Group 1
     Total Material
       Decay Rate                           -nan +/- 0
   Delayed Group 2
     Total Material
       Decay Rate                           2.44153e-05 +/- 8.46457e-09
   Delayed Group 3
     Total Material
       Decay Rate                           -nan +/- 0
   Delayed Group 4
     Total Material
       Decay Rate                           -nan +/- 0
   Delayed Group 5
     Total Material
       Decay Rate                           -nan +/- 0
   Delayed Group 6
     Total Material
       Decay Rate                           -nan +/- 0
 ============================>     TALLY 3     <============================

 Universe 13
   Incoming Energy [0, 200000000)
     Total Material
       Nu-Fission Rate                      1.02268 +/- 0.000358677
 ============================>     TALLY 4     <============================

 Universe 13
   Delayed Group 1
     Incoming Energy [0, 200000000)
       Total Material
         Delayed-Nu-Fission Rate              0.000262303 +/- 9.12081e-08
   Delayed Group 2
     Incoming Energy [0, 200000000)
       Total Material
         Delayed-Nu-Fission Rate              0.000703394 +/- 2.43711e-07
   Delayed Group 3
     Incoming Energy [0, 200000000)
       Total Material
         Delayed-Nu-Fission Rate              0.000551305 +/- 1.89364e-07
   Delayed Group 4
     Incoming Energy [0, 200000000)
       Total Material
         Delayed-Nu-Fission Rate              0.00110025 +/- 3.73445e-07
   Delayed Group 5
     Incoming Energy [0, 200000000)
       Total Material
         Delayed-Nu-Fission Rate              0.000359915 +/- 1.21487e-07
   Delayed Group 6
     Incoming Energy [0, 200000000)
       Total Material
         Delayed-Nu-Fission Rate              0.000130676 +/- 4.34855e-08
 =================>     TALLY 5: BREEDING_RATIO_TALLY     <=================

 Universe 13
   U234
     (n,gamma)                            0.00650103 +/- 5.46681e-06
     Absorption Rate                      0.00654098 +/- 5.46898e-06
   U233
     (n,gamma)                            0.0496597 +/- 1.64835e-05
     Absorption Rate                      0.456683 +/- 0.000159358
   Pu239
     (n,gamma)                            5.71633e-10 +/- 2.70871e-13
     Absorption Rate                      1.52102e-09 +/- 7.10269e-13
   Th232
     (n,gamma)                            0.458796 +/- 0.000142382
     Absorption Rate                      0.460317 +/- 0.000142318
   Pu240
     (n,gamma)                            9.7459e-11 +/- 8.38489e-14
     Absorption Rate                      9.75465e-11 +/- 8.38673e-14
   Pu238
     (n,gamma)                            5.18078e-09 +/- 2.30609e-12
     Absorption Rate                      5.53295e-09 +/- 2.40566e-12
   U238
     (n,gamma)                            4.4874e-10 +/- 4.60923e-13
     Absorption Rate                      4.50114e-10 +/- 4.61035e-13
   Pu241
     (n,gamma)                            4.2303e-12 +/- 1.89003e-15
     Absorption Rate                      1.53029e-11 +/- 6.73103e-15
   U235
     (n,gamma)                            0.00021588 +/- 7.63719e-08
     Absorption Rate                      0.00119526 +/- 4.70214e-07
 ====================>     TALLY 6: FISSION_ENERGY     <====================

 Universe 13
   Total Material
     Kappa-Fission Rate                   7.82417e+07 +/- 27446.9
 =======================>     TALLY 7: HEATING     <========================

 Universe 13
   Total Material
     heating                              7.32322e+07 +/- 25325.3
 ============================>     TALLY 8     <============================

 Internal

