 ============================>     TALLY 1     <============================

 Universe 13
   Delayed Group 1
     Total Material
       Delayed-Nu-Fission Rate              0.000266543 +/- 9.39162e-08
   Delayed Group 2
     Total Material
       Delayed-Nu-Fission Rate              0.000713347 +/- 2.50522e-07
   Delayed Group 3
     Total Material
       Delayed-Nu-Fission Rate              0.000558526 +/- 1.9467e-07
   Delayed Group 4
     Total Material
       Delayed-Nu-Fission Rate              0.00111375 +/- 3.84215e-07
   Delayed Group 5
     Total Material
       Delayed-Nu-Fission Rate              0.000363791 +/- 1.24883e-07
   Delayed Group 6
     Total Material
       Delayed-Nu-Fission Rate              0.00013191 +/- 4.47306e-08
 ============================>     TALLY 2     <============================

 Universe 13
   Delayed Group 1
     Total Material
       Decay Rate                           -nan +/- 0
   Delayed Group 2
     Total Material
       Decay Rate                           -nan +/- 0
   Delayed Group 3
     Total Material
       Decay Rate                           -nan +/- 0
   Delayed Group 4
     Total Material
       Decay Rate                           -nan +/- 0
   Delayed Group 5
     Total Material
       Decay Rate                           -nan +/- 0
   Delayed Group 6
     Total Material
       Decay Rate                           -nan +/- 0
 ============================>     TALLY 3     <============================

 Universe 13
   Incoming Energy [0, 200000000)
     Total Material
       Nu-Fission Rate                      1.03912 +/- 0.000368799
 ============================>     TALLY 4     <============================

 Universe 13
   Delayed Group 1
     Incoming Energy [0, 200000000)
       Total Material
         Delayed-Nu-Fission Rate              0.000266543 +/- 9.39162e-08
   Delayed Group 2
     Incoming Energy [0, 200000000)
       Total Material
         Delayed-Nu-Fission Rate              0.000713347 +/- 2.50522e-07
   Delayed Group 3
     Incoming Energy [0, 200000000)
       Total Material
         Delayed-Nu-Fission Rate              0.000558526 +/- 1.9467e-07
   Delayed Group 4
     Incoming Energy [0, 200000000)
       Total Material
         Delayed-Nu-Fission Rate              0.00111375 +/- 3.84215e-07
   Delayed Group 5
     Incoming Energy [0, 200000000)
       Total Material
         Delayed-Nu-Fission Rate              0.000363791 +/- 1.24883e-07
   Delayed Group 6
     Incoming Energy [0, 200000000)
       Total Material
         Delayed-Nu-Fission Rate              0.00013191 +/- 4.47306e-08
 =================>     TALLY 5: BREEDING_RATIO_TALLY     <=================

 Universe 13
   U234
     (n,gamma)                            0.000989607 +/- 8.99664e-07
     Absorption Rate                      0.000995666 +/- 9.00353e-07
   Pu239
     (n,gamma)                            2.49017e-15 +/- 1.19867e-18
     Absorption Rate                      6.62342e-15 +/- 3.12726e-18
   Pu238
     (n,gamma)                            8.18975e-14 +/- 3.37651e-17
     Absorption Rate                      8.75357e-14 +/- 3.52237e-17
   Th232
     (n,gamma)                            0.449408 +/- 0.000130759
     Absorption Rate                      0.450923 +/- 0.000130791
   U238
     (n,gamma)                            8.15486e-14 +/- 8.70212e-17
     Absorption Rate                      8.18e-14 +/- 8.70265e-17
   Pu241
     (n,gamma)                            1.17434e-17 +/- 5.11571e-21
     Absorption Rate                      4.24771e-17 +/- 1.8084e-20
   U233
     (n,gamma)                            0.0507715 +/- 1.69971e-05
     Absorption Rate                      0.465341 +/- 0.000164093
   U235
     (n,gamma)                            4.70998e-06 +/- 1.62499e-09
     Absorption Rate                      2.59528e-05 +/- 1.00011e-08
   Pu240
     (n,gamma)                            1.1555e-16 +/- 1.08561e-19
     Absorption Rate                      1.15655e-16 +/- 1.08586e-19
 ====================>     TALLY 6: FISSION_ENERGY     <====================

 Universe 13
   Total Material
     Kappa-Fission Rate                   7.94912e+07 +/- 28220.3
 =======================>     TALLY 7: HEATING     <========================

 Universe 13
   Total Material
     heating                              7.55646e+07 +/- 26820.9
 ============================>     TALLY 8     <============================

 Internal

