 ============================>     TALLY 1     <============================

 Universe 13
   Delayed Group 1
     Total Material
       Delayed-Nu-Fission Rate              0.000251828 +/- 9.1369e-08
   Delayed Group 2
     Total Material
       Delayed-Nu-Fission Rate              0.000676722 +/- 2.44664e-07
   Delayed Group 3
     Total Material
       Delayed-Nu-Fission Rate              0.000530959 +/- 1.90237e-07
   Delayed Group 4
     Total Material
       Delayed-Nu-Fission Rate              0.00106052 +/- 3.75251e-07
   Delayed Group 5
     Total Material
       Delayed-Nu-Fission Rate              0.000347449 +/- 1.22251e-07
   Delayed Group 6
     Total Material
       Delayed-Nu-Fission Rate              0.000126316 +/- 4.37876e-08
 ============================>     TALLY 2     <============================

 Universe 13
   Delayed Group 1
     Total Material
       Decay Rate                           -nan +/- 0
   Delayed Group 2
     Total Material
       Decay Rate                           2.34836e-05 +/- 8.4956e-09
   Delayed Group 3
     Total Material
       Decay Rate                           -nan +/- 0
   Delayed Group 4
     Total Material
       Decay Rate                           -nan +/- 0
   Delayed Group 5
     Total Material
       Decay Rate                           -nan +/- 0
   Delayed Group 6
     Total Material
       Decay Rate                           -nan +/- 0
 ============================>     TALLY 3     <============================

 Universe 13
   Incoming Energy [0, 200000000)
     Total Material
       Nu-Fission Rate                      0.981962 +/- 0.000359492
 ============================>     TALLY 4     <============================

 Universe 13
   Delayed Group 1
     Incoming Energy [0, 200000000)
       Total Material
         Delayed-Nu-Fission Rate              0.000251828 +/- 9.1369e-08
   Delayed Group 2
     Incoming Energy [0, 200000000)
       Total Material
         Delayed-Nu-Fission Rate              0.000676722 +/- 2.44664e-07
   Delayed Group 3
     Incoming Energy [0, 200000000)
       Total Material
         Delayed-Nu-Fission Rate              0.000530959 +/- 1.90237e-07
   Delayed Group 4
     Incoming Energy [0, 200000000)
       Total Material
         Delayed-Nu-Fission Rate              0.00106052 +/- 3.75251e-07
   Delayed Group 5
     Incoming Energy [0, 200000000)
       Total Material
         Delayed-Nu-Fission Rate              0.000347449 +/- 1.22251e-07
   Delayed Group 6
     Incoming Energy [0, 200000000)
       Total Material
         Delayed-Nu-Fission Rate              0.000126316 +/- 4.37876e-08
 =================>     TALLY 5: BREEDING_RATIO_TALLY     <=================

 Universe 13
   Pu239
     (n,gamma)                            4.2764e-09 +/- 1.93121e-12
     Absorption Rate                      1.13752e-08 +/- 5.08296e-12
   U234
     (n,gamma)                            0.00956589 +/- 8.09595e-06
     Absorption Rate                      0.00962707 +/- 8.10012e-06
   U235
     (n,gamma)                            0.000428213 +/- 1.51814e-07
     Absorption Rate                      0.00235977 +/- 9.60846e-07
   U238
     (n,gamma)                            1.97885e-09 +/- 2.12224e-12
     Absorption Rate                      1.98495e-09 +/- 2.12207e-12
   Th232
     (n,gamma)                            0.440736 +/- 0.0001433
     Absorption Rate                      0.442217 +/- 0.000143234
   U233
     (n,gamma)                            0.0477 +/- 1.63478e-05
     Absorption Rate                      0.437492 +/- 0.000159217
   Pu238
     (n,gamma)                            3.12903e-08 +/- 1.43623e-11
     Absorption Rate                      3.34468e-08 +/- 1.48974e-11
   Pu240
     (n,gamma)                            9.80028e-10 +/- 8.43103e-13
     Absorption Rate                      9.80929e-10 +/- 8.43242e-13
   Pu241
     (n,gamma)                            5.87208e-11 +/- 2.55248e-14
     Absorption Rate                      2.12427e-10 +/- 9.12663e-14
 ====================>     TALLY 6: FISSION_ENERGY     <====================

 Universe 13
   Total Material
     Kappa-Fission Rate                   7.51324e+07 +/- 27513.7
 =======================>     TALLY 7: HEATING     <========================

 Universe 13
   Total Material
     heating                              6.76756e+07 +/- 24849.7
 ============================>     TALLY 8     <============================

 Internal

