 ============================>     TALLY 1     <============================

 Universe 13
   Delayed Group 1
     Total Material
       Delayed-Nu-Fission Rate              0.000256179 +/- 9.69239e-08
   Delayed Group 2
     Total Material
       Delayed-Nu-Fission Rate              0.0006866 +/- 2.59081e-07
   Delayed Group 3
     Total Material
       Delayed-Nu-Fission Rate              0.000538026 +/- 2.01727e-07
   Delayed Group 4
     Total Material
       Delayed-Nu-Fission Rate              0.00107363 +/- 3.99064e-07
   Delayed Group 5
     Total Material
       Delayed-Nu-Fission Rate              0.000351073 +/- 1.29968e-07
   Delayed Group 6
     Total Material
       Delayed-Nu-Fission Rate              0.000127436 +/- 4.6696e-08
 ============================>     TALLY 2     <============================

 Universe 13
   Delayed Group 1
     Total Material
       Decay Rate                           -nan +/- 0
   Delayed Group 2
     Total Material
       Decay Rate                           2.38339e-05 +/- 8.99753e-09
   Delayed Group 3
     Total Material
       Decay Rate                           -nan +/- 0
   Delayed Group 4
     Total Material
       Decay Rate                           -nan +/- 0
   Delayed Group 5
     Total Material
       Decay Rate                           -nan +/- 0
   Delayed Group 6
     Total Material
       Decay Rate                           -nan +/- 0
 ============================>     TALLY 3     <============================

 Universe 13
   Incoming Energy [0, 200000000)
     Total Material
       Nu-Fission Rate                      0.998664 +/- 0.000380327
 ============================>     TALLY 4     <============================

 Universe 13
   Delayed Group 1
     Incoming Energy [0, 200000000)
       Total Material
         Delayed-Nu-Fission Rate              0.000256179 +/- 9.69239e-08
   Delayed Group 2
     Incoming Energy [0, 200000000)
       Total Material
         Delayed-Nu-Fission Rate              0.0006866 +/- 2.59081e-07
   Delayed Group 3
     Incoming Energy [0, 200000000)
       Total Material
         Delayed-Nu-Fission Rate              0.000538026 +/- 2.01727e-07
   Delayed Group 4
     Incoming Energy [0, 200000000)
       Total Material
         Delayed-Nu-Fission Rate              0.00107363 +/- 3.99064e-07
   Delayed Group 5
     Incoming Energy [0, 200000000)
       Total Material
         Delayed-Nu-Fission Rate              0.000351073 +/- 1.29968e-07
   Delayed Group 6
     Incoming Energy [0, 200000000)
       Total Material
         Delayed-Nu-Fission Rate              0.000127436 +/- 4.6696e-08
 =================>     TALLY 5: BREEDING_RATIO_TALLY     <=================

 Universe 13
   U238
     (n,gamma)                            1.90024e-10 +/- 2.01509e-13
     Absorption Rate                      1.90608e-10 +/- 2.01484e-13
   Pu239
     (n,gamma)                            1.53984e-10 +/- 7.34e-14
     Absorption Rate                      4.09625e-10 +/- 1.93584e-13
   Pu241
     (n,gamma)                            7.43741e-13 +/- 3.44288e-16
     Absorption Rate                      2.69031e-12 +/- 1.21783e-15
   U233
     (n,gamma)                            0.0486251 +/- 1.75276e-05
     Absorption Rate                      0.446342 +/- 0.000168844
   Pu238
     (n,gamma)                            1.65131e-09 +/- 8.01371e-13
     Absorption Rate                      1.76461e-09 +/- 8.3558e-13
   Th232
     (n,gamma)                            0.446473 +/- 0.000135372
     Absorption Rate                      0.447967 +/- 0.000135532
   Pu240
     (n,gamma)                            2.10554e-11 +/- 1.95266e-14
     Absorption Rate                      2.10746e-11 +/- 1.95305e-14
   U234
     (n,gamma)                            0.00568787 +/- 5.08673e-06
     Absorption Rate                      0.0057234 +/- 5.09177e-06
   U235
     (n,gamma)                            0.000150815 +/- 5.49402e-08
     Absorption Rate                      0.000832298 +/- 3.48352e-07
 ====================>     TALLY 6: FISSION_ENERGY     <====================

 Universe 13
   Total Material
     Kappa-Fission Rate                   7.64017e+07 +/- 29099.9
 =======================>     TALLY 7: HEATING     <========================

 Universe 13
   Total Material
     heating                              6.98991e+07 +/- 26637.9
 ============================>     TALLY 8     <============================

 Internal

