 ============================>     TALLY 1     <============================

 Universe 13
   Delayed Group 1
     Total Material
       Delayed-Nu-Fission Rate              0.000264516 +/- 8.13389e-08
   Delayed Group 2
     Total Material
       Delayed-Nu-Fission Rate              0.000708299 +/- 2.16988e-07
   Delayed Group 3
     Total Material
       Delayed-Nu-Fission Rate              0.000554805 +/- 1.68492e-07
   Delayed Group 4
     Total Material
       Delayed-Nu-Fission Rate              0.0011068 +/- 3.32193e-07
   Delayed Group 5
     Total Material
       Delayed-Nu-Fission Rate              0.000361688 +/- 1.07951e-07
   Delayed Group 6
     Total Material
       Delayed-Nu-Fission Rate              0.000131226 +/- 3.86236e-08
 ============================>     TALLY 2     <============================

 Universe 13
   Delayed Group 1
     Total Material
       Decay Rate                           -nan +/- 0
   Delayed Group 2
     Total Material
       Decay Rate                           2.45898e-05 +/- 7.53785e-09
   Delayed Group 3
     Total Material
       Decay Rate                           -nan +/- 0
   Delayed Group 4
     Total Material
       Decay Rate                           -nan +/- 0
   Delayed Group 5
     Total Material
       Decay Rate                           -nan +/- 0
   Delayed Group 6
     Total Material
       Decay Rate                           -nan +/- 0
 ============================>     TALLY 3     <============================

 Universe 13
   Incoming Energy [0, 200000000)
     Total Material
       Nu-Fission Rate                      1.03115 +/- 0.00031971
 ============================>     TALLY 4     <============================

 Universe 13
   Delayed Group 1
     Incoming Energy [0, 200000000)
       Total Material
         Delayed-Nu-Fission Rate              0.000264516 +/- 8.13389e-08
   Delayed Group 2
     Incoming Energy [0, 200000000)
       Total Material
         Delayed-Nu-Fission Rate              0.000708299 +/- 2.16988e-07
   Delayed Group 3
     Incoming Energy [0, 200000000)
       Total Material
         Delayed-Nu-Fission Rate              0.000554805 +/- 1.68492e-07
   Delayed Group 4
     Incoming Energy [0, 200000000)
       Total Material
         Delayed-Nu-Fission Rate              0.0011068 +/- 3.32193e-07
   Delayed Group 5
     Incoming Energy [0, 200000000)
       Total Material
         Delayed-Nu-Fission Rate              0.000361688 +/- 1.07951e-07
   Delayed Group 6
     Incoming Energy [0, 200000000)
       Total Material
         Delayed-Nu-Fission Rate              0.000131226 +/- 3.86236e-08
 =================>     TALLY 5: BREEDING_RATIO_TALLY     <=================

 Universe 13
   U235
     (n,gamma)                            5.30535e-05 +/- 1.62246e-08
     Absorption Rate                      0.000291952 +/- 1.00876e-07
   Pu240
     (n,gamma)                            5.86469e-13 +/- 5.6263e-16
     Absorption Rate                      5.87006e-13 +/- 5.62757e-16
   U234
     (n,gamma)                            0.00322925 +/- 2.93721e-06
     Absorption Rate                      0.00324936 +/- 2.93908e-06
   Pu241
     (n,gamma)                            1.23777e-14 +/- 4.73903e-18
     Absorption Rate                      4.47713e-14 +/- 1.68618e-17
   U238
     (n,gamma)                            2.06445e-11 +/- 2.07494e-14
     Absorption Rate                      2.07092e-11 +/- 2.07502e-14
   Pu239
     (n,gamma)                            6.82546e-12 +/- 2.70925e-15
     Absorption Rate                      1.81525e-11 +/- 7.11499e-15
   U233
     (n,gamma)                            0.0504146 +/- 1.55626e-05
     Absorption Rate                      0.46151 +/- 0.000142976
   Th232
     (n,gamma)                            0.448879 +/- 0.000136274
     Absorption Rate                      0.450441 +/- 0.000136243
   Pu238
     (n,gamma)                            1.03935e-10 +/- 4.15458e-14
     Absorption Rate                      1.11117e-10 +/- 4.30461e-14
 ====================>     TALLY 6: FISSION_ENERGY     <====================

 Universe 13
   Total Material
     Kappa-Fission Rate                   7.88804e+07 +/- 24465.3
 =======================>     TALLY 7: HEATING     <========================

 Universe 13
   Total Material
     heating                              7.45134e+07 +/- 22721.8
 ============================>     TALLY 8     <============================

 Internal

 ============================>     TALLY 9     <============================

 Internal

 ===========================>     TALLY 10     <============================

 Internal

