 ============================>     TALLY 1     <============================

 Universe 13
   Delayed Group 1
     Total Material
       Delayed-Nu-Fission Rate              0.000257734 +/- 8.65668e-08
   Delayed Group 2
     Total Material
       Delayed-Nu-Fission Rate              0.000692651 +/- 2.31893e-07
   Delayed Group 3
     Total Material
       Delayed-Nu-Fission Rate              0.00054349 +/- 1.80455e-07
   Delayed Group 4
     Total Material
       Delayed-Nu-Fission Rate              0.00108559 +/- 3.56367e-07
   Delayed Group 5
     Total Material
       Delayed-Nu-Fission Rate              0.000355694 +/- 1.16166e-07
   Delayed Group 6
     Total Material
       Delayed-Nu-Fission Rate              0.000129324 +/- 4.16703e-08
 ============================>     TALLY 2     <============================

 Universe 13
   Delayed Group 1
     Total Material
       Decay Rate                           -nan +/- 0
   Delayed Group 2
     Total Material
       Decay Rate                           2.40362e-05 +/- 8.05164e-09
   Delayed Group 3
     Total Material
       Decay Rate                           -nan +/- 0
   Delayed Group 4
     Total Material
       Decay Rate                           -nan +/- 0
   Delayed Group 5
     Total Material
       Decay Rate                           -nan +/- 0
   Delayed Group 6
     Total Material
       Decay Rate                           -nan +/- 0
 ============================>     TALLY 3     <============================

 Universe 13
   Incoming Energy [0, 200000000)
     Total Material
       Nu-Fission Rate                      1.00499 +/- 0.00034038
 ============================>     TALLY 4     <============================

 Universe 13
   Delayed Group 1
     Incoming Energy [0, 200000000)
       Total Material
         Delayed-Nu-Fission Rate              0.000257734 +/- 8.65668e-08
   Delayed Group 2
     Incoming Energy [0, 200000000)
       Total Material
         Delayed-Nu-Fission Rate              0.000692651 +/- 2.31893e-07
   Delayed Group 3
     Incoming Energy [0, 200000000)
       Total Material
         Delayed-Nu-Fission Rate              0.00054349 +/- 1.80455e-07
   Delayed Group 4
     Incoming Energy [0, 200000000)
       Total Material
         Delayed-Nu-Fission Rate              0.00108559 +/- 3.56367e-07
   Delayed Group 5
     Incoming Energy [0, 200000000)
       Total Material
         Delayed-Nu-Fission Rate              0.000355694 +/- 1.16166e-07
   Delayed Group 6
     Incoming Energy [0, 200000000)
       Total Material
         Delayed-Nu-Fission Rate              0.000129324 +/- 4.16703e-08
 =================>     TALLY 5: BREEDING_RATIO_TALLY     <=================

 Universe 13
   Pu240
     (n,gamma)                            1.39871e-09 +/- 1.27353e-12
     Absorption Rate                      1.39996e-09 +/- 1.27376e-12
   Th232
     (n,gamma)                            0.46288 +/- 0.000133342
     Absorption Rate                      0.4644 +/- 0.000133399
   U238
     (n,gamma)                            2.29485e-09 +/- 2.41561e-12
     Absorption Rate                      2.30184e-09 +/- 2.41614e-12
   U233
     (n,gamma)                            0.0485722 +/- 1.51672e-05
     Absorption Rate                      0.447485 +/- 0.000150323
   Pu241
     (n,gamma)                            8.76382e-11 +/- 3.38077e-14
     Absorption Rate                      3.17064e-10 +/- 1.21592e-13
   Pu239
     (n,gamma)                            5.75715e-09 +/- 2.22511e-12
     Absorption Rate                      1.53221e-08 +/- 5.90816e-12
   U235
     (n,gamma)                            0.000443342 +/- 1.47527e-07
     Absorption Rate                      0.00246053 +/- 9.19577e-07
   U234
     (n,gamma)                            0.00926631 +/- 7.41285e-06
     Absorption Rate                      0.00932344 +/- 7.41723e-06
   Pu238
     (n,gamma)                            3.9818e-08 +/- 1.65683e-11
     Absorption Rate                      4.25083e-08 +/- 1.73399e-11
 ====================>     TALLY 6: FISSION_ENERGY     <====================

 Universe 13
   Total Material
     Kappa-Fission Rate                   7.68964e+07 +/- 26049.8
 =======================>     TALLY 7: HEATING     <========================

 Universe 13
   Total Material
     heating                              7.07673e+07 +/- 23591.8
 ============================>     TALLY 8     <============================

 Internal

