 ============================>     TALLY 1     <============================

 Universe 13
   Delayed Group 1
     Total Material
       Delayed-Nu-Fission Rate              0.000264079 +/- 9.48774e-08
   Delayed Group 2
     Total Material
       Delayed-Nu-Fission Rate              0.000707717 +/- 2.53345e-07
   Delayed Group 3
     Total Material
       Delayed-Nu-Fission Rate              0.000554509 +/- 1.96786e-07
   Delayed Group 4
     Total Material
       Delayed-Nu-Fission Rate              0.00110635 +/- 3.87988e-07
   Delayed Group 5
     Total Material
       Delayed-Nu-Fission Rate              0.00036174 +/- 1.26153e-07
   Delayed Group 6
     Total Material
       Delayed-Nu-Fission Rate              0.000131283 +/- 4.51363e-08
 ============================>     TALLY 2     <============================

 Universe 13
   Delayed Group 1
     Total Material
       Decay Rate                           -nan +/- 0
   Delayed Group 2
     Total Material
       Decay Rate                           -nan +/- 0
   Delayed Group 3
     Total Material
       Decay Rate                           -nan +/- 0
   Delayed Group 4
     Total Material
       Decay Rate                           -nan +/- 0
   Delayed Group 5
     Total Material
       Decay Rate                           -nan +/- 0
   Delayed Group 6
     Total Material
       Decay Rate                           -nan +/- 0
 ============================>     TALLY 3     <============================

 Universe 13
   Incoming Energy [0, 200000000)
     Total Material
       Nu-Fission Rate                      1.02959 +/- 0.000373115
 ============================>     TALLY 4     <============================

 Universe 13
   Delayed Group 1
     Incoming Energy [0, 200000000)
       Total Material
         Delayed-Nu-Fission Rate              0.000264079 +/- 9.48774e-08
   Delayed Group 2
     Incoming Energy [0, 200000000)
       Total Material
         Delayed-Nu-Fission Rate              0.000707717 +/- 2.53345e-07
   Delayed Group 3
     Incoming Energy [0, 200000000)
       Total Material
         Delayed-Nu-Fission Rate              0.000554509 +/- 1.96786e-07
   Delayed Group 4
     Incoming Energy [0, 200000000)
       Total Material
         Delayed-Nu-Fission Rate              0.00110635 +/- 3.87988e-07
   Delayed Group 5
     Incoming Energy [0, 200000000)
       Total Material
         Delayed-Nu-Fission Rate              0.00036174 +/- 1.26153e-07
   Delayed Group 6
     Incoming Energy [0, 200000000)
       Total Material
         Delayed-Nu-Fission Rate              0.000131283 +/- 4.51363e-08
 =================>     TALLY 5: BREEDING_RATIO_TALLY     <=================

 Universe 13
   Pu238
     (n,gamma)                            1.90699e-09 +/- 8.59464e-13
     Absorption Rate                      2.0369e-09 +/- 8.93738e-13
   U238
     (n,gamma)                            2.026e-10 +/- 2.21347e-13
     Absorption Rate                      2.0322e-10 +/- 2.21406e-13
   Th232
     (n,gamma)                            0.45715 +/- 0.000138988
     Absorption Rate                      0.45867 +/- 0.000139049
   U235
     (n,gamma)                            0.000151066 +/- 5.49255e-08
     Absorption Rate                      0.000835726 +/- 3.41051e-07
   Pu241
     (n,gamma)                            9.50714e-13 +/- 4.06861e-16
     Absorption Rate                      3.43919e-12 +/- 1.46482e-15
   U234
     (n,gamma)                            0.00544436 +/- 4.44252e-06
     Absorption Rate                      0.0054778 +/- 4.448e-06
   U233
     (n,gamma)                            0.0500708 +/- 1.69562e-05
     Absorption Rate                      0.460154 +/- 0.00016561
   Pu239
     (n,gamma)                            1.83974e-10 +/- 8.1774e-14
     Absorption Rate                      4.89494e-10 +/- 2.1662e-13
   Pu240
     (n,gamma)                            2.62707e-11 +/- 2.47939e-14
     Absorption Rate                      2.62943e-11 +/- 2.47989e-14
 ====================>     TALLY 6: FISSION_ENERGY     <====================

 Universe 13
   Total Material
     Kappa-Fission Rate                   7.87679e+07 +/- 28550
 =======================>     TALLY 7: HEATING     <========================

 Universe 13
   Total Material
     heating                              7.42165e+07 +/- 25923
 ============================>     TALLY 8     <============================

 Internal

