 ============================>     TALLY 1     <============================

 Universe 13
   Delayed Group 1
     Total Material
       Delayed-Nu-Fission Rate              0.000252804 +/- 9.72142e-08
   Delayed Group 2
     Total Material
       Delayed-Nu-Fission Rate              0.000678848 +/- 2.6004e-07
   Delayed Group 3
     Total Material
       Delayed-Nu-Fission Rate              0.000532443 +/- 2.02023e-07
   Delayed Group 4
     Total Material
       Delayed-Nu-Fission Rate              0.00106322 +/- 3.98141e-07
   Delayed Group 5
     Total Material
       Delayed-Nu-Fission Rate              0.000348151 +/- 1.29585e-07
   Delayed Group 6
     Total Material
       Delayed-Nu-Fission Rate              0.000126519 +/- 4.63547e-08
 ============================>     TALLY 2     <============================

 Universe 13
   Delayed Group 1
     Total Material
       Decay Rate                           -nan +/- 0
   Delayed Group 2
     Total Material
       Decay Rate                           -nan +/- 0
   Delayed Group 3
     Total Material
       Decay Rate                           -nan +/- 0
   Delayed Group 4
     Total Material
       Decay Rate                           -nan +/- 0
   Delayed Group 5
     Total Material
       Decay Rate                           -nan +/- 0
   Delayed Group 6
     Total Material
       Decay Rate                           -nan +/- 0
 ============================>     TALLY 3     <============================

 Universe 13
   Incoming Energy [0, 200000000)
     Total Material
       Nu-Fission Rate                      0.985687 +/- 0.000382694
 ============================>     TALLY 4     <============================

 Universe 13
   Delayed Group 1
     Incoming Energy [0, 200000000)
       Total Material
         Delayed-Nu-Fission Rate              0.000252804 +/- 9.72142e-08
   Delayed Group 2
     Incoming Energy [0, 200000000)
       Total Material
         Delayed-Nu-Fission Rate              0.000678848 +/- 2.6004e-07
   Delayed Group 3
     Incoming Energy [0, 200000000)
       Total Material
         Delayed-Nu-Fission Rate              0.000532443 +/- 2.02023e-07
   Delayed Group 4
     Incoming Energy [0, 200000000)
       Total Material
         Delayed-Nu-Fission Rate              0.00106322 +/- 3.98141e-07
   Delayed Group 5
     Incoming Energy [0, 200000000)
       Total Material
         Delayed-Nu-Fission Rate              0.000348151 +/- 1.29585e-07
   Delayed Group 6
     Incoming Energy [0, 200000000)
       Total Material
         Delayed-Nu-Fission Rate              0.000126519 +/- 4.63547e-08
 =================>     TALLY 5: BREEDING_RATIO_TALLY     <=================

 Universe 13
   Pu239
     (n,gamma)                            2.25575e-09 +/- 1.08943e-12
     Absorption Rate                      6.00028e-09 +/- 2.86774e-12
   U234
     (n,gamma)                            0.00866753 +/- 7.99809e-06
     Absorption Rate                      0.00872268 +/- 8.00283e-06
   U235
     (n,gamma)                            0.000351048 +/- 1.36792e-07
     Absorption Rate                      0.00193507 +/- 8.29084e-07
   U238
     (n,gamma)                            1.25976e-09 +/- 1.43383e-12
     Absorption Rate                      1.26364e-09 +/- 1.43401e-12
   Th232
     (n,gamma)                            0.442077 +/- 0.000138226
     Absorption Rate                      0.443562 +/- 0.00013827
   U233
     (n,gamma)                            0.0479222 +/- 1.80281e-05
     Absorption Rate                      0.439548 +/- 0.000170228
   Pu238
     (n,gamma)                            1.77533e-08 +/- 8.1859e-12
     Absorption Rate                      1.89758e-08 +/- 8.50314e-12
   Pu240
     (n,gamma)                            4.69927e-10 +/- 4.26821e-13
     Absorption Rate                      4.70357e-10 +/- 4.26921e-13
   Pu241
     (n,gamma)                            2.53866e-11 +/- 1.18147e-14
     Absorption Rate                      9.18363e-11 +/- 4.20923e-14
 ====================>     TALLY 6: FISSION_ENERGY     <====================

 Universe 13
   Total Material
     Kappa-Fission Rate                   7.5415e+07 +/- 29285.4
 =======================>     TALLY 7: HEATING     <========================

 Universe 13
   Total Material
     heating                              6.81824e+07 +/- 26584.8
 ============================>     TALLY 8     <============================

 Internal

