 ============================>     TALLY 1     <============================

 Universe 13
   Delayed Group 1
     Total Material
       Delayed-Nu-Fission Rate              0.000253095 +/- 8.77968e-08
   Delayed Group 2
     Total Material
       Delayed-Nu-Fission Rate              0.000679471 +/- 2.34861e-07
   Delayed Group 3
     Total Material
       Delayed-Nu-Fission Rate              0.000532878 +/- 1.82598e-07
   Delayed Group 4
     Total Material
       Delayed-Nu-Fission Rate              0.00106401 +/- 3.6028e-07
   Delayed Group 5
     Total Material
       Delayed-Nu-Fission Rate              0.000348354 +/- 1.17305e-07
   Delayed Group 6
     Total Material
       Delayed-Nu-Fission Rate              0.000126577 +/- 4.20217e-08
 ============================>     TALLY 2     <============================

 Universe 13
   Delayed Group 1
     Total Material
       Decay Rate                           -nan +/- 0
   Delayed Group 2
     Total Material
       Decay Rate                           -nan +/- 0
   Delayed Group 3
     Total Material
       Decay Rate                           -nan +/- 0
   Delayed Group 4
     Total Material
       Decay Rate                           -nan +/- 0
   Delayed Group 5
     Total Material
       Decay Rate                           -nan +/- 0
   Delayed Group 6
     Total Material
       Decay Rate                           -nan +/- 0
 ============================>     TALLY 3     <============================

 Universe 13
   Incoming Energy [0, 200000000)
     Total Material
       Nu-Fission Rate                      0.986786 +/- 0.000345304
 ============================>     TALLY 4     <============================

 Universe 13
   Delayed Group 1
     Incoming Energy [0, 200000000)
       Total Material
         Delayed-Nu-Fission Rate              0.000253095 +/- 8.77968e-08
   Delayed Group 2
     Incoming Energy [0, 200000000)
       Total Material
         Delayed-Nu-Fission Rate              0.000679471 +/- 2.34861e-07
   Delayed Group 3
     Incoming Energy [0, 200000000)
       Total Material
         Delayed-Nu-Fission Rate              0.000532878 +/- 1.82598e-07
   Delayed Group 4
     Incoming Energy [0, 200000000)
       Total Material
         Delayed-Nu-Fission Rate              0.00106401 +/- 3.6028e-07
   Delayed Group 5
     Incoming Energy [0, 200000000)
       Total Material
         Delayed-Nu-Fission Rate              0.000348354 +/- 1.17305e-07
   Delayed Group 6
     Incoming Energy [0, 200000000)
       Total Material
         Delayed-Nu-Fission Rate              0.000126577 +/- 4.20217e-08
 =================>     TALLY 5: BREEDING_RATIO_TALLY     <=================

 Universe 13
   Pu239
     (n,gamma)                            1.78781e-09 +/- 7.39355e-13
     Absorption Rate                      4.75557e-09 +/- 1.95021e-12
   U234
     (n,gamma)                            0.00837006 +/- 8.06615e-06
     Absorption Rate                      0.00842318 +/- 8.07015e-06
   U235
     (n,gamma)                            0.000326486 +/- 1.09106e-07
     Absorption Rate                      0.00179983 +/- 6.76474e-07
   U238
     (n,gamma)                            1.06748e-09 +/- 1.24408e-12
     Absorption Rate                      1.07077e-09 +/- 1.24443e-12
   Th232
     (n,gamma)                            0.442921 +/- 0.000136042
     Absorption Rate                      0.444409 +/- 0.000136069
   U233
     (n,gamma)                            0.0479877 +/- 1.65601e-05
     Absorption Rate                      0.440161 +/- 0.000153778
   Pu238
     (n,gamma)                            1.44497e-08 +/- 6.145e-12
     Absorption Rate                      1.54444e-08 +/- 6.40725e-12
   Pu240
     (n,gamma)                            3.59306e-10 +/- 3.36724e-13
     Absorption Rate                      3.59635e-10 +/- 3.36793e-13
   Pu241
     (n,gamma)                            1.87062e-11 +/- 7.48984e-15
     Absorption Rate                      6.76688e-11 +/- 2.69921e-14
 ====================>     TALLY 6: FISSION_ENERGY     <====================

 Universe 13
   Total Material
     Kappa-Fission Rate                   7.54983e+07 +/- 26423.8
 =======================>     TALLY 7: HEATING     <========================

 Universe 13
   Total Material
     heating                              6.83401e+07 +/- 24365.3
 ============================>     TALLY 8     <============================

 Internal

