 ============================>     TALLY 1     <============================

 Universe 13
   Delayed Group 1
     Total Material
       Delayed-Nu-Fission Rate              0.000260293 +/- 9.47943e-08
   Delayed Group 2
     Total Material
       Delayed-Nu-Fission Rate              0.000697922 +/- 2.53293e-07
   Delayed Group 3
     Total Material
       Delayed-Nu-Fission Rate              0.000547063 +/- 1.96885e-07
   Delayed Group 4
     Total Material
       Delayed-Nu-Fission Rate              0.00109198 +/- 3.885e-07
   Delayed Group 5
     Total Material
       Delayed-Nu-Fission Rate              0.000357201 +/- 1.26402e-07
   Delayed Group 6
     Total Material
       Delayed-Nu-Fission Rate              0.000129714 +/- 4.52721e-08
 ============================>     TALLY 2     <============================

 Universe 13
   Delayed Group 1
     Total Material
       Decay Rate                           -nan +/- 0
   Delayed Group 2
     Total Material
       Decay Rate                           -nan +/- 0
   Delayed Group 3
     Total Material
       Decay Rate                           -nan +/- 0
   Delayed Group 4
     Total Material
       Decay Rate                           -nan +/- 0
   Delayed Group 5
     Total Material
       Decay Rate                           -nan +/- 0
   Delayed Group 6
     Total Material
       Decay Rate                           -nan +/- 0
 ============================>     TALLY 3     <============================

 Universe 13
   Incoming Energy [0, 200000000)
     Total Material
       Nu-Fission Rate                      1.01472 +/- 0.000372521
 ============================>     TALLY 4     <============================

 Universe 13
   Delayed Group 1
     Incoming Energy [0, 200000000)
       Total Material
         Delayed-Nu-Fission Rate              0.000260293 +/- 9.47943e-08
   Delayed Group 2
     Incoming Energy [0, 200000000)
       Total Material
         Delayed-Nu-Fission Rate              0.000697922 +/- 2.53293e-07
   Delayed Group 3
     Incoming Energy [0, 200000000)
       Total Material
         Delayed-Nu-Fission Rate              0.000547063 +/- 1.96885e-07
   Delayed Group 4
     Incoming Energy [0, 200000000)
       Total Material
         Delayed-Nu-Fission Rate              0.00109198 +/- 3.885e-07
   Delayed Group 5
     Incoming Energy [0, 200000000)
       Total Material
         Delayed-Nu-Fission Rate              0.000357201 +/- 1.26402e-07
   Delayed Group 6
     Incoming Energy [0, 200000000)
       Total Material
         Delayed-Nu-Fission Rate              0.000129714 +/- 4.52721e-08
 =================>     TALLY 5: BREEDING_RATIO_TALLY     <=================

 Universe 13
   U238
     (n,gamma)                            3.6503e-10 +/- 3.91619e-13
     Absorption Rate                      3.66168e-10 +/- 3.91641e-13
   Th232
     (n,gamma)                            0.452493 +/- 0.00013387
     Absorption Rate                      0.454052 +/- 0.000133852
   Pu241
     (n,gamma)                            2.78517e-12 +/- 1.27037e-15
     Absorption Rate                      1.00746e-11 +/- 4.49832e-15
   U233
     (n,gamma)                            0.0494252 +/- 1.67729e-05
     Absorption Rate                      0.45331 +/- 0.000165245
   Pu239
     (n,gamma)                            4.15142e-10 +/- 2.03664e-13
     Absorption Rate                      1.10431e-09 +/- 5.33284e-13
   Pu240
     (n,gamma)                            6.79676e-11 +/- 6.33338e-14
     Absorption Rate                      6.80292e-11 +/- 6.33468e-14
   U235
     (n,gamma)                            0.000194182 +/- 7.03434e-08
     Absorption Rate                      0.00107138 +/- 4.38426e-07
   Pu238
     (n,gamma)                            3.92319e-09 +/- 1.79078e-12
     Absorption Rate                      4.19243e-09 +/- 1.86209e-12
   U234
     (n,gamma)                            0.00613264 +/- 5.50031e-06
     Absorption Rate                      0.00617095 +/- 5.50364e-06
 ====================>     TALLY 6: FISSION_ENERGY     <====================

 Universe 13
   Total Material
     Kappa-Fission Rate                   7.76293e+07 +/- 28508.3
 =======================>     TALLY 7: HEATING     <========================

 Universe 13
   Total Material
     heating                              7.21619e+07 +/- 25819
 ============================>     TALLY 8     <============================

 Internal

 ============================>     TALLY 9     <============================

 Internal

 ===========================>     TALLY 10     <============================

 Internal

