 ============================>     TALLY 1     <============================

 Universe 13
   Delayed Group 1
     Total Material
       Delayed-Nu-Fission Rate              0.000261328 +/- 9.50586e-08
   Delayed Group 2
     Total Material
       Delayed-Nu-Fission Rate              0.000700379 +/- 2.538e-07
   Delayed Group 3
     Total Material
       Delayed-Nu-Fission Rate              0.000548868 +/- 1.97117e-07
   Delayed Group 4
     Total Material
       Delayed-Nu-Fission Rate              0.0010954 +/- 3.88602e-07
   Delayed Group 5
     Total Material
       Delayed-Nu-Fission Rate              0.000358201 +/- 1.26344e-07
   Delayed Group 6
     Total Material
       Delayed-Nu-Fission Rate              0.000130042 +/- 4.52029e-08
 ============================>     TALLY 2     <============================

 Universe 13
   Delayed Group 1
     Total Material
       Decay Rate                           -nan +/- 0
   Delayed Group 2
     Total Material
       Decay Rate                           2.43122e-05 +/- 8.81583e-09
   Delayed Group 3
     Total Material
       Decay Rate                           -nan +/- 0
   Delayed Group 4
     Total Material
       Decay Rate                           -nan +/- 0
   Delayed Group 5
     Total Material
       Decay Rate                           -nan +/- 0
   Delayed Group 6
     Total Material
       Decay Rate                           -nan +/- 0
 ============================>     TALLY 3     <============================

 Universe 13
   Incoming Energy [0, 200000000)
     Total Material
       Nu-Fission Rate                      1.01872 +/- 0.000373763
 ============================>     TALLY 4     <============================

 Universe 13
   Delayed Group 1
     Incoming Energy [0, 200000000)
       Total Material
         Delayed-Nu-Fission Rate              0.000261328 +/- 9.50586e-08
   Delayed Group 2
     Incoming Energy [0, 200000000)
       Total Material
         Delayed-Nu-Fission Rate              0.000700379 +/- 2.538e-07
   Delayed Group 3
     Incoming Energy [0, 200000000)
       Total Material
         Delayed-Nu-Fission Rate              0.000548868 +/- 1.97117e-07
   Delayed Group 4
     Incoming Energy [0, 200000000)
       Total Material
         Delayed-Nu-Fission Rate              0.0010954 +/- 3.88602e-07
   Delayed Group 5
     Incoming Energy [0, 200000000)
       Total Material
         Delayed-Nu-Fission Rate              0.000358201 +/- 1.26344e-07
   Delayed Group 6
     Incoming Energy [0, 200000000)
       Total Material
         Delayed-Nu-Fission Rate              0.000130042 +/- 4.52029e-08
 =================>     TALLY 5: BREEDING_RATIO_TALLY     <=================

 Universe 13
   U238
     (n,gamma)                            1.91799e-10 +/- 2.20391e-13
     Absorption Rate                      1.92399e-10 +/- 2.20358e-13
   Th232
     (n,gamma)                            0.451606 +/- 0.000147583
     Absorption Rate                      0.453168 +/- 0.000147624
   Pu241
     (n,gamma)                            8.30508e-13 +/- 3.76441e-16
     Absorption Rate                      3.00401e-12 +/- 1.33707e-15
   U233
     (n,gamma)                            0.0496837 +/- 1.66099e-05
     Absorption Rate                      0.455386 +/- 0.000165481
   Pu239
     (n,gamma)                            1.65629e-10 +/- 7.95195e-14
     Absorption Rate                      4.40544e-10 +/- 2.0915e-13
   Pu240
     (n,gamma)                            2.34882e-11 +/- 2.08314e-14
     Absorption Rate                      2.35096e-11 +/- 2.08363e-14
   U235
     (n,gamma)                            0.000145314 +/- 5.24557e-08
     Absorption Rate                      0.000800971 +/- 3.26436e-07
   Pu238
     (n,gamma)                            1.74369e-09 +/- 7.55454e-13
     Absorption Rate                      1.86365e-09 +/- 7.83609e-13
   U234
     (n,gamma)                            0.00531997 +/- 5.1594e-06
     Absorption Rate                      0.0053532 +/- 5.16435e-06
 ====================>     TALLY 6: FISSION_ENERGY     <====================

 Universe 13
   Total Material
     Kappa-Fission Rate                   7.79333e+07 +/- 28603.1
 =======================>     TALLY 7: HEATING     <========================

 Universe 13
   Total Material
     heating                              7.27364e+07 +/- 26162.3
 ============================>     TALLY 8     <============================

 Internal

 ============================>     TALLY 9     <============================

 Internal

 ===========================>     TALLY 10     <============================

 Internal

