 ============================>     TALLY 1     <============================

 Universe 13
   Delayed Group 1
     Total Material
       Delayed-Nu-Fission Rate              0.000251316 +/- 8.37773e-08
   Delayed Group 2
     Total Material
       Delayed-Nu-Fission Rate              0.000675648 +/- 2.24647e-07
   Delayed Group 3
     Total Material
       Delayed-Nu-Fission Rate              0.000530227 +/- 1.75087e-07
   Delayed Group 4
     Total Material
       Delayed-Nu-Fission Rate              0.00105921 +/- 3.46474e-07
   Delayed Group 5
     Total Material
       Delayed-Nu-Fission Rate              0.000347133 +/- 1.13082e-07
   Delayed Group 6
     Total Material
       Delayed-Nu-Fission Rate              0.000126233 +/- 4.06719e-08
 ============================>     TALLY 2     <============================

 Universe 13
   Delayed Group 1
     Total Material
       Decay Rate                           -nan +/- 0
   Delayed Group 2
     Total Material
       Decay Rate                           -nan +/- 0
   Delayed Group 3
     Total Material
       Decay Rate                           -nan +/- 0
   Delayed Group 4
     Total Material
       Decay Rate                           -nan +/- 0
   Delayed Group 5
     Total Material
       Decay Rate                           -nan +/- 0
   Delayed Group 6
     Total Material
       Decay Rate                           -nan +/- 0
 ============================>     TALLY 3     <============================

 Universe 13
   Incoming Energy [0, 200000000)
     Total Material
       Nu-Fission Rate                      0.980018 +/- 0.000328965
 ============================>     TALLY 4     <============================

 Universe 13
   Delayed Group 1
     Incoming Energy [0, 200000000)
       Total Material
         Delayed-Nu-Fission Rate              0.000251316 +/- 8.37773e-08
   Delayed Group 2
     Incoming Energy [0, 200000000)
       Total Material
         Delayed-Nu-Fission Rate              0.000675648 +/- 2.24647e-07
   Delayed Group 3
     Incoming Energy [0, 200000000)
       Total Material
         Delayed-Nu-Fission Rate              0.000530227 +/- 1.75087e-07
   Delayed Group 4
     Incoming Energy [0, 200000000)
       Total Material
         Delayed-Nu-Fission Rate              0.00105921 +/- 3.46474e-07
   Delayed Group 5
     Incoming Energy [0, 200000000)
       Total Material
         Delayed-Nu-Fission Rate              0.000347133 +/- 1.13082e-07
   Delayed Group 6
     Incoming Energy [0, 200000000)
       Total Material
         Delayed-Nu-Fission Rate              0.000126233 +/- 4.06719e-08
 =================>     TALLY 5: BREEDING_RATIO_TALLY     <=================

 Universe 13
   Pu238
     (n,gamma)                            4.22715e-08 +/- 1.79942e-11
     Absorption Rate                      4.51854e-08 +/- 1.8768e-11
   Pu239
     (n,gamma)                            6.00358e-09 +/- 2.49383e-12
     Absorption Rate                      1.59691e-08 +/- 6.55702e-12
   Pu240
     (n,gamma)                            1.45282e-09 +/- 1.26306e-12
     Absorption Rate                      1.45416e-09 +/- 1.26328e-12
   Th232
     (n,gamma)                            0.440001 +/- 0.000119505
     Absorption Rate                      0.44148 +/- 0.000119491
   U235
     (n,gamma)                            0.000475508 +/- 1.56915e-07
     Absorption Rate                      0.00261987 +/- 9.77092e-07
   Pu241
     (n,gamma)                            9.15182e-11 +/- 3.54511e-14
     Absorption Rate                      3.3105e-10 +/- 1.25971e-13
   U238
     (n,gamma)                            2.51531e-09 +/- 2.76824e-12
     Absorption Rate                      2.52306e-09 +/- 2.76816e-12
   U233
     (n,gamma)                            0.0475878 +/- 1.5209e-05
     Absorption Rate                      0.436392 +/- 0.000145542
   U234
     (n,gamma)                            0.0100816 +/- 8.40772e-06
     Absorption Rate                      0.0101461 +/- 8.41325e-06
 ====================>     TALLY 6: FISSION_ENERGY     <====================

 Universe 13
   Total Material
     Kappa-Fission Rate                   7.49852e+07 +/- 25177.4
 =======================>     TALLY 7: HEATING     <========================

 Universe 13
   Total Material
     heating                              6.73553e+07 +/- 22434.6
 ============================>     TALLY 8     <============================

 Internal

