 ============================>     TALLY 1     <============================

 Universe 13
   Delayed Group 1
     Total Material
       Delayed-Nu-Fission Rate              0.000256903 +/- 8.7194e-08
   Delayed Group 2
     Total Material
       Delayed-Nu-Fission Rate              0.000688347 +/- 2.33033e-07
   Delayed Group 3
     Total Material
       Delayed-Nu-Fission Rate              0.000539325 +/- 1.81482e-07
   Delayed Group 4
     Total Material
       Delayed-Nu-Fission Rate              0.00107613 +/- 3.59168e-07
   Delayed Group 5
     Total Material
       Delayed-Nu-Fission Rate              0.000351818 +/- 1.1698e-07
   Delayed Group 6
     Total Material
       Delayed-Nu-Fission Rate              0.000127686 +/- 4.20548e-08
 ============================>     TALLY 2     <============================

 Universe 13
   Delayed Group 1
     Total Material
       Decay Rate                           -nan +/- 0
   Delayed Group 2
     Total Material
       Decay Rate                           -nan +/- 0
   Delayed Group 3
     Total Material
       Decay Rate                           -nan +/- 0
   Delayed Group 4
     Total Material
       Decay Rate                           -nan +/- 0
   Delayed Group 5
     Total Material
       Decay Rate                           -nan +/- 0
   Delayed Group 6
     Total Material
       Decay Rate                           -nan +/- 0
 ============================>     TALLY 3     <============================

 Universe 13
   Incoming Energy [0, 200000000)
     Total Material
       Nu-Fission Rate                      1.00145 +/- 0.000341931
 ============================>     TALLY 4     <============================

 Universe 13
   Delayed Group 1
     Incoming Energy [0, 200000000)
       Total Material
         Delayed-Nu-Fission Rate              0.000256903 +/- 8.7194e-08
   Delayed Group 2
     Incoming Energy [0, 200000000)
       Total Material
         Delayed-Nu-Fission Rate              0.000688347 +/- 2.33033e-07
   Delayed Group 3
     Incoming Energy [0, 200000000)
       Total Material
         Delayed-Nu-Fission Rate              0.000539325 +/- 1.81482e-07
   Delayed Group 4
     Incoming Energy [0, 200000000)
       Total Material
         Delayed-Nu-Fission Rate              0.00107613 +/- 3.59168e-07
   Delayed Group 5
     Incoming Energy [0, 200000000)
       Total Material
         Delayed-Nu-Fission Rate              0.000351818 +/- 1.1698e-07
   Delayed Group 6
     Incoming Energy [0, 200000000)
       Total Material
         Delayed-Nu-Fission Rate              0.000127686 +/- 4.20548e-08
 =================>     TALLY 5: BREEDING_RATIO_TALLY     <=================

 Universe 13
   U235
     (n,gamma)                            0.000120674 +/- 4.08739e-08
     Absorption Rate                      0.000665941 +/- 2.53732e-07
   U234
     (n,gamma)                            0.00509502 +/- 4.4615e-06
     Absorption Rate                      0.00512674 +/- 4.46493e-06
   U238
     (n,gamma)                            1.16025e-10 +/- 1.29717e-13
     Absorption Rate                      1.16383e-10 +/- 1.29737e-13
   Th232
     (n,gamma)                            0.447193 +/- 0.000133284
     Absorption Rate                      0.448691 +/- 0.000133416
   Pu238
     (n,gamma)                            8.8719e-10 +/- 4.00715e-13
     Absorption Rate                      9.48073e-10 +/- 4.18262e-13
   Pu240
     (n,gamma)                            9.31554e-12 +/- 8.83195e-15
     Absorption Rate                      9.32406e-12 +/- 8.83376e-15
   Pu241
     (n,gamma)                            2.94627e-13 +/- 1.19037e-16
     Absorption Rate                      1.0658e-12 +/- 4.27167e-16
   U233
     (n,gamma)                            0.0487882 +/- 1.51399e-05
     Absorption Rate                      0.447754 +/- 0.000151187
   Pu239
     (n,gamma)                            7.62605e-11 +/- 3.14515e-14
     Absorption Rate                      2.0287e-10 +/- 8.35681e-14
 ====================>     TALLY 6: FISSION_ENERGY     <====================

 Universe 13
   Total Material
     Kappa-Fission Rate                   7.6614e+07 +/- 26165.2
 =======================>     TALLY 7: HEATING     <========================

 Universe 13
   Total Material
     heating                              7.02633e+07 +/- 23304.1
 ============================>     TALLY 8     <============================

 Internal

