 ============================>     TALLY 1     <============================

 Universe 13
   Delayed Group 1
     Total Material
       Delayed-Nu-Fission Rate              0.000261039 +/- 1.01119e-07
   Delayed Group 2
     Total Material
       Delayed-Nu-Fission Rate              0.000700353 +/- 2.70405e-07
   Delayed Group 3
     Total Material
       Delayed-Nu-Fission Rate              0.000549063 +/- 2.10318e-07
   Delayed Group 4
     Total Material
       Delayed-Nu-Fission Rate              0.001096 +/- 4.15294e-07
   Delayed Group 5
     Total Material
       Delayed-Nu-Fission Rate              0.000358657 +/- 1.35217e-07
   Delayed Group 6
     Total Material
       Delayed-Nu-Fission Rate              0.000130262 +/- 4.84791e-08
 ============================>     TALLY 2     <============================

 Universe 13
   Delayed Group 1
     Total Material
       Decay Rate                           -nan +/- 0
   Delayed Group 2
     Total Material
       Decay Rate                           -nan +/- 0
   Delayed Group 3
     Total Material
       Decay Rate                           -nan +/- 0
   Delayed Group 4
     Total Material
       Decay Rate                           -nan +/- 0
   Delayed Group 5
     Total Material
       Decay Rate                           -nan +/- 0
   Delayed Group 6
     Total Material
       Decay Rate                           -nan +/- 0
 ============================>     TALLY 3     <============================

 Universe 13
   Incoming Energy [0, 200000000)
     Total Material
       Nu-Fission Rate                      1.01778 +/- 0.000397402
 ============================>     TALLY 4     <============================

 Universe 13
   Delayed Group 1
     Incoming Energy [0, 200000000)
       Total Material
         Delayed-Nu-Fission Rate              0.000261039 +/- 1.01119e-07
   Delayed Group 2
     Incoming Energy [0, 200000000)
       Total Material
         Delayed-Nu-Fission Rate              0.000700353 +/- 2.70405e-07
   Delayed Group 3
     Incoming Energy [0, 200000000)
       Total Material
         Delayed-Nu-Fission Rate              0.000549063 +/- 2.10318e-07
   Delayed Group 4
     Incoming Energy [0, 200000000)
       Total Material
         Delayed-Nu-Fission Rate              0.001096 +/- 4.15294e-07
   Delayed Group 5
     Incoming Energy [0, 200000000)
       Total Material
         Delayed-Nu-Fission Rate              0.000358657 +/- 1.35217e-07
   Delayed Group 6
     Incoming Energy [0, 200000000)
       Total Material
         Delayed-Nu-Fission Rate              0.000130262 +/- 4.84791e-08
 =================>     TALLY 5: BREEDING_RATIO_TALLY     <=================

 Universe 13
   U234
     (n,gamma)                            0.00722309 +/- 5.4124e-06
     Absorption Rate                      0.00726754 +/- 5.41724e-06
   U233
     (n,gamma)                            0.0493627 +/- 1.83033e-05
     Absorption Rate                      0.454187 +/- 0.000176501
   Pu239
     (n,gamma)                            1.13958e-09 +/- 5.25864e-13
     Absorption Rate                      3.03237e-09 +/- 1.38575e-12
   Th232
     (n,gamma)                            0.459933 +/- 0.000153713
     Absorption Rate                      0.461453 +/- 0.000153705
   Pu240
     (n,gamma)                            2.15977e-10 +/- 2.16568e-13
     Absorption Rate                      2.16171e-10 +/- 2.16616e-13
   Pu238
     (n,gamma)                            9.51834e-09 +/- 4.3836e-12
     Absorption Rate                      1.0164e-08 +/- 4.56442e-12
   U238
     (n,gamma)                            7.29091e-10 +/- 7.58846e-13
     Absorption Rate                      7.31318e-10 +/- 7.58979e-13
   Pu241
     (n,gamma)                            1.04736e-11 +/- 4.5323e-15
     Absorption Rate                      3.78888e-11 +/- 1.63857e-14
   U235
     (n,gamma)                            0.000267934 +/- 1.0145e-07
     Absorption Rate                      0.00148442 +/- 6.23438e-07
 ====================>     TALLY 6: FISSION_ENERGY     <====================

 Universe 13
   Total Material
     Kappa-Fission Rate                   7.78683e+07 +/- 30409.3
 =======================>     TALLY 7: HEATING     <========================

 Universe 13
   Total Material
     heating                              7.25568e+07 +/- 27401
 ============================>     TALLY 8     <============================

 Internal

