 ============================>     TALLY 1     <============================

 Universe 13
   Delayed Group 1
     Total Material
       Delayed-Nu-Fission Rate              0.000258057 +/- 9.90213e-08
   Delayed Group 2
     Total Material
       Delayed-Nu-Fission Rate              0.000691232 +/- 2.64479e-07
   Delayed Group 3
     Total Material
       Delayed-Nu-Fission Rate              0.000541497 +/- 2.05791e-07
   Delayed Group 4
     Total Material
       Delayed-Nu-Fission Rate              0.00108031 +/- 4.0681e-07
   Delayed Group 5
     Total Material
       Delayed-Nu-Fission Rate              0.000353106 +/- 1.32398e-07
   Delayed Group 6
     Total Material
       Delayed-Nu-Fission Rate              0.000128127 +/- 4.75239e-08
 ============================>     TALLY 2     <============================

 Universe 13
   Delayed Group 1
     Total Material
       Decay Rate                           -nan +/- 0
   Delayed Group 2
     Total Material
       Decay Rate                           2.39963e-05 +/- 9.18595e-09
   Delayed Group 3
     Total Material
       Decay Rate                           -nan +/- 0
   Delayed Group 4
     Total Material
       Decay Rate                           -nan +/- 0
   Delayed Group 5
     Total Material
       Decay Rate                           -nan +/- 0
   Delayed Group 6
     Total Material
       Decay Rate                           -nan +/- 0
 ============================>     TALLY 3     <============================

 Universe 13
   Incoming Energy [0, 200000000)
     Total Material
       Nu-Fission Rate                      1.00595 +/- 0.0003887
 ============================>     TALLY 4     <============================

 Universe 13
   Delayed Group 1
     Incoming Energy [0, 200000000)
       Total Material
         Delayed-Nu-Fission Rate              0.000258057 +/- 9.90213e-08
   Delayed Group 2
     Incoming Energy [0, 200000000)
       Total Material
         Delayed-Nu-Fission Rate              0.000691232 +/- 2.64479e-07
   Delayed Group 3
     Incoming Energy [0, 200000000)
       Total Material
         Delayed-Nu-Fission Rate              0.000541497 +/- 2.05791e-07
   Delayed Group 4
     Incoming Energy [0, 200000000)
       Total Material
         Delayed-Nu-Fission Rate              0.00108031 +/- 4.0681e-07
   Delayed Group 5
     Incoming Energy [0, 200000000)
       Total Material
         Delayed-Nu-Fission Rate              0.000353106 +/- 1.32398e-07
   Delayed Group 6
     Incoming Energy [0, 200000000)
       Total Material
         Delayed-Nu-Fission Rate              0.000128127 +/- 4.75239e-08
 =================>     TALLY 5: BREEDING_RATIO_TALLY     <=================

 Universe 13
   U235
     (n,gamma)                            8.98716e-05 +/- 3.50431e-08
     Absorption Rate                      0.000496129 +/- 2.15903e-07
   U234
     (n,gamma)                            0.00439506 +/- 3.71756e-06
     Absorption Rate                      0.00442227 +/- 3.72136e-06
   U238
     (n,gamma)                            6.0504e-11 +/- 6.40625e-14
     Absorption Rate                      6.06897e-11 +/- 6.40566e-14
   Th232
     (n,gamma)                            0.448423 +/- 0.000137599
     Absorption Rate                      0.449922 +/- 0.000137723
   Pu238
     (n,gamma)                            3.89786e-10 +/- 1.88391e-13
     Absorption Rate                      4.16492e-10 +/- 1.96406e-13
   Pu240
     (n,gamma)                            3.18678e-12 +/- 2.99357e-15
     Absorption Rate                      3.18968e-12 +/- 2.99413e-15
   Pu241
     (n,gamma)                            8.66415e-14 +/- 4.01809e-17
     Absorption Rate                      3.13416e-13 +/- 1.4318e-16
   U233
     (n,gamma)                            0.0490087 +/- 1.74195e-05
     Absorption Rate                      0.449915 +/- 0.000172333
   Pu239
     (n,gamma)                            3.01385e-11 +/- 1.41717e-14
     Absorption Rate                      8.01777e-11 +/- 3.7505e-14
 ====================>     TALLY 6: FISSION_ENERGY     <====================

 Universe 13
   Total Material
     Kappa-Fission Rate                   7.6957e+07 +/- 29738.8
 =======================>     TALLY 7: HEATING     <========================

 Universe 13
   Total Material
     heating                              7.09111e+07 +/- 26728.4
 ============================>     TALLY 8     <============================

 Internal

