 ============================>     TALLY 1     <============================

 Universe 13
   Delayed Group 1
     Total Material
       Delayed-Nu-Fission Rate              0.00026831 +/- 9.03061e-08
   Delayed Group 2
     Total Material
       Delayed-Nu-Fission Rate              0.000718106 +/- 2.4089e-07
   Delayed Group 3
     Total Material
       Delayed-Nu-Fission Rate              0.000562311 +/- 1.87181e-07
   Delayed Group 4
     Total Material
       Delayed-Nu-Fission Rate              0.00112145 +/- 3.69425e-07
   Delayed Group 5
     Total Material
       Delayed-Nu-Fission Rate              0.000366333 +/- 1.20074e-07
   Delayed Group 6
     Total Material
       Delayed-Nu-Fission Rate              0.000132856 +/- 4.30063e-08
 ============================>     TALLY 2     <============================

 Universe 13
   Delayed Group 1
     Total Material
       Decay Rate                           -nan +/- 0
   Delayed Group 2
     Total Material
       Decay Rate                           2.49318e-05 +/- 8.3681e-09
   Delayed Group 3
     Total Material
       Decay Rate                           -nan +/- 0
   Delayed Group 4
     Total Material
       Decay Rate                           -nan +/- 0
   Delayed Group 5
     Total Material
       Decay Rate                           -nan +/- 0
   Delayed Group 6
     Total Material
       Decay Rate                           -nan +/- 0
 ============================>     TALLY 3     <============================

 Universe 13
   Incoming Energy [0, 200000000)
     Total Material
       Nu-Fission Rate                      1.046 +/- 0.000354797
 ============================>     TALLY 4     <============================

 Universe 13
   Delayed Group 1
     Incoming Energy [0, 200000000)
       Total Material
         Delayed-Nu-Fission Rate              0.00026831 +/- 9.03061e-08
   Delayed Group 2
     Incoming Energy [0, 200000000)
       Total Material
         Delayed-Nu-Fission Rate              0.000718106 +/- 2.4089e-07
   Delayed Group 3
     Incoming Energy [0, 200000000)
       Total Material
         Delayed-Nu-Fission Rate              0.000562311 +/- 1.87181e-07
   Delayed Group 4
     Incoming Energy [0, 200000000)
       Total Material
         Delayed-Nu-Fission Rate              0.00112145 +/- 3.69425e-07
   Delayed Group 5
     Incoming Energy [0, 200000000)
       Total Material
         Delayed-Nu-Fission Rate              0.000366333 +/- 1.20074e-07
   Delayed Group 6
     Incoming Energy [0, 200000000)
       Total Material
         Delayed-Nu-Fission Rate              0.000132856 +/- 4.30063e-08
 =================>     TALLY 5: BREEDING_RATIO_TALLY     <=================

 Universe 13
   U235
     (n,gamma)                            4.3936e-06 +/- 1.48718e-09
     Absorption Rate                      2.41209e-05 +/- 9.27599e-09
   Pu240
     (n,gamma)                            5.68914e-17 +/- 5.68113e-20
     Absorption Rate                      5.69436e-17 +/- 5.68244e-20
   U234
     (n,gamma)                            0.000937226 +/- 9.41006e-07
     Absorption Rate                      0.000943044 +/- 9.41818e-07
   Pu241
     (n,gamma)                            3.31539e-19 +/- 1.39113e-22
     Absorption Rate                      1.19908e-18 +/- 4.9752e-22
   U238
     (n,gamma)                            7.40219e-14 +/- 8.32994e-17
     Absorption Rate                      7.42545e-14 +/- 8.33028e-17
   Pu239
     (n,gamma)                            2.17278e-15 +/- 9.53945e-19
     Absorption Rate                      5.77739e-15 +/- 2.51153e-18
   U233
     (n,gamma)                            0.0512669 +/- 1.60756e-05
     Absorption Rate                      0.468534 +/- 0.000157429
   Th232
     (n,gamma)                            0.445425 +/- 0.000135995
     Absorption Rate                      0.446987 +/- 0.000136087
   Pu238
     (n,gamma)                            7.32255e-14 +/- 3.24161e-17
     Absorption Rate                      7.8317e-14 +/- 3.36612e-17
 ====================>     TALLY 6: FISSION_ENERGY     <====================

 Universe 13
   Total Material
     Kappa-Fission Rate                   8.00143e+07 +/- 27143.4
 =======================>     TALLY 7: HEATING     <========================

 Universe 13
   Total Material
     heating                              7.6645e+07 +/- 26432.9
 ============================>     TALLY 8     <============================

 Internal

 ============================>     TALLY 9     <============================

 Internal

 ===========================>     TALLY 10     <============================

 Internal

