 ============================>     TALLY 1     <============================

 Universe 13
   Delayed Group 1
     Total Material
       Delayed-Nu-Fission Rate              0.000268104 +/- 9.66849e-08
   Delayed Group 2
     Total Material
       Delayed-Nu-Fission Rate              0.0007175 +/- 2.57926e-07
   Delayed Group 3
     Total Material
       Delayed-Nu-Fission Rate              0.000561754 +/- 2.00461e-07
   Delayed Group 4
     Total Material
       Delayed-Nu-Fission Rate              0.00112013 +/- 3.95743e-07
   Delayed Group 5
     Total Material
       Delayed-Nu-Fission Rate              0.000365861 +/- 1.28642e-07
   Delayed Group 6
     Total Material
       Delayed-Nu-Fission Rate              0.000132653 +/- 4.6088e-08
 ============================>     TALLY 2     <============================

 Universe 13
   Delayed Group 1
     Total Material
       Decay Rate                           -nan +/- 0
   Delayed Group 2
     Total Material
       Decay Rate                           2.4911e-05 +/- 8.95977e-09
   Delayed Group 3
     Total Material
       Decay Rate                           -nan +/- 0
   Delayed Group 4
     Total Material
       Decay Rate                           -nan +/- 0
   Delayed Group 5
     Total Material
       Decay Rate                           -nan +/- 0
   Delayed Group 6
     Total Material
       Decay Rate                           -nan +/- 0
 ============================>     TALLY 3     <============================

 Universe 13
   Incoming Energy [0, 200000000)
     Total Material
       Nu-Fission Rate                      1.04524 +/- 0.000379582
 ============================>     TALLY 4     <============================

 Universe 13
   Delayed Group 1
     Incoming Energy [0, 200000000)
       Total Material
         Delayed-Nu-Fission Rate              0.000268104 +/- 9.66849e-08
   Delayed Group 2
     Incoming Energy [0, 200000000)
       Total Material
         Delayed-Nu-Fission Rate              0.0007175 +/- 2.57926e-07
   Delayed Group 3
     Incoming Energy [0, 200000000)
       Total Material
         Delayed-Nu-Fission Rate              0.000561754 +/- 2.00461e-07
   Delayed Group 4
     Incoming Energy [0, 200000000)
       Total Material
         Delayed-Nu-Fission Rate              0.00112013 +/- 3.95743e-07
   Delayed Group 5
     Incoming Energy [0, 200000000)
       Total Material
         Delayed-Nu-Fission Rate              0.000365861 +/- 1.28642e-07
   Delayed Group 6
     Incoming Energy [0, 200000000)
       Total Material
         Delayed-Nu-Fission Rate              0.000132653 +/- 4.6088e-08
 =================>     TALLY 5: BREEDING_RATIO_TALLY     <=================

 Universe 13
   U234
     (n,gamma)                            0.000714057 +/- 6.821e-07
     Absorption Rate                      0.000718428 +/- 6.82438e-07
   Pu239
     (n,gamma)                            3.12522e-16 +/- 1.35641e-19
     Absorption Rate                      8.31158e-16 +/- 3.57981e-19
   Pu238
     (n,gamma)                            1.13966e-14 +/- 5.09381e-18
     Absorption Rate                      1.21829e-14 +/- 5.29817e-18
   Th232
     (n,gamma)                            0.448897 +/- 0.000142572
     Absorption Rate                      0.450415 +/- 0.000142653
   U238
     (n,gamma)                            1.81865e-14 +/- 1.91387e-17
     Absorption Rate                      1.82424e-14 +/- 1.91378e-17
   Pu241
     (n,gamma)                            1.11997e-17 +/- 4.84193e-21
     Absorption Rate                      4.05082e-17 +/- 1.74516e-20
   U233
     (n,gamma)                            0.0511245 +/- 1.76906e-05
     Absorption Rate                      0.468156 +/- 0.000169071
   U235
     (n,gamma)                            2.46677e-06 +/- 8.61028e-10
     Absorption Rate                      1.35814e-05 +/- 5.41473e-09
   Pu240
     (n,gamma)                            5.78549e-17 +/- 5.23588e-20
     Absorption Rate                      5.79076e-17 +/- 5.23674e-20
 ====================>     TALLY 6: FISSION_ENERGY     <====================

 Universe 13
   Total Material
     Kappa-Fission Rate                   7.99594e+07 +/- 29045.6
 =======================>     TALLY 7: HEATING     <========================

 Universe 13
   Total Material
     heating                              7.63841e+07 +/- 28503.4
 ============================>     TALLY 8     <============================

 Internal

