 ============================>     TALLY 1     <============================

 Universe 13
   Delayed Group 1
     Total Material
       Delayed-Nu-Fission Rate              0.000256954 +/- 9.04027e-08
   Delayed Group 2
     Total Material
       Delayed-Nu-Fission Rate              0.000688509 +/- 2.41408e-07
   Delayed Group 3
     Total Material
       Delayed-Nu-Fission Rate              0.000539458 +/- 1.87622e-07
   Delayed Group 4
     Total Material
       Delayed-Nu-Fission Rate              0.00107639 +/- 3.7025e-07
   Delayed Group 5
     Total Material
       Delayed-Nu-Fission Rate              0.000351913 +/- 1.20421e-07
   Delayed Group 6
     Total Material
       Delayed-Nu-Fission Rate              0.000127722 +/- 4.31329e-08
 ============================>     TALLY 2     <============================

 Universe 13
   Delayed Group 1
     Total Material
       Decay Rate                           -nan +/- 0
   Delayed Group 2
     Total Material
       Decay Rate                           2.39008e-05 +/- 8.38509e-09
   Delayed Group 3
     Total Material
       Decay Rate                           -nan +/- 0
   Delayed Group 4
     Total Material
       Decay Rate                           -nan +/- 0
   Delayed Group 5
     Total Material
       Decay Rate                           -nan +/- 0
   Delayed Group 6
     Total Material
       Decay Rate                           -nan +/- 0
 ============================>     TALLY 3     <============================

 Universe 13
   Incoming Energy [0, 200000000)
     Total Material
       Nu-Fission Rate                      1.00166 +/- 0.000355222
 ============================>     TALLY 4     <============================

 Universe 13
   Delayed Group 1
     Incoming Energy [0, 200000000)
       Total Material
         Delayed-Nu-Fission Rate              0.000256954 +/- 9.04027e-08
   Delayed Group 2
     Incoming Energy [0, 200000000)
       Total Material
         Delayed-Nu-Fission Rate              0.000688509 +/- 2.41408e-07
   Delayed Group 3
     Incoming Energy [0, 200000000)
       Total Material
         Delayed-Nu-Fission Rate              0.000539458 +/- 1.87622e-07
   Delayed Group 4
     Incoming Energy [0, 200000000)
       Total Material
         Delayed-Nu-Fission Rate              0.00107639 +/- 3.7025e-07
   Delayed Group 5
     Incoming Energy [0, 200000000)
       Total Material
         Delayed-Nu-Fission Rate              0.000351913 +/- 1.20421e-07
   Delayed Group 6
     Incoming Energy [0, 200000000)
       Total Material
         Delayed-Nu-Fission Rate              0.000127722 +/- 4.31329e-08
 =================>     TALLY 5: BREEDING_RATIO_TALLY     <=================

 Universe 13
   U238
     (n,gamma)                            1.25084e-10 +/- 1.40762e-13
     Absorption Rate                      1.25468e-10 +/- 1.40751e-13
   Pu239
     (n,gamma)                            8.48941e-11 +/- 3.77554e-14
     Absorption Rate                      2.25832e-10 +/- 9.94595e-14
   Pu241
     (n,gamma)                            3.39258e-13 +/- 1.42226e-16
     Absorption Rate                      1.22719e-12 +/- 5.09637e-16
   U233
     (n,gamma)                            0.0487896 +/- 1.6031e-05
     Absorption Rate                      0.447822 +/- 0.0001576
   Pu238
     (n,gamma)                            9.74855e-10 +/- 4.13863e-13
     Absorption Rate                      1.04171e-09 +/- 4.30998e-13
   Th232
     (n,gamma)                            0.447261 +/- 0.000131993
     Absorption Rate                      0.448758 +/- 0.000131959
   Pu240
     (n,gamma)                            1.05589e-11 +/- 1.01873e-14
     Absorption Rate                      1.05685e-11 +/- 1.01894e-14
   U234
     (n,gamma)                            0.00518235 +/- 4.36073e-06
     Absorption Rate                      0.0052146 +/- 4.3633e-06
   U235
     (n,gamma)                            0.000124889 +/- 4.38317e-08
     Absorption Rate                      0.000689347 +/- 2.73042e-07
 ====================>     TALLY 6: FISSION_ENERGY     <====================

 Universe 13
   Total Material
     Kappa-Fission Rate                   7.66304e+07 +/- 27182.2
 =======================>     TALLY 7: HEATING     <========================

 Universe 13
   Total Material
     heating                              7.0306e+07 +/- 24793.6
 ============================>     TALLY 8     <============================

 Internal

