 ============================>     TALLY 1     <============================

 Universe 13
   Delayed Group 1
     Total Material
       Delayed-Nu-Fission Rate              0.000258742 +/- 8.90281e-08
   Delayed Group 2
     Total Material
       Delayed-Nu-Fission Rate              0.000694973 +/- 2.38379e-07
   Delayed Group 3
     Total Material
       Delayed-Nu-Fission Rate              0.000545158 +/- 1.85496e-07
   Delayed Group 4
     Total Material
       Delayed-Nu-Fission Rate              0.00108869 +/- 3.66383e-07
   Delayed Group 5
     Total Material
       Delayed-Nu-Fission Rate              0.000356561 +/- 1.19407e-07
   Delayed Group 6
     Total Material
       Delayed-Nu-Fission Rate              0.000129594 +/- 4.28426e-08
 ============================>     TALLY 2     <============================

 Universe 13
   Delayed Group 1
     Total Material
       Decay Rate                           -nan +/- 0
   Delayed Group 2
     Total Material
       Decay Rate                           2.41183e-05 +/- 8.27725e-09
   Delayed Group 3
     Total Material
       Decay Rate                           -nan +/- 0
   Delayed Group 4
     Total Material
       Decay Rate                           -nan +/- 0
   Delayed Group 5
     Total Material
       Decay Rate                           -nan +/- 0
   Delayed Group 6
     Total Material
       Decay Rate                           -nan +/- 0
 ============================>     TALLY 3     <============================

 Universe 13
   Incoming Energy [0, 200000000)
     Total Material
       Nu-Fission Rate                      1.00889 +/- 0.000349941
 ============================>     TALLY 4     <============================

 Universe 13
   Delayed Group 1
     Incoming Energy [0, 200000000)
       Total Material
         Delayed-Nu-Fission Rate              0.000258742 +/- 8.90281e-08
   Delayed Group 2
     Incoming Energy [0, 200000000)
       Total Material
         Delayed-Nu-Fission Rate              0.000694973 +/- 2.38379e-07
   Delayed Group 3
     Incoming Energy [0, 200000000)
       Total Material
         Delayed-Nu-Fission Rate              0.000545158 +/- 1.85496e-07
   Delayed Group 4
     Incoming Energy [0, 200000000)
       Total Material
         Delayed-Nu-Fission Rate              0.00108869 +/- 3.66383e-07
   Delayed Group 5
     Incoming Energy [0, 200000000)
       Total Material
         Delayed-Nu-Fission Rate              0.000356561 +/- 1.19407e-07
   Delayed Group 6
     Incoming Energy [0, 200000000)
       Total Material
         Delayed-Nu-Fission Rate              0.000129594 +/- 4.28426e-08
 =================>     TALLY 5: BREEDING_RATIO_TALLY     <=================

 Universe 13
   Pu240
     (n,gamma)                            8.28312e-10 +/- 7.69038e-13
     Absorption Rate                      8.29054e-10 +/- 7.69169e-13
   Th232
     (n,gamma)                            0.462171 +/- 0.00013585
     Absorption Rate                      0.463691 +/- 0.000135888
   U238
     (n,gamma)                            1.66089e-09 +/- 1.7271e-12
     Absorption Rate                      1.66596e-09 +/- 1.72685e-12
   U233
     (n,gamma)                            0.0488193 +/- 1.55016e-05
     Absorption Rate                      0.449555 +/- 0.000154635
   Pu241
     (n,gamma)                            4.83788e-11 +/- 2.02898e-14
     Absorption Rate                      1.7503e-10 +/- 7.26994e-14
   Pu239
     (n,gamma)                            3.65625e-09 +/- 1.60438e-12
     Absorption Rate                      9.73049e-09 +/- 4.22533e-12
   U235
     (n,gamma)                            0.000385323 +/- 1.294e-07
     Absorption Rate                      0.00213736 +/- 8.25471e-07
   U234
     (n,gamma)                            0.00863702 +/- 7.2821e-06
     Absorption Rate                      0.0086903 +/- 7.28906e-06
   Pu238
     (n,gamma)                            2.66584e-08 +/- 1.1675e-11
     Absorption Rate                      2.84621e-08 +/- 1.21055e-11
 ====================>     TALLY 6: FISSION_ENERGY     <====================

 Universe 13
   Total Material
     Kappa-Fission Rate                   7.71924e+07 +/- 26782.4
 =======================>     TALLY 7: HEATING     <========================

 Universe 13
   Total Material
     heating                              7.1297e+07 +/- 23927.5
 ============================>     TALLY 8     <============================

 Internal

