 ============================>     TALLY 1     <============================

 Universe 13
   Delayed Group 1
     Total Material
       Delayed-Nu-Fission Rate              0.000259112 +/- 9.59296e-08
   Delayed Group 2
     Total Material
       Delayed-Nu-Fission Rate              0.000695061 +/- 2.56677e-07
   Delayed Group 3
     Total Material
       Delayed-Nu-Fission Rate              0.00054496 +/- 1.99994e-07
   Delayed Group 4
     Total Material
       Delayed-Nu-Fission Rate              0.00108802 +/- 3.95931e-07
   Delayed Group 5
     Total Material
       Delayed-Nu-Fission Rate              0.000356028 +/- 1.29062e-07
   Delayed Group 6
     Total Material
       Delayed-Nu-Fission Rate              0.000129332 +/- 4.64263e-08
 ============================>     TALLY 2     <============================

 Universe 13
   Delayed Group 1
     Total Material
       Decay Rate                           -nan +/- 0
   Delayed Group 2
     Total Material
       Decay Rate                           2.4125e-05 +/- 8.91295e-09
   Delayed Group 3
     Total Material
       Decay Rate                           -nan +/- 0
   Delayed Group 4
     Total Material
       Decay Rate                           -nan +/- 0
   Delayed Group 5
     Total Material
       Decay Rate                           -nan +/- 0
   Delayed Group 6
     Total Material
       Decay Rate                           -nan +/- 0
 ============================>     TALLY 3     <============================

 Universe 13
   Incoming Energy [0, 200000000)
     Total Material
       Nu-Fission Rate                      1.01011 +/- 0.000376313
 ============================>     TALLY 4     <============================

 Universe 13
   Delayed Group 1
     Incoming Energy [0, 200000000)
       Total Material
         Delayed-Nu-Fission Rate              0.000259112 +/- 9.59296e-08
   Delayed Group 2
     Incoming Energy [0, 200000000)
       Total Material
         Delayed-Nu-Fission Rate              0.000695061 +/- 2.56677e-07
   Delayed Group 3
     Incoming Energy [0, 200000000)
       Total Material
         Delayed-Nu-Fission Rate              0.00054496 +/- 1.99994e-07
   Delayed Group 4
     Incoming Energy [0, 200000000)
       Total Material
         Delayed-Nu-Fission Rate              0.00108802 +/- 3.95931e-07
   Delayed Group 5
     Incoming Energy [0, 200000000)
       Total Material
         Delayed-Nu-Fission Rate              0.000356028 +/- 1.29062e-07
   Delayed Group 6
     Incoming Energy [0, 200000000)
       Total Material
         Delayed-Nu-Fission Rate              0.000129332 +/- 4.64263e-08
 =================>     TALLY 5: BREEDING_RATIO_TALLY     <=================

 Universe 13
   U238
     (n,gamma)                            5.78508e-10 +/- 6.59447e-13
     Absorption Rate                      5.80316e-10 +/- 6.5952e-13
   Th232
     (n,gamma)                            0.453825 +/- 0.000146436
     Absorption Rate                      0.45539 +/- 0.000146434
   Pu241
     (n,gamma)                            6.571e-12 +/- 2.87224e-15
     Absorption Rate                      2.37688e-11 +/- 1.02381e-14
   U233
     (n,gamma)                            0.0491802 +/- 1.68928e-05
     Absorption Rate                      0.451011 +/- 0.00016643
   Pu239
     (n,gamma)                            7.97081e-10 +/- 3.61303e-13
     Absorption Rate                      2.12023e-09 +/- 9.53683e-13
   Pu240
     (n,gamma)                            1.44414e-10 +/- 1.39223e-13
     Absorption Rate                      1.44546e-10 +/- 1.39253e-13
   U235
     (n,gamma)                            0.00023827 +/- 8.96395e-08
     Absorption Rate                      0.00131448 +/- 5.45479e-07
   Pu238
     (n,gamma)                            6.97124e-09 +/- 3.28522e-12
     Absorption Rate                      7.45002e-09 +/- 3.45062e-12
   U234
     (n,gamma)                            0.00680144 +/- 5.74517e-06
     Absorption Rate                      0.00684407 +/- 5.74927e-06
 ====================>     TALLY 6: FISSION_ENERGY     <====================

 Universe 13
   Total Material
     Kappa-Fission Rate                   7.72774e+07 +/- 28795.5
 =======================>     TALLY 7: HEATING     <========================

 Universe 13
   Total Material
     heating                              7.15556e+07 +/- 26137.4
 ============================>     TALLY 8     <============================

 Internal

 ============================>     TALLY 9     <============================

 Internal

 ===========================>     TALLY 10     <============================

 Internal

