 ============================>     TALLY 1     <============================

 Universe 13
   Delayed Group 1
     Total Material
       Delayed-Nu-Fission Rate              0.000267256 +/- 8.73957e-08
   Delayed Group 2
     Total Material
       Delayed-Nu-Fission Rate              0.000715349 +/- 2.3313e-07
   Delayed Group 3
     Total Material
       Delayed-Nu-Fission Rate              0.000560184 +/- 1.8113e-07
   Delayed Group 4
     Total Material
       Delayed-Nu-Fission Rate              0.00111727 +/- 3.57409e-07
   Delayed Group 5
     Total Material
       Delayed-Nu-Fission Rate              0.000364992 +/- 1.16161e-07
   Delayed Group 6
     Total Material
       Delayed-Nu-Fission Rate              0.000132379 +/- 4.15939e-08
 ============================>     TALLY 2     <============================

 Universe 13
   Delayed Group 1
     Total Material
       Decay Rate                           -nan +/- 0
   Delayed Group 2
     Total Material
       Decay Rate                           2.48358e-05 +/- 8.09855e-09
   Delayed Group 3
     Total Material
       Decay Rate                           -nan +/- 0
   Delayed Group 4
     Total Material
       Decay Rate                           -nan +/- 0
   Delayed Group 5
     Total Material
       Decay Rate                           -nan +/- 0
   Delayed Group 6
     Total Material
       Decay Rate                           -nan +/- 0
 ============================>     TALLY 3     <============================

 Universe 13
   Incoming Energy [0, 200000000)
     Total Material
       Nu-Fission Rate                      1.04187 +/- 0.000343318
 ============================>     TALLY 4     <============================

 Universe 13
   Delayed Group 1
     Incoming Energy [0, 200000000)
       Total Material
         Delayed-Nu-Fission Rate              0.000267256 +/- 8.73957e-08
   Delayed Group 2
     Incoming Energy [0, 200000000)
       Total Material
         Delayed-Nu-Fission Rate              0.000715349 +/- 2.3313e-07
   Delayed Group 3
     Incoming Energy [0, 200000000)
       Total Material
         Delayed-Nu-Fission Rate              0.000560184 +/- 1.8113e-07
   Delayed Group 4
     Incoming Energy [0, 200000000)
       Total Material
         Delayed-Nu-Fission Rate              0.00111727 +/- 3.57409e-07
   Delayed Group 5
     Incoming Energy [0, 200000000)
       Total Material
         Delayed-Nu-Fission Rate              0.000364992 +/- 1.16161e-07
   Delayed Group 6
     Incoming Energy [0, 200000000)
       Total Material
         Delayed-Nu-Fission Rate              0.000132379 +/- 4.15939e-08
 =================>     TALLY 5: BREEDING_RATIO_TALLY     <=================

 Universe 13
   U235
     (n,gamma)                            1.29712e-05 +/- 4.21431e-09
     Absorption Rate                      7.12743e-05 +/- 2.59015e-08
   Pu240
     (n,gamma)                            3.27217e-15 +/- 2.72034e-18
     Absorption Rate                      3.27516e-15 +/- 2.7208e-18
   U234
     (n,gamma)                            0.00160645 +/- 1.58482e-06
     Absorption Rate                      0.00161642 +/- 1.58613e-06
   Pu241
     (n,gamma)                            3.32914e-17 +/- 1.35206e-20
     Absorption Rate                      1.20406e-16 +/- 4.79881e-20
   U238
     (n,gamma)                            8.86333e-13 +/- 9.69857e-16
     Absorption Rate                      8.89115e-13 +/- 9.69955e-16
   Pu239
     (n,gamma)                            7.56997e-14 +/- 3.38341e-17
     Absorption Rate                      2.01289e-13 +/- 8.8233e-17
   U233
     (n,gamma)                            0.0510334 +/- 1.60444e-05
     Absorption Rate                      0.466612 +/- 0.000152859
   Th232
     (n,gamma)                            0.446286 +/- 0.00013321
     Absorption Rate                      0.447846 +/- 0.000133227
   Pu238
     (n,gamma)                            1.84608e-12 +/- 7.56119e-16
     Absorption Rate                      1.97414e-12 +/- 7.89764e-16
 ====================>     TALLY 6: FISSION_ENERGY     <====================

 Universe 13
   Total Material
     Kappa-Fission Rate                   7.96995e+07 +/- 26267.9
 =======================>     TALLY 7: HEATING     <========================

 Universe 13
   Total Material
     heating                              7.60351e+07 +/- 24539.9
 ============================>     TALLY 8     <============================

 Internal

 ============================>     TALLY 9     <============================

 Internal

 ===========================>     TALLY 10     <============================

 Internal

