 ============================>     TALLY 1     <============================

 Universe 13
   Delayed Group 1
     Total Material
       Delayed-Nu-Fission Rate              0.000269777 +/- 9.27553e-08
   Delayed Group 2
     Total Material
       Delayed-Nu-Fission Rate              0.000722093 +/- 2.4749e-07
   Delayed Group 3
     Total Material
       Delayed-Nu-Fission Rate              0.000565371 +/- 1.92363e-07
   Delayed Group 4
     Total Material
       Delayed-Nu-Fission Rate              0.00112733 +/- 3.79756e-07
   Delayed Group 5
     Total Material
       Delayed-Nu-Fission Rate              0.000368249 +/- 1.23458e-07
   Delayed Group 6
     Total Material
       Delayed-Nu-Fission Rate              0.000133521 +/- 4.42294e-08
 ============================>     TALLY 2     <============================

 Universe 13
   Delayed Group 1
     Total Material
       Decay Rate                           -nan +/- 0
   Delayed Group 2
     Total Material
       Decay Rate                           2.507e-05 +/- 8.59705e-09
   Delayed Group 3
     Total Material
       Decay Rate                           -nan +/- 0
   Delayed Group 4
     Total Material
       Decay Rate                           -nan +/- 0
   Delayed Group 5
     Total Material
       Decay Rate                           -nan +/- 0
   Delayed Group 6
     Total Material
       Decay Rate                           -nan +/- 0
 ============================>     TALLY 3     <============================

 Universe 13
   Incoming Energy [0, 200000000)
     Total Material
       Nu-Fission Rate                      1.05185 +/- 0.000364219
 ============================>     TALLY 4     <============================

 Universe 13
   Delayed Group 1
     Incoming Energy [0, 200000000)
       Total Material
         Delayed-Nu-Fission Rate              0.000269777 +/- 9.27553e-08
   Delayed Group 2
     Incoming Energy [0, 200000000)
       Total Material
         Delayed-Nu-Fission Rate              0.000722093 +/- 2.4749e-07
   Delayed Group 3
     Incoming Energy [0, 200000000)
       Total Material
         Delayed-Nu-Fission Rate              0.000565371 +/- 1.92363e-07
   Delayed Group 4
     Incoming Energy [0, 200000000)
       Total Material
         Delayed-Nu-Fission Rate              0.00112733 +/- 3.79756e-07
   Delayed Group 5
     Incoming Energy [0, 200000000)
       Total Material
         Delayed-Nu-Fission Rate              0.000368249 +/- 1.23458e-07
   Delayed Group 6
     Incoming Energy [0, 200000000)
       Total Material
         Delayed-Nu-Fission Rate              0.000133521 +/- 4.42294e-08
 =================>     TALLY 5: BREEDING_RATIO_TALLY     <=================

 Universe 13
   Pu240
     (n,gamma)                            2.38671e-14 +/- 1.99993e-17
     Absorption Rate                      2.38887e-14 +/- 2.00026e-17
   U235
     (n,gamma)                            2.23678e-05 +/- 7.70317e-09
     Absorption Rate                      0.000123346 +/- 4.7642e-08
   Th232
     (n,gamma)                            0.451324 +/- 0.000137873
     Absorption Rate                      0.452841 +/- 0.000137935
   Pu238
     (n,gamma)                            8.78733e-12 +/- 3.81739e-15
     Absorption Rate                      9.39094e-12 +/- 3.98443e-15
   U238
     (n,gamma)                            2.93168e-12 +/- 3.28171e-15
     Absorption Rate                      2.94069e-12 +/- 3.28169e-15
   Pu241
     (n,gamma)                            3.3409e-16 +/- 1.33244e-19
     Absorption Rate                      1.20848e-15 +/- 4.79482e-19
   U234
     (n,gamma)                            0.00211379 +/- 2.15729e-06
     Absorption Rate                      0.00212672 +/- 2.15923e-06
   U233
     (n,gamma)                            0.0513641 +/- 1.64922e-05
     Absorption Rate                      0.470948 +/- 0.000161767
   Pu239
     (n,gamma)                            4.28912e-13 +/- 1.76465e-16
     Absorption Rate                      1.14088e-12 +/- 4.67801e-16
 ====================>     TALLY 6: FISSION_ENERGY     <====================

 Universe 13
   Total Material
     Kappa-Fission Rate                   8.04655e+07 +/- 27868.8
 =======================>     TALLY 7: HEATING     <========================

 Universe 13
   Total Material
     heating                              7.74547e+07 +/- 27365.5
 ============================>     TALLY 8     <============================

 Internal

