 ============================>     TALLY 1     <============================

 Universe 13
   Delayed Group 1
     Total Material
       Delayed-Nu-Fission Rate              0.00025955 +/- 9.19579e-08
   Delayed Group 2
     Total Material
       Delayed-Nu-Fission Rate              0.000696893 +/- 2.46202e-07
   Delayed Group 3
     Total Material
       Delayed-Nu-Fission Rate              0.000546563 +/- 1.91714e-07
   Delayed Group 4
     Total Material
       Delayed-Nu-Fission Rate              0.00109134 +/- 3.79065e-07
   Delayed Group 5
     Total Material
       Delayed-Nu-Fission Rate              0.000357333 +/- 1.23564e-07
   Delayed Group 6
     Total Material
       Delayed-Nu-Fission Rate              0.000129844 +/- 4.43826e-08
 ============================>     TALLY 2     <============================

 Universe 13
   Delayed Group 1
     Total Material
       Decay Rate                           -nan +/- 0
   Delayed Group 2
     Total Material
       Decay Rate                           2.4186e-05 +/- 8.54879e-09
   Delayed Group 3
     Total Material
       Decay Rate                           -nan +/- 0
   Delayed Group 4
     Total Material
       Decay Rate                           -nan +/- 0
   Delayed Group 5
     Total Material
       Decay Rate                           -nan +/- 0
   Delayed Group 6
     Total Material
       Decay Rate                           -nan +/- 0
 ============================>     TALLY 3     <============================

 Universe 13
   Incoming Energy [0, 200000000)
     Total Material
       Nu-Fission Rate                      1.01202 +/- 0.000361223
 ============================>     TALLY 4     <============================

 Universe 13
   Delayed Group 1
     Incoming Energy [0, 200000000)
       Total Material
         Delayed-Nu-Fission Rate              0.00025955 +/- 9.19579e-08
   Delayed Group 2
     Incoming Energy [0, 200000000)
       Total Material
         Delayed-Nu-Fission Rate              0.000696893 +/- 2.46202e-07
   Delayed Group 3
     Incoming Energy [0, 200000000)
       Total Material
         Delayed-Nu-Fission Rate              0.000546563 +/- 1.91714e-07
   Delayed Group 4
     Incoming Energy [0, 200000000)
       Total Material
         Delayed-Nu-Fission Rate              0.00109134 +/- 3.79065e-07
   Delayed Group 5
     Incoming Energy [0, 200000000)
       Total Material
         Delayed-Nu-Fission Rate              0.000357333 +/- 1.23564e-07
   Delayed Group 6
     Incoming Energy [0, 200000000)
       Total Material
         Delayed-Nu-Fission Rate              0.000129844 +/- 4.43826e-08
 =================>     TALLY 5: BREEDING_RATIO_TALLY     <=================

 Universe 13
   Pu240
     (n,gamma)                            5.71029e-10 +/- 5.14694e-13
     Absorption Rate                      5.7154e-10 +/- 5.14827e-13
   Th232
     (n,gamma)                            0.461534 +/- 0.000143073
     Absorption Rate                      0.463054 +/- 0.000143133
   U238
     (n,gamma)                            1.31874e-09 +/- 1.50297e-12
     Absorption Rate                      1.32277e-09 +/- 1.50322e-12
   U233
     (n,gamma)                            0.0489987 +/- 1.64041e-05
     Absorption Rate                      0.451154 +/- 0.000159871
   Pu241
     (n,gamma)                            3.16413e-11 +/- 1.36611e-14
     Absorption Rate                      1.1447e-10 +/- 4.88817e-14
   Pu239
     (n,gamma)                            2.64483e-09 +/- 1.20781e-12
     Absorption Rate                      7.03857e-09 +/- 3.16249e-12
   U235
     (n,gamma)                            0.000348514 +/- 1.21146e-07
     Absorption Rate                      0.00193308 +/- 7.55249e-07
   U234
     (n,gamma)                            0.00821701 +/- 7.0886e-06
     Absorption Rate                      0.00826765 +/- 7.09314e-06
   Pu238
     (n,gamma)                            2.00213e-08 +/- 8.68618e-12
     Absorption Rate                      2.13759e-08 +/- 9.05362e-12
 ====================>     TALLY 6: FISSION_ENERGY     <====================

 Universe 13
   Total Material
     Kappa-Fission Rate                   7.74307e+07 +/- 27640.6
 =======================>     TALLY 7: HEATING     <========================

 Universe 13
   Total Material
     heating                              7.17071e+07 +/- 25095.3
 ============================>     TALLY 8     <============================

 Internal

