 ============================>     TALLY 1     <============================

 Universe 13
   Delayed Group 1
     Total Material
       Delayed-Nu-Fission Rate              0.00025843 +/- 9.85308e-08
   Delayed Group 2
     Total Material
       Delayed-Nu-Fission Rate              0.000692144 +/- 2.62919e-07
   Delayed Group 3
     Total Material
       Delayed-Nu-Fission Rate              0.000542182 +/- 2.04175e-07
   Delayed Group 4
     Total Material
       Delayed-Nu-Fission Rate              0.00108165 +/- 4.02499e-07
   Delayed Group 5
     Total Material
       Delayed-Nu-Fission Rate              0.00035351 +/- 1.30802e-07
   Delayed Group 6
     Total Material
       Delayed-Nu-Fission Rate              0.000128266 +/- 4.67788e-08
 ============================>     TALLY 2     <============================

 Universe 13
   Delayed Group 1
     Total Material
       Decay Rate                           -nan +/- 0
   Delayed Group 2
     Total Material
       Decay Rate                           2.40283e-05 +/- 9.13315e-09
   Delayed Group 3
     Total Material
       Decay Rate                           -nan +/- 0
   Delayed Group 4
     Total Material
       Decay Rate                           -nan +/- 0
   Delayed Group 5
     Total Material
       Decay Rate                           -nan +/- 0
   Delayed Group 6
     Total Material
       Decay Rate                           -nan +/- 0
 ============================>     TALLY 3     <============================

 Universe 13
   Incoming Energy [0, 200000000)
     Total Material
       Nu-Fission Rate                      1.00738 +/- 0.000387312
 ============================>     TALLY 4     <============================

 Universe 13
   Delayed Group 1
     Incoming Energy [0, 200000000)
       Total Material
         Delayed-Nu-Fission Rate              0.00025843 +/- 9.85308e-08
   Delayed Group 2
     Incoming Energy [0, 200000000)
       Total Material
         Delayed-Nu-Fission Rate              0.000692144 +/- 2.62919e-07
   Delayed Group 3
     Incoming Energy [0, 200000000)
       Total Material
         Delayed-Nu-Fission Rate              0.000542182 +/- 2.04175e-07
   Delayed Group 4
     Incoming Energy [0, 200000000)
       Total Material
         Delayed-Nu-Fission Rate              0.00108165 +/- 4.02499e-07
   Delayed Group 5
     Incoming Energy [0, 200000000)
       Total Material
         Delayed-Nu-Fission Rate              0.00035351 +/- 1.30802e-07
   Delayed Group 6
     Incoming Energy [0, 200000000)
       Total Material
         Delayed-Nu-Fission Rate              0.000128266 +/- 4.67788e-08
 =================>     TALLY 5: BREEDING_RATIO_TALLY     <=================

 Universe 13
   U235
     (n,gamma)                            7.59067e-05 +/- 2.79394e-08
     Absorption Rate                      0.000418963 +/- 1.78133e-07
   U234
     (n,gamma)                            0.00403244 +/- 3.46597e-06
     Absorption Rate                      0.00405741 +/- 3.46879e-06
   U238
     (n,gamma)                            4.16971e-11 +/- 4.47618e-14
     Absorption Rate                      4.18254e-11 +/- 4.47769e-14
   Th232
     (n,gamma)                            0.448516 +/- 0.000130076
     Absorption Rate                      0.450018 +/- 0.000130056
   Pu238
     (n,gamma)                            2.43405e-10 +/- 1.1734e-13
     Absorption Rate                      2.60088e-10 +/- 1.2219e-13
   Pu240
     (n,gamma)                            1.7251e-12 +/- 1.73277e-15
     Absorption Rate                      1.72667e-12 +/- 1.73315e-15
   Pu241
     (n,gamma)                            4.30709e-14 +/- 2.00826e-17
     Absorption Rate                      1.55805e-13 +/- 7.10898e-17
   U233
     (n,gamma)                            0.0490856 +/- 1.76419e-05
     Absorption Rate                      0.450625 +/- 0.000172211
   Pu239
     (n,gamma)                            1.77427e-11 +/- 8.84603e-15
     Absorption Rate                      4.71993e-11 +/- 2.32999e-14
 ====================>     TALLY 6: FISSION_ENERGY     <====================

 Universe 13
   Total Material
     Kappa-Fission Rate                   7.7066e+07 +/- 29637.5
 =======================>     TALLY 7: HEATING     <========================

 Universe 13
   Total Material
     heating                              7.11258e+07 +/- 27059.5
 ============================>     TALLY 8     <============================

 Internal

