 ============================>     TALLY 1     <============================

 Universe 13
   Delayed Group 1
     Total Material
       Delayed-Nu-Fission Rate              0.000267959 +/- 9.91094e-08
   Delayed Group 2
     Total Material
       Delayed-Nu-Fission Rate              0.000717185 +/- 2.64459e-07
   Delayed Group 3
     Total Material
       Delayed-Nu-Fission Rate              0.000561597 +/- 2.05639e-07
   Delayed Group 4
     Total Material
       Delayed-Nu-Fission Rate              0.00112004 +/- 4.06235e-07
   Delayed Group 5
     Total Material
       Delayed-Nu-Fission Rate              0.000365879 +/- 1.32099e-07
   Delayed Group 6
     Total Material
       Delayed-Nu-Fission Rate              0.000132693 +/- 4.73666e-08
 ============================>     TALLY 2     <============================

 Universe 13
   Delayed Group 1
     Total Material
       Decay Rate                           -nan +/- 0
   Delayed Group 2
     Total Material
       Decay Rate                           -nan +/- 0
   Delayed Group 3
     Total Material
       Decay Rate                           -nan +/- 0
   Delayed Group 4
     Total Material
       Decay Rate                           -nan +/- 0
   Delayed Group 5
     Total Material
       Decay Rate                           -nan +/- 0
   Delayed Group 6
     Total Material
       Decay Rate                           -nan +/- 0
 ============================>     TALLY 3     <============================

 Universe 13
   Incoming Energy [0, 200000000)
     Total Material
       Nu-Fission Rate                      1.04463 +/- 0.000388916
 ============================>     TALLY 4     <============================

 Universe 13
   Delayed Group 1
     Incoming Energy [0, 200000000)
       Total Material
         Delayed-Nu-Fission Rate              0.000267959 +/- 9.91094e-08
   Delayed Group 2
     Incoming Energy [0, 200000000)
       Total Material
         Delayed-Nu-Fission Rate              0.000717185 +/- 2.64459e-07
   Delayed Group 3
     Incoming Energy [0, 200000000)
       Total Material
         Delayed-Nu-Fission Rate              0.000561597 +/- 2.05639e-07
   Delayed Group 4
     Incoming Energy [0, 200000000)
       Total Material
         Delayed-Nu-Fission Rate              0.00112004 +/- 4.06235e-07
   Delayed Group 5
     Incoming Energy [0, 200000000)
       Total Material
         Delayed-Nu-Fission Rate              0.000365879 +/- 1.32099e-07
   Delayed Group 6
     Incoming Energy [0, 200000000)
       Total Material
         Delayed-Nu-Fission Rate              0.000132693 +/- 4.73666e-08
 =================>     TALLY 5: BREEDING_RATIO_TALLY     <=================

 Universe 13
   U235
     (n,gamma)                            7.08972e-06 +/- 2.59251e-09
     Absorption Rate                      3.89492e-05 +/- 1.65174e-08
   Pu240
     (n,gamma)                            3.43705e-16 +/- 3.31171e-19
     Absorption Rate                      3.44019e-16 +/- 3.31238e-19
   U234
     (n,gamma)                            0.0011879 +/- 1.00937e-06
     Absorption Rate                      0.00119527 +/- 1.01023e-06
   Pu241
     (n,gamma)                            2.56037e-18 +/- 1.19168e-21
     Absorption Rate                      9.26032e-18 +/- 4.27044e-21
   U238
     (n,gamma)                            2.23809e-13 +/- 2.49105e-16
     Absorption Rate                      2.24511e-13 +/- 2.49136e-16
   Pu239
     (n,gamma)                            1.05647e-14 +/- 5.15232e-18
     Absorption Rate                      2.80928e-14 +/- 1.35601e-17
   U233
     (n,gamma)                            0.0511784 +/- 1.75934e-05
     Absorption Rate                      0.467887 +/- 0.00017284
   Th232
     (n,gamma)                            0.44555 +/- 0.000156437
     Absorption Rate                      0.44711 +/- 0.000156624
   Pu238
     (n,gamma)                            3.09939e-13 +/- 1.45897e-16
     Absorption Rate                      3.31455e-13 +/- 1.51874e-16
 ====================>     TALLY 6: FISSION_ENERGY     <====================

 Universe 13
   Total Material
     Kappa-Fission Rate                   7.99099e+07 +/- 29760
 =======================>     TALLY 7: HEATING     <========================

 Universe 13
   Total Material
     heating                              7.64674e+07 +/- 28831.4
 ============================>     TALLY 8     <============================

 Internal

 ============================>     TALLY 9     <============================

 Internal

 ===========================>     TALLY 10     <============================

 Internal

