 ============================>     TALLY 1     <============================

 Universe 13
   Delayed Group 1
     Total Material
       Delayed-Nu-Fission Rate              0.000252278 +/- 8.89306e-08
   Delayed Group 2
     Total Material
       Delayed-Nu-Fission Rate              0.000677721 +/- 2.38273e-07
   Delayed Group 3
     Total Material
       Delayed-Nu-Fission Rate              0.00053167 +/- 1.85615e-07
   Delayed Group 4
     Total Material
       Delayed-Nu-Fission Rate              0.00106184 +/- 3.67144e-07
   Delayed Group 5
     Total Material
       Delayed-Nu-Fission Rate              0.000347806 +/- 1.19753e-07
   Delayed Group 6
     Total Material
       Delayed-Nu-Fission Rate              0.000126425 +/- 4.30432e-08
 ============================>     TALLY 2     <============================

 Universe 13
   Delayed Group 1
     Total Material
       Decay Rate                           -nan +/- 0
   Delayed Group 2
     Total Material
       Decay Rate                           -nan +/- 0
   Delayed Group 3
     Total Material
       Decay Rate                           -nan +/- 0
   Delayed Group 4
     Total Material
       Decay Rate                           -nan +/- 0
   Delayed Group 5
     Total Material
       Decay Rate                           -nan +/- 0
   Delayed Group 6
     Total Material
       Decay Rate                           -nan +/- 0
 ============================>     TALLY 3     <============================

 Universe 13
   Incoming Energy [0, 200000000)
     Total Material
       Nu-Fission Rate                      0.983674 +/- 0.000349294
 ============================>     TALLY 4     <============================

 Universe 13
   Delayed Group 1
     Incoming Energy [0, 200000000)
       Total Material
         Delayed-Nu-Fission Rate              0.000252278 +/- 8.89306e-08
   Delayed Group 2
     Incoming Energy [0, 200000000)
       Total Material
         Delayed-Nu-Fission Rate              0.000677721 +/- 2.38273e-07
   Delayed Group 3
     Incoming Energy [0, 200000000)
       Total Material
         Delayed-Nu-Fission Rate              0.00053167 +/- 1.85615e-07
   Delayed Group 4
     Incoming Energy [0, 200000000)
       Total Material
         Delayed-Nu-Fission Rate              0.00106184 +/- 3.67144e-07
   Delayed Group 5
     Incoming Energy [0, 200000000)
       Total Material
         Delayed-Nu-Fission Rate              0.000347806 +/- 1.19753e-07
   Delayed Group 6
     Incoming Energy [0, 200000000)
       Total Material
         Delayed-Nu-Fission Rate              0.000126425 +/- 4.30432e-08
 =================>     TALLY 5: BREEDING_RATIO_TALLY     <=================

 Universe 13
   Pu239
     (n,gamma)                            3.30793e-09 +/- 1.39165e-12
     Absorption Rate                      8.79909e-09 +/- 3.68918e-12
   U234
     (n,gamma)                            0.00919916 +/- 8.75288e-06
     Absorption Rate                      0.00925791 +/- 8.758e-06
   U235
     (n,gamma)                            0.000395545 +/- 1.35927e-07
     Absorption Rate                      0.00217963 +/- 8.78178e-07
   U238
     (n,gamma)                            1.65191e-09 +/- 1.5763e-12
     Absorption Rate                      1.65701e-09 +/- 1.57649e-12
   Th232
     (n,gamma)                            0.441322 +/- 0.000143202
     Absorption Rate                      0.442807 +/- 0.000143418
   U233
     (n,gamma)                            0.0478041 +/- 1.54188e-05
     Absorption Rate                      0.438424 +/- 0.000153916
   Pu238
     (n,gamma)                            2.49219e-08 +/- 1.16547e-11
     Absorption Rate                      2.66398e-08 +/- 1.2122e-11
   Pu240
     (n,gamma)                            7.30185e-10 +/- 6.43457e-13
     Absorption Rate                      7.30856e-10 +/- 6.43614e-13
   Pu241
     (n,gamma)                            4.19371e-11 +/- 1.75301e-14
     Absorption Rate                      1.51705e-10 +/- 6.34544e-14
 ====================>     TALLY 6: FISSION_ENERGY     <====================

 Universe 13
   Total Material
     Kappa-Fission Rate                   7.52623e+07 +/- 26730.9
 =======================>     TALLY 7: HEATING     <========================

 Universe 13
   Total Material
     heating                              6.78214e+07 +/- 24043.7
 ============================>     TALLY 8     <============================

 Internal

