 ============================>     TALLY 1     <============================

 Universe 13
   Delayed Group 1
     Total Material
       Delayed-Nu-Fission Rate              0.00025321 +/- 1.06223e-07
   Delayed Group 2
     Total Material
       Delayed-Nu-Fission Rate              0.000679701 +/- 2.84219e-07
   Delayed Group 3
     Total Material
       Delayed-Nu-Fission Rate              0.000533026 +/- 2.21115e-07
   Delayed Group 4
     Total Material
       Delayed-Nu-Fission Rate              0.00106426 +/- 4.36658e-07
   Delayed Group 5
     Total Material
       Delayed-Nu-Fission Rate              0.000348404 +/- 1.42227e-07
   Delayed Group 6
     Total Material
       Delayed-Nu-Fission Rate              0.000126586 +/- 5.09999e-08
 ============================>     TALLY 2     <============================

 Universe 13
   Delayed Group 1
     Total Material
       Decay Rate                           -nan +/- 0
   Delayed Group 2
     Total Material
       Decay Rate                           2.359e-05 +/- 9.86973e-09
   Delayed Group 3
     Total Material
       Decay Rate                           -nan +/- 0
   Delayed Group 4
     Total Material
       Decay Rate                           -nan +/- 0
   Delayed Group 5
     Total Material
       Decay Rate                           -nan +/- 0
   Delayed Group 6
     Total Material
       Decay Rate                           -nan +/- 0
 ============================>     TALLY 3     <============================

 Universe 13
   Incoming Energy [0, 200000000)
     Total Material
       Nu-Fission Rate                      0.98723 +/- 0.000417451
 ============================>     TALLY 4     <============================

 Universe 13
   Delayed Group 1
     Incoming Energy [0, 200000000)
       Total Material
         Delayed-Nu-Fission Rate              0.00025321 +/- 1.06223e-07
   Delayed Group 2
     Incoming Energy [0, 200000000)
       Total Material
         Delayed-Nu-Fission Rate              0.000679701 +/- 2.84219e-07
   Delayed Group 3
     Incoming Energy [0, 200000000)
       Total Material
         Delayed-Nu-Fission Rate              0.000533026 +/- 2.21115e-07
   Delayed Group 4
     Incoming Energy [0, 200000000)
       Total Material
         Delayed-Nu-Fission Rate              0.00106426 +/- 4.36658e-07
   Delayed Group 5
     Incoming Energy [0, 200000000)
       Total Material
         Delayed-Nu-Fission Rate              0.000348404 +/- 1.42227e-07
   Delayed Group 6
     Incoming Energy [0, 200000000)
       Total Material
         Delayed-Nu-Fission Rate              0.000126586 +/- 5.09999e-08
 =================>     TALLY 5: BREEDING_RATIO_TALLY     <=================

 Universe 13
   Pu239
     (n,gamma)                            1.58442e-09 +/- 8.16821e-13
     Absorption Rate                      4.21471e-09 +/- 2.15148e-12
   U234
     (n,gamma)                            0.00821161 +/- 7.34015e-06
     Absorption Rate                      0.00826366 +/- 7.3427e-06
   U235
     (n,gamma)                            0.000314384 +/- 1.27003e-07
     Absorption Rate                      0.00173327 +/- 7.97037e-07
   U238
     (n,gamma)                            9.82052e-10 +/- 1.05569e-12
     Absorption Rate                      9.85075e-10 +/- 1.0557e-12
   Th232
     (n,gamma)                            0.442831 +/- 0.000148982
     Absorption Rate                      0.444318 +/- 0.000148961
   U233
     (n,gamma)                            0.0480143 +/- 1.91134e-05
     Absorption Rate                      0.440421 +/- 0.000185287
   Pu238
     (n,gamma)                            1.29896e-08 +/- 6.50893e-12
     Absorption Rate                      1.38836e-08 +/- 6.79963e-12
   Pu240
     (n,gamma)                            3.12485e-10 +/- 2.98137e-13
     Absorption Rate                      3.12771e-10 +/- 2.98192e-13
   Pu241
     (n,gamma)                            1.59709e-11 +/- 7.97472e-15
     Absorption Rate                      5.77743e-11 +/- 2.84902e-14
 ====================>     TALLY 6: FISSION_ENERGY     <====================

 Universe 13
   Total Material
     Kappa-Fission Rate                   7.55319e+07 +/- 31946.2
 =======================>     TALLY 7: HEATING     <========================

 Universe 13
   Total Material
     heating                              6.83255e+07 +/- 27676.1
 ============================>     TALLY 8     <============================

 Internal

