 ============================>     TALLY 1     <============================

 Universe 13
   Delayed Group 1
     Total Material
       Delayed-Nu-Fission Rate              0.000258275 +/- 9.21268e-08
   Delayed Group 2
     Total Material
       Delayed-Nu-Fission Rate              0.000693887 +/- 2.46617e-07
   Delayed Group 3
     Total Material
       Delayed-Nu-Fission Rate              0.000544375 +/- 1.91702e-07
   Delayed Group 4
     Total Material
       Delayed-Nu-Fission Rate              0.00108723 +/- 3.78045e-07
   Delayed Group 5
     Total Material
       Delayed-Nu-Fission Rate              0.00035615 +/- 1.23132e-07
   Delayed Group 6
     Total Material
       Delayed-Nu-Fission Rate              0.000129465 +/- 4.40932e-08
 ============================>     TALLY 2     <============================

 Universe 13
   Delayed Group 1
     Total Material
       Decay Rate                           -nan +/- 0
   Delayed Group 2
     Total Material
       Decay Rate                           2.40799e-05 +/- 8.56375e-09
   Delayed Group 3
     Total Material
       Decay Rate                           -nan +/- 0
   Delayed Group 4
     Total Material
       Decay Rate                           -nan +/- 0
   Delayed Group 5
     Total Material
       Decay Rate                           -nan +/- 0
   Delayed Group 6
     Total Material
       Decay Rate                           -nan +/- 0
 ============================>     TALLY 3     <============================

 Universe 13
   Incoming Energy [0, 200000000)
     Total Material
       Nu-Fission Rate                      1.00708 +/- 0.000362592
 ============================>     TALLY 4     <============================

 Universe 13
   Delayed Group 1
     Incoming Energy [0, 200000000)
       Total Material
         Delayed-Nu-Fission Rate              0.000258275 +/- 9.21268e-08
   Delayed Group 2
     Incoming Energy [0, 200000000)
       Total Material
         Delayed-Nu-Fission Rate              0.000693887 +/- 2.46617e-07
   Delayed Group 3
     Incoming Energy [0, 200000000)
       Total Material
         Delayed-Nu-Fission Rate              0.000544375 +/- 1.91702e-07
   Delayed Group 4
     Incoming Energy [0, 200000000)
       Total Material
         Delayed-Nu-Fission Rate              0.00108723 +/- 3.78045e-07
   Delayed Group 5
     Incoming Energy [0, 200000000)
       Total Material
         Delayed-Nu-Fission Rate              0.00035615 +/- 1.23132e-07
   Delayed Group 6
     Incoming Energy [0, 200000000)
       Total Material
         Delayed-Nu-Fission Rate              0.000129465 +/- 4.40932e-08
 =================>     TALLY 5: BREEDING_RATIO_TALLY     <=================

 Universe 13
   Pu240
     (n,gamma)                            1.05262e-09 +/- 8.95501e-13
     Absorption Rate                      1.05356e-09 +/- 8.95682e-13
   Th232
     (n,gamma)                            0.462483 +/- 0.000147166
     Absorption Rate                      0.464003 +/- 0.000147131
   U238
     (n,gamma)                            1.92533e-09 +/- 2.22208e-12
     Absorption Rate                      1.9312e-09 +/- 2.22269e-12
   U233
     (n,gamma)                            0.0487095 +/- 1.63899e-05
     Absorption Rate                      0.448604 +/- 0.000160329
   Pu241
     (n,gamma)                            6.34043e-11 +/- 2.88059e-14
     Absorption Rate                      2.29391e-10 +/- 1.02313e-13
   Pu239
     (n,gamma)                            4.49375e-09 +/- 2.09993e-12
     Absorption Rate                      1.19595e-08 +/- 5.54011e-12
   U235
     (n,gamma)                            0.000410799 +/- 1.46715e-07
     Absorption Rate                      0.00227883 +/- 9.20424e-07
   U234
     (n,gamma)                            0.008932 +/- 6.63769e-06
     Absorption Rate                      0.00898703 +/- 6.64061e-06
   Pu238
     (n,gamma)                            3.19864e-08 +/- 1.42195e-11
     Absorption Rate                      3.41495e-08 +/- 1.47426e-11
 ====================>     TALLY 6: FISSION_ENERGY     <====================

 Universe 13
   Total Material
     Kappa-Fission Rate                   7.70547e+07 +/- 27749.7
 =======================>     TALLY 7: HEATING     <========================

 Universe 13
   Total Material
     heating                              7.10445e+07 +/- 24801.1
 ============================>     TALLY 8     <============================

 Internal

