 ============================>     TALLY 1     <============================

 Universe 13
   Delayed Group 1
     Total Material
       Delayed-Nu-Fission Rate              0.000260663 +/- 9.60655e-08
   Delayed Group 2
     Total Material
       Delayed-Nu-Fission Rate              0.000699457 +/- 2.56933e-07
   Delayed Group 3
     Total Material
       Delayed-Nu-Fission Rate              0.000548409 +/- 1.99814e-07
   Delayed Group 4
     Total Material
       Delayed-Nu-Fission Rate              0.00109477 +/- 3.94466e-07
   Delayed Group 5
     Total Material
       Delayed-Nu-Fission Rate              0.000358299 +/- 1.28447e-07
   Delayed Group 6
     Total Material
       Delayed-Nu-Fission Rate              0.000130146 +/- 4.60486e-08
 ============================>     TALLY 2     <============================

 Universe 13
   Delayed Group 1
     Total Material
       Decay Rate                           -nan +/- 0
   Delayed Group 2
     Total Material
       Decay Rate                           2.42768e-05 +/- 8.92271e-09
   Delayed Group 3
     Total Material
       Decay Rate                           -nan +/- 0
   Delayed Group 4
     Total Material
       Decay Rate                           -nan +/- 0
   Delayed Group 5
     Total Material
       Decay Rate                           -nan +/- 0
   Delayed Group 6
     Total Material
       Decay Rate                           -nan +/- 0
 ============================>     TALLY 3     <============================

 Universe 13
   Incoming Energy [0, 200000000)
     Total Material
       Nu-Fission Rate                      1.01632 +/- 0.000377643
 ============================>     TALLY 4     <============================

 Universe 13
   Delayed Group 1
     Incoming Energy [0, 200000000)
       Total Material
         Delayed-Nu-Fission Rate              0.000260663 +/- 9.60655e-08
   Delayed Group 2
     Incoming Energy [0, 200000000)
       Total Material
         Delayed-Nu-Fission Rate              0.000699457 +/- 2.56933e-07
   Delayed Group 3
     Incoming Energy [0, 200000000)
       Total Material
         Delayed-Nu-Fission Rate              0.000548409 +/- 1.99814e-07
   Delayed Group 4
     Incoming Energy [0, 200000000)
       Total Material
         Delayed-Nu-Fission Rate              0.00109477 +/- 3.94466e-07
   Delayed Group 5
     Incoming Energy [0, 200000000)
       Total Material
         Delayed-Nu-Fission Rate              0.000358299 +/- 1.28447e-07
   Delayed Group 6
     Incoming Energy [0, 200000000)
       Total Material
         Delayed-Nu-Fission Rate              0.000130146 +/- 4.60486e-08
 =================>     TALLY 5: BREEDING_RATIO_TALLY     <=================

 Universe 13
   U234
     (n,gamma)                            0.00744821 +/- 5.84766e-06
     Absorption Rate                      0.00749408 +/- 5.85273e-06
   U233
     (n,gamma)                            0.0492726 +/- 1.67057e-05
     Absorption Rate                      0.453436 +/- 0.000166734
   Pu239
     (n,gamma)                            1.37896e-09 +/- 6.5261e-13
     Absorption Rate                      3.66952e-09 +/- 1.72646e-12
   Th232
     (n,gamma)                            0.460389 +/- 0.000145624
     Absorption Rate                      0.461911 +/- 0.0001457
   Pu240
     (n,gamma)                            2.69709e-10 +/- 2.25762e-13
     Absorption Rate                      2.69951e-10 +/- 2.25803e-13
   Pu238
     (n,gamma)                            1.12689e-08 +/- 5.07752e-12
     Absorption Rate                      1.20336e-08 +/- 5.26916e-12
   U238
     (n,gamma)                            8.35531e-10 +/- 9.2842e-13
     Absorption Rate                      8.38082e-10 +/- 9.28578e-13
   Pu241
     (n,gamma)                            1.34628e-11 +/- 6.16119e-15
     Absorption Rate                      4.87042e-11 +/- 2.2015e-14
   U235
     (n,gamma)                            0.000284464 +/- 1.01416e-07
     Absorption Rate                      0.00157617 +/- 6.55769e-07
 ====================>     TALLY 6: FISSION_ENERGY     <====================

 Universe 13
   Total Material
     Kappa-Fission Rate                   7.7757e+07 +/- 28899.3
 =======================>     TALLY 7: HEATING     <========================

 Universe 13
   Total Material
     heating                              7.23799e+07 +/- 27668.5
 ============================>     TALLY 8     <============================

 Internal

