 ============================>     TALLY 1     <============================

 Universe 13
   Delayed Group 1
     Total Material
       Delayed-Nu-Fission Rate              0.000261136 +/- 9.59453e-08
   Delayed Group 2
     Total Material
       Delayed-Nu-Fission Rate              0.000699975 +/- 2.56164e-07
   Delayed Group 3
     Total Material
       Delayed-Nu-Fission Rate              0.000548588 +/- 1.9888e-07
   Delayed Group 4
     Total Material
       Delayed-Nu-Fission Rate              0.00109489 +/- 3.91857e-07
   Delayed Group 5
     Total Material
       Delayed-Nu-Fission Rate              0.000358074 +/- 1.2738e-07
   Delayed Group 6
     Total Material
       Delayed-Nu-Fission Rate              0.000130007 +/- 4.55426e-08
 ============================>     TALLY 2     <============================

 Universe 13
   Delayed Group 1
     Total Material
       Decay Rate                           -nan +/- 0
   Delayed Group 2
     Total Material
       Decay Rate                           -nan +/- 0
   Delayed Group 3
     Total Material
       Decay Rate                           -nan +/- 0
   Delayed Group 4
     Total Material
       Decay Rate                           -nan +/- 0
   Delayed Group 5
     Total Material
       Decay Rate                           -nan +/- 0
   Delayed Group 6
     Total Material
       Decay Rate                           -nan +/- 0
 ============================>     TALLY 3     <============================

 Universe 13
   Incoming Energy [0, 200000000)
     Total Material
       Nu-Fission Rate                      1.018 +/- 0.000377431
 ============================>     TALLY 4     <============================

 Universe 13
   Delayed Group 1
     Incoming Energy [0, 200000000)
       Total Material
         Delayed-Nu-Fission Rate              0.000261136 +/- 9.59453e-08
   Delayed Group 2
     Incoming Energy [0, 200000000)
       Total Material
         Delayed-Nu-Fission Rate              0.000699975 +/- 2.56164e-07
   Delayed Group 3
     Incoming Energy [0, 200000000)
       Total Material
         Delayed-Nu-Fission Rate              0.000548588 +/- 1.9888e-07
   Delayed Group 4
     Incoming Energy [0, 200000000)
       Total Material
         Delayed-Nu-Fission Rate              0.00109489 +/- 3.91857e-07
   Delayed Group 5
     Incoming Energy [0, 200000000)
       Total Material
         Delayed-Nu-Fission Rate              0.000358074 +/- 1.2738e-07
   Delayed Group 6
     Incoming Energy [0, 200000000)
       Total Material
         Delayed-Nu-Fission Rate              0.000130007 +/- 4.55426e-08
 =================>     TALLY 5: BREEDING_RATIO_TALLY     <=================

 Universe 13
   U238
     (n,gamma)                            2.45205e-10 +/- 2.4943e-13
     Absorption Rate                      2.45971e-10 +/- 2.49513e-13
   Th232
     (n,gamma)                            0.452155 +/- 0.000131748
     Absorption Rate                      0.453715 +/- 0.000131792
   Pu241
     (n,gamma)                            1.32166e-12 +/- 5.78873e-16
     Absorption Rate                      4.7805e-12 +/- 2.07379e-15
   U233
     (n,gamma)                            0.0496141 +/- 1.74627e-05
     Absorption Rate                      0.454951 +/- 0.000167726
   Pu239
     (n,gamma)                            2.35627e-10 +/- 1.04578e-13
     Absorption Rate                      6.26753e-10 +/- 2.7618e-13
   Pu240
     (n,gamma)                            3.52024e-11 +/- 3.12851e-14
     Absorption Rate                      3.52344e-11 +/- 3.12916e-14
   U235
     (n,gamma)                            0.0001625 +/- 5.93242e-08
     Absorption Rate                      0.000896155 +/- 3.67725e-07
   Pu238
     (n,gamma)                            2.38053e-09 +/- 1.13233e-12
     Absorption Rate                      2.54416e-09 +/- 1.18023e-12
   U234
     (n,gamma)                            0.00561562 +/- 4.79544e-06
     Absorption Rate                      0.00565071 +/- 4.799e-06
 ====================>     TALLY 6: FISSION_ENERGY     <====================

 Universe 13
   Total Material
     Kappa-Fission Rate                   7.78784e+07 +/- 28882.9
 =======================>     TALLY 7: HEATING     <========================

 Universe 13
   Total Material
     heating                              7.26059e+07 +/- 26587.6
 ============================>     TALLY 8     <============================

 Internal

 ============================>     TALLY 9     <============================

 Internal

 ===========================>     TALLY 10     <============================

 Internal

