 ============================>     TALLY 1     <============================

 Universe 13
   Delayed Group 1
     Total Material
       Delayed-Nu-Fission Rate              0.000259233 +/- 9.45345e-08
   Delayed Group 2
     Total Material
       Delayed-Nu-Fission Rate              0.000694187 +/- 2.52381e-07
   Delayed Group 3
     Total Material
       Delayed-Nu-Fission Rate              0.000543735 +/- 1.96283e-07
   Delayed Group 4
     Total Material
       Delayed-Nu-Fission Rate              0.00108466 +/- 3.8777e-07
   Delayed Group 5
     Total Material
       Delayed-Nu-Fission Rate              0.000354455 +/- 1.26136e-07
   Delayed Group 6
     Total Material
       Delayed-Nu-Fission Rate              0.000128594 +/- 4.5232e-08
 ============================>     TALLY 2     <============================

 Universe 13
   Delayed Group 1
     Total Material
       Decay Rate                           -nan +/- 0
   Delayed Group 2
     Total Material
       Decay Rate                           -nan +/- 0
   Delayed Group 3
     Total Material
       Decay Rate                           -nan +/- 0
   Delayed Group 4
     Total Material
       Decay Rate                           -nan +/- 0
   Delayed Group 5
     Total Material
       Decay Rate                           -nan +/- 0
   Delayed Group 6
     Total Material
       Decay Rate                           -nan +/- 0
 ============================>     TALLY 3     <============================

 Universe 13
   Incoming Energy [0, 200000000)
     Total Material
       Nu-Fission Rate                      1.01051 +/- 0.000371098
 ============================>     TALLY 4     <============================

 Universe 13
   Delayed Group 1
     Incoming Energy [0, 200000000)
       Total Material
         Delayed-Nu-Fission Rate              0.000259233 +/- 9.45345e-08
   Delayed Group 2
     Incoming Energy [0, 200000000)
       Total Material
         Delayed-Nu-Fission Rate              0.000694187 +/- 2.52381e-07
   Delayed Group 3
     Incoming Energy [0, 200000000)
       Total Material
         Delayed-Nu-Fission Rate              0.000543735 +/- 1.96283e-07
   Delayed Group 4
     Incoming Energy [0, 200000000)
       Total Material
         Delayed-Nu-Fission Rate              0.00108466 +/- 3.8777e-07
   Delayed Group 5
     Incoming Energy [0, 200000000)
       Total Material
         Delayed-Nu-Fission Rate              0.000354455 +/- 1.26136e-07
   Delayed Group 6
     Incoming Energy [0, 200000000)
       Total Material
         Delayed-Nu-Fission Rate              0.000128594 +/- 4.5232e-08
 =================>     TALLY 5: BREEDING_RATIO_TALLY     <=================

 Universe 13
   U235
     (n,gamma)                            6.00021e-05 +/- 2.20536e-08
     Absorption Rate                      0.000331132 +/- 1.36107e-07
   U234
     (n,gamma)                            0.0035876 +/- 3.13408e-06
     Absorption Rate                      0.00360974 +/- 3.13612e-06
   U238
     (n,gamma)                            2.48958e-11 +/- 2.57539e-14
     Absorption Rate                      2.49721e-11 +/- 2.57597e-14
   Th232
     (n,gamma)                            0.449184 +/- 0.000152919
     Absorption Rate                      0.450688 +/- 0.000152969
   Pu238
     (n,gamma)                            1.26131e-10 +/- 5.77927e-14
     Absorption Rate                      1.34777e-10 +/- 6.02998e-14
   Pu240
     (n,gamma)                            7.33453e-13 +/- 7.07094e-16
     Absorption Rate                      7.3412e-13 +/- 7.07237e-16
   Pu241
     (n,gamma)                            1.62577e-14 +/- 7.13016e-18
     Absorption Rate                      5.88052e-14 +/- 2.55938e-17
   U233
     (n,gamma)                            0.0492661 +/- 1.70636e-05
     Absorption Rate                      0.452132 +/- 0.000164933
   Pu239
     (n,gamma)                            8.46923e-12 +/- 3.84585e-15
     Absorption Rate                      2.25294e-11 +/- 1.01431e-14
 ====================>     TALLY 6: FISSION_ENERGY     <====================

 Universe 13
   Total Material
     Kappa-Fission Rate                   7.73051e+07 +/- 28394.3
 =======================>     TALLY 7: HEATING     <========================

 Universe 13
   Total Material
     heating                              7.15278e+07 +/- 25352.5
 ============================>     TALLY 8     <============================

 Internal

