 ============================>     TALLY 1     <============================

 Universe 13
   Delayed Group 1
     Total Material
       Delayed-Nu-Fission Rate              0.000254221 +/- 9.13597e-08
   Delayed Group 2
     Total Material
       Delayed-Nu-Fission Rate              0.000682073 +/- 2.44202e-07
   Delayed Group 3
     Total Material
       Delayed-Nu-Fission Rate              0.000534753 +/- 1.89719e-07
   Delayed Group 4
     Total Material
       Delayed-Nu-Fission Rate              0.0010675 +/- 3.7401e-07
   Delayed Group 5
     Total Material
       Delayed-Nu-Fission Rate              0.000349339 +/- 1.21686e-07
   Delayed Group 6
     Total Material
       Delayed-Nu-Fission Rate              0.000126886 +/- 4.3541e-08
 ============================>     TALLY 2     <============================

 Universe 13
   Delayed Group 1
     Total Material
       Decay Rate                           -nan +/- 0
   Delayed Group 2
     Total Material
       Decay Rate                           -nan +/- 0
   Delayed Group 3
     Total Material
       Decay Rate                           -nan +/- 0
   Delayed Group 4
     Total Material
       Decay Rate                           -nan +/- 0
   Delayed Group 5
     Total Material
       Decay Rate                           -nan +/- 0
   Delayed Group 6
     Total Material
       Decay Rate                           -nan +/- 0
 ============================>     TALLY 3     <============================

 Universe 13
   Incoming Energy [0, 200000000)
     Total Material
       Nu-Fission Rate                      0.991131 +/- 0.000359394
 ============================>     TALLY 4     <============================

 Universe 13
   Delayed Group 1
     Incoming Energy [0, 200000000)
       Total Material
         Delayed-Nu-Fission Rate              0.000254221 +/- 9.13597e-08
   Delayed Group 2
     Incoming Energy [0, 200000000)
       Total Material
         Delayed-Nu-Fission Rate              0.000682073 +/- 2.44202e-07
   Delayed Group 3
     Incoming Energy [0, 200000000)
       Total Material
         Delayed-Nu-Fission Rate              0.000534753 +/- 1.89719e-07
   Delayed Group 4
     Incoming Energy [0, 200000000)
       Total Material
         Delayed-Nu-Fission Rate              0.0010675 +/- 3.7401e-07
   Delayed Group 5
     Incoming Energy [0, 200000000)
       Total Material
         Delayed-Nu-Fission Rate              0.000349339 +/- 1.21686e-07
   Delayed Group 6
     Incoming Energy [0, 200000000)
       Total Material
         Delayed-Nu-Fission Rate              0.000126886 +/- 4.3541e-08
 =================>     TALLY 5: BREEDING_RATIO_TALLY     <=================

 Universe 13
   Pu239
     (n,gamma)                            8.89686e-10 +/- 3.8009e-13
     Absorption Rate                      2.36665e-09 +/- 1.00684e-12
   U234
     (n,gamma)                            0.00750489 +/- 5.59223e-06
     Absorption Rate                      0.00755225 +/- 5.59541e-06
   U235
     (n,gamma)                            0.000262528 +/- 8.81127e-08
     Absorption Rate                      0.00144773 +/- 5.76778e-07
   U238
     (n,gamma)                            6.53667e-10 +/- 7.25021e-13
     Absorption Rate                      6.55676e-10 +/- 7.25044e-13
   Th232
     (n,gamma)                            0.444151 +/- 0.000139779
     Absorption Rate                      0.44564 +/- 0.000139733
   U233
     (n,gamma)                            0.0482246 +/- 1.65865e-05
     Absorption Rate                      0.442426 +/- 0.000159591
   Pu238
     (n,gamma)                            7.79493e-09 +/- 3.60499e-12
     Absorption Rate                      8.33083e-09 +/- 3.75089e-12
   Pu240
     (n,gamma)                            1.60087e-10 +/- 1.35638e-13
     Absorption Rate                      1.60233e-10 +/- 1.35673e-13
   Pu241
     (n,gamma)                            7.48216e-12 +/- 3.20177e-15
     Absorption Rate                      2.7065e-11 +/- 1.14903e-14
 ====================>     TALLY 6: FISSION_ENERGY     <====================

 Universe 13
   Total Material
     Kappa-Fission Rate                   7.58288e+07 +/- 27503.5
 =======================>     TALLY 7: HEATING     <========================

 Universe 13
   Total Material
     heating                              6.88686e+07 +/- 24059.4
 ============================>     TALLY 8     <============================

 Internal

