 ============================>     TALLY 1     <============================

 Universe 13
   Delayed Group 1
     Total Material
       Delayed-Nu-Fission Rate              0.000259569 +/- 9.0393e-08
   Delayed Group 2
     Total Material
       Delayed-Nu-Fission Rate              0.000695045 +/- 2.41215e-07
   Delayed Group 3
     Total Material
       Delayed-Nu-Fission Rate              0.000544388 +/- 1.87421e-07
   Delayed Group 4
     Total Material
       Delayed-Nu-Fission Rate              0.00108593 +/- 3.69802e-07
   Delayed Group 5
     Total Material
       Delayed-Nu-Fission Rate              0.000354854 +/- 1.20218e-07
   Delayed Group 6
     Total Material
       Delayed-Nu-Fission Rate              0.000128733 +/- 4.30491e-08
 ============================>     TALLY 2     <============================

 Universe 13
   Delayed Group 1
     Total Material
       Decay Rate                           -nan +/- 0
   Delayed Group 2
     Total Material
       Decay Rate                           2.41297e-05 +/- 8.37906e-09
   Delayed Group 3
     Total Material
       Decay Rate                           -nan +/- 0
   Delayed Group 4
     Total Material
       Decay Rate                           -nan +/- 0
   Delayed Group 5
     Total Material
       Decay Rate                           -nan +/- 0
   Delayed Group 6
     Total Material
       Decay Rate                           -nan +/- 0
 ============================>     TALLY 3     <============================

 Universe 13
   Incoming Energy [0, 200000000)
     Total Material
       Nu-Fission Rate                      1.01182 +/- 0.000355156
 ============================>     TALLY 4     <============================

 Universe 13
   Delayed Group 1
     Incoming Energy [0, 200000000)
       Total Material
         Delayed-Nu-Fission Rate              0.000259569 +/- 9.0393e-08
   Delayed Group 2
     Incoming Energy [0, 200000000)
       Total Material
         Delayed-Nu-Fission Rate              0.000695045 +/- 2.41215e-07
   Delayed Group 3
     Incoming Energy [0, 200000000)
       Total Material
         Delayed-Nu-Fission Rate              0.000544388 +/- 1.87421e-07
   Delayed Group 4
     Incoming Energy [0, 200000000)
       Total Material
         Delayed-Nu-Fission Rate              0.00108593 +/- 3.69802e-07
   Delayed Group 5
     Incoming Energy [0, 200000000)
       Total Material
         Delayed-Nu-Fission Rate              0.000354854 +/- 1.20218e-07
   Delayed Group 6
     Incoming Energy [0, 200000000)
       Total Material
         Delayed-Nu-Fission Rate              0.000128733 +/- 4.30491e-08
 =================>     TALLY 5: BREEDING_RATIO_TALLY     <=================

 Universe 13
   U235
     (n,gamma)                            5.41052e-05 +/- 1.88916e-08
     Absorption Rate                      0.000298666 +/- 1.19906e-07
   U234
     (n,gamma)                            0.00340756 +/- 3.0741e-06
     Absorption Rate                      0.00342855 +/- 3.07695e-06
   U238
     (n,gamma)                            1.97196e-11 +/- 2.37255e-14
     Absorption Rate                      1.97803e-11 +/- 2.3729e-14
   Th232
     (n,gamma)                            0.449526 +/- 0.000143951
     Absorption Rate                      0.45103 +/- 0.000143947
   Pu238
     (n,gamma)                            9.44934e-11 +/- 4.32144e-14
     Absorption Rate                      1.00971e-10 +/- 4.4909e-14
   Pu240
     (n,gamma)                            5.03195e-13 +/- 4.62036e-16
     Absorption Rate                      5.03653e-13 +/- 4.62135e-16
   Pu241
     (n,gamma)                            1.05983e-14 +/- 4.56929e-18
     Absorption Rate                      3.83379e-14 +/- 1.63032e-17
   U233
     (n,gamma)                            0.0493308 +/- 1.54544e-05
     Absorption Rate                      0.452749 +/- 0.000156935
   Pu239
     (n,gamma)                            6.11923e-12 +/- 2.80137e-15
     Absorption Rate                      1.62783e-11 +/- 7.38406e-15
 ====================>     TALLY 6: FISSION_ENERGY     <====================

 Universe 13
   Total Material
     Kappa-Fission Rate                   7.74053e+07 +/- 27174.9
 =======================>     TALLY 7: HEATING     <========================

 Universe 13
   Total Material
     heating                              7.16903e+07 +/- 24588.3
 ============================>     TALLY 8     <============================

 Internal

