 ============================>     TALLY 1     <============================

 Universe 13
   Delayed Group 1
     Total Material
       Delayed-Nu-Fission Rate              0.000257256 +/- 9.66101e-08
   Delayed Group 2
     Total Material
       Delayed-Nu-Fission Rate              0.000689242 +/- 2.57766e-07
   Delayed Group 3
     Total Material
       Delayed-Nu-Fission Rate              0.000540004 +/- 1.9999e-07
   Delayed Group 4
     Total Material
       Delayed-Nu-Fission Rate              0.00107745 +/- 3.93709e-07
   Delayed Group 5
     Total Material
       Delayed-Nu-Fission Rate              0.000352229 +/- 1.27889e-07
   Delayed Group 6
     Total Material
       Delayed-Nu-Fission Rate              0.000127829 +/- 4.56647e-08
 ============================>     TALLY 2     <============================

 Universe 13
   Delayed Group 1
     Total Material
       Decay Rate                           -nan +/- 0
   Delayed Group 2
     Total Material
       Decay Rate                           2.39266e-05 +/- 8.9545e-09
   Delayed Group 3
     Total Material
       Decay Rate                           -nan +/- 0
   Delayed Group 4
     Total Material
       Decay Rate                           -nan +/- 0
   Delayed Group 5
     Total Material
       Decay Rate                           -nan +/- 0
   Delayed Group 6
     Total Material
       Decay Rate                           -nan +/- 0
 ============================>     TALLY 3     <============================

 Universe 13
   Incoming Energy [0, 200000000)
     Total Material
       Nu-Fission Rate                      1.00283 +/- 0.000380229
 ============================>     TALLY 4     <============================

 Universe 13
   Delayed Group 1
     Incoming Energy [0, 200000000)
       Total Material
         Delayed-Nu-Fission Rate              0.000257256 +/- 9.66101e-08
   Delayed Group 2
     Incoming Energy [0, 200000000)
       Total Material
         Delayed-Nu-Fission Rate              0.000689242 +/- 2.57766e-07
   Delayed Group 3
     Incoming Energy [0, 200000000)
       Total Material
         Delayed-Nu-Fission Rate              0.000540004 +/- 1.9999e-07
   Delayed Group 4
     Incoming Energy [0, 200000000)
       Total Material
         Delayed-Nu-Fission Rate              0.00107745 +/- 3.93709e-07
   Delayed Group 5
     Incoming Energy [0, 200000000)
       Total Material
         Delayed-Nu-Fission Rate              0.000352229 +/- 1.27889e-07
   Delayed Group 6
     Incoming Energy [0, 200000000)
       Total Material
         Delayed-Nu-Fission Rate              0.000127829 +/- 4.56647e-08
 =================>     TALLY 5: BREEDING_RATIO_TALLY     <=================

 Universe 13
   U235
     (n,gamma)                            0.000112668 +/- 4.09117e-08
     Absorption Rate                      0.000621742 +/- 2.57676e-07
   U234
     (n,gamma)                            0.00492389 +/- 4.08102e-06
     Absorption Rate                      0.00495449 +/- 4.08368e-06
   U238
     (n,gamma)                            9.97555e-11 +/- 1.08938e-13
     Absorption Rate                      1.00062e-10 +/- 1.08966e-13
   Th232
     (n,gamma)                            0.447699 +/- 0.000142966
     Absorption Rate                      0.449198 +/- 0.000142993
   Pu238
     (n,gamma)                            7.31593e-10 +/- 3.39262e-13
     Absorption Rate                      7.81785e-10 +/- 3.53797e-13
   Pu240
     (n,gamma)                            7.24459e-12 +/- 6.46289e-15
     Absorption Rate                      7.2512e-12 +/- 6.46384e-15
   Pu241
     (n,gamma)                            2.21217e-13 +/- 9.48708e-17
     Absorption Rate                      8.00221e-13 +/- 3.40162e-16
   U233
     (n,gamma)                            0.0488548 +/- 1.69675e-05
     Absorption Rate                      0.448407 +/- 0.000168708
   Pu239
     (n,gamma)                            6.13553e-11 +/- 2.61594e-14
     Absorption Rate                      1.63217e-10 +/- 6.95394e-14
 ====================>     TALLY 6: FISSION_ENERGY     <====================

 Universe 13
   Total Material
     Kappa-Fission Rate                   7.67189e+07 +/- 29095.2
 =======================>     TALLY 7: HEATING     <========================

 Universe 13
   Total Material
     heating                              7.05077e+07 +/- 26772.4
 ============================>     TALLY 8     <============================

 Internal

