 ============================>     TALLY 1     <============================

 Universe 13
   Delayed Group 1
     Total Material
       Delayed-Nu-Fission Rate              0.000255325 +/- 8.74841e-08
   Delayed Group 2
     Total Material
       Delayed-Nu-Fission Rate              0.000684593 +/- 2.33687e-07
   Delayed Group 3
     Total Material
       Delayed-Nu-Fission Rate              0.000536565 +/- 1.81526e-07
   Delayed Group 4
     Total Material
       Delayed-Nu-Fission Rate              0.00107089 +/- 3.57901e-07
   Delayed Group 5
     Total Material
       Delayed-Nu-Fission Rate              0.000350283 +/- 1.16403e-07
   Delayed Group 6
     Total Material
       Delayed-Nu-Fission Rate              0.000127182 +/- 4.16577e-08
 ============================>     TALLY 2     <============================

 Universe 13
   Delayed Group 1
     Total Material
       Decay Rate                           -nan +/- 0
   Delayed Group 2
     Total Material
       Decay Rate                           -nan +/- 0
   Delayed Group 3
     Total Material
       Decay Rate                           -nan +/- 0
   Delayed Group 4
     Total Material
       Decay Rate                           -nan +/- 0
   Delayed Group 5
     Total Material
       Decay Rate                           -nan +/- 0
   Delayed Group 6
     Total Material
       Decay Rate                           -nan +/- 0
 ============================>     TALLY 3     <============================

 Universe 13
   Incoming Energy [0, 200000000)
     Total Material
       Nu-Fission Rate                      0.995363 +/- 0.000344106
 ============================>     TALLY 4     <============================

 Universe 13
   Delayed Group 1
     Incoming Energy [0, 200000000)
       Total Material
         Delayed-Nu-Fission Rate              0.000255325 +/- 8.74841e-08
   Delayed Group 2
     Incoming Energy [0, 200000000)
       Total Material
         Delayed-Nu-Fission Rate              0.000684593 +/- 2.33687e-07
   Delayed Group 3
     Incoming Energy [0, 200000000)
       Total Material
         Delayed-Nu-Fission Rate              0.000536565 +/- 1.81526e-07
   Delayed Group 4
     Incoming Energy [0, 200000000)
       Total Material
         Delayed-Nu-Fission Rate              0.00107089 +/- 3.57901e-07
   Delayed Group 5
     Incoming Energy [0, 200000000)
       Total Material
         Delayed-Nu-Fission Rate              0.000350283 +/- 1.16403e-07
   Delayed Group 6
     Incoming Energy [0, 200000000)
       Total Material
         Delayed-Nu-Fission Rate              0.000127182 +/- 4.16577e-08
 =================>     TALLY 5: BREEDING_RATIO_TALLY     <=================

 Universe 13
   U238
     (n,gamma)                            3.31386e-10 +/- 3.47106e-13
     Absorption Rate                      3.32404e-10 +/- 3.4709e-13
   Pu239
     (n,gamma)                            3.38533e-10 +/- 1.4553e-13
     Absorption Rate                      9.00553e-10 +/- 3.83243e-13
   Pu241
     (n,gamma)                            2.09875e-12 +/- 8.67152e-16
     Absorption Rate                      7.59189e-12 +/- 3.10036e-15
   U233
     (n,gamma)                            0.0484501 +/- 1.6347e-05
     Absorption Rate                      0.444651 +/- 0.000153326
   Pu238
     (n,gamma)                            3.31596e-09 +/- 1.47937e-12
     Absorption Rate                      3.54366e-09 +/- 1.53465e-12
   Th232
     (n,gamma)                            0.445709 +/- 0.000128293
     Absorption Rate                      0.447203 +/- 0.000128353
   Pu240
     (n,gamma)                            5.2402e-11 +/- 4.68315e-14
     Absorption Rate                      5.24498e-11 +/- 4.68419e-14
   U234
     (n,gamma)                            0.00645268 +/- 4.99743e-06
     Absorption Rate                      0.00649313 +/- 5.00184e-06
   U235
     (n,gamma)                            0.000193586 +/- 6.21787e-08
     Absorption Rate                      0.00106804 +/- 4.00065e-07
 ====================>     TALLY 6: FISSION_ENERGY     <====================

 Universe 13
   Total Material
     Kappa-Fission Rate                   7.61504e+07 +/- 26332
 =======================>     TALLY 7: HEATING     <========================

 Universe 13
   Total Material
     heating                              6.9416e+07 +/- 24281.6
 ============================>     TALLY 8     <============================

 Internal

