 ============================>     TALLY 1     <============================

 Universe 13
   Delayed Group 1
     Total Material
       Delayed-Nu-Fission Rate              0.00026286 +/- 9.14021e-08
   Delayed Group 2
     Total Material
       Delayed-Nu-Fission Rate              0.000703602 +/- 2.43696e-07
   Delayed Group 3
     Total Material
       Delayed-Nu-Fission Rate              0.000550974 +/- 1.89099e-07
   Delayed Group 4
     Total Material
       Delayed-Nu-Fission Rate              0.00109886 +/- 3.72463e-07
   Delayed Group 5
     Total Material
       Delayed-Nu-Fission Rate              0.00035898 +/- 1.20951e-07
   Delayed Group 6
     Total Material
       Delayed-Nu-Fission Rate              0.000130194 +/- 4.32113e-08
 ============================>     TALLY 2     <============================

 Universe 13
   Delayed Group 1
     Total Material
       Decay Rate                           -nan +/- 0
   Delayed Group 2
     Total Material
       Decay Rate                           2.44278e-05 +/- 8.46633e-09
   Delayed Group 3
     Total Material
       Decay Rate                           -nan +/- 0
   Delayed Group 4
     Total Material
       Decay Rate                           -nan +/- 0
   Delayed Group 5
     Total Material
       Decay Rate                           -nan +/- 0
   Delayed Group 6
     Total Material
       Decay Rate                           -nan +/- 0
 ============================>     TALLY 3     <============================

 Universe 13
   Incoming Energy [0, 200000000)
     Total Material
       Nu-Fission Rate                      1.02467 +/- 0.000359448
 ============================>     TALLY 4     <============================

 Universe 13
   Delayed Group 1
     Incoming Energy [0, 200000000)
       Total Material
         Delayed-Nu-Fission Rate              0.00026286 +/- 9.14021e-08
   Delayed Group 2
     Incoming Energy [0, 200000000)
       Total Material
         Delayed-Nu-Fission Rate              0.000703602 +/- 2.43696e-07
   Delayed Group 3
     Incoming Energy [0, 200000000)
       Total Material
         Delayed-Nu-Fission Rate              0.000550974 +/- 1.89099e-07
   Delayed Group 4
     Incoming Energy [0, 200000000)
       Total Material
         Delayed-Nu-Fission Rate              0.00109886 +/- 3.72463e-07
   Delayed Group 5
     Incoming Energy [0, 200000000)
       Total Material
         Delayed-Nu-Fission Rate              0.00035898 +/- 1.20951e-07
   Delayed Group 6
     Incoming Energy [0, 200000000)
       Total Material
         Delayed-Nu-Fission Rate              0.000130194 +/- 4.32113e-08
 =================>     TALLY 5: BREEDING_RATIO_TALLY     <=================

 Universe 13
   U234
     (n,gamma)                            0.00192267 +/- 1.84451e-06
     Absorption Rate                      0.00193446 +/- 1.84585e-06
   Pu239
     (n,gamma)                            1.7156e-13 +/- 7.47962e-17
     Absorption Rate                      4.56349e-13 +/- 1.97567e-16
   Pu238
     (n,gamma)                            3.84755e-12 +/- 1.67104e-15
     Absorption Rate                      4.11159e-12 +/- 1.73898e-15
   Th232
     (n,gamma)                            0.450092 +/- 0.000126946
     Absorption Rate                      0.451603 +/- 0.000126865
   U238
     (n,gamma)                            1.60934e-12 +/- 1.76105e-15
     Absorption Rate                      1.61428e-12 +/- 1.7613e-15
   Pu241
     (n,gamma)                            1.08499e-16 +/- 4.48601e-20
     Absorption Rate                      3.92459e-16 +/- 1.61321e-19
   U233
     (n,gamma)                            0.0500094 +/- 1.57147e-05
     Absorption Rate                      0.458737 +/- 0.0001591
   U235
     (n,gamma)                            1.74745e-05 +/- 5.94602e-09
     Absorption Rate                      9.63983e-05 +/- 3.81987e-08
   Pu240
     (n,gamma)                            8.21982e-15 +/- 7.88649e-18
     Absorption Rate                      8.2273e-15 +/- 7.88803e-18
 ====================>     TALLY 6: FISSION_ENERGY     <====================

 Universe 13
   Total Material
     Kappa-Fission Rate                   7.8387e+07 +/- 27504.5
 =======================>     TALLY 7: HEATING     <========================

 Universe 13
   Total Material
     heating                              7.34928e+07 +/- 25359.3
 ============================>     TALLY 8     <============================

 Internal

