 ============================>     TALLY 1     <============================

 Universe 13
   Delayed Group 1
     Total Material
       Delayed-Nu-Fission Rate              0.000251678 +/- 8.32834e-08
   Delayed Group 2
     Total Material
       Delayed-Nu-Fission Rate              0.000676363 +/- 2.2301e-07
   Delayed Group 3
     Total Material
       Delayed-Nu-Fission Rate              0.000530693 +/- 1.7338e-07
   Delayed Group 4
     Total Material
       Delayed-Nu-Fission Rate              0.00106001 +/- 3.41971e-07
   Delayed Group 5
     Total Material
       Delayed-Nu-Fission Rate              0.000347299 +/- 1.11413e-07
   Delayed Group 6
     Total Material
       Delayed-Nu-Fission Rate              0.000126267 +/- 3.99117e-08
 ============================>     TALLY 2     <============================

 Universe 13
   Delayed Group 1
     Total Material
       Decay Rate                           -nan +/- 0
   Delayed Group 2
     Total Material
       Decay Rate                           2.34709e-05 +/- 7.74373e-09
   Delayed Group 3
     Total Material
       Decay Rate                           -nan +/- 0
   Delayed Group 4
     Total Material
       Decay Rate                           -nan +/- 0
   Delayed Group 5
     Total Material
       Decay Rate                           -nan +/- 0
   Delayed Group 6
     Total Material
       Decay Rate                           -nan +/- 0
 ============================>     TALLY 3     <============================

 Universe 13
   Incoming Energy [0, 200000000)
     Total Material
       Nu-Fission Rate                      0.981386 +/- 0.000327803
 ============================>     TALLY 4     <============================

 Universe 13
   Delayed Group 1
     Incoming Energy [0, 200000000)
       Total Material
         Delayed-Nu-Fission Rate              0.000251678 +/- 8.32834e-08
   Delayed Group 2
     Incoming Energy [0, 200000000)
       Total Material
         Delayed-Nu-Fission Rate              0.000676363 +/- 2.2301e-07
   Delayed Group 3
     Incoming Energy [0, 200000000)
       Total Material
         Delayed-Nu-Fission Rate              0.000530693 +/- 1.7338e-07
   Delayed Group 4
     Incoming Energy [0, 200000000)
       Total Material
         Delayed-Nu-Fission Rate              0.00106001 +/- 3.41971e-07
   Delayed Group 5
     Incoming Energy [0, 200000000)
       Total Material
         Delayed-Nu-Fission Rate              0.000347299 +/- 1.11413e-07
   Delayed Group 6
     Incoming Energy [0, 200000000)
       Total Material
         Delayed-Nu-Fission Rate              0.000126267 +/- 3.99117e-08
 =================>     TALLY 5: BREEDING_RATIO_TALLY     <=================

 Universe 13
   Pu238
     (n,gamma)                            3.26971e-08 +/- 1.39256e-11
     Absorption Rate                      3.49507e-08 +/- 1.45012e-11
   Pu239
     (n,gamma)                            4.49358e-09 +/- 1.88567e-12
     Absorption Rate                      1.19527e-08 +/- 4.98125e-12
   Pu240
     (n,gamma)                            1.03982e-09 +/- 9.04803e-13
     Absorption Rate                      1.04078e-09 +/- 9.04967e-13
   Th232
     (n,gamma)                            0.440581 +/- 0.00014619
     Absorption Rate                      0.442062 +/- 0.000146151
   U235
     (n,gamma)                            0.000434744 +/- 1.48673e-07
     Absorption Rate                      0.00239541 +/- 9.01845e-07
   Pu241
     (n,gamma)                            6.26646e-11 +/- 2.54017e-14
     Absorption Rate                      2.26678e-10 +/- 9.10552e-14
   U238
     (n,gamma)                            2.05347e-09 +/- 2.05885e-12
     Absorption Rate                      2.05979e-09 +/- 2.05941e-12
   U233
     (n,gamma)                            0.0476702 +/- 1.54876e-05
     Absorption Rate                      0.437203 +/- 0.000145525
   U234
     (n,gamma)                            0.00964056 +/- 8.35057e-06
     Absorption Rate                      0.00970224 +/- 8.35713e-06
 ====================>     TALLY 6: FISSION_ENERGY     <====================

 Universe 13
   Total Material
     Kappa-Fission Rate                   7.50885e+07 +/- 25087.5
 =======================>     TALLY 7: HEATING     <========================

 Universe 13
   Total Material
     heating                              6.75521e+07 +/- 22194.7
 ============================>     TALLY 8     <============================

 Internal

