 ============================>     TALLY 1     <============================

 Universe 13
   Delayed Group 1
     Total Material
       Delayed-Nu-Fission Rate              0.000260399 +/- 9.7743e-08
   Delayed Group 2
     Total Material
       Delayed-Nu-Fission Rate              0.000698178 +/- 2.61266e-07
   Delayed Group 3
     Total Material
       Delayed-Nu-Fission Rate              0.000547255 +/- 2.0328e-07
   Delayed Group 4
     Total Material
       Delayed-Nu-Fission Rate              0.00109235 +/- 4.01684e-07
   Delayed Group 5
     Total Material
       Delayed-Nu-Fission Rate              0.000357313 +/- 1.30778e-07
   Delayed Group 6
     Total Material
       Delayed-Nu-Fission Rate              0.000129753 +/- 4.69245e-08
 ============================>     TALLY 2     <============================

 Universe 13
   Delayed Group 1
     Total Material
       Decay Rate                           -nan +/- 0
   Delayed Group 2
     Total Material
       Decay Rate                           2.42346e-05 +/- 9.07361e-09
   Delayed Group 3
     Total Material
       Decay Rate                           -nan +/- 0
   Delayed Group 4
     Total Material
       Decay Rate                           -nan +/- 0
   Delayed Group 5
     Total Material
       Decay Rate                           -nan +/- 0
   Delayed Group 6
     Total Material
       Decay Rate                           -nan +/- 0
 ============================>     TALLY 3     <============================

 Universe 13
   Incoming Energy [0, 200000000)
     Total Material
       Nu-Fission Rate                      1.01513 +/- 0.00038387
 ============================>     TALLY 4     <============================

 Universe 13
   Delayed Group 1
     Incoming Energy [0, 200000000)
       Total Material
         Delayed-Nu-Fission Rate              0.000260399 +/- 9.7743e-08
   Delayed Group 2
     Incoming Energy [0, 200000000)
       Total Material
         Delayed-Nu-Fission Rate              0.000698178 +/- 2.61266e-07
   Delayed Group 3
     Incoming Energy [0, 200000000)
       Total Material
         Delayed-Nu-Fission Rate              0.000547255 +/- 2.0328e-07
   Delayed Group 4
     Incoming Energy [0, 200000000)
       Total Material
         Delayed-Nu-Fission Rate              0.00109235 +/- 4.01684e-07
   Delayed Group 5
     Incoming Energy [0, 200000000)
       Total Material
         Delayed-Nu-Fission Rate              0.000357313 +/- 1.30778e-07
   Delayed Group 6
     Incoming Energy [0, 200000000)
       Total Material
         Delayed-Nu-Fission Rate              0.000129753 +/- 4.69245e-08
 =================>     TALLY 5: BREEDING_RATIO_TALLY     <=================

 Universe 13
   U238
     (n,gamma)                            3.45424e-10 +/- 3.52815e-13
     Absorption Rate                      3.46503e-10 +/- 3.5285e-13
   Th232
     (n,gamma)                            0.452571 +/- 0.000150173
     Absorption Rate                      0.45413 +/- 0.000150254
   Pu241
     (n,gamma)                            2.51476e-12 +/- 1.15989e-15
     Absorption Rate                      9.09637e-12 +/- 4.13709e-15
   U233
     (n,gamma)                            0.049463 +/- 1.79027e-05
     Absorption Rate                      0.45353 +/- 0.000170589
   Pu239
     (n,gamma)                            3.84107e-10 +/- 1.8488e-13
     Absorption Rate                      1.02172e-09 +/- 4.86026e-13
   Pu240
     (n,gamma)                            6.19684e-11 +/- 5.75326e-14
     Absorption Rate                      6.20248e-11 +/- 5.75424e-14
   U235
     (n,gamma)                            0.000189511 +/- 7.36324e-08
     Absorption Rate                      0.00104537 +/- 4.4096e-07
   Pu238
     (n,gamma)                            3.66331e-09 +/- 1.67553e-12
     Absorption Rate                      3.91489e-09 +/- 1.74241e-12
   U234
     (n,gamma)                            0.00606936 +/- 5.35048e-06
     Absorption Rate                      0.00610726 +/- 5.35383e-06
 ====================>     TALLY 6: FISSION_ENERGY     <====================

 Universe 13
   Total Material
     Kappa-Fission Rate                   7.76601e+07 +/- 29372.4
 =======================>     TALLY 7: HEATING     <========================

 Universe 13
   Total Material
     heating                              7.22128e+07 +/- 27567.1
 ============================>     TALLY 8     <============================

 Internal

 ============================>     TALLY 9     <============================

 Internal

 ===========================>     TALLY 10     <============================

 Internal

