 ============================>     TALLY 1     <============================

 Universe 13
   Delayed Group 1
     Total Material
       Delayed-Nu-Fission Rate              0.000258909 +/- 9.92912e-08
   Delayed Group 2
     Total Material
       Delayed-Nu-Fission Rate              0.000695463 +/- 2.65739e-07
   Delayed Group 3
     Total Material
       Delayed-Nu-Fission Rate              0.00054556 +/- 2.06546e-07
   Delayed Group 4
     Total Material
       Delayed-Nu-Fission Rate              0.00108952 +/- 4.07265e-07
   Delayed Group 5
     Total Material
       Delayed-Nu-Fission Rate              0.000356848 +/- 1.3262e-07
   Delayed Group 6
     Total Material
       Delayed-Nu-Fission Rate              0.000129703 +/- 4.74746e-08
 ============================>     TALLY 2     <============================

 Universe 13
   Delayed Group 1
     Total Material
       Decay Rate                           -nan +/- 0
   Delayed Group 2
     Total Material
       Decay Rate                           2.41352e-05 +/- 9.22798e-09
   Delayed Group 3
     Total Material
       Decay Rate                           -nan +/- 0
   Delayed Group 4
     Total Material
       Decay Rate                           -nan +/- 0
   Delayed Group 5
     Total Material
       Decay Rate                           -nan +/- 0
   Delayed Group 6
     Total Material
       Decay Rate                           -nan +/- 0
 ============================>     TALLY 3     <============================

 Universe 13
   Incoming Energy [0, 200000000)
     Total Material
       Nu-Fission Rate                      1.00954 +/- 0.000390751
 ============================>     TALLY 4     <============================

 Universe 13
   Delayed Group 1
     Incoming Energy [0, 200000000)
       Total Material
         Delayed-Nu-Fission Rate              0.000258909 +/- 9.92912e-08
   Delayed Group 2
     Incoming Energy [0, 200000000)
       Total Material
         Delayed-Nu-Fission Rate              0.000695463 +/- 2.65739e-07
   Delayed Group 3
     Incoming Energy [0, 200000000)
       Total Material
         Delayed-Nu-Fission Rate              0.00054556 +/- 2.06546e-07
   Delayed Group 4
     Incoming Energy [0, 200000000)
       Total Material
         Delayed-Nu-Fission Rate              0.00108952 +/- 4.07265e-07
   Delayed Group 5
     Incoming Energy [0, 200000000)
       Total Material
         Delayed-Nu-Fission Rate              0.000356848 +/- 1.3262e-07
   Delayed Group 6
     Incoming Energy [0, 200000000)
       Total Material
         Delayed-Nu-Fission Rate              0.000129703 +/- 4.74746e-08
 =================>     TALLY 5: BREEDING_RATIO_TALLY     <=================

 Universe 13
   Pu240
     (n,gamma)                            8.81691e-10 +/- 8.54076e-13
     Absorption Rate                      8.82479e-10 +/- 8.5423e-13
   Th232
     (n,gamma)                            0.462571 +/- 0.000137588
     Absorption Rate                      0.464093 +/- 0.000137579
   U238
     (n,gamma)                            1.72778e-09 +/- 1.79727e-12
     Absorption Rate                      1.73304e-09 +/- 1.7974e-12
   U233
     (n,gamma)                            0.0488436 +/- 1.73622e-05
     Absorption Rate                      0.449809 +/- 0.000172619
   Pu241
     (n,gamma)                            5.18957e-11 +/- 2.39591e-14
     Absorption Rate                      1.87746e-10 +/- 8.63011e-14
   Pu239
     (n,gamma)                            3.85876e-09 +/- 1.82654e-12
     Absorption Rate                      1.02691e-08 +/- 4.82058e-12
   U235
     (n,gamma)                            0.000392106 +/- 1.45166e-07
     Absorption Rate                      0.00217497 +/- 9.35744e-07
   U234
     (n,gamma)                            0.00871788 +/- 6.77748e-06
     Absorption Rate                      0.00877167 +/- 6.78047e-06
   Pu238
     (n,gamma)                            2.79486e-08 +/- 1.38551e-11
     Absorption Rate                      2.98389e-08 +/- 1.43723e-11
 ====================>     TALLY 6: FISSION_ENERGY     <====================

 Universe 13
   Total Material
     Kappa-Fission Rate                   7.72427e+07 +/- 29904.1
 =======================>     TALLY 7: HEATING     <========================

 Universe 13
   Total Material
     heating                              7.14045e+07 +/- 27199.1
 ============================>     TALLY 8     <============================

 Internal

