 ============================>     TALLY 1     <============================

 Universe 13
   Delayed Group 1
     Total Material
       Delayed-Nu-Fission Rate              0.000267783 +/- 1.03932e-07
   Delayed Group 2
     Total Material
       Delayed-Nu-Fission Rate              0.000716725 +/- 2.7712e-07
   Delayed Group 3
     Total Material
       Delayed-Nu-Fission Rate              0.000561243 +/- 2.15101e-07
   Delayed Group 4
     Total Material
       Delayed-Nu-Fission Rate              0.00111935 +/- 4.23861e-07
   Delayed Group 5
     Total Material
       Delayed-Nu-Fission Rate              0.000365657 +/- 1.37661e-07
   Delayed Group 6
     Total Material
       Delayed-Nu-Fission Rate              0.000132615 +/- 4.92024e-08
 ============================>     TALLY 2     <============================

 Universe 13
   Delayed Group 1
     Total Material
       Decay Rate                           -nan +/- 0
   Delayed Group 2
     Total Material
       Decay Rate                           -nan +/- 0
   Delayed Group 3
     Total Material
       Decay Rate                           -nan +/- 0
   Delayed Group 4
     Total Material
       Decay Rate                           -nan +/- 0
   Delayed Group 5
     Total Material
       Decay Rate                           -nan +/- 0
   Delayed Group 6
     Total Material
       Decay Rate                           -nan +/- 0
 ============================>     TALLY 3     <============================

 Universe 13
   Incoming Energy [0, 200000000)
     Total Material
       Nu-Fission Rate                      1.04394 +/- 0.000408701
 ============================>     TALLY 4     <============================

 Universe 13
   Delayed Group 1
     Incoming Energy [0, 200000000)
       Total Material
         Delayed-Nu-Fission Rate              0.000267783 +/- 1.03932e-07
   Delayed Group 2
     Incoming Energy [0, 200000000)
       Total Material
         Delayed-Nu-Fission Rate              0.000716725 +/- 2.7712e-07
   Delayed Group 3
     Incoming Energy [0, 200000000)
       Total Material
         Delayed-Nu-Fission Rate              0.000561243 +/- 2.15101e-07
   Delayed Group 4
     Incoming Energy [0, 200000000)
       Total Material
         Delayed-Nu-Fission Rate              0.00111935 +/- 4.23861e-07
   Delayed Group 5
     Incoming Energy [0, 200000000)
       Total Material
         Delayed-Nu-Fission Rate              0.000365657 +/- 1.37661e-07
   Delayed Group 6
     Incoming Energy [0, 200000000)
       Total Material
         Delayed-Nu-Fission Rate              0.000132615 +/- 4.92024e-08
 =================>     TALLY 5: BREEDING_RATIO_TALLY     <=================

 Universe 13
   U235
     (n,gamma)                            8.13111e-06 +/- 3.05315e-09
     Absorption Rate                      4.46585e-05 +/- 1.91149e-08
   Pu240
     (n,gamma)                            5.73764e-16 +/- 5.11567e-19
     Absorption Rate                      5.74289e-16 +/- 5.11672e-19
   U234
     (n,gamma)                            0.00127417 +/- 1.15434e-06
     Absorption Rate                      0.00128207 +/- 1.15534e-06
   Pu241
     (n,gamma)                            4.57889e-18 +/- 2.14084e-21
     Absorption Rate                      1.65602e-17 +/- 7.63063e-21
   U238
     (n,gamma)                            3.06075e-13 +/- 3.07958e-16
     Absorption Rate                      3.07035e-13 +/- 3.08037e-16
   Pu239
     (n,gamma)                            1.65399e-14 +/- 8.30307e-18
     Absorption Rate                      4.39797e-14 +/- 2.17823e-17
   U233
     (n,gamma)                            0.0511488 +/- 1.86547e-05
     Absorption Rate                      0.467575 +/- 0.000181877
   Th232
     (n,gamma)                            0.445833 +/- 0.000136564
     Absorption Rate                      0.447394 +/- 0.000136701
   Pu238
     (n,gamma)                            4.65511e-13 +/- 2.15088e-16
     Absorption Rate                      4.97852e-13 +/- 2.23276e-16
 ====================>     TALLY 6: FISSION_ENERGY     <====================

 Universe 13
   Total Material
     Kappa-Fission Rate                   7.98572e+07 +/- 31269.5
 =======================>     TALLY 7: HEATING     <========================

 Universe 13
   Total Material
     heating                              7.63474e+07 +/- 29751.3
 ============================>     TALLY 8     <============================

 Internal

 ============================>     TALLY 9     <============================

 Internal

 ===========================>     TALLY 10     <============================

 Internal

