 ============================>     TALLY 1     <============================

 Universe 13
   Delayed Group 1
     Total Material
       Delayed-Nu-Fission Rate              0.000252012 +/- 8.07998e-08
   Delayed Group 2
     Total Material
       Delayed-Nu-Fission Rate              0.000677132 +/- 2.16426e-07
   Delayed Group 3
     Total Material
       Delayed-Nu-Fission Rate              0.000531252 +/- 1.68429e-07
   Delayed Group 4
     Total Material
       Delayed-Nu-Fission Rate              0.00106106 +/- 3.32668e-07
   Delayed Group 5
     Total Material
       Delayed-Nu-Fission Rate              0.000347598 +/- 1.08442e-07
   Delayed Group 6
     Total Material
       Delayed-Nu-Fission Rate              0.000126362 +/- 3.89083e-08
 ============================>     TALLY 2     <============================

 Universe 13
   Delayed Group 1
     Total Material
       Decay Rate                           -nan +/- 0
   Delayed Group 2
     Total Material
       Decay Rate                           2.34982e-05 +/- 7.51464e-09
   Delayed Group 3
     Total Material
       Decay Rate                           -nan +/- 0
   Delayed Group 4
     Total Material
       Decay Rate                           -nan +/- 0
   Delayed Group 5
     Total Material
       Decay Rate                           -nan +/- 0
   Delayed Group 6
     Total Material
       Decay Rate                           -nan +/- 0
 ============================>     TALLY 3     <============================

 Universe 13
   Incoming Energy [0, 200000000)
     Total Material
       Nu-Fission Rate                      0.982661 +/- 0.000317628
 ============================>     TALLY 4     <============================

 Universe 13
   Delayed Group 1
     Incoming Energy [0, 200000000)
       Total Material
         Delayed-Nu-Fission Rate              0.000252012 +/- 8.07998e-08
   Delayed Group 2
     Incoming Energy [0, 200000000)
       Total Material
         Delayed-Nu-Fission Rate              0.000677132 +/- 2.16426e-07
   Delayed Group 3
     Incoming Energy [0, 200000000)
       Total Material
         Delayed-Nu-Fission Rate              0.000531252 +/- 1.68429e-07
   Delayed Group 4
     Incoming Energy [0, 200000000)
       Total Material
         Delayed-Nu-Fission Rate              0.00106106 +/- 3.32668e-07
   Delayed Group 5
     Incoming Energy [0, 200000000)
       Total Material
         Delayed-Nu-Fission Rate              0.000347598 +/- 1.08442e-07
   Delayed Group 6
     Incoming Energy [0, 200000000)
       Total Material
         Delayed-Nu-Fission Rate              0.000126362 +/- 3.89083e-08
 =================>     TALLY 5: BREEDING_RATIO_TALLY     <=================

 Universe 13
   Pu239
     (n,gamma)                            3.866e-09 +/- 1.64546e-12
     Absorption Rate                      1.02836e-08 +/- 4.3233e-12
   U234
     (n,gamma)                            0.00942882 +/- 7.3476e-06
     Absorption Rate                      0.00948901 +/- 7.35236e-06
   U235
     (n,gamma)                            0.000415041 +/- 1.34313e-07
     Absorption Rate                      0.00228761 +/- 8.39461e-07
   U238
     (n,gamma)                            1.8391e-09 +/- 1.9324e-12
     Absorption Rate                      1.84478e-09 +/- 1.93224e-12
   Th232
     (n,gamma)                            0.44096 +/- 0.000128785
     Absorption Rate                      0.442442 +/- 0.00012879
   U233
     (n,gamma)                            0.0477302 +/- 1.39357e-05
     Absorption Rate                      0.437859 +/- 0.000139847
   Pu238
     (n,gamma)                            2.86163e-08 +/- 1.23161e-11
     Absorption Rate                      3.05876e-08 +/- 1.28089e-11
   Pu240
     (n,gamma)                            8.73662e-10 +/- 7.67654e-13
     Absorption Rate                      8.74464e-10 +/- 7.67809e-13
   Pu241
     (n,gamma)                            5.14492e-11 +/- 2.07735e-14
     Absorption Rate                      1.86112e-10 +/- 7.38311e-14
 ====================>     TALLY 6: FISSION_ENERGY     <====================

 Universe 13
   Total Material
     Kappa-Fission Rate                   7.51855e+07 +/- 24309.4
 =======================>     TALLY 7: HEATING     <========================

 Universe 13
   Total Material
     heating                              6.77254e+07 +/- 21138.2
 ============================>     TALLY 8     <============================

 Internal

