 ============================>     TALLY 1     <============================

 Universe 13
   Delayed Group 1
     Total Material
       Delayed-Nu-Fission Rate              0.000252986 +/- 9.08535e-08
   Delayed Group 2
     Total Material
       Delayed-Nu-Fission Rate              0.000679292 +/- 2.43139e-07
   Delayed Group 3
     Total Material
       Delayed-Nu-Fission Rate              0.000532773 +/- 1.89132e-07
   Delayed Group 4
     Total Material
       Delayed-Nu-Fission Rate              0.00106385 +/- 3.73431e-07
   Delayed Group 5
     Total Material
       Delayed-Nu-Fission Rate              0.00034834 +/- 1.21649e-07
   Delayed Group 6
     Total Material
       Delayed-Nu-Fission Rate              0.000126582 +/- 4.36223e-08
 ============================>     TALLY 2     <============================

 Universe 13
   Delayed Group 1
     Total Material
       Decay Rate                           -nan +/- 0
   Delayed Group 2
     Total Material
       Decay Rate                           2.3575e-05 +/- 8.44306e-09
   Delayed Group 3
     Total Material
       Decay Rate                           -nan +/- 0
   Delayed Group 4
     Total Material
       Decay Rate                           -nan +/- 0
   Delayed Group 5
     Total Material
       Decay Rate                           -nan +/- 0
   Delayed Group 6
     Total Material
       Decay Rate                           -nan +/- 0
 ============================>     TALLY 3     <============================

 Universe 13
   Incoming Energy [0, 200000000)
     Total Material
       Nu-Fission Rate                      0.986394 +/- 0.000357202
 ============================>     TALLY 4     <============================

 Universe 13
   Delayed Group 1
     Incoming Energy [0, 200000000)
       Total Material
         Delayed-Nu-Fission Rate              0.000252986 +/- 9.08535e-08
   Delayed Group 2
     Incoming Energy [0, 200000000)
       Total Material
         Delayed-Nu-Fission Rate              0.000679292 +/- 2.43139e-07
   Delayed Group 3
     Incoming Energy [0, 200000000)
       Total Material
         Delayed-Nu-Fission Rate              0.000532773 +/- 1.89132e-07
   Delayed Group 4
     Incoming Energy [0, 200000000)
       Total Material
         Delayed-Nu-Fission Rate              0.00106385 +/- 3.73431e-07
   Delayed Group 5
     Incoming Energy [0, 200000000)
       Total Material
         Delayed-Nu-Fission Rate              0.00034834 +/- 1.21649e-07
   Delayed Group 6
     Incoming Energy [0, 200000000)
       Total Material
         Delayed-Nu-Fission Rate              0.000126582 +/- 4.36223e-08
 =================>     TALLY 5: BREEDING_RATIO_TALLY     <=================

 Universe 13
   Pu239
     (n,gamma)                            2.13127e-09 +/- 8.88687e-13
     Absorption Rate                      5.6693e-09 +/- 2.34952e-12
   U234
     (n,gamma)                            0.00859416 +/- 7.21626e-06
     Absorption Rate                      0.00864875 +/- 7.22511e-06
   U235
     (n,gamma)                            0.000344977 +/- 1.17453e-07
     Absorption Rate                      0.00190194 +/- 7.47646e-07
   U238
     (n,gamma)                            1.21019e-09 +/- 1.23703e-12
     Absorption Rate                      1.21391e-09 +/- 1.23691e-12
   Th232
     (n,gamma)                            0.442414 +/- 0.000135069
     Absorption Rate                      0.443899 +/- 0.000135066
   U233
     (n,gamma)                            0.0479534 +/- 1.59599e-05
     Absorption Rate                      0.43989 +/- 0.000157997
   Pu238
     (n,gamma)                            1.68878e-08 +/- 7.31365e-12
     Absorption Rate                      1.80498e-08 +/- 7.60766e-12
   Pu240
     (n,gamma)                            4.39542e-10 +/- 4.24376e-13
     Absorption Rate                      4.39945e-10 +/- 4.24461e-13
   Pu241
     (n,gamma)                            2.35644e-11 +/- 9.83599e-15
     Absorption Rate                      8.52406e-11 +/- 3.55794e-14
 ====================>     TALLY 6: FISSION_ENERGY     <====================

 Universe 13
   Total Material
     Kappa-Fission Rate                   7.54689e+07 +/- 27335.3
 =======================>     TALLY 7: HEATING     <========================

 Universe 13
   Total Material
     heating                              6.81955e+07 +/- 24227.6
 ============================>     TALLY 8     <============================

 Internal

