 ============================>     TALLY 1     <============================

 Universe 13
   Delayed Group 1
     Total Material
       Delayed-Nu-Fission Rate              0.000265265 +/- 8.00106e-08
   Delayed Group 2
     Total Material
       Delayed-Nu-Fission Rate              0.000710214 +/- 2.13411e-07
   Delayed Group 3
     Total Material
       Delayed-Nu-Fission Rate              0.000556261 +/- 1.6569e-07
   Delayed Group 4
     Total Material
       Delayed-Nu-Fission Rate              0.00110962 +/- 3.26604e-07
   Delayed Group 5
     Total Material
       Delayed-Nu-Fission Rate              0.000362574 +/- 1.06116e-07
   Delayed Group 6
     Total Material
       Delayed-Nu-Fission Rate              0.000131533 +/- 3.79553e-08
 ============================>     TALLY 2     <============================

 Universe 13
   Delayed Group 1
     Total Material
       Decay Rate                           -nan +/- 0
   Delayed Group 2
     Total Material
       Decay Rate                           2.46567e-05 +/- 7.41374e-09
   Delayed Group 3
     Total Material
       Decay Rate                           -nan +/- 0
   Delayed Group 4
     Total Material
       Decay Rate                           -nan +/- 0
   Delayed Group 5
     Total Material
       Decay Rate                           -nan +/- 0
   Delayed Group 6
     Total Material
       Decay Rate                           -nan +/- 0
 ============================>     TALLY 3     <============================

 Universe 13
   Incoming Energy [0, 200000000)
     Total Material
       Nu-Fission Rate                      1.03408 +/- 0.000314598
 ============================>     TALLY 4     <============================

 Universe 13
   Delayed Group 1
     Incoming Energy [0, 200000000)
       Total Material
         Delayed-Nu-Fission Rate              0.000265265 +/- 8.00106e-08
   Delayed Group 2
     Incoming Energy [0, 200000000)
       Total Material
         Delayed-Nu-Fission Rate              0.000710214 +/- 2.13411e-07
   Delayed Group 3
     Incoming Energy [0, 200000000)
       Total Material
         Delayed-Nu-Fission Rate              0.000556261 +/- 1.6569e-07
   Delayed Group 4
     Incoming Energy [0, 200000000)
       Total Material
         Delayed-Nu-Fission Rate              0.00110962 +/- 3.26604e-07
   Delayed Group 5
     Incoming Energy [0, 200000000)
       Total Material
         Delayed-Nu-Fission Rate              0.000362574 +/- 1.06116e-07
   Delayed Group 6
     Incoming Energy [0, 200000000)
       Total Material
         Delayed-Nu-Fission Rate              0.000131533 +/- 3.79553e-08
 =================>     TALLY 5: BREEDING_RATIO_TALLY     <=================

 Universe 13
   U235
     (n,gamma)                            4.06457e-05 +/- 1.26132e-08
     Absorption Rate                      0.000223609 +/- 7.71348e-08
   Pu240
     (n,gamma)                            2.21136e-13 +/- 2.02768e-16
     Absorption Rate                      2.21338e-13 +/- 2.02804e-16
   U234
     (n,gamma)                            0.00283173 +/- 2.42277e-06
     Absorption Rate                      0.00284933 +/- 2.42444e-06
   Pu241
     (n,gamma)                            4.06058e-15 +/- 1.60154e-18
     Absorption Rate                      1.46866e-14 +/- 5.65908e-18
   U238
     (n,gamma)                            1.14704e-11 +/- 1.19601e-14
     Absorption Rate                      1.15062e-11 +/- 1.196e-14
   Pu239
     (n,gamma)                            2.93199e-12 +/- 1.21275e-15
     Absorption Rate                      7.79728e-12 +/- 3.17134e-15
   U233
     (n,gamma)                            0.0505828 +/- 1.4273e-05
     Absorption Rate                      0.46291 +/- 0.000139648
   Th232
     (n,gamma)                            0.448245 +/- 0.000122489
     Absorption Rate                      0.449805 +/- 0.000122513
   Pu238
     (n,gamma)                            4.90129e-11 +/- 1.89195e-14
     Absorption Rate                      5.24022e-11 +/- 1.97398e-14
 ====================>     TALLY 6: FISSION_ENERGY     <====================

 Universe 13
   Total Material
     Kappa-Fission Rate                   7.91042e+07 +/- 24071.5
 =======================>     TALLY 7: HEATING     <========================

 Universe 13
   Total Material
     heating                              7.48903e+07 +/- 22301.3
 ============================>     TALLY 8     <============================

 Internal

 ============================>     TALLY 9     <============================

 Internal

 ===========================>     TALLY 10     <============================

 Internal

