 ============================>     TALLY 1     <============================

 Universe 13
   Delayed Group 1
     Total Material
       Delayed-Nu-Fission Rate              0.00026255 +/- 9.39036e-08
   Delayed Group 2
     Total Material
       Delayed-Nu-Fission Rate              0.000703984 +/- 2.50931e-07
   Delayed Group 3
     Total Material
       Delayed-Nu-Fission Rate              0.000551732 +/- 1.95065e-07
   Delayed Group 4
     Total Material
       Delayed-Nu-Fission Rate              0.00110104 +/- 3.84968e-07
   Delayed Group 5
     Total Material
       Delayed-Nu-Fission Rate              0.000360143 +/- 1.25269e-07
   Delayed Group 6
     Total Material
       Delayed-Nu-Fission Rate              0.000130747 +/- 4.48816e-08
 ============================>     TALLY 2     <============================

 Universe 13
   Delayed Group 1
     Total Material
       Decay Rate                           -nan +/- 0
   Delayed Group 2
     Total Material
       Decay Rate                           2.44361e-05 +/- 8.71515e-09
   Delayed Group 3
     Total Material
       Decay Rate                           -nan +/- 0
   Delayed Group 4
     Total Material
       Decay Rate                           -nan +/- 0
   Delayed Group 5
     Total Material
       Decay Rate                           -nan +/- 0
   Delayed Group 6
     Total Material
       Decay Rate                           -nan +/- 0
 ============================>     TALLY 3     <============================

 Universe 13
   Incoming Energy [0, 200000000)
     Total Material
       Nu-Fission Rate                      1.02365 +/- 0.000369045
 ============================>     TALLY 4     <============================

 Universe 13
   Delayed Group 1
     Incoming Energy [0, 200000000)
       Total Material
         Delayed-Nu-Fission Rate              0.00026255 +/- 9.39036e-08
   Delayed Group 2
     Incoming Energy [0, 200000000)
       Total Material
         Delayed-Nu-Fission Rate              0.000703984 +/- 2.50931e-07
   Delayed Group 3
     Incoming Energy [0, 200000000)
       Total Material
         Delayed-Nu-Fission Rate              0.000551732 +/- 1.95065e-07
   Delayed Group 4
     Incoming Energy [0, 200000000)
       Total Material
         Delayed-Nu-Fission Rate              0.00110104 +/- 3.84968e-07
   Delayed Group 5
     Incoming Energy [0, 200000000)
       Total Material
         Delayed-Nu-Fission Rate              0.000360143 +/- 1.25269e-07
   Delayed Group 6
     Incoming Energy [0, 200000000)
       Total Material
         Delayed-Nu-Fission Rate              0.000130747 +/- 4.48816e-08
 =================>     TALLY 5: BREEDING_RATIO_TALLY     <=================

 Universe 13
   U234
     (n,gamma)                            0.00634187 +/- 5.71003e-06
     Absorption Rate                      0.00638083 +/- 5.71574e-06
   U233
     (n,gamma)                            0.049703 +/- 1.6437e-05
     Absorption Rate                      0.457163 +/- 0.000163485
   Pu239
     (n,gamma)                            4.92691e-10 +/- 2.12992e-13
     Absorption Rate                      1.31101e-09 +/- 5.61342e-13
   Th232
     (n,gamma)                            0.45851 +/- 0.000131716
     Absorption Rate                      0.460028 +/- 0.000131771
   Pu240
     (n,gamma)                            8.2008e-11 +/- 7.89717e-14
     Absorption Rate                      8.20816e-11 +/- 7.89884e-14
   Pu238
     (n,gamma)                            4.54685e-09 +/- 2.02381e-12
     Absorption Rate                      4.85572e-09 +/- 2.10585e-12
   U238
     (n,gamma)                            4.03703e-10 +/- 4.13625e-13
     Absorption Rate                      4.04938e-10 +/- 4.13625e-13
   Pu241
     (n,gamma)                            3.47928e-12 +/- 1.47641e-15
     Absorption Rate                      1.25862e-11 +/- 5.27962e-15
   U235
     (n,gamma)                            0.000206037 +/- 7.25262e-08
     Absorption Rate                      0.0011409 +/- 4.48078e-07
 ====================>     TALLY 6: FISSION_ENERGY     <====================

 Universe 13
   Total Material
     Kappa-Fission Rate                   7.83157e+07 +/- 28241.3
 =======================>     TALLY 7: HEATING     <========================

 Universe 13
   Total Material
     heating                              7.33659e+07 +/- 25938.9
 ============================>     TALLY 8     <============================

 Internal

