 ============================>     TALLY 1     <============================

 Universe 13
   Delayed Group 1
     Total Material
       Delayed-Nu-Fission Rate              0.00026639 +/- 1.04661e-07
   Delayed Group 2
     Total Material
       Delayed-Nu-Fission Rate              0.000713471 +/- 2.79409e-07
   Delayed Group 3
     Total Material
       Delayed-Nu-Fission Rate              0.00055883 +/- 2.17193e-07
   Delayed Group 4
     Total Material
       Delayed-Nu-Fission Rate              0.00111465 +/- 4.28746e-07
   Delayed Group 5
     Total Material
       Delayed-Nu-Fission Rate              0.000364287 +/- 1.39432e-07
   Delayed Group 6
     Total Material
       Delayed-Nu-Fission Rate              0.00013215 +/- 4.99544e-08
 ============================>     TALLY 2     <============================

 Universe 13
   Delayed Group 1
     Total Material
       Decay Rate                           -nan +/- 0
   Delayed Group 2
     Total Material
       Decay Rate                           2.47688e-05 +/- 9.70524e-09
   Delayed Group 3
     Total Material
       Decay Rate                           -nan +/- 0
   Delayed Group 4
     Total Material
       Decay Rate                           -nan +/- 0
   Delayed Group 5
     Total Material
       Decay Rate                           -nan +/- 0
   Delayed Group 6
     Total Material
       Decay Rate                           -nan +/- 0
 ============================>     TALLY 3     <============================

 Universe 13
   Incoming Energy [0, 200000000)
     Total Material
       Nu-Fission Rate                      1.0386 +/- 0.000411138
 ============================>     TALLY 4     <============================

 Universe 13
   Delayed Group 1
     Incoming Energy [0, 200000000)
       Total Material
         Delayed-Nu-Fission Rate              0.00026639 +/- 1.04661e-07
   Delayed Group 2
     Incoming Energy [0, 200000000)
       Total Material
         Delayed-Nu-Fission Rate              0.000713471 +/- 2.79409e-07
   Delayed Group 3
     Incoming Energy [0, 200000000)
       Total Material
         Delayed-Nu-Fission Rate              0.00055883 +/- 2.17193e-07
   Delayed Group 4
     Incoming Energy [0, 200000000)
       Total Material
         Delayed-Nu-Fission Rate              0.00111465 +/- 4.28746e-07
   Delayed Group 5
     Incoming Energy [0, 200000000)
       Total Material
         Delayed-Nu-Fission Rate              0.000364287 +/- 1.39432e-07
   Delayed Group 6
     Incoming Energy [0, 200000000)
       Total Material
         Delayed-Nu-Fission Rate              0.00013215 +/- 4.99544e-08
 =================>     TALLY 5: BREEDING_RATIO_TALLY     <=================

 Universe 13
   Pu238
     (n,gamma)                            4.00285e-10 +/- 2.03056e-13
     Absorption Rate                      4.27636e-10 +/- 2.12256e-13
   U238
     (n,gamma)                            5.88609e-11 +/- 5.67226e-14
     Absorption Rate                      5.90411e-11 +/- 5.67271e-14
   Th232
     (n,gamma)                            0.455286 +/- 0.000146091
     Absorption Rate                      0.456805 +/- 0.000146209
   U235
     (n,gamma)                            8.6393e-05 +/- 3.31696e-08
     Absorption Rate                      0.000477356 +/- 2.09454e-07
   Pu241
     (n,gamma)                            9.22815e-14 +/- 4.19596e-17
     Absorption Rate                      3.33813e-13 +/- 1.52015e-16
   U234
     (n,gamma)                            0.00413463 +/- 3.51274e-06
     Absorption Rate                      0.00415996 +/- 3.5152e-06
   U233
     (n,gamma)                            0.0505883 +/- 1.88493e-05
     Absorption Rate                      0.464571 +/- 0.000182807
   Pu239
     (n,gamma)                            3.13822e-11 +/- 1.43879e-14
     Absorption Rate                      8.34883e-11 +/- 3.82003e-14
   Pu240
     (n,gamma)                            3.39767e-12 +/- 3.0176e-15
     Absorption Rate                      3.40074e-12 +/- 3.01818e-15
 ====================>     TALLY 6: FISSION_ENERGY     <====================

 Universe 13
   Total Material
     Kappa-Fission Rate                   7.94545e+07 +/- 31457.8
 =======================>     TALLY 7: HEATING     <========================

 Universe 13
   Total Material
     heating                              7.55375e+07 +/- 29659.8
 ============================>     TALLY 8     <============================

 Internal

