 ============================>     TALLY 1     <============================

 Universe 13
   Delayed Group 1
     Total Material
       Delayed-Nu-Fission Rate              0.000257475 +/- 8.6022e-08
   Delayed Group 2
     Total Material
       Delayed-Nu-Fission Rate              0.000689729 +/- 2.29543e-07
   Delayed Group 3
     Total Material
       Delayed-Nu-Fission Rate              0.00054035 +/- 1.78181e-07
   Delayed Group 4
     Total Material
       Delayed-Nu-Fission Rate              0.00107809 +/- 3.51042e-07
   Delayed Group 5
     Total Material
       Delayed-Nu-Fission Rate              0.000352403 +/- 1.14066e-07
   Delayed Group 6
     Total Material
       Delayed-Nu-Fission Rate              0.000127883 +/- 4.07711e-08
 ============================>     TALLY 2     <============================

 Universe 13
   Delayed Group 1
     Total Material
       Decay Rate                           -nan +/- 0
   Delayed Group 2
     Total Material
       Decay Rate                           2.39439e-05 +/- 7.97385e-09
   Delayed Group 3
     Total Material
       Decay Rate                           -nan +/- 0
   Delayed Group 4
     Total Material
       Decay Rate                           -nan +/- 0
   Delayed Group 5
     Total Material
       Decay Rate                           -nan +/- 0
   Delayed Group 6
     Total Material
       Decay Rate                           -nan +/- 0
 ============================>     TALLY 3     <============================

 Universe 13
   Incoming Energy [0, 200000000)
     Total Material
       Nu-Fission Rate                      1.00366 +/- 0.000338405
 ============================>     TALLY 4     <============================

 Universe 13
   Delayed Group 1
     Incoming Energy [0, 200000000)
       Total Material
         Delayed-Nu-Fission Rate              0.000257475 +/- 8.6022e-08
   Delayed Group 2
     Incoming Energy [0, 200000000)
       Total Material
         Delayed-Nu-Fission Rate              0.000689729 +/- 2.29543e-07
   Delayed Group 3
     Incoming Energy [0, 200000000)
       Total Material
         Delayed-Nu-Fission Rate              0.00054035 +/- 1.78181e-07
   Delayed Group 4
     Incoming Energy [0, 200000000)
       Total Material
         Delayed-Nu-Fission Rate              0.00107809 +/- 3.51042e-07
   Delayed Group 5
     Incoming Energy [0, 200000000)
       Total Material
         Delayed-Nu-Fission Rate              0.000352403 +/- 1.14066e-07
   Delayed Group 6
     Incoming Energy [0, 200000000)
       Total Material
         Delayed-Nu-Fission Rate              0.000127883 +/- 4.07711e-08
 =================>     TALLY 5: BREEDING_RATIO_TALLY     <=================

 Universe 13
   U235
     (n,gamma)                            9.71304e-05 +/- 3.20519e-08
     Absorption Rate                      0.000535894 +/- 2.0619e-07
   U234
     (n,gamma)                            0.00456677 +/- 3.71139e-06
     Absorption Rate                      0.00459515 +/- 3.71369e-06
   U238
     (n,gamma)                            7.2111e-11 +/- 7.53051e-14
     Absorption Rate                      7.23323e-11 +/- 7.53035e-14
   Th232
     (n,gamma)                            0.447995 +/- 0.000138999
     Absorption Rate                      0.449496 +/- 0.00013895
   Pu238
     (n,gamma)                            4.84485e-10 +/- 2.18362e-13
     Absorption Rate                      5.17734e-10 +/- 2.27961e-13
   Pu240
     (n,gamma)                            4.24279e-12 +/- 3.73246e-15
     Absorption Rate                      4.24665e-12 +/- 3.73324e-15
   Pu241
     (n,gamma)                            1.19847e-13 +/- 4.9125e-17
     Absorption Rate                      4.33514e-13 +/- 1.75639e-16
   U233
     (n,gamma)                            0.0489057 +/- 1.51586e-05
     Absorption Rate                      0.448861 +/- 0.000150065
   Pu239
     (n,gamma)                            3.8536e-11 +/- 1.63135e-14
     Absorption Rate                      1.02513e-10 +/- 4.27698e-14
 ====================>     TALLY 6: FISSION_ENERGY     <====================

 Universe 13
   Total Material
     Kappa-Fission Rate                   7.67822e+07 +/- 25893.5
 =======================>     TALLY 7: HEATING     <========================

 Universe 13
   Total Material
     heating                              7.05732e+07 +/- 23197.7
 ============================>     TALLY 8     <============================

 Internal

