 ============================>     TALLY 1     <============================

 Universe 13
   Delayed Group 1
     Total Material
       Delayed-Nu-Fission Rate              0.00026015 +/- 9.57971e-08
   Delayed Group 2
     Total Material
       Delayed-Nu-Fission Rate              0.000696516 +/- 2.55574e-07
   Delayed Group 3
     Total Material
       Delayed-Nu-Fission Rate              0.000545511 +/- 1.98518e-07
   Delayed Group 4
     Total Material
       Delayed-Nu-Fission Rate              0.00108813 +/- 3.91535e-07
   Delayed Group 5
     Total Material
       Delayed-Nu-Fission Rate              0.000355542 +/- 1.27245e-07
   Delayed Group 6
     Total Material
       Delayed-Nu-Fission Rate              0.000128975 +/- 4.55363e-08
 ============================>     TALLY 2     <============================

 Universe 13
   Delayed Group 1
     Total Material
       Decay Rate                           -nan +/- 0
   Delayed Group 2
     Total Material
       Decay Rate                           2.41811e-05 +/- 8.87816e-09
   Delayed Group 3
     Total Material
       Decay Rate                           -nan +/- 0
   Delayed Group 4
     Total Material
       Decay Rate                           -nan +/- 0
   Delayed Group 5
     Total Material
       Decay Rate                           -nan +/- 0
   Delayed Group 6
     Total Material
       Decay Rate                           -nan +/- 0
 ============================>     TALLY 3     <============================

 Universe 13
   Incoming Energy [0, 200000000)
     Total Material
       Nu-Fission Rate                      1.01407 +/- 0.00037635
 ============================>     TALLY 4     <============================

 Universe 13
   Delayed Group 1
     Incoming Energy [0, 200000000)
       Total Material
         Delayed-Nu-Fission Rate              0.00026015 +/- 9.57971e-08
   Delayed Group 2
     Incoming Energy [0, 200000000)
       Total Material
         Delayed-Nu-Fission Rate              0.000696516 +/- 2.55574e-07
   Delayed Group 3
     Incoming Energy [0, 200000000)
       Total Material
         Delayed-Nu-Fission Rate              0.000545511 +/- 1.98518e-07
   Delayed Group 4
     Incoming Energy [0, 200000000)
       Total Material
         Delayed-Nu-Fission Rate              0.00108813 +/- 3.91535e-07
   Delayed Group 5
     Incoming Energy [0, 200000000)
       Total Material
         Delayed-Nu-Fission Rate              0.000355542 +/- 1.27245e-07
   Delayed Group 6
     Incoming Energy [0, 200000000)
       Total Material
         Delayed-Nu-Fission Rate              0.000128975 +/- 4.55363e-08
 =================>     TALLY 5: BREEDING_RATIO_TALLY     <=================

 Universe 13
   U235
     (n,gamma)                            4.05821e-05 +/- 1.5171e-08
     Absorption Rate                      0.000223923 +/- 9.41275e-08
   U234
     (n,gamma)                            0.00294387 +/- 2.63733e-06
     Absorption Rate                      0.002962 +/- 2.63981e-06
   U238
     (n,gamma)                            1.04918e-11 +/- 1.16542e-14
     Absorption Rate                      1.05241e-11 +/- 1.16561e-14
   Th232
     (n,gamma)                            0.449831 +/- 0.000137604
     Absorption Rate                      0.451339 +/- 0.000137612
   Pu238
     (n,gamma)                            4.21963e-11 +/- 2.04414e-14
     Absorption Rate                      4.50914e-11 +/- 2.12126e-14
   Pu240
     (n,gamma)                            1.77584e-13 +/- 1.69869e-16
     Absorption Rate                      1.77746e-13 +/- 1.699e-16
   Pu241
     (n,gamma)                            3.23076e-15 +/- 1.38013e-18
     Absorption Rate                      1.16871e-14 +/- 4.97132e-18
   U233
     (n,gamma)                            0.0494612 +/- 1.69598e-05
     Absorption Rate                      0.453838 +/- 0.000167082
   Pu239
     (n,gamma)                            2.4773e-12 +/- 1.10278e-15
     Absorption Rate                      6.58993e-12 +/- 2.91536e-15
 ====================>     TALLY 6: FISSION_ENERGY     <====================

 Universe 13
   Total Material
     Kappa-Fission Rate                   7.75769e+07 +/- 28800
 =======================>     TALLY 7: HEATING     <========================

 Universe 13
   Total Material
     heating                              7.20484e+07 +/- 26430.5
 ============================>     TALLY 8     <============================

 Internal

