 ============================>     TALLY 1     <============================

 Universe 13
   Delayed Group 1
     Total Material
       Delayed-Nu-Fission Rate              0.000254497 +/- 8.32761e-08
   Delayed Group 2
     Total Material
       Delayed-Nu-Fission Rate              0.000682674 +/- 2.22766e-07
   Delayed Group 3
     Total Material
       Delayed-Nu-Fission Rate              0.000535173 +/- 1.73456e-07
   Delayed Group 4
     Total Material
       Delayed-Nu-Fission Rate              0.00106827 +/- 3.43064e-07
   Delayed Group 5
     Total Material
       Delayed-Nu-Fission Rate              0.000349537 +/- 1.11779e-07
   Delayed Group 6
     Total Material
       Delayed-Nu-Fission Rate              0.000126944 +/- 4.01593e-08
 ============================>     TALLY 2     <============================

 Universe 13
   Delayed Group 1
     Total Material
       Decay Rate                           -nan +/- 0
   Delayed Group 2
     Total Material
       Decay Rate                           2.36952e-05 +/- 7.73575e-09
   Delayed Group 3
     Total Material
       Decay Rate                           -nan +/- 0
   Delayed Group 4
     Total Material
       Decay Rate                           -nan +/- 0
   Delayed Group 5
     Total Material
       Decay Rate                           -nan +/- 0
   Delayed Group 6
     Total Material
       Decay Rate                           -nan +/- 0
 ============================>     TALLY 3     <============================

 Universe 13
   Incoming Energy [0, 200000000)
     Total Material
       Nu-Fission Rate                      0.992184 +/- 0.000326882
 ============================>     TALLY 4     <============================

 Universe 13
   Delayed Group 1
     Incoming Energy [0, 200000000)
       Total Material
         Delayed-Nu-Fission Rate              0.000254497 +/- 8.32761e-08
   Delayed Group 2
     Incoming Energy [0, 200000000)
       Total Material
         Delayed-Nu-Fission Rate              0.000682674 +/- 2.22766e-07
   Delayed Group 3
     Incoming Energy [0, 200000000)
       Total Material
         Delayed-Nu-Fission Rate              0.000535173 +/- 1.73456e-07
   Delayed Group 4
     Incoming Energy [0, 200000000)
       Total Material
         Delayed-Nu-Fission Rate              0.00106827 +/- 3.43064e-07
   Delayed Group 5
     Incoming Energy [0, 200000000)
       Total Material
         Delayed-Nu-Fission Rate              0.000349537 +/- 1.11779e-07
   Delayed Group 6
     Incoming Energy [0, 200000000)
       Total Material
         Delayed-Nu-Fission Rate              0.000126944 +/- 4.01593e-08
 =================>     TALLY 5: BREEDING_RATIO_TALLY     <=================

 Universe 13
   U238
     (n,gamma)                            5.36937e-10 +/- 5.83937e-13
     Absorption Rate                      5.38588e-10 +/- 5.8398e-13
   Pu239
     (n,gamma)                            6.72674e-10 +/- 2.76516e-13
     Absorption Rate                      1.7894e-09 +/- 7.26222e-13
   Pu241
     (n,gamma)                            5.18113e-12 +/- 2.01722e-15
     Absorption Rate                      1.87433e-11 +/- 7.18485e-15
   U233
     (n,gamma)                            0.0482782 +/- 1.51291e-05
     Absorption Rate                      0.442999 +/- 0.000144858
   Pu238
     (n,gamma)                            6.08767e-09 +/- 2.49014e-12
     Absorption Rate                      6.50618e-09 +/- 2.5845e-12
   Th232
     (n,gamma)                            0.44443 +/- 0.000145661
     Absorption Rate                      0.44592 +/- 0.000145671
   Pu240
     (n,gamma)                            1.15834e-10 +/- 1.06292e-13
     Absorption Rate                      1.1594e-10 +/- 1.0631e-13
   U234
     (n,gamma)                            0.00718625 +/- 5.9249e-06
     Absorption Rate                      0.0072315 +/- 5.92939e-06
   U235
     (n,gamma)                            0.000240421 +/- 7.91016e-08
     Absorption Rate                      0.00132594 +/- 4.86453e-07
 ====================>     TALLY 6: FISSION_ENERGY     <====================

 Universe 13
   Total Material
     Kappa-Fission Rate                   7.59087e+07 +/- 25013.9
 =======================>     TALLY 7: HEATING     <========================

 Universe 13
   Total Material
     heating                              6.90221e+07 +/- 22058.4
 ============================>     TALLY 8     <============================

 Internal

