 ============================>     TALLY 1     <============================

 Universe 13
   Delayed Group 1
     Total Material
       Delayed-Nu-Fission Rate              0.000263965 +/- 9.36243e-08
   Delayed Group 2
     Total Material
       Delayed-Nu-Fission Rate              0.000706916 +/- 2.49988e-07
   Delayed Group 3
     Total Material
       Delayed-Nu-Fission Rate              0.000553761 +/- 1.94482e-07
   Delayed Group 4
     Total Material
       Delayed-Nu-Fission Rate              0.00110478 +/- 3.84392e-07
   Delayed Group 5
     Total Material
       Delayed-Nu-Fission Rate              0.000361064 +/- 1.25072e-07
   Delayed Group 6
     Total Material
       Delayed-Nu-Fission Rate              0.000131011 +/- 4.48831e-08
 ============================>     TALLY 2     <============================

 Universe 13
   Delayed Group 1
     Total Material
       Decay Rate                           -nan +/- 0
   Delayed Group 2
     Total Material
       Decay Rate                           2.45414e-05 +/- 8.68298e-09
   Delayed Group 3
     Total Material
       Decay Rate                           -nan +/- 0
   Delayed Group 4
     Total Material
       Decay Rate                           -nan +/- 0
   Delayed Group 5
     Total Material
       Decay Rate                           -nan +/- 0
   Delayed Group 6
     Total Material
       Decay Rate                           -nan +/- 0
 ============================>     TALLY 3     <============================

 Universe 13
   Incoming Energy [0, 200000000)
     Total Material
       Nu-Fission Rate                      1.029 +/- 0.00036741
 ============================>     TALLY 4     <============================

 Universe 13
   Delayed Group 1
     Incoming Energy [0, 200000000)
       Total Material
         Delayed-Nu-Fission Rate              0.000263965 +/- 9.36243e-08
   Delayed Group 2
     Incoming Energy [0, 200000000)
       Total Material
         Delayed-Nu-Fission Rate              0.000706916 +/- 2.49988e-07
   Delayed Group 3
     Incoming Energy [0, 200000000)
       Total Material
         Delayed-Nu-Fission Rate              0.000553761 +/- 1.94482e-07
   Delayed Group 4
     Incoming Energy [0, 200000000)
       Total Material
         Delayed-Nu-Fission Rate              0.00110478 +/- 3.84392e-07
   Delayed Group 5
     Incoming Energy [0, 200000000)
       Total Material
         Delayed-Nu-Fission Rate              0.000361064 +/- 1.25072e-07
   Delayed Group 6
     Incoming Energy [0, 200000000)
       Total Material
         Delayed-Nu-Fission Rate              0.000131011 +/- 4.48831e-08
 =================>     TALLY 5: BREEDING_RATIO_TALLY     <=================

 Universe 13
   U235
     (n,gamma)                            6.70066e-05 +/- 2.3316e-08
     Absorption Rate                      0.000368914 +/- 1.42869e-07
   Pu240
     (n,gamma)                            1.38142e-12 +/- 1.24646e-15
     Absorption Rate                      1.38268e-12 +/- 1.24671e-15
   U234
     (n,gamma)                            0.00362472 +/- 3.3001e-06
     Absorption Rate                      0.00364729 +/- 3.30304e-06
   Pu241
     (n,gamma)                            3.2806e-14 +/- 1.40749e-17
     Absorption Rate                      1.18661e-13 +/- 5.00804e-17
   U238
     (n,gamma)                            3.46296e-11 +/- 3.70156e-14
     Absorption Rate                      3.47379e-11 +/- 3.70181e-14
   Pu239
     (n,gamma)                            1.42944e-11 +/- 6.56803e-15
     Absorption Rate                      3.80172e-11 +/- 1.72306e-14
   U233
     (n,gamma)                            0.0502769 +/- 1.70572e-05
     Absorption Rate                      0.460451 +/- 0.000163393
   Th232
     (n,gamma)                            0.449126 +/- 0.000142273
     Absorption Rate                      0.450687 +/- 0.000142286
   Pu238
     (n,gamma)                            2.00136e-10 +/- 8.96311e-14
     Absorption Rate                      2.13949e-10 +/- 9.32274e-14
 ====================>     TALLY 6: FISSION_ENERGY     <====================

 Universe 13
   Total Material
     Kappa-Fission Rate                   7.87168e+07 +/- 28113.1
 =======================>     TALLY 7: HEATING     <========================

 Universe 13
   Total Material
     heating                              7.41664e+07 +/- 25860
 ============================>     TALLY 8     <============================

 Internal

 ============================>     TALLY 9     <============================

 Internal

 ===========================>     TALLY 10     <============================

 Internal

