 ============================>     TALLY 1     <============================

 Universe 13
   Delayed Group 1
     Total Material
       Delayed-Nu-Fission Rate              0.000255037 +/- 8.56737e-08
   Delayed Group 2
     Total Material
       Delayed-Nu-Fission Rate              0.000683983 +/- 2.29106e-07
   Delayed Group 3
     Total Material
       Delayed-Nu-Fission Rate              0.000536141 +/- 1.78335e-07
   Delayed Group 4
     Total Material
       Delayed-Nu-Fission Rate              0.00107011 +/- 3.52582e-07
   Delayed Group 5
     Total Material
       Delayed-Nu-Fission Rate              0.000350085 +/- 1.14845e-07
   Delayed Group 6
     Total Material
       Delayed-Nu-Fission Rate              0.000127125 +/- 4.12414e-08
 ============================>     TALLY 2     <============================

 Universe 13
   Delayed Group 1
     Total Material
       Decay Rate                           -nan +/- 0
   Delayed Group 2
     Total Material
       Decay Rate                           -nan +/- 0
   Delayed Group 3
     Total Material
       Decay Rate                           -nan +/- 0
   Delayed Group 4
     Total Material
       Decay Rate                           -nan +/- 0
   Delayed Group 5
     Total Material
       Decay Rate                           -nan +/- 0
   Delayed Group 6
     Total Material
       Decay Rate                           -nan +/- 0
 ============================>     TALLY 3     <============================

 Universe 13
   Incoming Energy [0, 200000000)
     Total Material
       Nu-Fission Rate                      0.994282 +/- 0.000336323
 ============================>     TALLY 4     <============================

 Universe 13
   Delayed Group 1
     Incoming Energy [0, 200000000)
       Total Material
         Delayed-Nu-Fission Rate              0.000255037 +/- 8.56737e-08
   Delayed Group 2
     Incoming Energy [0, 200000000)
       Total Material
         Delayed-Nu-Fission Rate              0.000683983 +/- 2.29106e-07
   Delayed Group 3
     Incoming Energy [0, 200000000)
       Total Material
         Delayed-Nu-Fission Rate              0.000536141 +/- 1.78335e-07
   Delayed Group 4
     Incoming Energy [0, 200000000)
       Total Material
         Delayed-Nu-Fission Rate              0.00107011 +/- 3.52582e-07
   Delayed Group 5
     Incoming Energy [0, 200000000)
       Total Material
         Delayed-Nu-Fission Rate              0.000350085 +/- 1.14845e-07
   Delayed Group 6
     Incoming Energy [0, 200000000)
       Total Material
         Delayed-Nu-Fission Rate              0.000127125 +/- 4.12414e-08
 =================>     TALLY 5: BREEDING_RATIO_TALLY     <=================

 Universe 13
   U238
     (n,gamma)                            4.35802e-10 +/- 4.49452e-13
     Absorption Rate                      4.37143e-10 +/- 4.49581e-13
   Pu239
     (n,gamma)                            5.01764e-10 +/- 2.07749e-13
     Absorption Rate                      1.33474e-09 +/- 5.48085e-13
   Pu241
     (n,gamma)                            3.52091e-12 +/- 1.41077e-15
     Absorption Rate                      1.27362e-11 +/- 5.00463e-15
   U233
     (n,gamma)                            0.0483814 +/- 1.55357e-05
     Absorption Rate                      0.444037 +/- 0.000149122
   Pu238
     (n,gamma)                            4.69606e-09 +/- 1.91964e-12
     Absorption Rate                      5.01851e-09 +/- 2.00393e-12
   Th232
     (n,gamma)                            0.445137 +/- 0.000131412
     Absorption Rate                      0.446627 +/- 0.000131528
   Pu240
     (n,gamma)                            8.24595e-11 +/- 6.37993e-14
     Absorption Rate                      8.25348e-11 +/- 6.38147e-14
   U234
     (n,gamma)                            0.00687164 +/- 5.5878e-06
     Absorption Rate                      0.00691476 +/- 5.5889e-06
   U235
     (n,gamma)                            0.000219313 +/- 7.25978e-08
     Absorption Rate                      0.00120985 +/- 4.50907e-07
 ====================>     TALLY 6: FISSION_ENERGY     <====================

 Universe 13
   Total Material
     Kappa-Fission Rate                   7.60685e+07 +/- 25736.9
 =======================>     TALLY 7: HEATING     <========================

 Universe 13
   Total Material
     heating                              6.9304e+07 +/- 23214.6
 ============================>     TALLY 8     <============================

 Internal

