 ============================>     TALLY 1     <============================

 Universe 13
   Delayed Group 1
     Total Material
       Delayed-Nu-Fission Rate              0.000265274 +/- 1.0705e-07
   Delayed Group 2
     Total Material
       Delayed-Nu-Fission Rate              0.000710256 +/- 2.8553e-07
   Delayed Group 3
     Total Material
       Delayed-Nu-Fission Rate              0.000556302 +/- 2.21661e-07
   Delayed Group 4
     Total Material
       Delayed-Nu-Fission Rate              0.00110972 +/- 4.36834e-07
   Delayed Group 5
     Total Material
       Delayed-Nu-Fission Rate              0.000362613 +/- 1.41911e-07
   Delayed Group 6
     Total Material
       Delayed-Nu-Fission Rate              0.00013155 +/- 5.07333e-08
 ============================>     TALLY 2     <============================

 Universe 13
   Delayed Group 1
     Total Material
       Decay Rate                           -nan +/- 0
   Delayed Group 2
     Total Material
       Decay Rate                           2.4658e-05 +/- 9.91915e-09
   Delayed Group 3
     Total Material
       Decay Rate                           -nan +/- 0
   Delayed Group 4
     Total Material
       Decay Rate                           -nan +/- 0
   Delayed Group 5
     Total Material
       Decay Rate                           -nan +/- 0
   Delayed Group 6
     Total Material
       Decay Rate                           -nan +/- 0
 ============================>     TALLY 3     <============================

 Universe 13
   Incoming Energy [0, 200000000)
     Total Material
       Nu-Fission Rate                      1.03411 +/- 0.000420899
 ============================>     TALLY 4     <============================

 Universe 13
   Delayed Group 1
     Incoming Energy [0, 200000000)
       Total Material
         Delayed-Nu-Fission Rate              0.000265274 +/- 1.0705e-07
   Delayed Group 2
     Incoming Energy [0, 200000000)
       Total Material
         Delayed-Nu-Fission Rate              0.000710256 +/- 2.8553e-07
   Delayed Group 3
     Incoming Energy [0, 200000000)
       Total Material
         Delayed-Nu-Fission Rate              0.000556302 +/- 2.21661e-07
   Delayed Group 4
     Incoming Energy [0, 200000000)
       Total Material
         Delayed-Nu-Fission Rate              0.00110972 +/- 4.36834e-07
   Delayed Group 5
     Incoming Energy [0, 200000000)
       Total Material
         Delayed-Nu-Fission Rate              0.000362613 +/- 1.41911e-07
   Delayed Group 6
     Incoming Energy [0, 200000000)
       Total Material
         Delayed-Nu-Fission Rate              0.00013155 +/- 5.07333e-08
 =================>     TALLY 5: BREEDING_RATIO_TALLY     <=================

 Universe 13
   U235
     (n,gamma)                            4.30275e-05 +/- 1.71727e-08
     Absorption Rate                      0.000236732 +/- 1.06928e-07
   Pu240
     (n,gamma)                            2.72138e-13 +/- 2.44851e-16
     Absorption Rate                      2.72387e-13 +/- 2.44902e-16
   U234
     (n,gamma)                            0.00291332 +/- 2.71163e-06
     Absorption Rate                      0.00293143 +/- 2.71404e-06
   Pu241
     (n,gamma)                            5.14301e-15 +/- 2.42496e-18
     Absorption Rate                      1.86014e-14 +/- 8.69789e-18
   U238
     (n,gamma)                            1.29638e-11 +/- 1.47965e-14
     Absorption Rate                      1.30045e-11 +/- 1.48003e-14
   Pu239
     (n,gamma)                            3.50901e-12 +/- 1.71659e-15
     Absorption Rate                      9.3319e-12 +/- 4.54353e-15
   U233
     (n,gamma)                            0.0505752 +/- 1.89595e-05
     Absorption Rate                      0.462904 +/- 0.000187034
   Th232
     (n,gamma)                            0.448414 +/- 0.000140168
     Absorption Rate                      0.449976 +/- 0.000140162
   Pu238
     (n,gamma)                            5.75162e-11 +/- 2.86021e-14
     Absorption Rate                      6.14937e-11 +/- 2.96516e-14
 ====================>     TALLY 6: FISSION_ENERGY     <====================

 Universe 13
   Total Material
     Kappa-Fission Rate                   7.91068e+07 +/- 32206
 =======================>     TALLY 7: HEATING     <========================

 Universe 13
   Total Material
     heating                              7.49031e+07 +/- 29761.8
 ============================>     TALLY 8     <============================

 Internal

 ============================>     TALLY 9     <============================

 Internal

 ===========================>     TALLY 10     <============================

 Internal

