 ============================>     TALLY 1     <============================

 Universe 13
   Delayed Group 1
     Total Material
       Delayed-Nu-Fission Rate              0.00026618 +/- 8.74861e-08
   Delayed Group 2
     Total Material
       Delayed-Nu-Fission Rate              0.000712559 +/- 2.33442e-07
   Delayed Group 3
     Total Material
       Delayed-Nu-Fission Rate              0.000558044 +/- 1.81458e-07
   Delayed Group 4
     Total Material
       Delayed-Nu-Fission Rate              0.00111308 +/- 3.58277e-07
   Delayed Group 5
     Total Material
       Delayed-Nu-Fission Rate              0.000363661 +/- 1.16488e-07
   Delayed Group 6
     Total Material
       Delayed-Nu-Fission Rate              0.000131911 +/- 4.17448e-08
 ============================>     TALLY 2     <============================

 Universe 13
   Delayed Group 1
     Total Material
       Decay Rate                           -nan +/- 0
   Delayed Group 2
     Total Material
       Decay Rate                           2.47385e-05 +/- 8.10903e-09
   Delayed Group 3
     Total Material
       Decay Rate                           -nan +/- 0
   Delayed Group 4
     Total Material
       Decay Rate                           -nan +/- 0
   Delayed Group 5
     Total Material
       Decay Rate                           -nan +/- 0
   Delayed Group 6
     Total Material
       Decay Rate                           -nan +/- 0
 ============================>     TALLY 3     <============================

 Universe 13
   Incoming Energy [0, 200000000)
     Total Material
       Nu-Fission Rate                      1.03766 +/- 0.000343544
 ============================>     TALLY 4     <============================

 Universe 13
   Delayed Group 1
     Incoming Energy [0, 200000000)
       Total Material
         Delayed-Nu-Fission Rate              0.00026618 +/- 8.74861e-08
   Delayed Group 2
     Incoming Energy [0, 200000000)
       Total Material
         Delayed-Nu-Fission Rate              0.000712559 +/- 2.33442e-07
   Delayed Group 3
     Incoming Energy [0, 200000000)
       Total Material
         Delayed-Nu-Fission Rate              0.000558044 +/- 1.81458e-07
   Delayed Group 4
     Incoming Energy [0, 200000000)
       Total Material
         Delayed-Nu-Fission Rate              0.00111308 +/- 3.58277e-07
   Delayed Group 5
     Incoming Energy [0, 200000000)
       Total Material
         Delayed-Nu-Fission Rate              0.000363661 +/- 1.16488e-07
   Delayed Group 6
     Incoming Energy [0, 200000000)
       Total Material
         Delayed-Nu-Fission Rate              0.000131911 +/- 4.17448e-08
 =================>     TALLY 5: BREEDING_RATIO_TALLY     <=================

 Universe 13
   U235
     (n,gamma)                            2.59002e-05 +/- 8.79883e-09
     Absorption Rate                      0.000142422 +/- 5.32851e-08
   Pu240
     (n,gamma)                            4.22265e-14 +/- 3.60121e-17
     Absorption Rate                      4.22651e-14 +/- 3.60193e-17
   U234
     (n,gamma)                            0.00226635 +/- 2.07719e-06
     Absorption Rate                      0.0022804 +/- 2.07861e-06
   Pu241
     (n,gamma)                            6.14258e-16 +/- 2.43855e-19
     Absorption Rate                      2.22161e-15 +/- 8.81117e-19
   U238
     (n,gamma)                            4.19384e-12 +/- 5.07706e-15
     Absorption Rate                      4.20699e-12 +/- 5.07786e-15
   Pu239
     (n,gamma)                            6.98535e-13 +/- 2.8877e-16
     Absorption Rate                      1.85756e-12 +/- 7.56564e-16
   U233
     (n,gamma)                            0.0507798 +/- 1.60123e-05
     Absorption Rate                      0.464613 +/- 0.000152909
   Th232
     (n,gamma)                            0.447457 +/- 0.00012298
     Absorption Rate                      0.449016 +/- 0.000122994
   Pu238
     (n,gamma)                            1.36153e-11 +/- 5.83548e-15
     Absorption Rate                      1.45578e-11 +/- 6.07645e-15
 ====================>     TALLY 6: FISSION_ENERGY     <====================

 Universe 13
   Total Material
     Kappa-Fission Rate                   7.9378e+07 +/- 26286.2
 =======================>     TALLY 7: HEATING     <========================

 Universe 13
   Total Material
     heating                              7.54405e+07 +/- 24847.2
 ============================>     TALLY 8     <============================

 Internal

 ============================>     TALLY 9     <============================

 Internal

 ===========================>     TALLY 10     <============================

 Internal

