 ============================>     TALLY 1     <============================

 Universe 13
   Delayed Group 1
     Total Material
       Delayed-Nu-Fission Rate              0.000262697 +/- 8.69456e-08
   Delayed Group 2
     Total Material
       Delayed-Nu-Fission Rate              0.000703779 +/- 2.32061e-07
   Delayed Group 3
     Total Material
       Delayed-Nu-Fission Rate              0.000551408 +/- 1.80239e-07
   Delayed Group 4
     Total Material
       Delayed-Nu-Fission Rate              0.00110025 +/- 3.55412e-07
   Delayed Group 5
     Total Material
       Delayed-Nu-Fission Rate              0.00035968 +/- 1.1554e-07
   Delayed Group 6
     Total Material
       Delayed-Nu-Fission Rate              0.00013054 +/- 4.13524e-08
 ============================>     TALLY 2     <============================

 Universe 13
   Delayed Group 1
     Total Material
       Decay Rate                           -nan +/- 0
   Delayed Group 2
     Total Material
       Decay Rate                           2.44314e-05 +/- 8.06101e-09
   Delayed Group 3
     Total Material
       Decay Rate                           -nan +/- 0
   Delayed Group 4
     Total Material
       Decay Rate                           -nan +/- 0
   Delayed Group 5
     Total Material
       Decay Rate                           -nan +/- 0
   Delayed Group 6
     Total Material
       Decay Rate                           -nan +/- 0
 ============================>     TALLY 3     <============================

 Universe 13
   Incoming Energy [0, 200000000)
     Total Material
       Nu-Fission Rate                      1.02407 +/- 0.000341838
 ============================>     TALLY 4     <============================

 Universe 13
   Delayed Group 1
     Incoming Energy [0, 200000000)
       Total Material
         Delayed-Nu-Fission Rate              0.000262697 +/- 8.69456e-08
   Delayed Group 2
     Incoming Energy [0, 200000000)
       Total Material
         Delayed-Nu-Fission Rate              0.000703779 +/- 2.32061e-07
   Delayed Group 3
     Incoming Energy [0, 200000000)
       Total Material
         Delayed-Nu-Fission Rate              0.000551408 +/- 1.80239e-07
   Delayed Group 4
     Incoming Energy [0, 200000000)
       Total Material
         Delayed-Nu-Fission Rate              0.00110025 +/- 3.55412e-07
   Delayed Group 5
     Incoming Energy [0, 200000000)
       Total Material
         Delayed-Nu-Fission Rate              0.00035968 +/- 1.1554e-07
   Delayed Group 6
     Incoming Energy [0, 200000000)
       Total Material
         Delayed-Nu-Fission Rate              0.00013054 +/- 4.13524e-08
 =================>     TALLY 5: BREEDING_RATIO_TALLY     <=================

 Universe 13
   U235
     (n,gamma)                            0.000106483 +/- 3.35689e-08
     Absorption Rate                      0.000586828 +/- 2.11673e-07
   Pu240
     (n,gamma)                            7.492e-12 +/- 6.29442e-15
     Absorption Rate                      7.49882e-12 +/- 6.29571e-15
   U234
     (n,gamma)                            0.00455894 +/- 4.10444e-06
     Absorption Rate                      0.00458733 +/- 4.1072e-06
   Pu241
     (n,gamma)                            2.26296e-13 +/- 8.77072e-17
     Absorption Rate                      8.18526e-13 +/- 3.1379e-16
   U238
     (n,gamma)                            9.618e-11 +/- 9.67979e-14
     Absorption Rate                      9.64801e-11 +/- 9.68243e-14
   Pu239
     (n,gamma)                            6.18113e-11 +/- 2.51209e-14
     Absorption Rate                      1.64403e-10 +/- 6.57127e-14
   U233
     (n,gamma)                            0.0499752 +/- 1.64583e-05
     Absorption Rate                      0.458001 +/- 0.000152568
   Th232
     (n,gamma)                            0.450716 +/- 0.000144547
     Absorption Rate                      0.452274 +/- 0.000144609
   Pu238
     (n,gamma)                            7.30675e-10 +/- 3.10604e-13
     Absorption Rate                      7.80977e-10 +/- 3.24196e-13
 ====================>     TALLY 6: FISSION_ENERGY     <====================

 Universe 13
   Total Material
     Kappa-Fission Rate                   7.83414e+07 +/- 26156.5
 =======================>     TALLY 7: HEATING     <========================

 Universe 13
   Total Material
     heating                              7.3535e+07 +/- 24998.5
 ============================>     TALLY 8     <============================

 Internal

 ============================>     TALLY 9     <============================

 Internal

 ===========================>     TALLY 10     <============================

 Internal

