 ============================>     TALLY 1     <============================

 Universe 13
   Delayed Group 1
     Total Material
       Delayed-Nu-Fission Rate              0.000263607 +/- 9.51878e-08
   Delayed Group 2
     Total Material
       Delayed-Nu-Fission Rate              0.000705564 +/- 2.54062e-07
   Delayed Group 3
     Total Material
       Delayed-Nu-Fission Rate              0.000552489 +/- 1.97657e-07
   Delayed Group 4
     Total Material
       Delayed-Nu-Fission Rate              0.00110184 +/- 3.90736e-07
   Delayed Group 5
     Total Material
       Delayed-Nu-Fission Rate              0.000359937 +/- 1.27106e-07
   Delayed Group 6
     Total Material
       Delayed-Nu-Fission Rate              0.000130534 +/- 4.56156e-08
 ============================>     TALLY 2     <============================

 Universe 13
   Delayed Group 1
     Total Material
       Decay Rate                           -nan +/- 0
   Delayed Group 2
     Total Material
       Decay Rate                           2.44961e-05 +/- 8.82484e-09
   Delayed Group 3
     Total Material
       Decay Rate                           -nan +/- 0
   Delayed Group 4
     Total Material
       Decay Rate                           -nan +/- 0
   Delayed Group 5
     Total Material
       Decay Rate                           -nan +/- 0
   Delayed Group 6
     Total Material
       Decay Rate                           -nan +/- 0
 ============================>     TALLY 3     <============================

 Universe 13
   Incoming Energy [0, 200000000)
     Total Material
       Nu-Fission Rate                      1.0276 +/- 0.000373463
 ============================>     TALLY 4     <============================

 Universe 13
   Delayed Group 1
     Incoming Energy [0, 200000000)
       Total Material
         Delayed-Nu-Fission Rate              0.000263607 +/- 9.51878e-08
   Delayed Group 2
     Incoming Energy [0, 200000000)
       Total Material
         Delayed-Nu-Fission Rate              0.000705564 +/- 2.54062e-07
   Delayed Group 3
     Incoming Energy [0, 200000000)
       Total Material
         Delayed-Nu-Fission Rate              0.000552489 +/- 1.97657e-07
   Delayed Group 4
     Incoming Energy [0, 200000000)
       Total Material
         Delayed-Nu-Fission Rate              0.00110184 +/- 3.90736e-07
   Delayed Group 5
     Incoming Energy [0, 200000000)
       Total Material
         Delayed-Nu-Fission Rate              0.000359937 +/- 1.27106e-07
   Delayed Group 6
     Incoming Energy [0, 200000000)
       Total Material
         Delayed-Nu-Fission Rate              0.000130534 +/- 4.56156e-08
 =================>     TALLY 5: BREEDING_RATIO_TALLY     <=================

 Universe 13
   U234
     (n,gamma)                            0.0016411 +/- 1.51763e-06
     Absorption Rate                      0.00165116 +/- 1.51847e-06
   Pu239
     (n,gamma)                            6.33333e-14 +/- 2.84418e-17
     Absorption Rate                      1.68464e-13 +/- 7.4716e-17
   Pu238
     (n,gamma)                            1.56522e-12 +/- 7.2215e-16
     Absorption Rate                      1.67276e-12 +/- 7.52552e-16
   Th232
     (n,gamma)                            0.449828 +/- 0.000135225
     Absorption Rate                      0.451341 +/- 0.00013532
   U238
     (n,gamma)                            7.97441e-13 +/- 8.00897e-16
     Absorption Rate                      7.99893e-13 +/- 8.01145e-16
   Pu241
     (n,gamma)                            3.7945e-17 +/- 1.65142e-20
     Absorption Rate                      1.37252e-16 +/- 5.88635e-20
   U233
     (n,gamma)                            0.0501701 +/- 1.65322e-05
     Absorption Rate                      0.460091 +/- 0.000165384
   U235
     (n,gamma)                            1.27872e-05 +/- 4.44201e-09
     Absorption Rate                      7.05151e-05 +/- 2.83787e-08
   Pu240
     (n,gamma)                            2.66073e-15 +/- 2.37916e-18
     Absorption Rate                      2.66315e-15 +/- 2.37974e-18
 ====================>     TALLY 6: FISSION_ENERGY     <====================

 Universe 13
   Total Material
     Kappa-Fission Rate                   7.86106e+07 +/- 28574.1
 =======================>     TALLY 7: HEATING     <========================

 Universe 13
   Total Material
     heating                              7.39312e+07 +/- 26167.1
 ============================>     TALLY 8     <============================

 Internal

