 ============================>     TALLY 1     <============================

 Universe 13
   Delayed Group 1
     Total Material
       Delayed-Nu-Fission Rate              0.000255769 +/- 9.45788e-08
   Delayed Group 2
     Total Material
       Delayed-Nu-Fission Rate              0.000685656 +/- 2.52692e-07
   Delayed Group 3
     Total Material
       Delayed-Nu-Fission Rate              0.000537346 +/- 1.9645e-07
   Delayed Group 4
     Total Material
       Delayed-Nu-Fission Rate              0.00107237 +/- 3.87762e-07
   Delayed Group 5
     Total Material
       Delayed-Nu-Fission Rate              0.000350717 +/- 1.26167e-07
   Delayed Group 6
     Total Material
       Delayed-Nu-Fission Rate              0.000127325 +/- 4.52056e-08
 ============================>     TALLY 2     <============================

 Universe 13
   Delayed Group 1
     Total Material
       Decay Rate                           -nan +/- 0
   Delayed Group 2
     Total Material
       Decay Rate                           2.38004e-05 +/- 8.77648e-09
   Delayed Group 3
     Total Material
       Decay Rate                           -nan +/- 0
   Delayed Group 4
     Total Material
       Decay Rate                           -nan +/- 0
   Delayed Group 5
     Total Material
       Decay Rate                           -nan +/- 0
   Delayed Group 6
     Total Material
       Decay Rate                           -nan +/- 0
 ============================>     TALLY 3     <============================

 Universe 13
   Incoming Energy [0, 200000000)
     Total Material
       Nu-Fission Rate                      0.997085 +/- 0.000371693
 ============================>     TALLY 4     <============================

 Universe 13
   Delayed Group 1
     Incoming Energy [0, 200000000)
       Total Material
         Delayed-Nu-Fission Rate              0.000255769 +/- 9.45788e-08
   Delayed Group 2
     Incoming Energy [0, 200000000)
       Total Material
         Delayed-Nu-Fission Rate              0.000685656 +/- 2.52692e-07
   Delayed Group 3
     Incoming Energy [0, 200000000)
       Total Material
         Delayed-Nu-Fission Rate              0.000537346 +/- 1.9645e-07
   Delayed Group 4
     Incoming Energy [0, 200000000)
       Total Material
         Delayed-Nu-Fission Rate              0.00107237 +/- 3.87762e-07
   Delayed Group 5
     Incoming Energy [0, 200000000)
       Total Material
         Delayed-Nu-Fission Rate              0.000350717 +/- 1.26167e-07
   Delayed Group 6
     Incoming Energy [0, 200000000)
       Total Material
         Delayed-Nu-Fission Rate              0.000127325 +/- 4.52056e-08
 =================>     TALLY 5: BREEDING_RATIO_TALLY     <=================

 Universe 13
   U238
     (n,gamma)                            2.61052e-10 +/- 2.80144e-13
     Absorption Rate                      2.61855e-10 +/- 2.80174e-13
   Pu239
     (n,gamma)                            2.41967e-10 +/- 1.07278e-13
     Absorption Rate                      6.43665e-10 +/- 2.83971e-13
   Pu241
     (n,gamma)                            1.34912e-12 +/- 5.80538e-16
     Absorption Rate                      4.88019e-12 +/- 2.07855e-15
   U233
     (n,gamma)                            0.0485433 +/- 1.76536e-05
     Absorption Rate                      0.445522 +/- 0.000165512
   Pu238
     (n,gamma)                            2.46305e-09 +/- 1.11828e-12
     Absorption Rate                      2.6321e-09 +/- 1.1643e-12
   Th232
     (n,gamma)                            0.446031 +/- 0.000148557
     Absorption Rate                      0.447525 +/- 0.000148688
   Pu240
     (n,gamma)                            3.55384e-11 +/- 3.08043e-14
     Absorption Rate                      3.55708e-11 +/- 3.08126e-14
   U234
     (n,gamma)                            0.00612011 +/- 4.98093e-06
     Absorption Rate                      0.0061584 +/- 4.98399e-06
   U235
     (n,gamma)                            0.000174076 +/- 6.15864e-08
     Absorption Rate                      0.000960468 +/- 3.91457e-07
 ====================>     TALLY 6: FISSION_ENERGY     <====================

 Universe 13
   Total Material
     Kappa-Fission Rate                   7.62815e+07 +/- 28440.9
 =======================>     TALLY 7: HEATING     <========================

 Universe 13
   Total Material
     heating                              6.96759e+07 +/- 24994.1
 ============================>     TALLY 8     <============================

 Internal

