 ============================>     TALLY 1     <============================

 Universe 13
   Delayed Group 1
     Total Material
       Delayed-Nu-Fission Rate              0.000264317 +/- 9.85691e-08
   Delayed Group 2
     Total Material
       Delayed-Nu-Fission Rate              0.000707441 +/- 2.62701e-07
   Delayed Group 3
     Total Material
       Delayed-Nu-Fission Rate              0.000553943 +/- 2.03683e-07
   Delayed Group 4
     Total Material
       Delayed-Nu-Fission Rate              0.00110471 +/- 4.00733e-07
   Delayed Group 5
     Total Material
       Delayed-Nu-Fission Rate              0.000360862 +/- 1.3005e-07
   Delayed Group 6
     Total Material
       Delayed-Nu-Fission Rate              0.000130864 +/- 4.639e-08
 ============================>     TALLY 2     <============================

 Universe 13
   Delayed Group 1
     Total Material
       Decay Rate                           -nan +/- 0
   Delayed Group 2
     Total Material
       Decay Rate                           2.45614e-05 +/- 9.12715e-09
   Delayed Group 3
     Total Material
       Decay Rate                           -nan +/- 0
   Delayed Group 4
     Total Material
       Decay Rate                           -nan +/- 0
   Delayed Group 5
     Total Material
       Decay Rate                           -nan +/- 0
   Delayed Group 6
     Total Material
       Decay Rate                           -nan +/- 0
 ============================>     TALLY 3     <============================

 Universe 13
   Incoming Energy [0, 200000000)
     Total Material
       Nu-Fission Rate                      1.03038 +/- 0.000387834
 ============================>     TALLY 4     <============================

 Universe 13
   Delayed Group 1
     Incoming Energy [0, 200000000)
       Total Material
         Delayed-Nu-Fission Rate              0.000264317 +/- 9.85691e-08
   Delayed Group 2
     Incoming Energy [0, 200000000)
       Total Material
         Delayed-Nu-Fission Rate              0.000707441 +/- 2.62701e-07
   Delayed Group 3
     Incoming Energy [0, 200000000)
       Total Material
         Delayed-Nu-Fission Rate              0.000553943 +/- 2.03683e-07
   Delayed Group 4
     Incoming Energy [0, 200000000)
       Total Material
         Delayed-Nu-Fission Rate              0.00110471 +/- 4.00733e-07
   Delayed Group 5
     Incoming Energy [0, 200000000)
       Total Material
         Delayed-Nu-Fission Rate              0.000360862 +/- 1.3005e-07
   Delayed Group 6
     Incoming Energy [0, 200000000)
       Total Material
         Delayed-Nu-Fission Rate              0.000130864 +/- 4.639e-08
 =================>     TALLY 5: BREEDING_RATIO_TALLY     <=================

 Universe 13
   U234
     (n,gamma)                            0.001454 +/- 1.16218e-06
     Absorption Rate                      0.00146291 +/- 1.16258e-06
   Pu239
     (n,gamma)                            2.94317e-14 +/- 1.3142e-17
     Absorption Rate                      7.82855e-14 +/- 3.49684e-17
   Pu238
     (n,gamma)                            7.81528e-13 +/- 3.91198e-16
     Absorption Rate                      8.35242e-13 +/- 4.06889e-16
   Th232
     (n,gamma)                            0.449626 +/- 0.000135973
     Absorption Rate                      0.451139 +/- 0.000135959
   U238
     (n,gamma)                            4.65591e-13 +/- 5.15012e-16
     Absorption Rate                      4.67022e-13 +/- 5.14973e-16
   Pu241
     (n,gamma)                            2.12434e-17 +/- 9.44549e-21
     Absorption Rate                      7.6838e-17 +/- 3.38232e-20
   U233
     (n,gamma)                            0.0503105 +/- 1.73251e-05
     Absorption Rate                      0.461359 +/- 0.000172198
   U235
     (n,gamma)                            1.00731e-05 +/- 3.56411e-09
     Absorption Rate                      5.55404e-05 +/- 2.34472e-08
   Pu240
     (n,gamma)                            1.1334e-15 +/- 1.02722e-18
     Absorption Rate                      1.13443e-15 +/- 1.02741e-18
 ====================>     TALLY 6: FISSION_ENERGY     <====================

 Universe 13
   Total Material
     Kappa-Fission Rate                   7.88236e+07 +/- 29679
 =======================>     TALLY 7: HEATING     <========================

 Universe 13
   Total Material
     heating                              7.43067e+07 +/- 26965.3
 ============================>     TALLY 8     <============================

 Internal

