 ============================>     TALLY 1     <============================

 Universe 13
   Delayed Group 1
     Total Material
       Delayed-Nu-Fission Rate              0.000268482 +/- 1.02576e-07
   Delayed Group 2
     Total Material
       Delayed-Nu-Fission Rate              0.000718763 +/- 2.73595e-07
   Delayed Group 3
     Total Material
       Delayed-Nu-Fission Rate              0.000562837 +/- 2.12401e-07
   Delayed Group 4
     Total Material
       Delayed-Nu-Fission Rate              0.00112242 +/- 4.18599e-07
   Delayed Group 5
     Total Material
       Delayed-Nu-Fission Rate              0.000366702 +/- 1.35987e-07
   Delayed Group 6
     Total Material
       Delayed-Nu-Fission Rate              0.000132983 +/- 4.86154e-08
 ============================>     TALLY 2     <============================

 Universe 13
   Delayed Group 1
     Total Material
       Decay Rate                           -nan +/- 0
   Delayed Group 2
     Total Material
       Decay Rate                           2.49538e-05 +/- 9.50454e-09
   Delayed Group 3
     Total Material
       Decay Rate                           -nan +/- 0
   Delayed Group 4
     Total Material
       Decay Rate                           -nan +/- 0
   Delayed Group 5
     Total Material
       Decay Rate                           -nan +/- 0
   Delayed Group 6
     Total Material
       Decay Rate                           -nan +/- 0
 ============================>     TALLY 3     <============================

 Universe 13
   Incoming Energy [0, 200000000)
     Total Material
       Nu-Fission Rate                      1.04676 +/- 0.000403346
 ============================>     TALLY 4     <============================

 Universe 13
   Delayed Group 1
     Incoming Energy [0, 200000000)
       Total Material
         Delayed-Nu-Fission Rate              0.000268482 +/- 1.02576e-07
   Delayed Group 2
     Incoming Energy [0, 200000000)
       Total Material
         Delayed-Nu-Fission Rate              0.000718763 +/- 2.73595e-07
   Delayed Group 3
     Incoming Energy [0, 200000000)
       Total Material
         Delayed-Nu-Fission Rate              0.000562837 +/- 2.12401e-07
   Delayed Group 4
     Incoming Energy [0, 200000000)
       Total Material
         Delayed-Nu-Fission Rate              0.00112242 +/- 4.18599e-07
   Delayed Group 5
     Incoming Energy [0, 200000000)
       Total Material
         Delayed-Nu-Fission Rate              0.000366702 +/- 1.35987e-07
   Delayed Group 6
     Incoming Energy [0, 200000000)
       Total Material
         Delayed-Nu-Fission Rate              0.000132983 +/- 4.86154e-08
 =================>     TALLY 5: BREEDING_RATIO_TALLY     <=================

 Universe 13
   Pu241
     (n,gamma)                            4.05875e-15 +/- 1.78746e-18
     Absorption Rate                      1.46813e-14 +/- 6.45455e-18
   U233
     (n,gamma)                            0.0510754 +/- 1.8779e-05
     Absorption Rate                      0.468534 +/- 0.000179721
   Pu238
     (n,gamma)                            4.8936e-11 +/- 2.30966e-14
     Absorption Rate                      5.22918e-11 +/- 2.4038e-14
   U234
     (n,gamma)                            0.00284838 +/- 2.66645e-06
     Absorption Rate                      0.00286585 +/- 2.66841e-06
   Pu240
     (n,gamma)                            2.19479e-13 +/- 2.19447e-16
     Absorption Rate                      2.19678e-13 +/- 2.1949e-16
   U238
     (n,gamma)                            1.12461e-11 +/- 1.13174e-14
     Absorption Rate                      1.12807e-11 +/- 1.13176e-14
   U235
     (n,gamma)                            4.08703e-05 +/- 1.5687e-08
     Absorption Rate                      0.000225515 +/- 9.67456e-08
   Th232
     (n,gamma)                            0.452761 +/- 0.000151008
     Absorption Rate                      0.454281 +/- 0.000150959
   Pu239
     (n,gamma)                            2.93233e-12 +/- 1.30521e-15
     Absorption Rate                      7.80047e-12 +/- 3.47056e-15
 ====================>     TALLY 6: FISSION_ENERGY     <====================

 Universe 13
   Total Material
     Kappa-Fission Rate                   8.00773e+07 +/- 30860.6
 =======================>     TALLY 7: HEATING     <========================

 Universe 13
   Total Material
     heating                              7.66637e+07 +/- 28495.7
 ============================>     TALLY 8     <============================

 Internal

