 ============================>     TALLY 1     <============================

 Universe 13
   Delayed Group 1
     Total Material
       Delayed-Nu-Fission Rate              0.000263005 +/- 8.67676e-08
   Delayed Group 2
     Total Material
       Delayed-Nu-Fission Rate              0.000705018 +/- 2.3178e-07
   Delayed Group 3
     Total Material
       Delayed-Nu-Fission Rate              0.000552473 +/- 1.80125e-07
   Delayed Group 4
     Total Material
       Delayed-Nu-Fission Rate              0.00110241 +/- 3.55359e-07
   Delayed Group 5
     Total Material
       Delayed-Nu-Fission Rate              0.000360525 +/- 1.15592e-07
   Delayed Group 6
     Total Material
       Delayed-Nu-Fission Rate              0.000130866 +/- 4.139e-08
 ============================>     TALLY 2     <============================

 Universe 13
   Delayed Group 1
     Total Material
       Decay Rate                           -nan +/- 0
   Delayed Group 2
     Total Material
       Decay Rate                           -nan +/- 0
   Delayed Group 3
     Total Material
       Decay Rate                           -nan +/- 0
   Delayed Group 4
     Total Material
       Decay Rate                           -nan +/- 0
   Delayed Group 5
     Total Material
       Decay Rate                           -nan +/- 0
   Delayed Group 6
     Total Material
       Decay Rate                           -nan +/- 0
 ============================>     TALLY 3     <============================

 Universe 13
   Incoming Energy [0, 200000000)
     Total Material
       Nu-Fission Rate                      1.0254 +/- 0.000341052
 ============================>     TALLY 4     <============================

 Universe 13
   Delayed Group 1
     Incoming Energy [0, 200000000)
       Total Material
         Delayed-Nu-Fission Rate              0.000263005 +/- 8.67676e-08
   Delayed Group 2
     Incoming Energy [0, 200000000)
       Total Material
         Delayed-Nu-Fission Rate              0.000705018 +/- 2.3178e-07
   Delayed Group 3
     Incoming Energy [0, 200000000)
       Total Material
         Delayed-Nu-Fission Rate              0.000552473 +/- 1.80125e-07
   Delayed Group 4
     Incoming Energy [0, 200000000)
       Total Material
         Delayed-Nu-Fission Rate              0.00110241 +/- 3.55359e-07
   Delayed Group 5
     Incoming Energy [0, 200000000)
       Total Material
         Delayed-Nu-Fission Rate              0.000360525 +/- 1.15592e-07
   Delayed Group 6
     Incoming Energy [0, 200000000)
       Total Material
         Delayed-Nu-Fission Rate              0.000130866 +/- 4.139e-08
 =================>     TALLY 5: BREEDING_RATIO_TALLY     <=================

 Universe 13
   Pu238
     (n,gamma)                            2.99559e-09 +/- 1.23959e-12
     Absorption Rate                      3.19954e-09 +/- 1.28986e-12
   U238
     (n,gamma)                            2.9056e-10 +/- 2.90349e-13
     Absorption Rate                      2.91449e-10 +/- 2.90425e-13
   Th232
     (n,gamma)                            0.457702 +/- 0.000147631
     Absorption Rate                      0.459221 +/- 0.000147679
   U235
     (n,gamma)                            0.000177433 +/- 5.81205e-08
     Absorption Rate                      0.000981774 +/- 3.57384e-07
   Pu241
     (n,gamma)                            1.86831e-12 +/- 7.48023e-16
     Absorption Rate                      6.75864e-12 +/- 2.67236e-15
   U234
     (n,gamma)                            0.00589963 +/- 4.38653e-06
     Absorption Rate                      0.00593587 +/- 4.39032e-06
   U233
     (n,gamma)                            0.0498464 +/- 1.59193e-05
     Absorption Rate                      0.458134 +/- 0.000151745
   Pu239
     (n,gamma)                            3.07086e-10 +/- 1.2374e-13
     Absorption Rate                      8.17066e-10 +/- 3.24085e-13
   Pu240
     (n,gamma)                            4.7557e-11 +/- 4.33223e-14
     Absorption Rate                      4.75998e-11 +/- 4.3331e-14
 ====================>     TALLY 6: FISSION_ENERGY     <====================

 Universe 13
   Total Material
     Kappa-Fission Rate                   7.84484e+07 +/- 26097.7
 =======================>     TALLY 7: HEATING     <========================

 Universe 13
   Total Material
     heating                              7.36021e+07 +/- 23872.9
 ============================>     TALLY 8     <============================

 Internal

