 ============================>     TALLY 1     <============================

 Universe 13
   Delayed Group 1
     Total Material
       Delayed-Nu-Fission Rate              0.000266215 +/- 8.19548e-08
   Delayed Group 2
     Total Material
       Delayed-Nu-Fission Rate              0.000712641 +/- 2.18589e-07
   Delayed Group 3
     Total Material
       Delayed-Nu-Fission Rate              0.000558105 +/- 1.69744e-07
   Delayed Group 4
     Total Material
       Delayed-Nu-Fission Rate              0.0011132 +/- 3.34678e-07
   Delayed Group 5
     Total Material
       Delayed-Nu-Fission Rate              0.000363696 +/- 1.08737e-07
   Delayed Group 6
     Total Material
       Delayed-Nu-Fission Rate              0.000131922 +/- 3.8895e-08
 ============================>     TALLY 2     <============================

 Universe 13
   Delayed Group 1
     Total Material
       Decay Rate                           -nan +/- 0
   Delayed Group 2
     Total Material
       Decay Rate                           -nan +/- 0
   Delayed Group 3
     Total Material
       Decay Rate                           -nan +/- 0
   Delayed Group 4
     Total Material
       Decay Rate                           -nan +/- 0
   Delayed Group 5
     Total Material
       Decay Rate                           -nan +/- 0
   Delayed Group 6
     Total Material
       Decay Rate                           -nan +/- 0
 ============================>     TALLY 3     <============================

 Universe 13
   Incoming Energy [0, 200000000)
     Total Material
       Nu-Fission Rate                      1.0378 +/- 0.000322152
 ============================>     TALLY 4     <============================

 Universe 13
   Delayed Group 1
     Incoming Energy [0, 200000000)
       Total Material
         Delayed-Nu-Fission Rate              0.000266215 +/- 8.19548e-08
   Delayed Group 2
     Incoming Energy [0, 200000000)
       Total Material
         Delayed-Nu-Fission Rate              0.000712641 +/- 2.18589e-07
   Delayed Group 3
     Incoming Energy [0, 200000000)
       Total Material
         Delayed-Nu-Fission Rate              0.000558105 +/- 1.69744e-07
   Delayed Group 4
     Incoming Energy [0, 200000000)
       Total Material
         Delayed-Nu-Fission Rate              0.0011132 +/- 3.34678e-07
   Delayed Group 5
     Incoming Energy [0, 200000000)
       Total Material
         Delayed-Nu-Fission Rate              0.000363696 +/- 1.08737e-07
   Delayed Group 6
     Incoming Energy [0, 200000000)
       Total Material
         Delayed-Nu-Fission Rate              0.000131922 +/- 3.8895e-08
 =================>     TALLY 5: BREEDING_RATIO_TALLY     <=================

 Universe 13
   U235
     (n,gamma)                            2.40386e-05 +/- 7.57326e-09
     Absorption Rate                      0.000132167 +/- 4.64941e-08
   Pu240
     (n,gamma)                            3.21158e-14 +/- 2.95747e-17
     Absorption Rate                      3.21452e-14 +/- 2.9579e-17
   U234
     (n,gamma)                            0.00218019 +/- 1.66746e-06
     Absorption Rate                      0.00219374 +/- 1.66848e-06
   Pu241
     (n,gamma)                            4.49804e-16 +/- 1.66921e-19
     Absorption Rate                      1.62682e-15 +/- 5.98829e-19
   U238
     (n,gamma)                            3.55457e-12 +/- 3.98583e-15
     Absorption Rate                      3.56572e-12 +/- 3.98631e-15
   Pu239
     (n,gamma)                            5.50902e-13 +/- 2.12567e-16
     Absorption Rate                      1.46497e-12 +/- 5.60752e-16
   U233
     (n,gamma)                            0.0508 +/- 1.49253e-05
     Absorption Rate                      0.464694 +/- 0.000143215
   Th232
     (n,gamma)                            0.447189 +/- 0.000126106
     Absorption Rate                      0.448748 +/- 0.000126118
   Pu238
     (n,gamma)                            1.10132e-11 +/- 4.37678e-15
     Absorption Rate                      1.17761e-11 +/- 4.56325e-15
 ====================>     TALLY 6: FISSION_ENERGY     <====================

 Universe 13
   Total Material
     Kappa-Fission Rate                   7.9388e+07 +/- 24648.6
 =======================>     TALLY 7: HEATING     <========================

 Universe 13
   Total Material
     heating                              7.54426e+07 +/- 22757.9
 ============================>     TALLY 8     <============================

 Internal

 ============================>     TALLY 9     <============================

 Internal

 ===========================>     TALLY 10     <============================

 Internal

