 ============================>     TALLY 1     <============================

 Universe 13
   Delayed Group 1
     Total Material
       Delayed-Nu-Fission Rate              0.000260557 +/- 9.59904e-08
   Delayed Group 2
     Total Material
       Delayed-Nu-Fission Rate              0.000697585 +/- 2.56028e-07
   Delayed Group 3
     Total Material
       Delayed-Nu-Fission Rate              0.000546334 +/- 1.9877e-07
   Delayed Group 4
     Total Material
       Delayed-Nu-Fission Rate              0.00108975 +/- 3.91761e-07
   Delayed Group 5
     Total Material
       Delayed-Nu-Fission Rate              0.000356059 +/- 1.27273e-07
   Delayed Group 6
     Total Material
       Delayed-Nu-Fission Rate              0.000129157 +/- 4.55066e-08
 ============================>     TALLY 2     <============================

 Universe 13
   Delayed Group 1
     Total Material
       Decay Rate                           -nan +/- 0
   Delayed Group 2
     Total Material
       Decay Rate                           2.42183e-05 +/- 8.89428e-09
   Delayed Group 3
     Total Material
       Decay Rate                           -nan +/- 0
   Delayed Group 4
     Total Material
       Decay Rate                           -nan +/- 0
   Delayed Group 5
     Total Material
       Decay Rate                           -nan +/- 0
   Delayed Group 6
     Total Material
       Decay Rate                           -nan +/- 0
 ============================>     TALLY 3     <============================

 Universe 13
   Incoming Energy [0, 200000000)
     Total Material
       Nu-Fission Rate                      1.01567 +/- 0.000377415
 ============================>     TALLY 4     <============================

 Universe 13
   Delayed Group 1
     Incoming Energy [0, 200000000)
       Total Material
         Delayed-Nu-Fission Rate              0.000260557 +/- 9.59904e-08
   Delayed Group 2
     Incoming Energy [0, 200000000)
       Total Material
         Delayed-Nu-Fission Rate              0.000697585 +/- 2.56028e-07
   Delayed Group 3
     Incoming Energy [0, 200000000)
       Total Material
         Delayed-Nu-Fission Rate              0.000546334 +/- 1.9877e-07
   Delayed Group 4
     Incoming Energy [0, 200000000)
       Total Material
         Delayed-Nu-Fission Rate              0.00108975 +/- 3.91761e-07
   Delayed Group 5
     Incoming Energy [0, 200000000)
       Total Material
         Delayed-Nu-Fission Rate              0.000356059 +/- 1.27273e-07
   Delayed Group 6
     Incoming Energy [0, 200000000)
       Total Material
         Delayed-Nu-Fission Rate              0.000129157 +/- 4.55066e-08
 =================>     TALLY 5: BREEDING_RATIO_TALLY     <=================

 Universe 13
   U235
     (n,gamma)                            3.81284e-05 +/- 1.37585e-08
     Absorption Rate                      0.000210409 +/- 8.69887e-08
   U234
     (n,gamma)                            0.00285085 +/- 2.40975e-06
     Absorption Rate                      0.00286841 +/- 2.4116e-06
   U238
     (n,gamma)                            9.13912e-12 +/- 9.33834e-15
     Absorption Rate                      9.16716e-12 +/- 9.33784e-15
   Th232
     (n,gamma)                            0.449899 +/- 0.000144435
     Absorption Rate                      0.451406 +/- 0.000144398
   Pu238
     (n,gamma)                            3.53665e-11 +/- 1.61645e-14
     Absorption Rate                      3.77915e-11 +/- 1.67998e-14
   Pu240
     (n,gamma)                            1.41035e-13 +/- 1.327e-16
     Absorption Rate                      1.41163e-13 +/- 1.32729e-16
   Pu241
     (n,gamma)                            2.49273e-15 +/- 1.15337e-18
     Absorption Rate                      9.01676e-15 +/- 4.09067e-18
   U233
     (n,gamma)                            0.0495373 +/- 1.71693e-05
     Absorption Rate                      0.454567 +/- 0.000167776
   Pu239
     (n,gamma)                            2.03332e-12 +/- 1.01662e-15
     Absorption Rate                      5.40876e-12 +/- 2.66819e-15
 ====================>     TALLY 6: FISSION_ENERGY     <====================

 Universe 13
   Total Material
     Kappa-Fission Rate                   7.76991e+07 +/- 28878.1
 =======================>     TALLY 7: HEATING     <========================

 Universe 13
   Total Material
     heating                              7.22952e+07 +/- 27034.6
 ============================>     TALLY 8     <============================

 Internal

