 ============================>     TALLY 1     <============================

 Universe 13
   Delayed Group 1
     Total Material
       Delayed-Nu-Fission Rate              0.000264679 +/- 9.48505e-08
   Delayed Group 2
     Total Material
       Delayed-Nu-Fission Rate              0.000709185 +/- 2.53225e-07
   Delayed Group 3
     Total Material
       Delayed-Nu-Fission Rate              0.000555603 +/- 1.96669e-07
   Delayed Group 4
     Total Material
       Delayed-Nu-Fission Rate              0.00110844 +/- 3.87699e-07
   Delayed Group 5
     Total Material
       Delayed-Nu-Fission Rate              0.000362371 +/- 1.26035e-07
   Delayed Group 6
     Total Material
       Delayed-Nu-Fission Rate              0.000131494 +/- 4.50806e-08
 ============================>     TALLY 2     <============================

 Universe 13
   Delayed Group 1
     Total Material
       Decay Rate                           -nan +/- 0
   Delayed Group 2
     Total Material
       Decay Rate                           2.46188e-05 +/- 8.79594e-09
   Delayed Group 3
     Total Material
       Decay Rate                           -nan +/- 0
   Delayed Group 4
     Total Material
       Decay Rate                           -nan +/- 0
   Delayed Group 5
     Total Material
       Decay Rate                           -nan +/- 0
   Delayed Group 6
     Total Material
       Decay Rate                           -nan +/- 0
 ============================>     TALLY 3     <============================

 Universe 13
   Incoming Energy [0, 200000000)
     Total Material
       Nu-Fission Rate                      1.03192 +/- 0.000372889
 ============================>     TALLY 4     <============================

 Universe 13
   Delayed Group 1
     Incoming Energy [0, 200000000)
       Total Material
         Delayed-Nu-Fission Rate              0.000264679 +/- 9.48505e-08
   Delayed Group 2
     Incoming Energy [0, 200000000)
       Total Material
         Delayed-Nu-Fission Rate              0.000709185 +/- 2.53225e-07
   Delayed Group 3
     Incoming Energy [0, 200000000)
       Total Material
         Delayed-Nu-Fission Rate              0.000555603 +/- 1.96669e-07
   Delayed Group 4
     Incoming Energy [0, 200000000)
       Total Material
         Delayed-Nu-Fission Rate              0.00110844 +/- 3.87699e-07
   Delayed Group 5
     Incoming Energy [0, 200000000)
       Total Material
         Delayed-Nu-Fission Rate              0.000362371 +/- 1.26035e-07
   Delayed Group 6
     Incoming Energy [0, 200000000)
       Total Material
         Delayed-Nu-Fission Rate              0.000131494 +/- 4.50806e-08
 =================>     TALLY 5: BREEDING_RATIO_TALLY     <=================

 Universe 13
   Pu238
     (n,gamma)                            1.26375e-09 +/- 5.90076e-13
     Absorption Rate                      1.34994e-09 +/- 6.11855e-13
   U238
     (n,gamma)                            1.46281e-10 +/- 1.60485e-13
     Absorption Rate                      1.46729e-10 +/- 1.60469e-13
   Th232
     (n,gamma)                            0.456623 +/- 0.000139591
     Absorption Rate                      0.458143 +/- 0.000139436
   U235
     (n,gamma)                            0.000130376 +/- 4.75601e-08
     Absorption Rate                      0.000720916 +/- 2.99964e-07
   Pu241
     (n,gamma)                            5.14159e-13 +/- 2.34961e-16
     Absorption Rate                      1.85987e-12 +/- 8.34164e-16
   U234
     (n,gamma)                            0.00506081 +/- 4.32387e-06
     Absorption Rate                      0.00509189 +/- 4.32703e-06
   U233
     (n,gamma)                            0.0502099 +/- 1.62311e-05
     Absorption Rate                      0.46132 +/- 0.000164717
   Pu239
     (n,gamma)                            1.15409e-10 +/- 5.59055e-14
     Absorption Rate                      3.07049e-10 +/- 1.47563e-13
   Pu240
     (n,gamma)                            1.53316e-11 +/- 1.33689e-14
     Absorption Rate                      1.53454e-11 +/- 1.33714e-14
 ====================>     TALLY 6: FISSION_ENERGY     <====================

 Universe 13
   Total Material
     Kappa-Fission Rate                   7.89454e+07 +/- 28536.3
 =======================>     TALLY 7: HEATING     <========================

 Universe 13
   Total Material
     heating                              7.44837e+07 +/- 26808
 ============================>     TALLY 8     <============================

 Internal

