 ============================>     TALLY 1     <============================

 Universe 13
   Delayed Group 1
     Total Material
       Delayed-Nu-Fission Rate              0.000268575 +/- 8.65163e-08
   Delayed Group 2
     Total Material
       Delayed-Nu-Fission Rate              0.00071898 +/- 2.30922e-07
   Delayed Group 3
     Total Material
       Delayed-Nu-Fission Rate              0.000562993 +/- 1.79587e-07
   Delayed Group 4
     Total Material
       Delayed-Nu-Fission Rate              0.0011227 +/- 3.54817e-07
   Delayed Group 5
     Total Material
       Delayed-Nu-Fission Rate              0.000366784 +/- 1.15407e-07
   Delayed Group 6
     Total Material
       Delayed-Nu-Fission Rate              0.000133009 +/- 4.13922e-08
 ============================>     TALLY 2     <============================

 Universe 13
   Delayed Group 1
     Total Material
       Decay Rate                           -nan +/- 0
   Delayed Group 2
     Total Material
       Decay Rate                           2.49615e-05 +/- 8.02112e-09
   Delayed Group 3
     Total Material
       Decay Rate                           -nan +/- 0
   Delayed Group 4
     Total Material
       Decay Rate                           -nan +/- 0
   Delayed Group 5
     Total Material
       Decay Rate                           -nan +/- 0
   Delayed Group 6
     Total Material
       Decay Rate                           -nan +/- 0
 ============================>     TALLY 3     <============================

 Universe 13
   Incoming Energy [0, 200000000)
     Total Material
       Nu-Fission Rate                      1.04712 +/- 0.000339589
 ============================>     TALLY 4     <============================

 Universe 13
   Delayed Group 1
     Incoming Energy [0, 200000000)
       Total Material
         Delayed-Nu-Fission Rate              0.000268575 +/- 8.65163e-08
   Delayed Group 2
     Incoming Energy [0, 200000000)
       Total Material
         Delayed-Nu-Fission Rate              0.00071898 +/- 2.30922e-07
   Delayed Group 3
     Incoming Energy [0, 200000000)
       Total Material
         Delayed-Nu-Fission Rate              0.000562993 +/- 1.79587e-07
   Delayed Group 4
     Incoming Energy [0, 200000000)
       Total Material
         Delayed-Nu-Fission Rate              0.0011227 +/- 3.54817e-07
   Delayed Group 5
     Incoming Energy [0, 200000000)
       Total Material
         Delayed-Nu-Fission Rate              0.000366784 +/- 1.15407e-07
   Delayed Group 6
     Incoming Energy [0, 200000000)
       Total Material
         Delayed-Nu-Fission Rate              0.000133009 +/- 4.13922e-08
 =================>     TALLY 5: BREEDING_RATIO_TALLY     <=================

 Universe 13
   Pu241
     (n,gamma)                            2.47341e-15 +/- 9.92457e-19
     Absorption Rate                      8.947e-15 +/- 3.53433e-18
   U233
     (n,gamma)                            0.0511102 +/- 1.55359e-05
     Absorption Rate                      0.468736 +/- 0.000150717
   Pu238
     (n,gamma)                            3.4956e-11 +/- 1.47235e-14
     Absorption Rate                      3.73555e-11 +/- 1.53098e-14
   U234
     (n,gamma)                            0.00268679 +/- 2.20331e-06
     Absorption Rate                      0.00270326 +/- 2.20538e-06
   Pu240
     (n,gamma)                            1.41938e-13 +/- 1.08111e-16
     Absorption Rate                      1.42066e-13 +/- 1.08142e-16
   U238
     (n,gamma)                            8.64555e-12 +/- 9.46681e-15
     Absorption Rate                      8.67211e-12 +/- 9.46963e-15
   U235
     (n,gamma)                            3.62764e-05 +/- 1.11576e-08
     Absorption Rate                      0.000200121 +/- 7.18238e-08
   Th232
     (n,gamma)                            0.452553 +/- 0.000128986
     Absorption Rate                      0.454073 +/- 0.000129062
   Pu239
     (n,gamma)                            2.01049e-12 +/- 8.47728e-16
     Absorption Rate                      5.34806e-12 +/- 2.22398e-15
 ====================>     TALLY 6: FISSION_ENERGY     <====================

 Universe 13
   Total Material
     Kappa-Fission Rate                   8.01048e+07 +/- 25983.7
 =======================>     TALLY 7: HEATING     <========================

 Universe 13
   Total Material
     heating                              7.67355e+07 +/- 24918.4
 ============================>     TALLY 8     <============================

 Internal

