 ============================>     TALLY 1     <============================

 Universe 13
   Delayed Group 1
     Total Material
       Delayed-Nu-Fission Rate              0.000251092 +/- 8.50008e-08
   Delayed Group 2
     Total Material
       Delayed-Nu-Fission Rate              0.000675094 +/- 2.27831e-07
   Delayed Group 3
     Total Material
       Delayed-Nu-Fission Rate              0.000529814 +/- 1.77337e-07
   Delayed Group 4
     Total Material
       Delayed-Nu-Fission Rate              0.00105842 +/- 3.50274e-07
   Delayed Group 5
     Total Material
       Delayed-Nu-Fission Rate              0.000346893 +/- 1.14233e-07
   Delayed Group 6
     Total Material
       Delayed-Nu-Fission Rate              0.000126153 +/- 4.09935e-08
 ============================>     TALLY 2     <============================

 Universe 13
   Delayed Group 1
     Total Material
       Decay Rate                           -nan +/- 0
   Delayed Group 2
     Total Material
       Decay Rate                           2.34257e-05 +/- 7.91007e-09
   Delayed Group 3
     Total Material
       Decay Rate                           -nan +/- 0
   Delayed Group 4
     Total Material
       Decay Rate                           -nan +/- 0
   Delayed Group 5
     Total Material
       Decay Rate                           -nan +/- 0
   Delayed Group 6
     Total Material
       Decay Rate                           -nan +/- 0
 ============================>     TALLY 3     <============================

 Universe 13
   Incoming Energy [0, 200000000)
     Total Material
       Nu-Fission Rate                      0.979144 +/- 0.000334282
 ============================>     TALLY 4     <============================

 Universe 13
   Delayed Group 1
     Incoming Energy [0, 200000000)
       Total Material
         Delayed-Nu-Fission Rate              0.000251092 +/- 8.50008e-08
   Delayed Group 2
     Incoming Energy [0, 200000000)
       Total Material
         Delayed-Nu-Fission Rate              0.000675094 +/- 2.27831e-07
   Delayed Group 3
     Incoming Energy [0, 200000000)
       Total Material
         Delayed-Nu-Fission Rate              0.000529814 +/- 1.77337e-07
   Delayed Group 4
     Incoming Energy [0, 200000000)
       Total Material
         Delayed-Nu-Fission Rate              0.00105842 +/- 3.50274e-07
   Delayed Group 5
     Incoming Energy [0, 200000000)
       Total Material
         Delayed-Nu-Fission Rate              0.000346893 +/- 1.14233e-07
   Delayed Group 6
     Incoming Energy [0, 200000000)
       Total Material
         Delayed-Nu-Fission Rate              0.000126153 +/- 4.09935e-08
 =================>     TALLY 5: BREEDING_RATIO_TALLY     <=================

 Universe 13
   Pu238
     (n,gamma)                            4.40232e-08 +/- 1.81783e-11
     Absorption Rate                      4.70604e-08 +/- 1.89666e-11
   Pu239
     (n,gamma)                            6.28429e-09 +/- 2.76475e-12
     Absorption Rate                      1.67154e-08 +/- 7.28603e-12
   Pu240
     (n,gamma)                            1.53167e-09 +/- 1.25471e-12
     Absorption Rate                      1.53308e-09 +/- 1.25497e-12
   Th232
     (n,gamma)                            0.439611 +/- 0.000136161
     Absorption Rate                      0.441091 +/- 0.000136208
   U235
     (n,gamma)                            0.00048211 +/- 1.63248e-07
     Absorption Rate                      0.00265561 +/- 1.02256e-06
   Pu241
     (n,gamma)                            9.719e-11 +/- 4.11159e-14
     Absorption Rate                      3.51576e-10 +/- 1.46714e-13
   U238
     (n,gamma)                            2.59109e-09 +/- 2.89902e-12
     Absorption Rate                      2.59912e-09 +/- 2.89933e-12
   U233
     (n,gamma)                            0.0475501 +/- 1.47045e-05
     Absorption Rate                      0.435974 +/- 0.000147323
   U234
     (n,gamma)                            0.0101483 +/- 9.34152e-06
     Absorption Rate                      0.0102135 +/- 9.34721e-06
 ====================>     TALLY 6: FISSION_ENERGY     <====================

 Universe 13
   Total Material
     Kappa-Fission Rate                   7.49185e+07 +/- 25583.6
 =======================>     TALLY 7: HEATING     <========================

 Universe 13
   Total Material
     heating                              6.72396e+07 +/- 21863.9
 ============================>     TALLY 8     <============================

 Internal

