 ============================>     TALLY 1     <============================

 Universe 13
   Delayed Group 1
     Total Material
       Delayed-Nu-Fission Rate              0.000270611 +/- 1.03368e-07
   Delayed Group 2
     Total Material
       Delayed-Nu-Fission Rate              0.000724261 +/- 2.75768e-07
   Delayed Group 3
     Total Material
       Delayed-Nu-Fission Rate              0.00056704 +/- 2.14312e-07
   Delayed Group 4
     Total Material
       Delayed-Nu-Fission Rate              0.00113061 +/- 4.23026e-07
   Delayed Group 5
     Total Material
       Delayed-Nu-Fission Rate              0.000369296 +/- 1.37509e-07
   Delayed Group 6
     Total Material
       Delayed-Nu-Fission Rate              0.000133891 +/- 4.9256e-08
 ============================>     TALLY 2     <============================

 Universe 13
   Delayed Group 1
     Total Material
       Decay Rate                           -nan +/- 0
   Delayed Group 2
     Total Material
       Decay Rate                           2.51456e-05 +/- 9.57954e-09
   Delayed Group 3
     Total Material
       Decay Rate                           -nan +/- 0
   Delayed Group 4
     Total Material
       Decay Rate                           -nan +/- 0
   Delayed Group 5
     Total Material
       Decay Rate                           -nan +/- 0
   Delayed Group 6
     Total Material
       Decay Rate                           -nan +/- 0
 ============================>     TALLY 3     <============================

 Universe 13
   Incoming Energy [0, 200000000)
     Total Material
       Nu-Fission Rate                      1.0551 +/- 0.000406015
 ============================>     TALLY 4     <============================

 Universe 13
   Delayed Group 1
     Incoming Energy [0, 200000000)
       Total Material
         Delayed-Nu-Fission Rate              0.000270611 +/- 1.03368e-07
   Delayed Group 2
     Incoming Energy [0, 200000000)
       Total Material
         Delayed-Nu-Fission Rate              0.000724261 +/- 2.75768e-07
   Delayed Group 3
     Incoming Energy [0, 200000000)
       Total Material
         Delayed-Nu-Fission Rate              0.00056704 +/- 2.14312e-07
   Delayed Group 4
     Incoming Energy [0, 200000000)
       Total Material
         Delayed-Nu-Fission Rate              0.00113061 +/- 4.23026e-07
   Delayed Group 5
     Incoming Energy [0, 200000000)
       Total Material
         Delayed-Nu-Fission Rate              0.000369296 +/- 1.37509e-07
   Delayed Group 6
     Incoming Energy [0, 200000000)
       Total Material
         Delayed-Nu-Fission Rate              0.000133891 +/- 4.9256e-08
 =================>     TALLY 5: BREEDING_RATIO_TALLY     <=================

 Universe 13
   Pu240
     (n,gamma)                            3.25727e-15 +/- 3.28804e-18
     Absorption Rate                      3.26022e-15 +/- 3.28871e-18
   U235
     (n,gamma)                            1.30179e-05 +/- 4.79592e-09
     Absorption Rate                      7.17291e-05 +/- 3.02876e-08
   Th232
     (n,gamma)                            0.450376 +/- 0.000147991
     Absorption Rate                      0.451896 +/- 0.000148006
   Pu238
     (n,gamma)                            1.83097e-12 +/- 8.74729e-16
     Absorption Rate                      1.95702e-12 +/- 9.12049e-16
   U238
     (n,gamma)                            8.67044e-13 +/- 8.77827e-16
     Absorption Rate                      8.6971e-13 +/- 8.77944e-16
   Pu241
     (n,gamma)                            4.43655e-17 +/- 1.96063e-20
     Absorption Rate                      1.6047e-16 +/- 7.04658e-20
   U234
     (n,gamma)                            0.00161407 +/- 1.59494e-06
     Absorption Rate                      0.00162395 +/- 1.59596e-06
   U233
     (n,gamma)                            0.05156 +/- 1.896e-05
     Absorption Rate                      0.472488 +/- 0.00018086
   Pu239
     (n,gamma)                            7.50659e-14 +/- 3.39151e-17
     Absorption Rate                      1.99654e-13 +/- 8.99948e-17
 ====================>     TALLY 6: FISSION_ENERGY     <====================

 Universe 13
   Total Material
     Kappa-Fission Rate                   8.07141e+07 +/- 31063.1
 =======================>     TALLY 7: HEATING     <========================

 Universe 13
   Total Material
     heating                              7.78777e+07 +/- 30218.4
 ============================>     TALLY 8     <============================

 Internal

