 ============================>     TALLY 1     <============================

 Universe 13
   Delayed Group 1
     Total Material
       Delayed-Nu-Fission Rate              0.000271865 +/- 8.53692e-08
   Delayed Group 2
     Total Material
       Delayed-Nu-Fission Rate              0.000727548 +/- 2.2768e-07
   Delayed Group 3
     Total Material
       Delayed-Nu-Fission Rate              0.00056957 +/- 1.76845e-07
   Delayed Group 4
     Total Material
       Delayed-Nu-Fission Rate              0.00113556 +/- 3.48836e-07
   Delayed Group 5
     Total Material
       Delayed-Nu-Fission Rate              0.000370885 +/- 1.13352e-07
   Delayed Group 6
     Total Material
       Delayed-Nu-Fission Rate              0.000134453 +/- 4.05737e-08
 ============================>     TALLY 2     <============================

 Universe 13
   Delayed Group 1
     Total Material
       Decay Rate                           -nan +/- 0
   Delayed Group 2
     Total Material
       Decay Rate                           -nan +/- 0
   Delayed Group 3
     Total Material
       Decay Rate                           -nan +/- 0
   Delayed Group 4
     Total Material
       Decay Rate                           -nan +/- 0
   Delayed Group 5
     Total Material
       Decay Rate                           -nan +/- 0
   Delayed Group 6
     Total Material
       Decay Rate                           -nan +/- 0
 ============================>     TALLY 3     <============================

 Universe 13
   Incoming Energy [0, 200000000)
     Total Material
       Nu-Fission Rate                      1.06002 +/- 0.000335418
 ============================>     TALLY 4     <============================

 Universe 13
   Delayed Group 1
     Incoming Energy [0, 200000000)
       Total Material
         Delayed-Nu-Fission Rate              0.000271865 +/- 8.53692e-08
   Delayed Group 2
     Incoming Energy [0, 200000000)
       Total Material
         Delayed-Nu-Fission Rate              0.000727548 +/- 2.2768e-07
   Delayed Group 3
     Incoming Energy [0, 200000000)
       Total Material
         Delayed-Nu-Fission Rate              0.00056957 +/- 1.76845e-07
   Delayed Group 4
     Incoming Energy [0, 200000000)
       Total Material
         Delayed-Nu-Fission Rate              0.00113556 +/- 3.48836e-07
   Delayed Group 5
     Incoming Energy [0, 200000000)
       Total Material
         Delayed-Nu-Fission Rate              0.000370885 +/- 1.13352e-07
   Delayed Group 6
     Incoming Energy [0, 200000000)
       Total Material
         Delayed-Nu-Fission Rate              0.000134453 +/- 4.05737e-08
 =================>     TALLY 5: BREEDING_RATIO_TALLY     <=================

 Universe 13
   Pu240
     (n,gamma)                            1.06788e-16 +/- 8.71563e-20
     Absorption Rate                      1.06885e-16 +/- 8.71727e-20
   U235
     (n,gamma)                            4.40255e-06 +/- 1.37131e-09
     Absorption Rate                      2.42405e-05 +/- 8.34091e-09
   Th232
     (n,gamma)                            0.449299 +/- 0.000132936
     Absorption Rate                      0.450818 +/- 0.000133008
   Pu238
     (n,gamma)                            7.23363e-14 +/- 2.66951e-17
     Absorption Rate                      7.73232e-14 +/- 2.77903e-17
   U238
     (n,gamma)                            7.21217e-14 +/- 8.24252e-17
     Absorption Rate                      7.23433e-14 +/- 8.2426e-17
   Pu241
     (n,gamma)                            1.15859e-17 +/- 4.59419e-21
     Absorption Rate                      4.19064e-17 +/- 1.6172e-20
   U234
     (n,gamma)                            0.000943683 +/- 9.0348e-07
     Absorption Rate                      0.000949445 +/- 9.04135e-07
   U233
     (n,gamma)                            0.0518302 +/- 1.61253e-05
     Absorption Rate                      0.474772 +/- 0.000149897
   Pu239
     (n,gamma)                            2.1653e-15 +/- 9.15469e-19
     Absorption Rate                      5.7589e-15 +/- 2.39091e-18
 ====================>     TALLY 6: FISSION_ENERGY     <====================

 Universe 13
   Total Material
     Kappa-Fission Rate                   8.10902e+07 +/- 25664
 =======================>     TALLY 7: HEATING     <========================

 Universe 13
   Total Material
     heating                              7.85817e+07 +/- 25186.3
 ============================>     TALLY 8     <============================

 Internal

