 ============================>     TALLY 1     <============================

 Universe 13
   Delayed Group 1
     Total Material
       Delayed-Nu-Fission Rate              0.000256762 +/- 9.15957e-08
   Delayed Group 2
     Total Material
       Delayed-Nu-Fission Rate              0.000688049 +/- 2.44564e-07
   Delayed Group 3
     Total Material
       Delayed-Nu-Fission Rate              0.000539118 +/- 1.89996e-07
   Delayed Group 4
     Total Material
       Delayed-Nu-Fission Rate              0.00107575 +/- 3.747e-07
   Delayed Group 5
     Total Material
       Delayed-Nu-Fission Rate              0.000351722 +/- 1.21834e-07
   Delayed Group 6
     Total Material
       Delayed-Nu-Fission Rate              0.000127659 +/- 4.36015e-08
 ============================>     TALLY 2     <============================

 Universe 13
   Delayed Group 1
     Total Material
       Decay Rate                           -nan +/- 0
   Delayed Group 2
     Total Material
       Decay Rate                           2.38846e-05 +/- 8.49492e-09
   Delayed Group 3
     Total Material
       Decay Rate                           -nan +/- 0
   Delayed Group 4
     Total Material
       Decay Rate                           -nan +/- 0
   Delayed Group 5
     Total Material
       Decay Rate                           -nan +/- 0
   Delayed Group 6
     Total Material
       Decay Rate                           -nan +/- 0
 ============================>     TALLY 3     <============================

 Universe 13
   Incoming Energy [0, 200000000)
     Total Material
       Nu-Fission Rate                      1.00092 +/- 0.000359999
 ============================>     TALLY 4     <============================

 Universe 13
   Delayed Group 1
     Incoming Energy [0, 200000000)
       Total Material
         Delayed-Nu-Fission Rate              0.000256762 +/- 9.15957e-08
   Delayed Group 2
     Incoming Energy [0, 200000000)
       Total Material
         Delayed-Nu-Fission Rate              0.000688049 +/- 2.44564e-07
   Delayed Group 3
     Incoming Energy [0, 200000000)
       Total Material
         Delayed-Nu-Fission Rate              0.000539118 +/- 1.89996e-07
   Delayed Group 4
     Incoming Energy [0, 200000000)
       Total Material
         Delayed-Nu-Fission Rate              0.00107575 +/- 3.747e-07
   Delayed Group 5
     Incoming Energy [0, 200000000)
       Total Material
         Delayed-Nu-Fission Rate              0.000351722 +/- 1.21834e-07
   Delayed Group 6
     Incoming Energy [0, 200000000)
       Total Material
         Delayed-Nu-Fission Rate              0.000127659 +/- 4.36015e-08
 =================>     TALLY 5: BREEDING_RATIO_TALLY     <=================

 Universe 13
   U238
     (n,gamma)                            1.44659e-10 +/- 1.50908e-13
     Absorption Rate                      1.45104e-10 +/- 1.50911e-13
   Pu239
     (n,gamma)                            1.04264e-10 +/- 4.69391e-14
     Absorption Rate                      2.77372e-10 +/- 1.2351e-13
   Pu241
     (n,gamma)                            4.44965e-13 +/- 1.89836e-16
     Absorption Rate                      1.60962e-12 +/- 6.78014e-16
   U233
     (n,gamma)                            0.0487465 +/- 1.70181e-05
     Absorption Rate                      0.447444 +/- 0.000160474
   Pu238
     (n,gamma)                            1.17011e-09 +/- 4.86538e-13
     Absorption Rate                      1.25035e-09 +/- 5.06274e-13
   Th232
     (n,gamma)                            0.447169 +/- 0.00013613
     Absorption Rate                      0.448666 +/- 0.000136079
   Pu240
     (n,gamma)                            1.3413e-11 +/- 1.1046e-14
     Absorption Rate                      1.34252e-11 +/- 1.10483e-14
   U234
     (n,gamma)                            0.00535008 +/- 4.54979e-06
     Absorption Rate                      0.00538344 +/- 4.55316e-06
   U235
     (n,gamma)                            0.000133336 +/- 4.66069e-08
     Absorption Rate                      0.000735885 +/- 2.89557e-07
 ====================>     TALLY 6: FISSION_ENERGY     <====================

 Universe 13
   Total Material
     Kappa-Fission Rate                   7.65739e+07 +/- 27549.2
 =======================>     TALLY 7: HEATING     <========================

 Universe 13
   Total Material
     heating                              7.01839e+07 +/- 24476.7
 ============================>     TALLY 8     <============================

 Internal

