 ============================>     TALLY 1     <============================

 Universe 13
   Delayed Group 1
     Total Material
       Delayed-Nu-Fission Rate              0.00025864 +/- 8.82435e-08
   Delayed Group 2
     Total Material
       Delayed-Nu-Fission Rate              0.00069482 +/- 2.36199e-07
   Delayed Group 3
     Total Material
       Delayed-Nu-Fission Rate              0.00054508 +/- 1.83602e-07
   Delayed Group 4
     Total Material
       Delayed-Nu-Fission Rate              0.00108859 +/- 3.62063e-07
   Delayed Group 5
     Total Material
       Delayed-Nu-Fission Rate              0.000356572 +/- 1.17915e-07
   Delayed Group 6
     Total Material
       Delayed-Nu-Fission Rate              0.000129609 +/- 4.22188e-08
 ============================>     TALLY 2     <============================

 Universe 13
   Delayed Group 1
     Total Material
       Decay Rate                           -nan +/- 0
   Delayed Group 2
     Total Material
       Decay Rate                           2.41125e-05 +/- 8.20206e-09
   Delayed Group 3
     Total Material
       Decay Rate                           -nan +/- 0
   Delayed Group 4
     Total Material
       Decay Rate                           -nan +/- 0
   Delayed Group 5
     Total Material
       Decay Rate                           -nan +/- 0
   Delayed Group 6
     Total Material
       Decay Rate                           -nan +/- 0
 ============================>     TALLY 3     <============================

 Universe 13
   Incoming Energy [0, 200000000)
     Total Material
       Nu-Fission Rate                      1.00852 +/- 0.000347315
 ============================>     TALLY 4     <============================

 Universe 13
   Delayed Group 1
     Incoming Energy [0, 200000000)
       Total Material
         Delayed-Nu-Fission Rate              0.00025864 +/- 8.82435e-08
   Delayed Group 2
     Incoming Energy [0, 200000000)
       Total Material
         Delayed-Nu-Fission Rate              0.00069482 +/- 2.36199e-07
   Delayed Group 3
     Incoming Energy [0, 200000000)
       Total Material
         Delayed-Nu-Fission Rate              0.00054508 +/- 1.83602e-07
   Delayed Group 4
     Incoming Energy [0, 200000000)
       Total Material
         Delayed-Nu-Fission Rate              0.00108859 +/- 3.62063e-07
   Delayed Group 5
     Incoming Energy [0, 200000000)
       Total Material
         Delayed-Nu-Fission Rate              0.000356572 +/- 1.17915e-07
   Delayed Group 6
     Incoming Energy [0, 200000000)
       Total Material
         Delayed-Nu-Fission Rate              0.000129609 +/- 4.22188e-08
 =================>     TALLY 5: BREEDING_RATIO_TALLY     <=================

 Universe 13
   Pu240
     (n,gamma)                            9.91451e-10 +/- 8.33764e-13
     Absorption Rate                      9.92336e-10 +/- 8.33948e-13
   Th232
     (n,gamma)                            0.462553 +/- 0.000136728
     Absorption Rate                      0.464071 +/- 0.00013664
   U238
     (n,gamma)                            1.85892e-09 +/- 1.88719e-12
     Absorption Rate                      1.86457e-09 +/- 1.88746e-12
   U233
     (n,gamma)                            0.0487665 +/- 1.58468e-05
     Absorption Rate                      0.449266 +/- 0.000153765
   Pu241
     (n,gamma)                            5.94108e-11 +/- 2.40339e-14
     Absorption Rate                      2.14922e-10 +/- 8.62138e-14
   Pu239
     (n,gamma)                            4.27839e-09 +/- 1.78556e-12
     Absorption Rate                      1.13862e-08 +/- 4.71692e-12
   U235
     (n,gamma)                            0.000404688 +/- 1.37442e-07
     Absorption Rate                      0.00224576 +/- 8.54429e-07
   U234
     (n,gamma)                            0.00884736 +/- 7.34412e-06
     Absorption Rate                      0.00890187 +/- 7.34887e-06
   Pu238
     (n,gamma)                            3.06213e-08 +/- 1.33362e-11
     Absorption Rate                      3.26901e-08 +/- 1.38658e-11
 ====================>     TALLY 6: FISSION_ENERGY     <====================

 Universe 13
   Total Material
     Kappa-Fission Rate                   7.71645e+07 +/- 26578.7
 =======================>     TALLY 7: HEATING     <========================

 Universe 13
   Total Material
     heating                              7.12402e+07 +/- 24190.9
 ============================>     TALLY 8     <============================

 Internal

