 ============================>     TALLY 1     <============================

 Universe 13
   Delayed Group 1
     Total Material
       Delayed-Nu-Fission Rate              0.000255109 +/- 9.99597e-08
   Delayed Group 2
     Total Material
       Delayed-Nu-Fission Rate              0.00068411 +/- 2.67395e-07
   Delayed Group 3
     Total Material
       Delayed-Nu-Fission Rate              0.000536222 +/- 2.08307e-07
   Delayed Group 4
     Total Material
       Delayed-Nu-Fission Rate              0.00107025 +/- 4.12287e-07
   Delayed Group 5
     Total Material
       Delayed-Nu-Fission Rate              0.000350111 +/- 1.34357e-07
   Delayed Group 6
     Total Material
       Delayed-Nu-Fission Rate              0.00012713 +/- 4.83068e-08
 ============================>     TALLY 2     <============================

 Universe 13
   Delayed Group 1
     Total Material
       Decay Rate                           -nan +/- 0
   Delayed Group 2
     Total Material
       Decay Rate                           2.37459e-05 +/- 9.28541e-09
   Delayed Group 3
     Total Material
       Decay Rate                           -nan +/- 0
   Delayed Group 4
     Total Material
       Decay Rate                           -nan +/- 0
   Delayed Group 5
     Total Material
       Decay Rate                           -nan +/- 0
   Delayed Group 6
     Total Material
       Decay Rate                           -nan +/- 0
 ============================>     TALLY 3     <============================

 Universe 13
   Incoming Energy [0, 200000000)
     Total Material
       Nu-Fission Rate                      0.994537 +/- 0.000392121
 ============================>     TALLY 4     <============================

 Universe 13
   Delayed Group 1
     Incoming Energy [0, 200000000)
       Total Material
         Delayed-Nu-Fission Rate              0.000255109 +/- 9.99597e-08
   Delayed Group 2
     Incoming Energy [0, 200000000)
       Total Material
         Delayed-Nu-Fission Rate              0.00068411 +/- 2.67395e-07
   Delayed Group 3
     Incoming Energy [0, 200000000)
       Total Material
         Delayed-Nu-Fission Rate              0.000536222 +/- 2.08307e-07
   Delayed Group 4
     Incoming Energy [0, 200000000)
       Total Material
         Delayed-Nu-Fission Rate              0.00107025 +/- 4.12287e-07
   Delayed Group 5
     Incoming Energy [0, 200000000)
       Total Material
         Delayed-Nu-Fission Rate              0.000350111 +/- 1.34357e-07
   Delayed Group 6
     Incoming Energy [0, 200000000)
       Total Material
         Delayed-Nu-Fission Rate              0.00012713 +/- 4.83068e-08
 =================>     TALLY 5: BREEDING_RATIO_TALLY     <=================

 Universe 13
   U238
     (n,gamma)                            3.91625e-10 +/- 4.64431e-13
     Absorption Rate                      3.9283e-10 +/- 4.64518e-13
   Pu239
     (n,gamma)                            4.29894e-10 +/- 2.00697e-13
     Absorption Rate                      1.14356e-09 +/- 5.33514e-13
   Pu241
     (n,gamma)                            2.87317e-12 +/- 1.33636e-15
     Absorption Rate                      1.03933e-11 +/- 4.79188e-15
   U233
     (n,gamma)                            0.0484181 +/- 1.76937e-05
     Absorption Rate                      0.444221 +/- 0.00017362
   Pu238
     (n,gamma)                            4.09631e-09 +/- 2.12432e-12
     Absorption Rate                      4.37783e-09 +/- 2.21239e-12
   Th232
     (n,gamma)                            0.445353 +/- 0.00015251
     Absorption Rate                      0.446845 +/- 0.000152515
   Pu240
     (n,gamma)                            6.91627e-11 +/- 6.6513e-14
     Absorption Rate                      6.92258e-11 +/- 6.65243e-14
   U234
     (n,gamma)                            0.0066957 +/- 5.76492e-06
     Absorption Rate                      0.00673779 +/- 5.76947e-06
   U235
     (n,gamma)                            0.000208783 +/- 7.80673e-08
     Absorption Rate                      0.00115162 +/- 5.09799e-07
 ====================>     TALLY 6: FISSION_ENERGY     <====================

 Universe 13
   Total Material
     Kappa-Fission Rate                   7.60877e+07 +/- 30005
 =======================>     TALLY 7: HEATING     <========================

 Universe 13
   Total Material
     heating                              6.93618e+07 +/- 26742.4
 ============================>     TALLY 8     <============================

 Internal

