 ============================>     TALLY 1     <============================

 Universe 13
   Delayed Group 1
     Total Material
       Delayed-Nu-Fission Rate              0.000261244 +/- 9.19429e-08
   Delayed Group 2
     Total Material
       Delayed-Nu-Fission Rate              0.000699375 +/- 2.45367e-07
   Delayed Group 3
     Total Material
       Delayed-Nu-Fission Rate              0.000547712 +/- 1.90768e-07
   Delayed Group 4
     Total Material
       Delayed-Nu-Fission Rate              0.00109245 +/- 3.76763e-07
   Delayed Group 5
     Total Material
       Delayed-Nu-Fission Rate              0.000356923 +/- 1.22518e-07
   Delayed Group 6
     Total Material
       Delayed-Nu-Fission Rate              0.000129463 +/- 4.39212e-08
 ============================>     TALLY 2     <============================

 Universe 13
   Delayed Group 1
     Total Material
       Decay Rate                           -nan +/- 0
   Delayed Group 2
     Total Material
       Decay Rate                           2.42807e-05 +/- 8.5231e-09
   Delayed Group 3
     Total Material
       Decay Rate                           -nan +/- 0
   Delayed Group 4
     Total Material
       Decay Rate                           -nan +/- 0
   Delayed Group 5
     Total Material
       Decay Rate                           -nan +/- 0
   Delayed Group 6
     Total Material
       Decay Rate                           -nan +/- 0
 ============================>     TALLY 3     <============================

 Universe 13
   Incoming Energy [0, 200000000)
     Total Material
       Nu-Fission Rate                      1.01836 +/- 0.000360977
 ============================>     TALLY 4     <============================

 Universe 13
   Delayed Group 1
     Incoming Energy [0, 200000000)
       Total Material
         Delayed-Nu-Fission Rate              0.000261244 +/- 9.19429e-08
   Delayed Group 2
     Incoming Energy [0, 200000000)
       Total Material
         Delayed-Nu-Fission Rate              0.000699375 +/- 2.45367e-07
   Delayed Group 3
     Incoming Energy [0, 200000000)
       Total Material
         Delayed-Nu-Fission Rate              0.000547712 +/- 1.90768e-07
   Delayed Group 4
     Incoming Energy [0, 200000000)
       Total Material
         Delayed-Nu-Fission Rate              0.00109245 +/- 3.76763e-07
   Delayed Group 5
     Incoming Energy [0, 200000000)
       Total Material
         Delayed-Nu-Fission Rate              0.000356923 +/- 1.22518e-07
   Delayed Group 6
     Incoming Energy [0, 200000000)
       Total Material
         Delayed-Nu-Fission Rate              0.000129463 +/- 4.39212e-08
 =================>     TALLY 5: BREEDING_RATIO_TALLY     <=================

 Universe 13
   U234
     (n,gamma)                            0.00257919 +/- 2.19095e-06
     Absorption Rate                      0.00259502 +/- 2.19247e-06
   Pu239
     (n,gamma)                            1.07221e-12 +/- 4.97881e-16
     Absorption Rate                      2.85227e-12 +/- 1.30571e-15
   Pu238
     (n,gamma)                            1.99626e-11 +/- 8.05616e-15
     Absorption Rate                      2.13314e-11 +/- 8.37936e-15
   Th232
     (n,gamma)                            0.45006 +/- 0.000133827
     Absorption Rate                      0.451569 +/- 0.000133868
   U238
     (n,gamma)                            5.82767e-12 +/- 6.41023e-15
     Absorption Rate                      5.84557e-12 +/- 6.41129e-15
   Pu241
     (n,gamma)                            1.08273e-15 +/- 4.78393e-19
     Absorption Rate                      3.9165e-15 +/- 1.68082e-18
   U233
     (n,gamma)                            0.0496639 +/- 1.65424e-05
     Absorption Rate                      0.4558 +/- 0.000160434
   U235
     (n,gamma)                            3.11462e-05 +/- 1.09616e-08
     Absorption Rate                      0.000171897 +/- 6.71669e-08
   Pu240
     (n,gamma)                            6.75019e-14 +/- 5.74606e-17
     Absorption Rate                      6.75632e-14 +/- 5.74722e-17
 ====================>     TALLY 6: FISSION_ENERGY     <====================

 Universe 13
   Total Material
     Kappa-Fission Rate                   7.79043e+07 +/- 27619.8
 =======================>     TALLY 7: HEATING     <========================

 Universe 13
   Total Material
     heating                              7.26147e+07 +/- 25056.4
 ============================>     TALLY 8     <============================

 Internal

