 ============================>     TALLY 1     <============================

 Universe 13
   Delayed Group 1
     Total Material
       Delayed-Nu-Fission Rate              0.000265174 +/- 8.54859e-08
   Delayed Group 2
     Total Material
       Delayed-Nu-Fission Rate              0.000710407 +/- 2.28187e-07
   Delayed Group 3
     Total Material
       Delayed-Nu-Fission Rate              0.000556515 +/- 1.77229e-07
   Delayed Group 4
     Total Material
       Delayed-Nu-Fission Rate              0.00111018 +/- 3.49436e-07
   Delayed Group 5
     Total Material
       Delayed-Nu-Fission Rate              0.000362902 +/- 1.13594e-07
   Delayed Group 6
     Total Material
       Delayed-Nu-Fission Rate              0.000131674 +/- 4.06429e-08
 ============================>     TALLY 2     <============================

 Universe 13
   Delayed Group 1
     Total Material
       Decay Rate                           -nan +/- 0
   Delayed Group 2
     Total Material
       Decay Rate                           2.46616e-05 +/- 7.92636e-09
   Delayed Group 3
     Total Material
       Decay Rate                           -nan +/- 0
   Delayed Group 4
     Total Material
       Decay Rate                           -nan +/- 0
   Delayed Group 5
     Total Material
       Decay Rate                           -nan +/- 0
   Delayed Group 6
     Total Material
       Decay Rate                           -nan +/- 0
 ============================>     TALLY 3     <============================

 Universe 13
   Incoming Energy [0, 200000000)
     Total Material
       Nu-Fission Rate                      1.03385 +/- 0.000336103
 ============================>     TALLY 4     <============================

 Universe 13
   Delayed Group 1
     Incoming Energy [0, 200000000)
       Total Material
         Delayed-Nu-Fission Rate              0.000265174 +/- 8.54859e-08
   Delayed Group 2
     Incoming Energy [0, 200000000)
       Total Material
         Delayed-Nu-Fission Rate              0.000710407 +/- 2.28187e-07
   Delayed Group 3
     Incoming Energy [0, 200000000)
       Total Material
         Delayed-Nu-Fission Rate              0.000556515 +/- 1.77229e-07
   Delayed Group 4
     Incoming Energy [0, 200000000)
       Total Material
         Delayed-Nu-Fission Rate              0.00111018 +/- 3.49436e-07
   Delayed Group 5
     Incoming Energy [0, 200000000)
       Total Material
         Delayed-Nu-Fission Rate              0.000362902 +/- 1.13594e-07
   Delayed Group 6
     Incoming Energy [0, 200000000)
       Total Material
         Delayed-Nu-Fission Rate              0.000131674 +/- 4.06429e-08
 =================>     TALLY 5: BREEDING_RATIO_TALLY     <=================

 Universe 13
   Pu238
     (n,gamma)                            8.85879e-10 +/- 3.69839e-13
     Absorption Rate                      9.46338e-10 +/- 3.86118e-13
   U238
     (n,gamma)                            1.10351e-10 +/- 1.05782e-13
     Absorption Rate                      1.10689e-10 +/- 1.05781e-13
   Th232
     (n,gamma)                            0.455958 +/- 0.000144699
     Absorption Rate                      0.457478 +/- 0.00014463
   U235
     (n,gamma)                            0.000114782 +/- 3.60127e-08
     Absorption Rate                      0.00063452 +/- 2.28388e-07
   Pu241
     (n,gamma)                            3.02195e-13 +/- 1.14132e-16
     Absorption Rate                      1.09318e-12 +/- 4.10764e-16
   U234
     (n,gamma)                            0.00474975 +/- 4.21042e-06
     Absorption Rate                      0.00477892 +/- 4.2132e-06
   U233
     (n,gamma)                            0.0503243 +/- 1.51204e-05
     Absorption Rate                      0.462277 +/- 0.000148981
   Pu239
     (n,gamma)                            7.71274e-11 +/- 2.9961e-14
     Absorption Rate                      2.05203e-10 +/- 7.91402e-14
   Pu240
     (n,gamma)                            9.64101e-12 +/- 8.03621e-15
     Absorption Rate                      9.64969e-12 +/- 8.03754e-15
 ====================>     TALLY 6: FISSION_ENERGY     <====================

 Universe 13
   Total Material
     Kappa-Fission Rate                   7.90923e+07 +/- 25719
 =======================>     TALLY 7: HEATING     <========================

 Universe 13
   Total Material
     heating                              7.48274e+07 +/- 23602.8
 ============================>     TALLY 8     <============================

 Internal

