 ============================>     TALLY 1     <============================

 Universe 13
   Delayed Group 1
     Total Material
       Delayed-Nu-Fission Rate              0.000254226 +/- 8.5975e-08
   Delayed Group 2
     Total Material
       Delayed-Nu-Fission Rate              0.000681983 +/- 2.29797e-07
   Delayed Group 3
     Total Material
       Delayed-Nu-Fission Rate              0.000534647 +/- 1.78537e-07
   Delayed Group 4
     Total Material
       Delayed-Nu-Fission Rate              0.00106725 +/- 3.5202e-07
   Delayed Group 5
     Total Material
       Delayed-Nu-Fission Rate              0.000349217 +/- 1.14537e-07
   Delayed Group 6
     Total Material
       Delayed-Nu-Fission Rate              0.000126832 +/- 4.09953e-08
 ============================>     TALLY 2     <============================

 Universe 13
   Delayed Group 1
     Total Material
       Decay Rate                           -nan +/- 0
   Delayed Group 2
     Total Material
       Decay Rate                           2.3671e-05 +/- 7.98107e-09
   Delayed Group 3
     Total Material
       Decay Rate                           -nan +/- 0
   Delayed Group 4
     Total Material
       Decay Rate                           -nan +/- 0
   Delayed Group 5
     Total Material
       Decay Rate                           -nan +/- 0
   Delayed Group 6
     Total Material
       Decay Rate                           -nan +/- 0
 ============================>     TALLY 3     <============================

 Universe 13
   Incoming Energy [0, 200000000)
     Total Material
       Nu-Fission Rate                      0.991128 +/- 0.000338272
 ============================>     TALLY 4     <============================

 Universe 13
   Delayed Group 1
     Incoming Energy [0, 200000000)
       Total Material
         Delayed-Nu-Fission Rate              0.000254226 +/- 8.5975e-08
   Delayed Group 2
     Incoming Energy [0, 200000000)
       Total Material
         Delayed-Nu-Fission Rate              0.000681983 +/- 2.29797e-07
   Delayed Group 3
     Incoming Energy [0, 200000000)
       Total Material
         Delayed-Nu-Fission Rate              0.000534647 +/- 1.78537e-07
   Delayed Group 4
     Incoming Energy [0, 200000000)
       Total Material
         Delayed-Nu-Fission Rate              0.00106725 +/- 3.5202e-07
   Delayed Group 5
     Incoming Energy [0, 200000000)
       Total Material
         Delayed-Nu-Fission Rate              0.000349217 +/- 1.14537e-07
   Delayed Group 6
     Incoming Energy [0, 200000000)
       Total Material
         Delayed-Nu-Fission Rate              0.000126832 +/- 4.09953e-08
 =================>     TALLY 5: BREEDING_RATIO_TALLY     <=================

 Universe 13
   U238
     (n,gamma)                            5.64492e-10 +/- 5.8311e-13
     Absorption Rate                      5.66227e-10 +/- 5.83163e-13
   Pu239
     (n,gamma)                            7.21771e-10 +/- 3.15204e-13
     Absorption Rate                      1.92004e-09 +/- 8.32274e-13
   Pu241
     (n,gamma)                            5.68574e-12 +/- 2.40127e-15
     Absorption Rate                      2.05678e-11 +/- 8.51796e-15
   U233
     (n,gamma)                            0.0482281 +/- 1.47405e-05
     Absorption Rate                      0.442502 +/- 0.000149268
   Pu238
     (n,gamma)                            6.48072e-09 +/- 2.85588e-12
     Absorption Rate                      6.92612e-09 +/- 2.9661e-12
   Th232
     (n,gamma)                            0.444277 +/- 0.000148685
     Absorption Rate                      0.445766 +/- 0.000148703
   Pu240
     (n,gamma)                            1.25755e-10 +/- 1.06085e-13
     Absorption Rate                      1.2587e-10 +/- 1.061e-13
   U234
     (n,gamma)                            0.00725173 +/- 6.5859e-06
     Absorption Rate                      0.0072975 +/- 6.59129e-06
   U235
     (n,gamma)                            0.000245668 +/- 8.40425e-08
     Absorption Rate                      0.00135492 +/- 5.29839e-07
 ====================>     TALLY 6: FISSION_ENERGY     <====================

 Universe 13
   Total Material
     Kappa-Fission Rate                   7.5828e+07 +/- 25885.1
 =======================>     TALLY 7: HEATING     <========================

 Universe 13
   Total Material
     heating                              6.88853e+07 +/- 22885
 ============================>     TALLY 8     <============================

 Internal

