 ============================>     TALLY 1     <============================

 Universe 13
   Delayed Group 1
     Total Material
       Delayed-Nu-Fission Rate              0.000268557 +/- 9.62557e-08
   Delayed Group 2
     Total Material
       Delayed-Nu-Fission Rate              0.000718706 +/- 2.567e-07
   Delayed Group 3
     Total Material
       Delayed-Nu-Fission Rate              0.000562692 +/- 1.99367e-07
   Delayed Group 4
     Total Material
       Delayed-Nu-Fission Rate              0.00112198 +/- 3.932e-07
   Delayed Group 5
     Total Material
       Delayed-Nu-Fission Rate              0.000366465 +/- 1.27756e-07
   Delayed Group 6
     Total Material
       Delayed-Nu-Fission Rate              0.00013287 +/- 4.57174e-08
 ============================>     TALLY 2     <============================

 Universe 13
   Delayed Group 1
     Total Material
       Decay Rate                           -nan +/- 0
   Delayed Group 2
     Total Material
       Decay Rate                           -nan +/- 0
   Delayed Group 3
     Total Material
       Decay Rate                           -nan +/- 0
   Delayed Group 4
     Total Material
       Decay Rate                           -nan +/- 0
   Delayed Group 5
     Total Material
       Decay Rate                           -nan +/- 0
   Delayed Group 6
     Total Material
       Decay Rate                           -nan +/- 0
 ============================>     TALLY 3     <============================

 Universe 13
   Incoming Energy [0, 200000000)
     Total Material
       Nu-Fission Rate                      1.04701 +/- 0.000378248
 ============================>     TALLY 4     <============================

 Universe 13
   Delayed Group 1
     Incoming Energy [0, 200000000)
       Total Material
         Delayed-Nu-Fission Rate              0.000268557 +/- 9.62557e-08
   Delayed Group 2
     Incoming Energy [0, 200000000)
       Total Material
         Delayed-Nu-Fission Rate              0.000718706 +/- 2.567e-07
   Delayed Group 3
     Incoming Energy [0, 200000000)
       Total Material
         Delayed-Nu-Fission Rate              0.000562692 +/- 1.99367e-07
   Delayed Group 4
     Incoming Energy [0, 200000000)
       Total Material
         Delayed-Nu-Fission Rate              0.00112198 +/- 3.932e-07
   Delayed Group 5
     Incoming Energy [0, 200000000)
       Total Material
         Delayed-Nu-Fission Rate              0.000366465 +/- 1.27756e-07
   Delayed Group 6
     Incoming Energy [0, 200000000)
       Total Material
         Delayed-Nu-Fission Rate              0.00013287 +/- 4.57174e-08
 =================>     TALLY 5: BREEDING_RATIO_TALLY     <=================

 Universe 13
   U234
     (n,gamma)                            0.000622677 +/- 5.23758e-07
     Absorption Rate                      0.000626488 +/- 5.24202e-07
   Pu239
     (n,gamma)                            1.40727e-16 +/- 6.47695e-20
     Absorption Rate                      3.74267e-16 +/- 1.70339e-19
   Pu238
     (n,gamma)                            4.91615e-15 +/- 2.1713e-18
     Absorption Rate                      5.25543e-15 +/- 2.26917e-18
   Th232
     (n,gamma)                            0.448566 +/- 0.000142797
     Absorption Rate                      0.450085 +/- 0.000142737
   U238
     (n,gamma)                            9.60659e-15 +/- 1.1376e-17
     Absorption Rate                      9.63616e-15 +/- 1.13781e-17
   Pu241
     (n,gamma)                            1.11105e-17 +/- 4.88378e-21
     Absorption Rate                      4.01857e-17 +/- 1.75017e-20
   U233
     (n,gamma)                            0.0512064 +/- 1.66983e-05
     Absorption Rate                      0.46895 +/- 0.000167597
   U235
     (n,gamma)                            1.88029e-06 +/- 6.8651e-10
     Absorption Rate                      1.03506e-05 +/- 4.21234e-09
   Pu240
     (n,gamma)                            5.472e-17 +/- 4.97168e-20
     Absorption Rate                      5.47697e-17 +/- 4.97249e-20
 ====================>     TALLY 6: FISSION_ENERGY     <====================

 Universe 13
   Total Material
     Kappa-Fission Rate                   8.00951e+07 +/- 28940.3
 =======================>     TALLY 7: HEATING     <========================

 Universe 13
   Total Material
     heating                              7.66397e+07 +/- 28318.5
 ============================>     TALLY 8     <============================

 Internal

