 ============================>     TALLY 1     <============================

 Universe 13
   Delayed Group 1
     Total Material
       Delayed-Nu-Fission Rate              0.000256677 +/- 9.43712e-08
   Delayed Group 2
     Total Material
       Delayed-Nu-Fission Rate              0.000689533 +/- 2.52704e-07
   Delayed Group 3
     Total Material
       Delayed-Nu-Fission Rate              0.000541011 +/- 1.96679e-07
   Delayed Group 4
     Total Material
       Delayed-Nu-Fission Rate              0.00108071 +/- 3.8855e-07
   Delayed Group 5
     Total Material
       Delayed-Nu-Fission Rate              0.000354012 +/- 1.26639e-07
   Delayed Group 6
     Total Material
       Delayed-Nu-Fission Rate              0.000128713 +/- 4.54423e-08
 ============================>     TALLY 2     <============================

 Universe 13
   Delayed Group 1
     Total Material
       Decay Rate                           -nan +/- 0
   Delayed Group 2
     Total Material
       Decay Rate                           -nan +/- 0
   Delayed Group 3
     Total Material
       Decay Rate                           -nan +/- 0
   Delayed Group 4
     Total Material
       Decay Rate                           -nan +/- 0
   Delayed Group 5
     Total Material
       Decay Rate                           -nan +/- 0
   Delayed Group 6
     Total Material
       Decay Rate                           -nan +/- 0
 ============================>     TALLY 3     <============================

 Universe 13
   Incoming Energy [0, 200000000)
     Total Material
       Nu-Fission Rate                      1.00074 +/- 0.000370912
 ============================>     TALLY 4     <============================

 Universe 13
   Delayed Group 1
     Incoming Energy [0, 200000000)
       Total Material
         Delayed-Nu-Fission Rate              0.000256677 +/- 9.43712e-08
   Delayed Group 2
     Incoming Energy [0, 200000000)
       Total Material
         Delayed-Nu-Fission Rate              0.000689533 +/- 2.52704e-07
   Delayed Group 3
     Incoming Energy [0, 200000000)
       Total Material
         Delayed-Nu-Fission Rate              0.000541011 +/- 1.96679e-07
   Delayed Group 4
     Incoming Energy [0, 200000000)
       Total Material
         Delayed-Nu-Fission Rate              0.00108071 +/- 3.8855e-07
   Delayed Group 5
     Incoming Energy [0, 200000000)
       Total Material
         Delayed-Nu-Fission Rate              0.000354012 +/- 1.26639e-07
   Delayed Group 6
     Incoming Energy [0, 200000000)
       Total Material
         Delayed-Nu-Fission Rate              0.000128713 +/- 4.54423e-08
 =================>     TALLY 5: BREEDING_RATIO_TALLY     <=================

 Universe 13
   U238
     (n,gamma)                            1.77741e-09 +/- 2.09204e-12
     Absorption Rate                      1.78295e-09 +/- 2.09229e-12
   Th232
     (n,gamma)                            0.456021 +/- 0.000136484
     Absorption Rate                      0.457581 +/- 0.000136572
   Pu241
     (n,gamma)                            5.33414e-11 +/- 2.31948e-14
     Absorption Rate                      1.92971e-10 +/- 8.28431e-14
   U233
     (n,gamma)                            0.0485624 +/- 1.70113e-05
     Absorption Rate                      0.445954 +/- 0.00016431
   Pu239
     (n,gamma)                            3.93152e-09 +/- 1.79694e-12
     Absorption Rate                      1.046e-08 +/- 4.73721e-12
   Pu240
     (n,gamma)                            9.09864e-10 +/- 8.34572e-13
     Absorption Rate                      9.10686e-10 +/- 8.34738e-13
   U235
     (n,gamma)                            0.000392194 +/- 1.38085e-07
     Absorption Rate                      0.00216735 +/- 8.76762e-07
   Pu238
     (n,gamma)                            2.85569e-08 +/- 1.28341e-11
     Absorption Rate                      3.05089e-08 +/- 1.33601e-11
   U234
     (n,gamma)                            0.00869633 +/- 7.2872e-06
     Absorption Rate                      0.00875087 +/- 7.29171e-06
 ====================>     TALLY 6: FISSION_ENERGY     <====================

 Universe 13
   Total Material
     Kappa-Fission Rate                   7.65659e+07 +/- 28385.1
 =======================>     TALLY 7: HEATING     <========================

 Universe 13
   Total Material
     heating                              7.02102e+07 +/- 25339
 ============================>     TALLY 8     <============================

 Internal

 ============================>     TALLY 9     <============================

 Internal

 ===========================>     TALLY 10     <============================

 Internal

