 ============================>     TALLY 1     <============================

 Universe 13
   Delayed Group 1
     Total Material
       Delayed-Nu-Fission Rate              0.000266035 +/- 9.45454e-08
   Delayed Group 2
     Total Material
       Delayed-Nu-Fission Rate              0.000711996 +/- 2.52221e-07
   Delayed Group 3
     Total Material
       Delayed-Nu-Fission Rate              0.00055747 +/- 1.96026e-07
   Delayed Group 4
     Total Material
       Delayed-Nu-Fission Rate              0.00111165 +/- 3.87007e-07
   Delayed Group 5
     Total Material
       Delayed-Nu-Fission Rate              0.000363106 +/- 1.25811e-07
   Delayed Group 6
     Total Material
       Delayed-Nu-Fission Rate              0.000131663 +/- 4.50844e-08
 ============================>     TALLY 2     <============================

 Universe 13
   Delayed Group 1
     Total Material
       Decay Rate                           -nan +/- 0
   Delayed Group 2
     Total Material
       Decay Rate                           2.47197e-05 +/- 8.76158e-09
   Delayed Group 3
     Total Material
       Decay Rate                           -nan +/- 0
   Delayed Group 4
     Total Material
       Decay Rate                           -nan +/- 0
   Delayed Group 5
     Total Material
       Decay Rate                           -nan +/- 0
   Delayed Group 6
     Total Material
       Decay Rate                           -nan +/- 0
 ============================>     TALLY 3     <============================

 Universe 13
   Incoming Energy [0, 200000000)
     Total Material
       Nu-Fission Rate                      1.03714 +/- 0.000371253
 ============================>     TALLY 4     <============================

 Universe 13
   Delayed Group 1
     Incoming Energy [0, 200000000)
       Total Material
         Delayed-Nu-Fission Rate              0.000266035 +/- 9.45454e-08
   Delayed Group 2
     Incoming Energy [0, 200000000)
       Total Material
         Delayed-Nu-Fission Rate              0.000711996 +/- 2.52221e-07
   Delayed Group 3
     Incoming Energy [0, 200000000)
       Total Material
         Delayed-Nu-Fission Rate              0.00055747 +/- 1.96026e-07
   Delayed Group 4
     Incoming Energy [0, 200000000)
       Total Material
         Delayed-Nu-Fission Rate              0.00111165 +/- 3.87007e-07
   Delayed Group 5
     Incoming Energy [0, 200000000)
       Total Material
         Delayed-Nu-Fission Rate              0.000363106 +/- 1.25811e-07
   Delayed Group 6
     Incoming Energy [0, 200000000)
       Total Material
         Delayed-Nu-Fission Rate              0.000131663 +/- 4.50844e-08
 =================>     TALLY 5: BREEDING_RATIO_TALLY     <=================

 Universe 13
   U234
     (n,gamma)                            0.00108397 +/- 9.47011e-07
     Absorption Rate                      0.00109058 +/- 9.47835e-07
   Pu239
     (n,gamma)                            4.43272e-15 +/- 2.08421e-18
     Absorption Rate                      1.17901e-14 +/- 5.45839e-18
   Pu238
     (n,gamma)                            1.39143e-13 +/- 6.34223e-17
     Absorption Rate                      1.48708e-13 +/- 6.60981e-17
   Th232
     (n,gamma)                            0.449257 +/- 0.000129074
     Absorption Rate                      0.450769 +/- 0.000129038
   U238
     (n,gamma)                            1.22636e-13 +/- 1.24847e-16
     Absorption Rate                      1.23013e-13 +/- 1.2485e-16
   Pu241
     (n,gamma)                            1.2237e-17 +/- 5.43898e-21
     Absorption Rate                      4.42613e-17 +/- 1.94621e-20
   U233
     (n,gamma)                            0.0506596 +/- 1.69085e-05
     Absorption Rate                      0.464435 +/- 0.000165106
   U235
     (n,gamma)                            5.62e-06 +/- 1.9961e-09
     Absorption Rate                      3.09822e-05 +/- 1.24439e-08
   Pu240
     (n,gamma)                            1.74754e-16 +/- 1.72861e-19
     Absorption Rate                      1.74913e-16 +/- 1.72897e-19
 ====================>     TALLY 6: FISSION_ENERGY     <====================

 Universe 13
   Total Material
     Kappa-Fission Rate                   7.93399e+07 +/- 28406.3
 =======================>     TALLY 7: HEATING     <========================

 Universe 13
   Total Material
     heating                              7.52652e+07 +/- 26647.7
 ============================>     TALLY 8     <============================

 Internal

