 ============================>     TALLY 1     <============================

 Universe 13
   Delayed Group 1
     Total Material
       Delayed-Nu-Fission Rate              0.000257076 +/- 1.0485e-07
   Delayed Group 2
     Total Material
       Delayed-Nu-Fission Rate              0.000688786 +/- 2.80056e-07
   Delayed Group 3
     Total Material
       Delayed-Nu-Fission Rate              0.000539659 +/- 2.17821e-07
   Delayed Group 4
     Total Material
       Delayed-Nu-Fission Rate              0.00107678 +/- 4.30285e-07
   Delayed Group 5
     Total Material
       Delayed-Nu-Fission Rate              0.00035202 +/- 1.40007e-07
   Delayed Group 6
     Total Material
       Delayed-Nu-Fission Rate              0.000127757 +/- 5.02062e-08
 ============================>     TALLY 2     <============================

 Universe 13
   Delayed Group 1
     Total Material
       Decay Rate                           -nan +/- 0
   Delayed Group 2
     Total Material
       Decay Rate                           2.39106e-05 +/- 9.72705e-09
   Delayed Group 3
     Total Material
       Decay Rate                           -nan +/- 0
   Delayed Group 4
     Total Material
       Decay Rate                           -nan +/- 0
   Delayed Group 5
     Total Material
       Decay Rate                           -nan +/- 0
   Delayed Group 6
     Total Material
       Decay Rate                           -nan +/- 0
 ============================>     TALLY 3     <============================

 Universe 13
   Incoming Energy [0, 200000000)
     Total Material
       Nu-Fission Rate                      1.00213 +/- 0.000411692
 ============================>     TALLY 4     <============================

 Universe 13
   Delayed Group 1
     Incoming Energy [0, 200000000)
       Total Material
         Delayed-Nu-Fission Rate              0.000257076 +/- 1.0485e-07
   Delayed Group 2
     Incoming Energy [0, 200000000)
       Total Material
         Delayed-Nu-Fission Rate              0.000688786 +/- 2.80056e-07
   Delayed Group 3
     Incoming Energy [0, 200000000)
       Total Material
         Delayed-Nu-Fission Rate              0.000539659 +/- 2.17821e-07
   Delayed Group 4
     Incoming Energy [0, 200000000)
       Total Material
         Delayed-Nu-Fission Rate              0.00107678 +/- 4.30285e-07
   Delayed Group 5
     Incoming Energy [0, 200000000)
       Total Material
         Delayed-Nu-Fission Rate              0.00035202 +/- 1.40007e-07
   Delayed Group 6
     Incoming Energy [0, 200000000)
       Total Material
         Delayed-Nu-Fission Rate              0.000127757 +/- 5.02062e-08
 =================>     TALLY 5: BREEDING_RATIO_TALLY     <=================

 Universe 13
   U235
     (n,gamma)                            0.000116634 +/- 4.52419e-08
     Absorption Rate                      0.000643695 +/- 2.88924e-07
   U234
     (n,gamma)                            0.00501514 +/- 4.29725e-06
     Absorption Rate                      0.00504631 +/- 4.30002e-06
   U238
     (n,gamma)                            1.07614e-10 +/- 1.26034e-13
     Absorption Rate                      1.07945e-10 +/- 1.26032e-13
   Th232
     (n,gamma)                            0.447697 +/- 0.000131213
     Absorption Rate                      0.449196 +/- 0.000131247
   Pu238
     (n,gamma)                            8.06479e-10 +/- 4.13225e-13
     Absorption Rate                      8.61782e-10 +/- 4.31429e-13
   Pu240
     (n,gamma)                            8.23445e-12 +/- 6.60005e-15
     Absorption Rate                      8.24196e-12 +/- 6.60159e-15
   Pu241
     (n,gamma)                            2.55639e-13 +/- 1.24558e-16
     Absorption Rate                      9.2476e-13 +/- 4.48238e-16
   U233
     (n,gamma)                            0.0488201 +/- 1.86075e-05
     Absorption Rate                      0.448073 +/- 0.0001828
   Pu239
     (n,gamma)                            6.84736e-11 +/- 3.39997e-14
     Absorption Rate                      1.82156e-10 +/- 8.98327e-14
 ====================>     TALLY 6: FISSION_ENERGY     <====================

 Universe 13
   Total Material
     Kappa-Fission Rate                   7.66654e+07 +/- 31501.8
 =======================>     TALLY 7: HEATING     <========================

 Universe 13
   Total Material
     heating                              7.03635e+07 +/- 28665.5
 ============================>     TALLY 8     <============================

 Internal

