 ============================>     TALLY 1     <============================

 Universe 13
   Delayed Group 1
     Total Material
       Delayed-Nu-Fission Rate              0.00025928 +/- 8.00247e-08
   Delayed Group 2
     Total Material
       Delayed-Nu-Fission Rate              0.000696255 +/- 2.14145e-07
   Delayed Group 3
     Total Material
       Delayed-Nu-Fission Rate              0.000546106 +/- 1.66503e-07
   Delayed Group 4
     Total Material
       Delayed-Nu-Fission Rate              0.00109051 +/- 3.28551e-07
   Delayed Group 5
     Total Material
       Delayed-Nu-Fission Rate              0.000357097 +/- 1.07013e-07
   Delayed Group 6
     Total Material
       Delayed-Nu-Fission Rate              0.000129772 +/- 3.83546e-08
 ============================>     TALLY 2     <============================

 Universe 13
   Delayed Group 1
     Total Material
       Decay Rate                           -nan +/- 0
   Delayed Group 2
     Total Material
       Decay Rate                           2.41635e-05 +/- 7.4364e-09
   Delayed Group 3
     Total Material
       Decay Rate                           -nan +/- 0
   Delayed Group 4
     Total Material
       Decay Rate                           -nan +/- 0
   Delayed Group 5
     Total Material
       Decay Rate                           -nan +/- 0
   Delayed Group 6
     Total Material
       Decay Rate                           -nan +/- 0
 ============================>     TALLY 3     <============================

 Universe 13
   Incoming Energy [0, 200000000)
     Total Material
       Nu-Fission Rate                      1.01095 +/- 0.000314877
 ============================>     TALLY 4     <============================

 Universe 13
   Delayed Group 1
     Incoming Energy [0, 200000000)
       Total Material
         Delayed-Nu-Fission Rate              0.00025928 +/- 8.00247e-08
   Delayed Group 2
     Incoming Energy [0, 200000000)
       Total Material
         Delayed-Nu-Fission Rate              0.000696255 +/- 2.14145e-07
   Delayed Group 3
     Incoming Energy [0, 200000000)
       Total Material
         Delayed-Nu-Fission Rate              0.000546106 +/- 1.66503e-07
   Delayed Group 4
     Incoming Energy [0, 200000000)
       Total Material
         Delayed-Nu-Fission Rate              0.00109051 +/- 3.28551e-07
   Delayed Group 5
     Incoming Energy [0, 200000000)
       Total Material
         Delayed-Nu-Fission Rate              0.000357097 +/- 1.07013e-07
   Delayed Group 6
     Incoming Energy [0, 200000000)
       Total Material
         Delayed-Nu-Fission Rate              0.000129772 +/- 3.83546e-08
 =================>     TALLY 5: BREEDING_RATIO_TALLY     <=================

 Universe 13
   Pu240
     (n,gamma)                            6.4866e-10 +/- 5.16362e-13
     Absorption Rate                      6.49241e-10 +/- 5.16449e-13
   Th232
     (n,gamma)                            0.461906 +/- 0.000137588
     Absorption Rate                      0.46343 +/- 0.000137566
   U238
     (n,gamma)                            1.42895e-09 +/- 1.62494e-12
     Absorption Rate                      1.43332e-09 +/- 1.62541e-12
   U233
     (n,gamma)                            0.0489505 +/- 1.45299e-05
     Absorption Rate                      0.45062 +/- 0.000139362
   Pu241
     (n,gamma)                            3.65524e-11 +/- 1.43247e-14
     Absorption Rate                      1.32236e-10 +/- 5.07181e-14
   Pu239
     (n,gamma)                            2.95219e-09 +/- 1.2123e-12
     Absorption Rate                      7.85618e-09 +/- 3.17939e-12
   U235
     (n,gamma)                            0.000360692 +/- 1.10789e-07
     Absorption Rate                      0.00199979 +/- 6.99074e-07
   U234
     (n,gamma)                            0.00838521 +/- 7.22036e-06
     Absorption Rate                      0.00843687 +/- 7.22475e-06
   Pu238
     (n,gamma)                            2.20571e-08 +/- 8.8854e-12
     Absorption Rate                      2.35512e-08 +/- 9.23949e-12
 ====================>     TALLY 6: FISSION_ENERGY     <====================

 Universe 13
   Total Material
     Kappa-Fission Rate                   7.73495e+07 +/- 24094.8
 =======================>     TALLY 7: HEATING     <========================

 Universe 13
   Total Material
     heating                              7.16035e+07 +/- 21921.7
 ============================>     TALLY 8     <============================

 Internal

