 ============================>     TALLY 1     <============================

 Universe 13
   Delayed Group 1
     Total Material
       Delayed-Nu-Fission Rate              0.000254488 +/- 9.10852e-08
   Delayed Group 2
     Total Material
       Delayed-Nu-Fission Rate              0.000682617 +/- 2.43355e-07
   Delayed Group 3
     Total Material
       Delayed-Nu-Fission Rate              0.000535121 +/- 1.88957e-07
   Delayed Group 4
     Total Material
       Delayed-Nu-Fission Rate              0.00106816 +/- 3.72261e-07
   Delayed Group 5
     Total Material
       Delayed-Nu-Fission Rate              0.000349491 +/- 1.21058e-07
   Delayed Group 6
     Total Material
       Delayed-Nu-Fission Rate              0.000126926 +/- 4.32786e-08
 ============================>     TALLY 2     <============================

 Universe 13
   Delayed Group 1
     Total Material
       Decay Rate                           -nan +/- 0
   Delayed Group 2
     Total Material
       Decay Rate                           2.36933e-05 +/- 8.45247e-09
   Delayed Group 3
     Total Material
       Decay Rate                           -nan +/- 0
   Delayed Group 4
     Total Material
       Decay Rate                           -nan +/- 0
   Delayed Group 5
     Total Material
       Decay Rate                           -nan +/- 0
   Delayed Group 6
     Total Material
       Decay Rate                           -nan +/- 0
 ============================>     TALLY 3     <============================

 Universe 13
   Incoming Energy [0, 200000000)
     Total Material
       Nu-Fission Rate                      0.992133 +/- 0.000358559
 ============================>     TALLY 4     <============================

 Universe 13
   Delayed Group 1
     Incoming Energy [0, 200000000)
       Total Material
         Delayed-Nu-Fission Rate              0.000254488 +/- 9.10852e-08
   Delayed Group 2
     Incoming Energy [0, 200000000)
       Total Material
         Delayed-Nu-Fission Rate              0.000682617 +/- 2.43355e-07
   Delayed Group 3
     Incoming Energy [0, 200000000)
       Total Material
         Delayed-Nu-Fission Rate              0.000535121 +/- 1.88957e-07
   Delayed Group 4
     Incoming Energy [0, 200000000)
       Total Material
         Delayed-Nu-Fission Rate              0.00106816 +/- 3.72261e-07
   Delayed Group 5
     Incoming Energy [0, 200000000)
       Total Material
         Delayed-Nu-Fission Rate              0.000349491 +/- 1.21058e-07
   Delayed Group 6
     Incoming Energy [0, 200000000)
       Total Material
         Delayed-Nu-Fission Rate              0.000126926 +/- 4.32786e-08
 =================>     TALLY 5: BREEDING_RATIO_TALLY     <=================

 Universe 13
   U238
     (n,gamma)                            5.09606e-10 +/- 5.3422e-13
     Absorption Rate                      5.11177e-10 +/- 5.3433e-13
   Pu239
     (n,gamma)                            6.25611e-10 +/- 2.87113e-13
     Absorption Rate                      1.66416e-09 +/- 7.55822e-13
   Pu241
     (n,gamma)                            4.71005e-12 +/- 2.06792e-15
     Absorption Rate                      1.70386e-11 +/- 7.33773e-15
   U233
     (n,gamma)                            0.0482914 +/- 1.61228e-05
     Absorption Rate                      0.443014 +/- 0.000158921
   Pu238
     (n,gamma)                            5.70845e-09 +/- 2.56905e-12
     Absorption Rate                      6.10095e-09 +/- 2.67404e-12
   Th232
     (n,gamma)                            0.444699 +/- 0.000132248
     Absorption Rate                      0.446191 +/- 0.000132211
   Pu240
     (n,gamma)                            1.06669e-10 +/- 1.04912e-13
     Absorption Rate                      1.06767e-10 +/- 1.04935e-13
   U234
     (n,gamma)                            0.0071119 +/- 5.90639e-06
     Absorption Rate                      0.00715665 +/- 5.91099e-06
   U235
     (n,gamma)                            0.000234943 +/- 8.29271e-08
     Absorption Rate                      0.0012955 +/- 5.17816e-07
 ====================>     TALLY 6: FISSION_ENERGY     <====================

 Universe 13
   Total Material
     Kappa-Fission Rate                   7.59045e+07 +/- 27436.2
 =======================>     TALLY 7: HEATING     <========================

 Universe 13
   Total Material
     heating                              6.90255e+07 +/- 24170.7
 ============================>     TALLY 8     <============================

 Internal

