 ============================>     TALLY 1     <============================

 Universe 13
   Delayed Group 1
     Total Material
       Delayed-Nu-Fission Rate              0.000267048 +/- 9.54773e-08
   Delayed Group 2
     Total Material
       Delayed-Nu-Fission Rate              0.000714811 +/- 2.54728e-07
   Delayed Group 3
     Total Material
       Delayed-Nu-Fission Rate              0.000559774 +/- 1.97971e-07
   Delayed Group 4
     Total Material
       Delayed-Nu-Fission Rate              0.00111647 +/- 3.90788e-07
   Delayed Group 5
     Total Material
       Delayed-Nu-Fission Rate              0.00036474 +/- 1.27034e-07
   Delayed Group 6
     Total Material
       Delayed-Nu-Fission Rate              0.000132291 +/- 4.55052e-08
 ============================>     TALLY 2     <============================

 Universe 13
   Delayed Group 1
     Total Material
       Decay Rate                           -nan +/- 0
   Delayed Group 2
     Total Material
       Decay Rate                           -nan +/- 0
   Delayed Group 3
     Total Material
       Decay Rate                           -nan +/- 0
   Delayed Group 4
     Total Material
       Decay Rate                           -nan +/- 0
   Delayed Group 5
     Total Material
       Decay Rate                           -nan +/- 0
   Delayed Group 6
     Total Material
       Decay Rate                           -nan +/- 0
 ============================>     TALLY 3     <============================

 Universe 13
   Incoming Energy [0, 200000000)
     Total Material
       Nu-Fission Rate                      1.04106 +/- 0.000374839
 ============================>     TALLY 4     <============================

 Universe 13
   Delayed Group 1
     Incoming Energy [0, 200000000)
       Total Material
         Delayed-Nu-Fission Rate              0.000267048 +/- 9.54773e-08
   Delayed Group 2
     Incoming Energy [0, 200000000)
       Total Material
         Delayed-Nu-Fission Rate              0.000714811 +/- 2.54728e-07
   Delayed Group 3
     Incoming Energy [0, 200000000)
       Total Material
         Delayed-Nu-Fission Rate              0.000559774 +/- 1.97971e-07
   Delayed Group 4
     Incoming Energy [0, 200000000)
       Total Material
         Delayed-Nu-Fission Rate              0.00111647 +/- 3.90788e-07
   Delayed Group 5
     Incoming Energy [0, 200000000)
       Total Material
         Delayed-Nu-Fission Rate              0.00036474 +/- 1.27034e-07
   Delayed Group 6
     Incoming Energy [0, 200000000)
       Total Material
         Delayed-Nu-Fission Rate              0.000132291 +/- 4.55052e-08
 =================>     TALLY 5: BREEDING_RATIO_TALLY     <=================

 Universe 13
   U235
     (n,gamma)                            1.58e-05 +/- 5.48789e-09
     Absorption Rate                      8.6863e-05 +/- 3.39632e-08
   Pu240
     (n,gamma)                            6.79809e-15 +/- 6.18688e-18
     Absorption Rate                      6.80431e-15 +/- 6.18822e-18
   U234
     (n,gamma)                            0.00176828 +/- 1.67871e-06
     Absorption Rate                      0.00177927 +/- 1.67964e-06
   Pu241
     (n,gamma)                            7.66299e-17 +/- 3.2453e-20
     Absorption Rate                      2.77159e-16 +/- 1.16391e-19
   U238
     (n,gamma)                            1.38209e-12 +/- 1.38596e-15
     Absorption Rate                      1.38644e-12 +/- 1.38611e-15
   Pu239
     (n,gamma)                            1.43174e-13 +/- 6.16911e-17
     Absorption Rate                      3.80737e-13 +/- 1.62179e-16
   U233
     (n,gamma)                            0.0509707 +/- 1.77255e-05
     Absorption Rate                      0.466207 +/- 0.000167308
   Th232
     (n,gamma)                            0.446551 +/- 0.000139115
     Absorption Rate                      0.448112 +/- 0.000139145
   Pu238
     (n,gamma)                            3.28226e-12 +/- 1.45556e-15
     Absorption Rate                      3.50973e-12 +/- 1.51328e-15
 ====================>     TALLY 6: FISSION_ENERGY     <====================

 Universe 13
   Total Material
     Kappa-Fission Rate                   7.96371e+07 +/- 28683.7
 =======================>     TALLY 7: HEATING     <========================

 Universe 13
   Total Material
     heating                              7.58919e+07 +/- 26806.7
 ============================>     TALLY 8     <============================

 Internal

 ============================>     TALLY 9     <============================

 Internal

 ===========================>     TALLY 10     <============================

 Internal

