 ============================>     TALLY 1     <============================

 Universe 13
   Delayed Group 1
     Total Material
       Delayed-Nu-Fission Rate              0.000255567 +/- 1.02144e-07
   Delayed Group 2
     Total Material
       Delayed-Nu-Fission Rate              0.000685147 +/- 2.73055e-07
   Delayed Group 3
     Total Material
       Delayed-Nu-Fission Rate              0.000536966 +/- 2.12509e-07
   Delayed Group 4
     Total Material
       Delayed-Nu-Fission Rate              0.00107165 +/- 4.20061e-07
   Delayed Group 5
     Total Material
       Delayed-Nu-Fission Rate              0.000350495 +/- 1.36777e-07
   Delayed Group 6
     Total Material
       Delayed-Nu-Fission Rate              0.00012725 +/- 4.90912e-08
 ============================>     TALLY 2     <============================

 Universe 13
   Delayed Group 1
     Total Material
       Decay Rate                           -nan +/- 0
   Delayed Group 2
     Total Material
       Decay Rate                           2.37826e-05 +/- 9.48289e-09
   Delayed Group 3
     Total Material
       Decay Rate                           -nan +/- 0
   Delayed Group 4
     Total Material
       Decay Rate                           -nan +/- 0
   Delayed Group 5
     Total Material
       Decay Rate                           -nan +/- 0
   Delayed Group 6
     Total Material
       Decay Rate                           -nan +/- 0
 ============================>     TALLY 3     <============================

 Universe 13
   Incoming Energy [0, 200000000)
     Total Material
       Nu-Fission Rate                      0.996286 +/- 0.000401029
 ============================>     TALLY 4     <============================

 Universe 13
   Delayed Group 1
     Incoming Energy [0, 200000000)
       Total Material
         Delayed-Nu-Fission Rate              0.000255567 +/- 1.02144e-07
   Delayed Group 2
     Incoming Energy [0, 200000000)
       Total Material
         Delayed-Nu-Fission Rate              0.000685147 +/- 2.73055e-07
   Delayed Group 3
     Incoming Energy [0, 200000000)
       Total Material
         Delayed-Nu-Fission Rate              0.000536966 +/- 2.12509e-07
   Delayed Group 4
     Incoming Energy [0, 200000000)
       Total Material
         Delayed-Nu-Fission Rate              0.00107165 +/- 4.20061e-07
   Delayed Group 5
     Incoming Energy [0, 200000000)
       Total Material
         Delayed-Nu-Fission Rate              0.000350495 +/- 1.36777e-07
   Delayed Group 6
     Incoming Energy [0, 200000000)
       Total Material
         Delayed-Nu-Fission Rate              0.00012725 +/- 4.90912e-08
 =================>     TALLY 5: BREEDING_RATIO_TALLY     <=================

 Universe 13
   U238
     (n,gamma)                            2.77645e-10 +/- 3.08161e-13
     Absorption Rate                      2.785e-10 +/- 3.0823e-13
   Pu239
     (n,gamma)                            2.63625e-10 +/- 1.24622e-13
     Absorption Rate                      7.0126e-10 +/- 3.30708e-13
   Pu241
     (n,gamma)                            1.50984e-12 +/- 7.13288e-16
     Absorption Rate                      5.46133e-12 +/- 2.56661e-15
   U233
     (n,gamma)                            0.0485088 +/- 1.77759e-05
     Absorption Rate                      0.445145 +/- 0.00017732
   Pu238
     (n,gamma)                            2.65701e-09 +/- 1.40597e-12
     Absorption Rate                      2.83949e-09 +/- 1.46655e-12
   Th232
     (n,gamma)                            0.446034 +/- 0.000148379
     Absorption Rate                      0.44753 +/- 0.000148406
   Pu240
     (n,gamma)                            3.92207e-11 +/- 3.46175e-14
     Absorption Rate                      3.92565e-11 +/- 3.46251e-14
   U234
     (n,gamma)                            0.00620104 +/- 5.2781e-06
     Absorption Rate                      0.00623992 +/- 5.28257e-06
   U235
     (n,gamma)                            0.000178848 +/- 7.25881e-08
     Absorption Rate                      0.000986521 +/- 4.49091e-07
 ====================>     TALLY 6: FISSION_ENERGY     <====================

 Universe 13
   Total Material
     Kappa-Fission Rate                   7.62206e+07 +/- 30685.1
 =======================>     TALLY 7: HEATING     <========================

 Universe 13
   Total Material
     heating                              6.9591e+07 +/- 29193.7
 ============================>     TALLY 8     <============================

 Internal

