 ============================>     TALLY 1     <============================

 Universe 13
   Delayed Group 1
     Total Material
       Delayed-Nu-Fission Rate              0.000259677 +/- 9.59502e-08
   Delayed Group 2
     Total Material
       Delayed-Nu-Fission Rate              0.000696436 +/- 2.563e-07
   Delayed Group 3
     Total Material
       Delayed-Nu-Fission Rate              0.000545971 +/- 1.9897e-07
   Delayed Group 4
     Total Material
       Delayed-Nu-Fission Rate              0.00108992 +/- 3.91904e-07
   Delayed Group 5
     Total Material
       Delayed-Nu-Fission Rate              0.000356592 +/- 1.27421e-07
   Delayed Group 6
     Total Material
       Delayed-Nu-Fission Rate              0.000129516 +/- 4.55416e-08
 ============================>     TALLY 2     <============================

 Universe 13
   Delayed Group 1
     Total Material
       Decay Rate                           -nan +/- 0
   Delayed Group 2
     Total Material
       Decay Rate                           2.41734e-05 +/- 8.90232e-09
   Delayed Group 3
     Total Material
       Decay Rate                           -nan +/- 0
   Delayed Group 4
     Total Material
       Decay Rate                           -nan +/- 0
   Delayed Group 5
     Total Material
       Decay Rate                           -nan +/- 0
   Delayed Group 6
     Total Material
       Decay Rate                           -nan +/- 0
 ============================>     TALLY 3     <============================

 Universe 13
   Incoming Energy [0, 200000000)
     Total Material
       Nu-Fission Rate                      1.01232 +/- 0.000377742
 ============================>     TALLY 4     <============================

 Universe 13
   Delayed Group 1
     Incoming Energy [0, 200000000)
       Total Material
         Delayed-Nu-Fission Rate              0.000259677 +/- 9.59502e-08
   Delayed Group 2
     Incoming Energy [0, 200000000)
       Total Material
         Delayed-Nu-Fission Rate              0.000696436 +/- 2.563e-07
   Delayed Group 3
     Incoming Energy [0, 200000000)
       Total Material
         Delayed-Nu-Fission Rate              0.000545971 +/- 1.9897e-07
   Delayed Group 4
     Incoming Energy [0, 200000000)
       Total Material
         Delayed-Nu-Fission Rate              0.00108992 +/- 3.91904e-07
   Delayed Group 5
     Incoming Energy [0, 200000000)
       Total Material
         Delayed-Nu-Fission Rate              0.000356592 +/- 1.27421e-07
   Delayed Group 6
     Incoming Energy [0, 200000000)
       Total Material
         Delayed-Nu-Fission Rate              0.000129516 +/- 4.55416e-08
 =================>     TALLY 5: BREEDING_RATIO_TALLY     <=================

 Universe 13
   U238
     (n,gamma)                            4.73758e-10 +/- 5.32175e-13
     Absorption Rate                      4.75238e-10 +/- 5.32366e-13
   Th232
     (n,gamma)                            0.452943 +/- 0.000142131
     Absorption Rate                      0.454503 +/- 0.000142122
   Pu241
     (n,gamma)                            4.54625e-12 +/- 2.06857e-15
     Absorption Rate                      1.64441e-11 +/- 7.39697e-15
   U233
     (n,gamma)                            0.0492839 +/- 1.69674e-05
     Absorption Rate                      0.452097 +/- 0.000167389
   Pu239
     (n,gamma)                            6.0249e-10 +/- 2.77008e-13
     Absorption Rate                      1.60264e-09 +/- 7.31101e-13
   Pu240
     (n,gamma)                            1.04306e-10 +/- 1.0543e-13
     Absorption Rate                      1.044e-10 +/- 1.0545e-13
   U235
     (n,gamma)                            0.000218281 +/- 7.9071e-08
     Absorption Rate                      0.0012045 +/- 5.08578e-07
   Pu238
     (n,gamma)                            5.44526e-09 +/- 2.62998e-12
     Absorption Rate                      5.81895e-09 +/- 2.72289e-12
   U234
     (n,gamma)                            0.00649866 +/- 5.19549e-06
     Absorption Rate                      0.00653934 +/- 5.20303e-06
 ====================>     TALLY 6: FISSION_ENERGY     <====================

 Universe 13
   Total Material
     Kappa-Fission Rate                   7.74464e+07 +/- 28904.1
 =======================>     TALLY 7: HEATING     <========================

 Universe 13
   Total Material
     heating                              7.18604e+07 +/- 26808.6
 ============================>     TALLY 8     <============================

 Internal

 ============================>     TALLY 9     <============================

 Internal

 ===========================>     TALLY 10     <============================

 Internal

