 ============================>     TALLY 1     <============================

 Universe 13
   Delayed Group 1
     Total Material
       Delayed-Nu-Fission Rate              0.000269121 +/- 9.67096e-08
   Delayed Group 2
     Total Material
       Delayed-Nu-Fission Rate              0.000720392 +/- 2.58131e-07
   Delayed Group 3
     Total Material
       Delayed-Nu-Fission Rate              0.00056407 +/- 2.00774e-07
   Delayed Group 4
     Total Material
       Delayed-Nu-Fission Rate              0.00112479 +/- 3.96752e-07
   Delayed Group 5
     Total Material
       Delayed-Nu-Fission Rate              0.000367444 +/- 1.29053e-07
   Delayed Group 6
     Total Material
       Delayed-Nu-Fission Rate              0.000133238 +/- 4.62954e-08
 ============================>     TALLY 2     <============================

 Universe 13
   Delayed Group 1
     Total Material
       Decay Rate                           -nan +/- 0
   Delayed Group 2
     Total Material
       Decay Rate                           2.50107e-05 +/- 8.96619e-09
   Delayed Group 3
     Total Material
       Decay Rate                           -nan +/- 0
   Delayed Group 4
     Total Material
       Decay Rate                           -nan +/- 0
   Delayed Group 5
     Total Material
       Decay Rate                           -nan +/- 0
   Delayed Group 6
     Total Material
       Decay Rate                           -nan +/- 0
 ============================>     TALLY 3     <============================

 Universe 13
   Incoming Energy [0, 200000000)
     Total Material
       Nu-Fission Rate                      1.04927 +/- 0.000379706
 ============================>     TALLY 4     <============================

 Universe 13
   Delayed Group 1
     Incoming Energy [0, 200000000)
       Total Material
         Delayed-Nu-Fission Rate              0.000269121 +/- 9.67096e-08
   Delayed Group 2
     Incoming Energy [0, 200000000)
       Total Material
         Delayed-Nu-Fission Rate              0.000720392 +/- 2.58131e-07
   Delayed Group 3
     Incoming Energy [0, 200000000)
       Total Material
         Delayed-Nu-Fission Rate              0.00056407 +/- 2.00774e-07
   Delayed Group 4
     Incoming Energy [0, 200000000)
       Total Material
         Delayed-Nu-Fission Rate              0.00112479 +/- 3.96752e-07
   Delayed Group 5
     Incoming Energy [0, 200000000)
       Total Material
         Delayed-Nu-Fission Rate              0.000367444 +/- 1.29053e-07
   Delayed Group 6
     Incoming Energy [0, 200000000)
       Total Material
         Delayed-Nu-Fission Rate              0.000133238 +/- 4.62954e-08
 =================>     TALLY 5: BREEDING_RATIO_TALLY     <=================

 Universe 13
   Pu240
     (n,gamma)                            6.97812e-14 +/- 6.43459e-17
     Absorption Rate                      6.98444e-14 +/- 6.43596e-17
   U235
     (n,gamma)                            2.99367e-05 +/- 1.06245e-08
     Absorption Rate                      0.000165113 +/- 6.60277e-08
   Th232
     (n,gamma)                            0.452094 +/- 0.000124607
     Absorption Rate                      0.453612 +/- 0.000124737
   Pu238
     (n,gamma)                            2.02242e-11 +/- 9.10926e-15
     Absorption Rate                      2.16126e-11 +/- 9.50584e-15
   U238
     (n,gamma)                            5.62501e-12 +/- 5.99237e-15
     Absorption Rate                      5.64228e-12 +/- 5.99293e-15
   Pu241
     (n,gamma)                            1.10929e-15 +/- 4.7799e-19
     Absorption Rate                      4.01246e-15 +/- 1.70545e-18
   U234
     (n,gamma)                            0.00244443 +/- 2.28492e-06
     Absorption Rate                      0.00245938 +/- 2.28642e-06
   U233
     (n,gamma)                            0.0512241 +/- 1.73335e-05
     Absorption Rate                      0.469742 +/- 0.000168577
   Pu239
     (n,gamma)                            1.08883e-12 +/- 4.95656e-16
     Absorption Rate                      2.89631e-12 +/- 1.304e-15
 ====================>     TALLY 6: FISSION_ENERGY     <====================

 Universe 13
   Total Material
     Kappa-Fission Rate                   8.02689e+07 +/- 29047.2
 =======================>     TALLY 7: HEATING     <========================

 Universe 13
   Total Material
     heating                              7.70431e+07 +/- 27377.4
 ============================>     TALLY 8     <============================

 Internal

