 ============================>     TALLY 1     <============================

 Universe 13
   Delayed Group 1
     Total Material
       Delayed-Nu-Fission Rate              0.000253882 +/- 8.64773e-08
   Delayed Group 2
     Total Material
       Delayed-Nu-Fission Rate              0.000681311 +/- 2.31495e-07
   Delayed Group 3
     Total Material
       Delayed-Nu-Fission Rate              0.000534212 +/- 1.8044e-07
   Delayed Group 4
     Total Material
       Delayed-Nu-Fission Rate              0.00106651 +/- 3.57347e-07
   Delayed Group 5
     Total Material
       Delayed-Nu-Fission Rate              0.000349067 +/- 1.1653e-07
   Delayed Group 6
     Total Material
       Delayed-Nu-Fission Rate              0.000126804 +/- 4.19366e-08
 ============================>     TALLY 2     <============================

 Universe 13
   Delayed Group 1
     Total Material
       Decay Rate                           -nan +/- 0
   Delayed Group 2
     Total Material
       Decay Rate                           2.36467e-05 +/- 8.03804e-09
   Delayed Group 3
     Total Material
       Decay Rate                           -nan +/- 0
   Delayed Group 4
     Total Material
       Decay Rate                           -nan +/- 0
   Delayed Group 5
     Total Material
       Decay Rate                           -nan +/- 0
   Delayed Group 6
     Total Material
       Decay Rate                           -nan +/- 0
 ============================>     TALLY 3     <============================

 Universe 13
   Incoming Energy [0, 200000000)
     Total Material
       Nu-Fission Rate                      0.989829 +/- 0.000339193
 ============================>     TALLY 4     <============================

 Universe 13
   Delayed Group 1
     Incoming Energy [0, 200000000)
       Total Material
         Delayed-Nu-Fission Rate              0.000253882 +/- 8.64773e-08
   Delayed Group 2
     Incoming Energy [0, 200000000)
       Total Material
         Delayed-Nu-Fission Rate              0.000681311 +/- 2.31495e-07
   Delayed Group 3
     Incoming Energy [0, 200000000)
       Total Material
         Delayed-Nu-Fission Rate              0.000534212 +/- 1.8044e-07
   Delayed Group 4
     Incoming Energy [0, 200000000)
       Total Material
         Delayed-Nu-Fission Rate              0.00106651 +/- 3.57347e-07
   Delayed Group 5
     Incoming Energy [0, 200000000)
       Total Material
         Delayed-Nu-Fission Rate              0.000349067 +/- 1.1653e-07
   Delayed Group 6
     Incoming Energy [0, 200000000)
       Total Material
         Delayed-Nu-Fission Rate              0.000126804 +/- 4.19366e-08
 =================>     TALLY 5: BREEDING_RATIO_TALLY     <=================

 Universe 13
   Pu239
     (n,gamma)                            1.15949e-09 +/- 4.8876e-13
     Absorption Rate                      3.08443e-09 +/- 1.28179e-12
   U234
     (n,gamma)                            0.00782441 +/- 6.52846e-06
     Absorption Rate                      0.00787386 +/- 6.53403e-06
   U235
     (n,gamma)                            0.000285266 +/- 9.52591e-08
     Absorption Rate                      0.00157333 +/- 5.737e-07
   U238
     (n,gamma)                            7.86911e-10 +/- 8.00727e-13
     Absorption Rate                      7.89333e-10 +/- 8.00733e-13
   Th232
     (n,gamma)                            0.443433 +/- 0.000125311
     Absorption Rate                      0.444921 +/- 0.000125394
   U233
     (n,gamma)                            0.0481423 +/- 1.58295e-05
     Absorption Rate                      0.44172 +/- 0.000150477
   Pu238
     (n,gamma)                            9.85664e-09 +/- 3.81547e-12
     Absorption Rate                      1.05342e-08 +/- 3.96224e-12
   Pu240
     (n,gamma)                            2.176e-10 +/- 1.94004e-13
     Absorption Rate                      2.17799e-10 +/- 1.94036e-13
   Pu241
     (n,gamma)                            1.05977e-11 +/- 4.23529e-15
     Absorption Rate                      3.8336e-11 +/- 1.50935e-14
 ====================>     TALLY 6: FISSION_ENERGY     <====================

 Universe 13
   Total Material
     Kappa-Fission Rate                   7.57299e+07 +/- 25955.6
 =======================>     TALLY 7: HEATING     <========================

 Universe 13
   Total Material
     heating                              6.87368e+07 +/- 23378.3
 ============================>     TALLY 8     <============================

 Internal

