 ============================>     TALLY 1     <============================

 Universe 13
   Delayed Group 1
     Total Material
       Delayed-Nu-Fission Rate              0.000252205 +/- 1.02259e-07
   Delayed Group 2
     Total Material
       Delayed-Nu-Fission Rate              0.000677563 +/- 2.73755e-07
   Delayed Group 3
     Total Material
       Delayed-Nu-Fission Rate              0.000531553 +/- 2.12868e-07
   Delayed Group 4
     Total Material
       Delayed-Nu-Fission Rate              0.0010616 +/- 4.19964e-07
   Delayed Group 5
     Total Material
       Delayed-Nu-Fission Rate              0.000347741 +/- 1.36801e-07
   Delayed Group 6
     Total Material
       Delayed-Nu-Fission Rate              0.000126403 +/- 4.90053e-08
 ============================>     TALLY 2     <============================

 Universe 13
   Delayed Group 1
     Total Material
       Decay Rate                           -nan +/- 0
   Delayed Group 2
     Total Material
       Decay Rate                           2.35135e-05 +/- 9.50599e-09
   Delayed Group 3
     Total Material
       Decay Rate                           -nan +/- 0
   Delayed Group 4
     Total Material
       Decay Rate                           -nan +/- 0
   Delayed Group 5
     Total Material
       Decay Rate                           -nan +/- 0
   Delayed Group 6
     Total Material
       Decay Rate                           -nan +/- 0
 ============================>     TALLY 3     <============================

 Universe 13
   Incoming Energy [0, 200000000)
     Total Material
       Nu-Fission Rate                      0.983412 +/- 0.000402354
 ============================>     TALLY 4     <============================

 Universe 13
   Delayed Group 1
     Incoming Energy [0, 200000000)
       Total Material
         Delayed-Nu-Fission Rate              0.000252205 +/- 1.02259e-07
   Delayed Group 2
     Incoming Energy [0, 200000000)
       Total Material
         Delayed-Nu-Fission Rate              0.000677563 +/- 2.73755e-07
   Delayed Group 3
     Incoming Energy [0, 200000000)
       Total Material
         Delayed-Nu-Fission Rate              0.000531553 +/- 2.12868e-07
   Delayed Group 4
     Incoming Energy [0, 200000000)
       Total Material
         Delayed-Nu-Fission Rate              0.0010616 +/- 4.19964e-07
   Delayed Group 5
     Incoming Energy [0, 200000000)
       Total Material
         Delayed-Nu-Fission Rate              0.000347741 +/- 1.36801e-07
   Delayed Group 6
     Incoming Energy [0, 200000000)
       Total Material
         Delayed-Nu-Fission Rate              0.000126403 +/- 4.90053e-08
 =================>     TALLY 5: BREEDING_RATIO_TALLY     <=================

 Universe 13
   Pu239
     (n,gamma)                            3.48651e-09 +/- 1.72005e-12
     Absorption Rate                      9.27421e-09 +/- 4.55211e-12
   U234
     (n,gamma)                            0.00926304 +/- 9.95871e-06
     Absorption Rate                      0.00932219 +/- 9.96524e-06
   U235
     (n,gamma)                            0.000401962 +/- 1.56767e-07
     Absorption Rate                      0.00221559 +/- 9.88562e-07
   U238
     (n,gamma)                            1.71454e-09 +/- 1.89362e-12
     Absorption Rate                      1.71982e-09 +/- 1.89362e-12
   Th232
     (n,gamma)                            0.441109 +/- 0.000148944
     Absorption Rate                      0.44259 +/- 0.00014889
   U233
     (n,gamma)                            0.047782 +/- 1.78079e-05
     Absorption Rate                      0.438272 +/- 0.000177648
   Pu238
     (n,gamma)                            2.61176e-08 +/- 1.26531e-11
     Absorption Rate                      2.79166e-08 +/- 1.31563e-11
   Pu240
     (n,gamma)                            7.74854e-10 +/- 7.45032e-13
     Absorption Rate                      7.75565e-10 +/- 7.45191e-13
   Pu241
     (n,gamma)                            4.49267e-11 +/- 2.19239e-14
     Absorption Rate                      1.62521e-10 +/- 7.88196e-14
 ====================>     TALLY 6: FISSION_ENERGY     <====================

 Universe 13
   Total Material
     Kappa-Fission Rate                   7.52425e+07 +/- 30790.4
 =======================>     TALLY 7: HEATING     <========================

 Universe 13
   Total Material
     heating                              6.78592e+07 +/- 27214.2
 ============================>     TALLY 8     <============================

 Internal

