 ============================>     TALLY 1     <============================

 Universe 13
   Delayed Group 1
     Total Material
       Delayed-Nu-Fission Rate              0.000270389 +/- 9.89334e-08
   Delayed Group 2
     Total Material
       Delayed-Nu-Fission Rate              0.000723675 +/- 2.63845e-07
   Delayed Group 3
     Total Material
       Delayed-Nu-Fission Rate              0.000566586 +/- 2.04871e-07
   Delayed Group 4
     Total Material
       Delayed-Nu-Fission Rate              0.00112971 +/- 4.03893e-07
   Delayed Group 5
     Total Material
       Delayed-Nu-Fission Rate              0.000369007 +/- 1.3121e-07
   Delayed Group 6
     Total Material
       Delayed-Nu-Fission Rate              0.000133788 +/- 4.69239e-08
 ============================>     TALLY 2     <============================

 Universe 13
   Delayed Group 1
     Total Material
       Decay Rate                           -nan +/- 0
   Delayed Group 2
     Total Material
       Decay Rate                           2.51252e-05 +/- 9.16591e-09
   Delayed Group 3
     Total Material
       Decay Rate                           -nan +/- 0
   Delayed Group 4
     Total Material
       Decay Rate                           -nan +/- 0
   Delayed Group 5
     Total Material
       Decay Rate                           -nan +/- 0
   Delayed Group 6
     Total Material
       Decay Rate                           -nan +/- 0
 ============================>     TALLY 3     <============================

 Universe 13
   Incoming Energy [0, 200000000)
     Total Material
       Nu-Fission Rate                      1.05423 +/- 0.000388816
 ============================>     TALLY 4     <============================

 Universe 13
   Delayed Group 1
     Incoming Energy [0, 200000000)
       Total Material
         Delayed-Nu-Fission Rate              0.000270389 +/- 9.89334e-08
   Delayed Group 2
     Incoming Energy [0, 200000000)
       Total Material
         Delayed-Nu-Fission Rate              0.000723675 +/- 2.63845e-07
   Delayed Group 3
     Incoming Energy [0, 200000000)
       Total Material
         Delayed-Nu-Fission Rate              0.000566586 +/- 2.04871e-07
   Delayed Group 4
     Incoming Energy [0, 200000000)
       Total Material
         Delayed-Nu-Fission Rate              0.00112971 +/- 4.03893e-07
   Delayed Group 5
     Incoming Energy [0, 200000000)
       Total Material
         Delayed-Nu-Fission Rate              0.000369007 +/- 1.3121e-07
   Delayed Group 6
     Incoming Energy [0, 200000000)
       Total Material
         Delayed-Nu-Fission Rate              0.000133788 +/- 4.69239e-08
 =================>     TALLY 5: BREEDING_RATIO_TALLY     <=================

 Universe 13
   Pu240
     (n,gamma)                            4.72805e-15 +/- 4.19814e-18
     Absorption Rate                      4.73234e-15 +/- 4.19899e-18
   U235
     (n,gamma)                            1.44008e-05 +/- 5.05592e-09
     Absorption Rate                      7.93573e-05 +/- 3.23664e-08
   Th232
     (n,gamma)                            0.450582 +/- 0.000158502
     Absorption Rate                      0.452101 +/- 0.000158432
   Pu238
     (n,gamma)                            2.45999e-12 +/- 1.12166e-15
     Absorption Rate                      2.62925e-12 +/- 1.16736e-15
   U238
     (n,gamma)                            1.09116e-12 +/- 1.13342e-15
     Absorption Rate                      1.09451e-12 +/- 1.13358e-15
   Pu241
     (n,gamma)                            6.19067e-17 +/- 2.64257e-20
     Absorption Rate                      2.23925e-16 +/- 9.47768e-20
   U234
     (n,gamma)                            0.00169915 +/- 1.4309e-06
     Absorption Rate                      0.00170955 +/- 1.43172e-06
   U233
     (n,gamma)                            0.0515143 +/- 1.742e-05
     Absorption Rate                      0.472089 +/- 0.000172505
   Pu239
     (n,gamma)                            1.04111e-13 +/- 4.65752e-17
     Absorption Rate                      2.7692e-13 +/- 1.2342e-16
 ====================>     TALLY 6: FISSION_ENERGY     <====================

 Universe 13
   Total Material
     Kappa-Fission Rate                   8.06477e+07 +/- 29750.9
 =======================>     TALLY 7: HEATING     <========================

 Universe 13
   Total Material
     heating                              7.77859e+07 +/- 28167.3
 ============================>     TALLY 8     <============================

 Internal

