 ============================>     TALLY 1     <============================

 Universe 13
   Delayed Group 1
     Total Material
       Delayed-Nu-Fission Rate              0.000264821 +/- 9.71384e-08
   Delayed Group 2
     Total Material
       Delayed-Nu-Fission Rate              0.000708777 +/- 2.59104e-07
   Delayed Group 3
     Total Material
       Delayed-Nu-Fission Rate              0.000554978 +/- 2.01291e-07
   Delayed Group 4
     Total Material
       Delayed-Nu-Fission Rate              0.00110674 +/- 3.97116e-07
   Delayed Group 5
     Total Material
       Delayed-Nu-Fission Rate              0.000361521 +/- 1.29049e-07
   Delayed Group 6
     Total Material
       Delayed-Nu-Fission Rate              0.000131098 +/- 4.61901e-08
 ============================>     TALLY 2     <============================

 Universe 13
   Delayed Group 1
     Total Material
       Decay Rate                           -nan +/- 0
   Delayed Group 2
     Total Material
       Decay Rate                           -nan +/- 0
   Delayed Group 3
     Total Material
       Decay Rate                           -nan +/- 0
   Delayed Group 4
     Total Material
       Decay Rate                           -nan +/- 0
   Delayed Group 5
     Total Material
       Decay Rate                           -nan +/- 0
   Delayed Group 6
     Total Material
       Decay Rate                           -nan +/- 0
 ============================>     TALLY 3     <============================

 Universe 13
   Incoming Energy [0, 200000000)
     Total Material
       Nu-Fission Rate                      1.03236 +/- 0.00038156
 ============================>     TALLY 4     <============================

 Universe 13
   Delayed Group 1
     Incoming Energy [0, 200000000)
       Total Material
         Delayed-Nu-Fission Rate              0.000264821 +/- 9.71384e-08
   Delayed Group 2
     Incoming Energy [0, 200000000)
       Total Material
         Delayed-Nu-Fission Rate              0.000708777 +/- 2.59104e-07
   Delayed Group 3
     Incoming Energy [0, 200000000)
       Total Material
         Delayed-Nu-Fission Rate              0.000554978 +/- 2.01291e-07
   Delayed Group 4
     Incoming Energy [0, 200000000)
       Total Material
         Delayed-Nu-Fission Rate              0.00110674 +/- 3.97116e-07
   Delayed Group 5
     Incoming Energy [0, 200000000)
       Total Material
         Delayed-Nu-Fission Rate              0.000361521 +/- 1.29049e-07
   Delayed Group 6
     Incoming Energy [0, 200000000)
       Total Material
         Delayed-Nu-Fission Rate              0.000131098 +/- 4.61901e-08
 =================>     TALLY 5: BREEDING_RATIO_TALLY     <=================

 Universe 13
   U234
     (n,gamma)                            0.00136226 +/- 1.18857e-06
     Absorption Rate                      0.00137059 +/- 1.1893e-06
   Pu239
     (n,gamma)                            1.92942e-14 +/- 9.37632e-18
     Absorption Rate                      5.13205e-14 +/- 2.46494e-17
   Pu238
     (n,gamma)                            5.32717e-13 +/- 2.42761e-16
     Absorption Rate                      5.69337e-13 +/- 2.53116e-16
   Th232
     (n,gamma)                            0.449584 +/- 0.00012945
     Absorption Rate                      0.451097 +/- 0.000129482
   U238
     (n,gamma)                            3.45904e-13 +/- 3.68801e-16
     Absorption Rate                      3.46966e-13 +/- 3.68887e-16
   Pu241
     (n,gamma)                            1.71234e-17 +/- 7.80494e-21
     Absorption Rate                      6.19348e-17 +/- 2.76745e-20
   U233
     (n,gamma)                            0.0504205 +/- 1.7549e-05
     Absorption Rate                      0.462268 +/- 0.000169794
   U235
     (n,gamma)                            8.84232e-06 +/- 3.1613e-09
     Absorption Rate                      4.87507e-05 +/- 1.99745e-08
   Pu240
     (n,gamma)                            7.1745e-16 +/- 6.41902e-19
     Absorption Rate                      7.18102e-16 +/- 6.42037e-19
 ====================>     TALLY 6: FISSION_ENERGY     <====================

 Universe 13
   Total Material
     Kappa-Fission Rate                   7.89749e+07 +/- 29195.2
 =======================>     TALLY 7: HEATING     <========================

 Universe 13
   Total Material
     heating                              7.45964e+07 +/- 26586.4
 ============================>     TALLY 8     <============================

 Internal

