 ============================>     TALLY 1     <============================

 Universe 13
   Delayed Group 1
     Total Material
       Delayed-Nu-Fission Rate              0.000264612 +/- 8.85997e-08
   Delayed Group 2
     Total Material
       Delayed-Nu-Fission Rate              0.000709033 +/- 2.36605e-07
   Delayed Group 3
     Total Material
       Delayed-Nu-Fission Rate              0.000555494 +/- 1.83891e-07
   Delayed Group 4
     Total Material
       Delayed-Nu-Fission Rate              0.00110824 +/- 3.62889e-07
   Delayed Group 5
     Total Material
       Delayed-Nu-Fission Rate              0.000362315 +/- 1.18031e-07
   Delayed Group 6
     Total Material
       Delayed-Nu-Fission Rate              0.000131477 +/- 4.22776e-08
 ============================>     TALLY 2     <============================

 Universe 13
   Delayed Group 1
     Total Material
       Decay Rate                           -nan +/- 0
   Delayed Group 2
     Total Material
       Decay Rate                           2.46134e-05 +/- 8.21822e-09
   Delayed Group 3
     Total Material
       Decay Rate                           -nan +/- 0
   Delayed Group 4
     Total Material
       Decay Rate                           -nan +/- 0
   Delayed Group 5
     Total Material
       Decay Rate                           -nan +/- 0
   Delayed Group 6
     Total Material
       Decay Rate                           -nan +/- 0
 ============================>     TALLY 3     <============================

 Universe 13
   Incoming Energy [0, 200000000)
     Total Material
       Nu-Fission Rate                      1.03166 +/- 0.000348121
 ============================>     TALLY 4     <============================

 Universe 13
   Delayed Group 1
     Incoming Energy [0, 200000000)
       Total Material
         Delayed-Nu-Fission Rate              0.000264612 +/- 8.85997e-08
   Delayed Group 2
     Incoming Energy [0, 200000000)
       Total Material
         Delayed-Nu-Fission Rate              0.000709033 +/- 2.36605e-07
   Delayed Group 3
     Incoming Energy [0, 200000000)
       Total Material
         Delayed-Nu-Fission Rate              0.000555494 +/- 1.83891e-07
   Delayed Group 4
     Incoming Energy [0, 200000000)
       Total Material
         Delayed-Nu-Fission Rate              0.00110824 +/- 3.62889e-07
   Delayed Group 5
     Incoming Energy [0, 200000000)
       Total Material
         Delayed-Nu-Fission Rate              0.000362315 +/- 1.18031e-07
   Delayed Group 6
     Incoming Energy [0, 200000000)
       Total Material
         Delayed-Nu-Fission Rate              0.000131477 +/- 4.22776e-08
 =================>     TALLY 5: BREEDING_RATIO_TALLY     <=================

 Universe 13
   Pu238
     (n,gamma)                            1.37619e-09 +/- 6.1299e-13
     Absorption Rate                      1.46998e-09 +/- 6.37201e-13
   U238
     (n,gamma)                            1.56427e-10 +/- 1.63449e-13
     Absorption Rate                      1.56906e-10 +/- 1.6341e-13
   Th232
     (n,gamma)                            0.456711 +/- 0.000144254
     Absorption Rate                      0.45823 +/- 0.000144187
   U235
     (n,gamma)                            0.0001344 +/- 4.35242e-08
     Absorption Rate                      0.000743387 +/- 2.76913e-07
   Pu241
     (n,gamma)                            5.83877e-13 +/- 2.37984e-16
     Absorption Rate                      2.11213e-12 +/- 8.43645e-16
   U234
     (n,gamma)                            0.00513916 +/- 4.50388e-06
     Absorption Rate                      0.0051707 +/- 4.5067e-06
   U233
     (n,gamma)                            0.0501878 +/- 1.58108e-05
     Absorption Rate                      0.461176 +/- 0.000154575
   Pu239
     (n,gamma)                            1.27097e-10 +/- 5.42984e-14
     Absorption Rate                      3.38153e-10 +/- 1.42905e-13
   Pu240
     (n,gamma)                            1.71598e-11 +/- 1.53142e-14
     Absorption Rate                      1.71752e-11 +/- 1.53176e-14
 ====================>     TALLY 6: FISSION_ENERGY     <====================

 Universe 13
   Total Material
     Kappa-Fission Rate                   7.89259e+07 +/- 26639
 =======================>     TALLY 7: HEATING     <========================

 Universe 13
   Total Material
     heating                              7.45339e+07 +/- 25467.8
 ============================>     TALLY 8     <============================

 Internal

