 ============================>     TALLY 1     <============================

 Universe 13
   Delayed Group 1
     Total Material
       Delayed-Nu-Fission Rate              0.000251538 +/- 8.08384e-08
   Delayed Group 2
     Total Material
       Delayed-Nu-Fission Rate              0.000676072 +/- 2.16572e-07
   Delayed Group 3
     Total Material
       Delayed-Nu-Fission Rate              0.000530501 +/- 1.68497e-07
   Delayed Group 4
     Total Material
       Delayed-Nu-Fission Rate              0.00105968 +/- 3.32632e-07
   Delayed Group 5
     Total Material
       Delayed-Nu-Fission Rate              0.000347225 +/- 1.08428e-07
   Delayed Group 6
     Total Material
       Delayed-Nu-Fission Rate              0.00012625 +/- 3.88802e-08
 ============================>     TALLY 2     <============================

 Universe 13
   Delayed Group 1
     Total Material
       Decay Rate                           -nan +/- 0
   Delayed Group 2
     Total Material
       Decay Rate                           2.34605e-05 +/- 7.51963e-09
   Delayed Group 3
     Total Material
       Decay Rate                           -nan +/- 0
   Delayed Group 4
     Total Material
       Decay Rate                           -nan +/- 0
   Delayed Group 5
     Total Material
       Decay Rate                           -nan +/- 0
   Delayed Group 6
     Total Material
       Decay Rate                           -nan +/- 0
 ============================>     TALLY 3     <============================

 Universe 13
   Incoming Energy [0, 200000000)
     Total Material
       Nu-Fission Rate                      0.980843 +/- 0.000317991
 ============================>     TALLY 4     <============================

 Universe 13
   Delayed Group 1
     Incoming Energy [0, 200000000)
       Total Material
         Delayed-Nu-Fission Rate              0.000251538 +/- 8.08384e-08
   Delayed Group 2
     Incoming Energy [0, 200000000)
       Total Material
         Delayed-Nu-Fission Rate              0.000676072 +/- 2.16572e-07
   Delayed Group 3
     Incoming Energy [0, 200000000)
       Total Material
         Delayed-Nu-Fission Rate              0.000530501 +/- 1.68497e-07
   Delayed Group 4
     Incoming Energy [0, 200000000)
       Total Material
         Delayed-Nu-Fission Rate              0.00105968 +/- 3.32632e-07
   Delayed Group 5
     Incoming Energy [0, 200000000)
       Total Material
         Delayed-Nu-Fission Rate              0.000347225 +/- 1.08428e-07
   Delayed Group 6
     Incoming Energy [0, 200000000)
       Total Material
         Delayed-Nu-Fission Rate              0.00012625 +/- 3.88802e-08
 =================>     TALLY 5: BREEDING_RATIO_TALLY     <=================

 Universe 13
   Pu238
     (n,gamma)                            3.56697e-08 +/- 1.55397e-11
     Absorption Rate                      3.813e-08 +/- 1.61524e-11
   Pu239
     (n,gamma)                            4.95758e-09 +/- 2.12865e-12
     Absorption Rate                      1.31866e-08 +/- 5.59523e-12
   Pu240
     (n,gamma)                            1.16471e-09 +/- 1.02593e-12
     Absorption Rate                      1.16579e-09 +/- 1.02614e-12
   Th232
     (n,gamma)                            0.440398 +/- 0.000134386
     Absorption Rate                      0.441879 +/- 0.000134358
   U235
     (n,gamma)                            0.000448205 +/- 1.42783e-07
     Absorption Rate                      0.00246913 +/- 9.0653e-07
   Pu241
     (n,gamma)                            7.12601e-11 +/- 2.91762e-14
     Absorption Rate                      2.57768e-10 +/- 1.03509e-13
   U238
     (n,gamma)                            2.20517e-09 +/- 2.53674e-12
     Absorption Rate                      2.21196e-09 +/- 2.53694e-12
   U233
     (n,gamma)                            0.047646 +/- 1.4538e-05
     Absorption Rate                      0.4369 +/- 0.000140751
   U234
     (n,gamma)                            0.00978716 +/- 8.49269e-06
     Absorption Rate                      0.0098499 +/- 8.49804e-06
 ====================>     TALLY 6: FISSION_ENERGY     <====================

 Universe 13
   Total Material
     Kappa-Fission Rate                   7.50474e+07 +/- 24336.3
 =======================>     TALLY 7: HEATING     <========================

 Universe 13
   Total Material
     heating                              6.74421e+07 +/- 21771.8
 ============================>     TALLY 8     <============================

 Internal

