 ============================>     TALLY 1     <============================

 Universe 13
   Delayed Group 1
     Total Material
       Delayed-Nu-Fission Rate              0.000262305 +/- 9.35325e-08
   Delayed Group 2
     Total Material
       Delayed-Nu-Fission Rate              0.00070214 +/- 2.49393e-07
   Delayed Group 3
     Total Material
       Delayed-Nu-Fission Rate              0.000549838 +/- 1.93543e-07
   Delayed Group 4
     Total Material
       Delayed-Nu-Fission Rate              0.00109662 +/- 3.81279e-07
   Delayed Group 5
     Total Material
       Delayed-Nu-Fission Rate              0.000358254 +/- 1.23826e-07
   Delayed Group 6
     Total Material
       Delayed-Nu-Fission Rate              0.000129933 +/- 4.42476e-08
 ============================>     TALLY 2     <============================

 Universe 13
   Delayed Group 1
     Total Material
       Decay Rate                           -nan +/- 0
   Delayed Group 2
     Total Material
       Decay Rate                           2.4377e-05 +/- 8.66417e-09
   Delayed Group 3
     Total Material
       Decay Rate                           -nan +/- 0
   Delayed Group 4
     Total Material
       Decay Rate                           -nan +/- 0
   Delayed Group 5
     Total Material
       Decay Rate                           -nan +/- 0
   Delayed Group 6
     Total Material
       Decay Rate                           -nan +/- 0
 ============================>     TALLY 3     <============================

 Universe 13
   Incoming Energy [0, 200000000)
     Total Material
       Nu-Fission Rate                      1.02251 +/- 0.000367855
 ============================>     TALLY 4     <============================

 Universe 13
   Delayed Group 1
     Incoming Energy [0, 200000000)
       Total Material
         Delayed-Nu-Fission Rate              0.000262305 +/- 9.35325e-08
   Delayed Group 2
     Incoming Energy [0, 200000000)
       Total Material
         Delayed-Nu-Fission Rate              0.00070214 +/- 2.49393e-07
   Delayed Group 3
     Incoming Energy [0, 200000000)
       Total Material
         Delayed-Nu-Fission Rate              0.000549838 +/- 1.93543e-07
   Delayed Group 4
     Incoming Energy [0, 200000000)
       Total Material
         Delayed-Nu-Fission Rate              0.00109662 +/- 3.81279e-07
   Delayed Group 5
     Incoming Energy [0, 200000000)
       Total Material
         Delayed-Nu-Fission Rate              0.000358254 +/- 1.23826e-07
   Delayed Group 6
     Incoming Energy [0, 200000000)
       Total Material
         Delayed-Nu-Fission Rate              0.000129933 +/- 4.42476e-08
 =================>     TALLY 5: BREEDING_RATIO_TALLY     <=================

 Universe 13
   U234
     (n,gamma)                            0.00210746 +/- 1.68881e-06
     Absorption Rate                      0.00212039 +/- 1.69021e-06
   Pu239
     (n,gamma)                            3.07388e-13 +/- 1.4859e-16
     Absorption Rate                      8.17693e-13 +/- 3.88723e-16
   Pu238
     (n,gamma)                            6.50492e-12 +/- 2.76454e-15
     Absorption Rate                      6.95104e-12 +/- 2.88189e-15
   Th232
     (n,gamma)                            0.449955 +/- 0.00013001
     Absorption Rate                      0.451463 +/- 0.000129883
   U238
     (n,gamma)                            2.41894e-12 +/- 2.73969e-15
     Absorption Rate                      2.42637e-12 +/- 2.74024e-15
   Pu241
     (n,gamma)                            2.19396e-16 +/- 9.82567e-20
     Absorption Rate                      7.93603e-16 +/- 3.4504e-19
   U233
     (n,gamma)                            0.0498876 +/- 1.74805e-05
     Absorption Rate                      0.457734 +/- 0.000164273
   U235
     (n,gamma)                            2.09875e-05 +/- 7.22232e-09
     Absorption Rate                      0.000115811 +/- 4.47078e-08
   Pu240
     (n,gamma)                            1.60353e-14 +/- 1.3694e-17
     Absorption Rate                      1.60499e-14 +/- 1.36974e-17
 ====================>     TALLY 6: FISSION_ENERGY     <====================

 Universe 13
   Total Material
     Kappa-Fission Rate                   7.82216e+07 +/- 28145.9
 =======================>     TALLY 7: HEATING     <========================

 Universe 13
   Total Material
     heating                              7.32659e+07 +/- 26837.3
 ============================>     TALLY 8     <============================

 Internal

