 ============================>     TALLY 1     <============================

 Universe 13
   Delayed Group 1
     Total Material
       Delayed-Nu-Fission Rate              0.000255955 +/- 9.02605e-08
   Delayed Group 2
     Total Material
       Delayed-Nu-Fission Rate              0.000686092 +/- 2.41222e-07
   Delayed Group 3
     Total Material
       Delayed-Nu-Fission Rate              0.000537664 +/- 1.87697e-07
   Delayed Group 4
     Total Material
       Delayed-Nu-Fission Rate              0.00107297 +/- 3.70958e-07
   Delayed Group 5
     Total Material
       Delayed-Nu-Fission Rate              0.000350889 +/- 1.20767e-07
   Delayed Group 6
     Total Material
       Delayed-Nu-Fission Rate              0.00012738 +/- 4.33415e-08
 ============================>     TALLY 2     <============================

 Universe 13
   Delayed Group 1
     Total Material
       Decay Rate                           -nan +/- 0
   Delayed Group 2
     Total Material
       Decay Rate                           2.38158e-05 +/- 8.37766e-09
   Delayed Group 3
     Total Material
       Decay Rate                           -nan +/- 0
   Delayed Group 4
     Total Material
       Decay Rate                           -nan +/- 0
   Delayed Group 5
     Total Material
       Decay Rate                           -nan +/- 0
   Delayed Group 6
     Total Material
       Decay Rate                           -nan +/- 0
 ============================>     TALLY 3     <============================

 Universe 13
   Incoming Energy [0, 200000000)
     Total Material
       Nu-Fission Rate                      0.997802 +/- 0.000354304
 ============================>     TALLY 4     <============================

 Universe 13
   Delayed Group 1
     Incoming Energy [0, 200000000)
       Total Material
         Delayed-Nu-Fission Rate              0.000255955 +/- 9.02605e-08
   Delayed Group 2
     Incoming Energy [0, 200000000)
       Total Material
         Delayed-Nu-Fission Rate              0.000686092 +/- 2.41222e-07
   Delayed Group 3
     Incoming Energy [0, 200000000)
       Total Material
         Delayed-Nu-Fission Rate              0.000537664 +/- 1.87697e-07
   Delayed Group 4
     Incoming Energy [0, 200000000)
       Total Material
         Delayed-Nu-Fission Rate              0.00107297 +/- 3.70958e-07
   Delayed Group 5
     Incoming Energy [0, 200000000)
       Total Material
         Delayed-Nu-Fission Rate              0.000350889 +/- 1.20767e-07
   Delayed Group 6
     Incoming Energy [0, 200000000)
       Total Material
         Delayed-Nu-Fission Rate              0.00012738 +/- 4.33415e-08
 =================>     TALLY 5: BREEDING_RATIO_TALLY     <=================

 Universe 13
   U238
     (n,gamma)                            2.30385e-10 +/- 2.35178e-13
     Absorption Rate                      2.31095e-10 +/- 2.35255e-13
   Pu239
     (n,gamma)                            2.02811e-10 +/- 8.51818e-14
     Absorption Rate                      5.39541e-10 +/- 2.24574e-13
   Pu241
     (n,gamma)                            1.06941e-12 +/- 4.32753e-16
     Absorption Rate                      3.86865e-12 +/- 1.55103e-15
   U233
     (n,gamma)                            0.0485725 +/- 1.64103e-05
     Absorption Rate                      0.445881 +/- 0.000157521
   Pu238
     (n,gamma)                            2.10863e-09 +/- 9.60699e-13
     Absorption Rate                      2.25331e-09 +/- 1.0008e-12
   Th232
     (n,gamma)                            0.446324 +/- 0.000141615
     Absorption Rate                      0.447818 +/- 0.000141693
   Pu240
     (n,gamma)                            2.89351e-11 +/- 2.59586e-14
     Absorption Rate                      2.89615e-11 +/- 2.5965e-14
   U234
     (n,gamma)                            0.00595223 +/- 4.70802e-06
     Absorption Rate                      0.0059894 +/- 4.71062e-06
   U235
     (n,gamma)                            0.000164624 +/- 5.69902e-08
     Absorption Rate                      0.000908551 +/- 3.52324e-07
 ====================>     TALLY 6: FISSION_ENERGY     <====================

 Universe 13
   Total Material
     Kappa-Fission Rate                   7.63362e+07 +/- 27112.6
 =======================>     TALLY 7: HEATING     <========================

 Universe 13
   Total Material
     heating                              6.97634e+07 +/- 24567
 ============================>     TALLY 8     <============================

 Internal

