 ============================>     TALLY 1     <============================

 Universe 13
   Delayed Group 1
     Total Material
       Delayed-Nu-Fission Rate              0.000257224 +/- 9.13316e-08
   Delayed Group 2
     Total Material
       Delayed-Nu-Fission Rate              0.00068913 +/- 2.43681e-07
   Delayed Group 3
     Total Material
       Delayed-Nu-Fission Rate              0.000539909 +/- 1.89078e-07
   Delayed Group 4
     Total Material
       Delayed-Nu-Fission Rate              0.00107725 +/- 3.72296e-07
   Delayed Group 5
     Total Material
       Delayed-Nu-Fission Rate              0.000352155 +/- 1.20944e-07
   Delayed Group 6
     Total Material
       Delayed-Nu-Fission Rate              0.0001278 +/- 4.32005e-08
 ============================>     TALLY 2     <============================

 Universe 13
   Delayed Group 1
     Total Material
       Decay Rate                           -nan +/- 0
   Delayed Group 2
     Total Material
       Decay Rate                           2.39228e-05 +/- 8.4652e-09
   Delayed Group 3
     Total Material
       Decay Rate                           -nan +/- 0
   Delayed Group 4
     Total Material
       Decay Rate                           -nan +/- 0
   Delayed Group 5
     Total Material
       Decay Rate                           -nan +/- 0
   Delayed Group 6
     Total Material
       Decay Rate                           -nan +/- 0
 ============================>     TALLY 3     <============================

 Universe 13
   Incoming Energy [0, 200000000)
     Total Material
       Nu-Fission Rate                      1.00269 +/- 0.000359348
 ============================>     TALLY 4     <============================

 Universe 13
   Delayed Group 1
     Incoming Energy [0, 200000000)
       Total Material
         Delayed-Nu-Fission Rate              0.000257224 +/- 9.13316e-08
   Delayed Group 2
     Incoming Energy [0, 200000000)
       Total Material
         Delayed-Nu-Fission Rate              0.00068913 +/- 2.43681e-07
   Delayed Group 3
     Incoming Energy [0, 200000000)
       Total Material
         Delayed-Nu-Fission Rate              0.000539909 +/- 1.89078e-07
   Delayed Group 4
     Incoming Energy [0, 200000000)
       Total Material
         Delayed-Nu-Fission Rate              0.00107725 +/- 3.72296e-07
   Delayed Group 5
     Incoming Energy [0, 200000000)
       Total Material
         Delayed-Nu-Fission Rate              0.000352155 +/- 1.20944e-07
   Delayed Group 6
     Incoming Energy [0, 200000000)
       Total Material
         Delayed-Nu-Fission Rate              0.0001278 +/- 4.32005e-08
 =================>     TALLY 5: BREEDING_RATIO_TALLY     <=================

 Universe 13
   U235
     (n,gamma)                            0.000108646 +/- 3.74463e-08
     Absorption Rate                      0.000599507 +/- 2.36136e-07
   U234
     (n,gamma)                            0.00482731 +/- 4.38624e-06
     Absorption Rate                      0.00485737 +/- 4.38989e-06
   U238
     (n,gamma)                            9.22662e-11 +/- 1.06766e-13
     Absorption Rate                      9.25494e-11 +/- 1.06771e-13
   Th232
     (n,gamma)                            0.447705 +/- 0.000125689
     Absorption Rate                      0.449205 +/- 0.000125605
   Pu238
     (n,gamma)                            6.61711e-10 +/- 2.99364e-13
     Absorption Rate                      7.07124e-10 +/- 3.11305e-13
   Pu240
     (n,gamma)                            6.37011e-12 +/- 5.44752e-15
     Absorption Rate                      6.37592e-12 +/- 5.44875e-15
   Pu241
     (n,gamma)                            1.90579e-13 +/- 8.35765e-17
     Absorption Rate                      6.8939e-13 +/- 2.98708e-16
   U233
     (n,gamma)                            0.0488581 +/- 1.67829e-05
     Absorption Rate                      0.448374 +/- 0.00016017
   Pu239
     (n,gamma)                            5.479e-11 +/- 2.48649e-14
     Absorption Rate                      1.45752e-10 +/- 6.53441e-14
 ====================>     TALLY 6: FISSION_ENERGY     <====================

 Universe 13
   Total Material
     Kappa-Fission Rate                   7.67086e+07 +/- 27499.4
 =======================>     TALLY 7: HEATING     <========================

 Universe 13
   Total Material
     heating                              7.04934e+07 +/- 26314.9
 ============================>     TALLY 8     <============================

 Internal

