 ============================>     TALLY 1     <============================

 Universe 13
   Delayed Group 1
     Total Material
       Delayed-Nu-Fission Rate              0.000262927 +/- 8.7921e-08
   Delayed Group 2
     Total Material
       Delayed-Nu-Fission Rate              0.000704871 +/- 2.34828e-07
   Delayed Group 3
     Total Material
       Delayed-Nu-Fission Rate              0.000552383 +/- 1.82402e-07
   Delayed Group 4
     Total Material
       Delayed-Nu-Fission Rate              0.00110227 +/- 3.59639e-07
   Delayed Group 5
     Total Material
       Delayed-Nu-Fission Rate              0.000360502 +/- 1.16969e-07
   Delayed Group 6
     Total Material
       Delayed-Nu-Fission Rate              0.000130865 +/- 4.18695e-08
 ============================>     TALLY 2     <============================

 Universe 13
   Delayed Group 1
     Total Material
       Decay Rate                           -nan +/- 0
   Delayed Group 2
     Total Material
       Decay Rate                           2.44674e-05 +/- 8.15648e-09
   Delayed Group 3
     Total Material
       Decay Rate                           -nan +/- 0
   Delayed Group 4
     Total Material
       Decay Rate                           -nan +/- 0
   Delayed Group 5
     Total Material
       Decay Rate                           -nan +/- 0
   Delayed Group 6
     Total Material
       Decay Rate                           -nan +/- 0
 ============================>     TALLY 3     <============================

 Universe 13
   Incoming Energy [0, 200000000)
     Total Material
       Nu-Fission Rate                      1.0251 +/- 0.000345798
 ============================>     TALLY 4     <============================

 Universe 13
   Delayed Group 1
     Incoming Energy [0, 200000000)
       Total Material
         Delayed-Nu-Fission Rate              0.000262927 +/- 8.7921e-08
   Delayed Group 2
     Incoming Energy [0, 200000000)
       Total Material
         Delayed-Nu-Fission Rate              0.000704871 +/- 2.34828e-07
   Delayed Group 3
     Incoming Energy [0, 200000000)
       Total Material
         Delayed-Nu-Fission Rate              0.000552383 +/- 1.82402e-07
   Delayed Group 4
     Incoming Energy [0, 200000000)
       Total Material
         Delayed-Nu-Fission Rate              0.00110227 +/- 3.59639e-07
   Delayed Group 5
     Incoming Energy [0, 200000000)
       Total Material
         Delayed-Nu-Fission Rate              0.000360502 +/- 1.16969e-07
   Delayed Group 6
     Incoming Energy [0, 200000000)
       Total Material
         Delayed-Nu-Fission Rate              0.000130865 +/- 4.18695e-08
 =================>     TALLY 5: BREEDING_RATIO_TALLY     <=================

 Universe 13
   U234
     (n,gamma)                            0.00605302 +/- 4.99483e-06
     Absorption Rate                      0.0060902 +/- 4.99739e-06
   U233
     (n,gamma)                            0.0498166 +/- 1.60353e-05
     Absorption Rate                      0.457941 +/- 0.000153699
   Pu239
     (n,gamma)                            3.61099e-10 +/- 1.57343e-13
     Absorption Rate                      9.6082e-10 +/- 4.14031e-13
   Th232
     (n,gamma)                            0.458007 +/- 0.000142208
     Absorption Rate                      0.459527 +/- 0.00014218
   Pu240
     (n,gamma)                            5.73545e-11 +/- 5.17203e-14
     Absorption Rate                      5.7406e-11 +/- 5.17308e-14
   Pu238
     (n,gamma)                            3.45604e-09 +/- 1.42389e-12
     Absorption Rate                      3.69115e-09 +/- 1.4803e-12
   U238
     (n,gamma)                            3.25841e-10 +/- 3.84848e-13
     Absorption Rate                      3.26836e-10 +/- 3.84908e-13
   Pu241
     (n,gamma)                            2.31278e-12 +/- 9.45752e-16
     Absorption Rate                      8.36702e-12 +/- 3.36613e-15
   U235
     (n,gamma)                            0.000186823 +/- 6.17436e-08
     Absorption Rate                      0.00103396 +/- 3.88496e-07
 ====================>     TALLY 6: FISSION_ENERGY     <====================

 Universe 13
   Total Material
     Kappa-Fission Rate                   7.84258e+07 +/- 26462.4
 =======================>     TALLY 7: HEATING     <========================

 Universe 13
   Total Material
     heating                              7.35615e+07 +/- 24140.6
 ============================>     TALLY 8     <============================

 Internal

