 ============================>     TALLY 1     <============================

 Universe 13
   Delayed Group 1
     Total Material
       Delayed-Nu-Fission Rate              0.000253029 +/- 8.32475e-08
   Delayed Group 2
     Total Material
       Delayed-Nu-Fission Rate              0.000679372 +/- 2.22774e-07
   Delayed Group 3
     Total Material
       Delayed-Nu-Fission Rate              0.000532829 +/- 1.73263e-07
   Delayed Group 4
     Total Material
       Delayed-Nu-Fission Rate              0.00106396 +/- 3.42014e-07
   Delayed Group 5
     Total Material
       Delayed-Nu-Fission Rate              0.000348365 +/- 1.11403e-07
   Delayed Group 6
     Total Material
       Delayed-Nu-Fission Rate              0.00012659 +/- 3.99349e-08
 ============================>     TALLY 2     <============================

 Universe 13
   Delayed Group 1
     Total Material
       Decay Rate                           -nan +/- 0
   Delayed Group 2
     Total Material
       Decay Rate                           -nan +/- 0
   Delayed Group 3
     Total Material
       Decay Rate                           -nan +/- 0
   Delayed Group 4
     Total Material
       Decay Rate                           -nan +/- 0
   Delayed Group 5
     Total Material
       Decay Rate                           -nan +/- 0
   Delayed Group 6
     Total Material
       Decay Rate                           -nan +/- 0
 ============================>     TALLY 3     <============================

 Universe 13
   Incoming Energy [0, 200000000)
     Total Material
       Nu-Fission Rate                      0.986542 +/- 0.00032738
 ============================>     TALLY 4     <============================

 Universe 13
   Delayed Group 1
     Incoming Energy [0, 200000000)
       Total Material
         Delayed-Nu-Fission Rate              0.000253029 +/- 8.32475e-08
   Delayed Group 2
     Incoming Energy [0, 200000000)
       Total Material
         Delayed-Nu-Fission Rate              0.000679372 +/- 2.22774e-07
   Delayed Group 3
     Incoming Energy [0, 200000000)
       Total Material
         Delayed-Nu-Fission Rate              0.000532829 +/- 1.73263e-07
   Delayed Group 4
     Incoming Energy [0, 200000000)
       Total Material
         Delayed-Nu-Fission Rate              0.00106396 +/- 3.42014e-07
   Delayed Group 5
     Incoming Energy [0, 200000000)
       Total Material
         Delayed-Nu-Fission Rate              0.000348365 +/- 1.11403e-07
   Delayed Group 6
     Incoming Energy [0, 200000000)
       Total Material
         Delayed-Nu-Fission Rate              0.00012659 +/- 3.99349e-08
 =================>     TALLY 5: BREEDING_RATIO_TALLY     <=================

 Universe 13
   Pu239
     (n,gamma)                            2.01121e-09 +/- 8.5174e-13
     Absorption Rate                      5.34988e-09 +/- 2.24058e-12
   U234
     (n,gamma)                            0.00852525 +/- 7.41331e-06
     Absorption Rate                      0.0085794 +/- 7.41756e-06
   U235
     (n,gamma)                            0.000338811 +/- 1.12697e-07
     Absorption Rate                      0.00186768 +/- 6.98772e-07
   U238
     (n,gamma)                            1.16316e-09 +/- 1.36257e-12
     Absorption Rate                      1.16674e-09 +/- 1.36286e-12
   Th232
     (n,gamma)                            0.442251 +/- 0.000154372
     Absorption Rate                      0.443739 +/- 0.000154334
   U233
     (n,gamma)                            0.0479694 +/- 1.49127e-05
     Absorption Rate                      0.43999 +/- 0.000144651
   Pu238
     (n,gamma)                            1.604e-08 +/- 6.66798e-12
     Absorption Rate                      1.71445e-08 +/- 6.93314e-12
   Pu240
     (n,gamma)                            4.11429e-10 +/- 3.81563e-13
     Absorption Rate                      4.11806e-10 +/- 3.81652e-13
   Pu241
     (n,gamma)                            2.18389e-11 +/- 8.79469e-15
     Absorption Rate                      7.90012e-11 +/- 3.11999e-14
 ====================>     TALLY 6: FISSION_ENERGY     <====================

 Universe 13
   Total Material
     Kappa-Fission Rate                   7.548e+07 +/- 25051.9
 =======================>     TALLY 7: HEATING     <========================

 Universe 13
   Total Material
     heating                              6.82874e+07 +/- 23404.1
 ============================>     TALLY 8     <============================

 Internal

