 ============================>     TALLY 1     <============================

 Universe 13
   Delayed Group 1
     Total Material
       Delayed-Nu-Fission Rate              0.000256274 +/- 9.3374e-08
   Delayed Group 2
     Total Material
       Delayed-Nu-Fission Rate              0.00068862 +/- 2.50133e-07
   Delayed Group 3
     Total Material
       Delayed-Nu-Fission Rate              0.000540366 +/- 1.94753e-07
   Delayed Group 4
     Total Material
       Delayed-Nu-Fission Rate              0.00107954 +/- 3.84931e-07
   Delayed Group 5
     Total Material
       Delayed-Nu-Fission Rate              0.000353693 +/- 1.25513e-07
   Delayed Group 6
     Total Material
       Delayed-Nu-Fission Rate              0.000128618 +/- 4.50718e-08
 ============================>     TALLY 2     <============================

 Universe 13
   Delayed Group 1
     Total Material
       Decay Rate                           -nan +/- 0
   Delayed Group 2
     Total Material
       Decay Rate                           -nan +/- 0
   Delayed Group 3
     Total Material
       Decay Rate                           -nan +/- 0
   Delayed Group 4
     Total Material
       Decay Rate                           -nan +/- 0
   Delayed Group 5
     Total Material
       Decay Rate                           -nan +/- 0
   Delayed Group 6
     Total Material
       Decay Rate                           -nan +/- 0
 ============================>     TALLY 3     <============================

 Universe 13
   Incoming Energy [0, 200000000)
     Total Material
       Nu-Fission Rate                      0.999173 +/- 0.000366993
 ============================>     TALLY 4     <============================

 Universe 13
   Delayed Group 1
     Incoming Energy [0, 200000000)
       Total Material
         Delayed-Nu-Fission Rate              0.000256274 +/- 9.3374e-08
   Delayed Group 2
     Incoming Energy [0, 200000000)
       Total Material
         Delayed-Nu-Fission Rate              0.00068862 +/- 2.50133e-07
   Delayed Group 3
     Incoming Energy [0, 200000000)
       Total Material
         Delayed-Nu-Fission Rate              0.000540366 +/- 1.94753e-07
   Delayed Group 4
     Incoming Energy [0, 200000000)
       Total Material
         Delayed-Nu-Fission Rate              0.00107954 +/- 3.84931e-07
   Delayed Group 5
     Incoming Energy [0, 200000000)
       Total Material
         Delayed-Nu-Fission Rate              0.000353693 +/- 1.25513e-07
   Delayed Group 6
     Incoming Energy [0, 200000000)
       Total Material
         Delayed-Nu-Fission Rate              0.000128618 +/- 4.50718e-08
 =================>     TALLY 5: BREEDING_RATIO_TALLY     <=================

 Universe 13
   U238
     (n,gamma)                            2.05495e-09 +/- 2.31458e-12
     Absorption Rate                      2.06135e-09 +/- 2.3146e-12
   Th232
     (n,gamma)                            0.456554 +/- 0.000141806
     Absorption Rate                      0.458117 +/- 0.000141863
   Pu241
     (n,gamma)                            6.94191e-11 +/- 3.13714e-14
     Absorption Rate                      2.51113e-10 +/- 1.1217e-13
   U233
     (n,gamma)                            0.0484778 +/- 1.70598e-05
     Absorption Rate                      0.445128 +/- 0.000162617
   Pu239
     (n,gamma)                            4.80947e-09 +/- 2.2942e-12
     Absorption Rate                      1.27951e-08 +/- 6.03352e-12
   Pu240
     (n,gamma)                            1.14549e-09 +/- 1.08145e-12
     Absorption Rate                      1.14652e-09 +/- 1.08167e-12
   U235
     (n,gamma)                            0.000417376 +/- 1.48755e-07
     Absorption Rate                      0.00230644 +/- 9.38927e-07
   Pu238
     (n,gamma)                            3.40982e-08 +/- 1.57467e-11
     Absorption Rate                      3.64291e-08 +/- 1.64073e-11
   U234
     (n,gamma)                            0.00897382 +/- 6.62772e-06
     Absorption Rate                      0.00903016 +/- 6.63111e-06
 ====================>     TALLY 6: FISSION_ENERGY     <====================

 Universe 13
   Total Material
     Kappa-Fission Rate                   7.64471e+07 +/- 28083.7
 =======================>     TALLY 7: HEATING     <========================

 Universe 13
   Total Material
     heating                              6.99724e+07 +/- 25026.4
 ============================>     TALLY 8     <============================

 Internal

 ============================>     TALLY 9     <============================

 Internal

 ===========================>     TALLY 10     <============================

 Internal

