 ============================>     TALLY 1     <============================

 Universe 13
   Delayed Group 1
     Total Material
       Delayed-Nu-Fission Rate              0.000261781 +/- 9.30054e-08
   Delayed Group 2
     Total Material
       Delayed-Nu-Fission Rate              0.000700766 +/- 2.48016e-07
   Delayed Group 3
     Total Material
       Delayed-Nu-Fission Rate              0.000548779 +/- 1.92505e-07
   Delayed Group 4
     Total Material
       Delayed-Nu-Fission Rate              0.00109454 +/- 3.79293e-07
   Delayed Group 5
     Total Material
       Delayed-Nu-Fission Rate              0.000357587 +/- 1.23191e-07
   Delayed Group 6
     Total Material
       Delayed-Nu-Fission Rate              0.000129697 +/- 4.40239e-08
 ============================>     TALLY 2     <============================

 Universe 13
   Delayed Group 1
     Total Material
       Decay Rate                           -nan +/- 0
   Delayed Group 2
     Total Material
       Decay Rate                           2.43292e-05 +/- 8.61618e-09
   Delayed Group 3
     Total Material
       Decay Rate                           -nan +/- 0
   Delayed Group 4
     Total Material
       Decay Rate                           -nan +/- 0
   Delayed Group 5
     Total Material
       Decay Rate                           -nan +/- 0
   Delayed Group 6
     Total Material
       Decay Rate                           -nan +/- 0
 ============================>     TALLY 3     <============================

 Universe 13
   Incoming Energy [0, 200000000)
     Total Material
       Nu-Fission Rate                      1.02046 +/- 0.000365685
 ============================>     TALLY 4     <============================

 Universe 13
   Delayed Group 1
     Incoming Energy [0, 200000000)
       Total Material
         Delayed-Nu-Fission Rate              0.000261781 +/- 9.30054e-08
   Delayed Group 2
     Incoming Energy [0, 200000000)
       Total Material
         Delayed-Nu-Fission Rate              0.000700766 +/- 2.48016e-07
   Delayed Group 3
     Incoming Energy [0, 200000000)
       Total Material
         Delayed-Nu-Fission Rate              0.000548779 +/- 1.92505e-07
   Delayed Group 4
     Incoming Energy [0, 200000000)
       Total Material
         Delayed-Nu-Fission Rate              0.00109454 +/- 3.79293e-07
   Delayed Group 5
     Incoming Energy [0, 200000000)
       Total Material
         Delayed-Nu-Fission Rate              0.000357587 +/- 1.23191e-07
   Delayed Group 6
     Incoming Energy [0, 200000000)
       Total Material
         Delayed-Nu-Fission Rate              0.000129697 +/- 4.40239e-08
 =================>     TALLY 5: BREEDING_RATIO_TALLY     <=================

 Universe 13
   U234
     (n,gamma)                            0.0022974 +/- 1.90379e-06
     Absorption Rate                      0.00231149 +/- 1.90566e-06
   Pu239
     (n,gamma)                            5.2253e-13 +/- 2.41153e-16
     Absorption Rate                      1.39004e-12 +/- 6.3292e-16
   Pu238
     (n,gamma)                            1.04831e-11 +/- 4.37549e-15
     Absorption Rate                      1.12024e-11 +/- 4.53495e-15
   Th232
     (n,gamma)                            0.449964 +/- 0.000131411
     Absorption Rate                      0.451473 +/- 0.000131441
   U238
     (n,gamma)                            3.51424e-12 +/- 3.30749e-15
     Absorption Rate                      3.52504e-12 +/- 3.30727e-15
   Pu241
     (n,gamma)                            4.28609e-16 +/- 1.88307e-19
     Absorption Rate                      1.55044e-15 +/- 6.70706e-19
   U233
     (n,gamma)                            0.0497876 +/- 1.72348e-05
     Absorption Rate                      0.456795 +/- 0.000163171
   U235
     (n,gamma)                            2.48112e-05 +/- 8.4774e-09
     Absorption Rate                      0.0001369 +/- 5.36703e-08
   Pu240
     (n,gamma)                            2.95129e-14 +/- 2.63863e-17
     Absorption Rate                      2.95397e-14 +/- 2.63916e-17
 ====================>     TALLY 6: FISSION_ENERGY     <====================

 Universe 13
   Total Material
     Kappa-Fission Rate                   7.80647e+07 +/- 27981.2
 =======================>     TALLY 7: HEATING     <========================

 Universe 13
   Total Material
     heating                              7.29047e+07 +/- 25224.7
 ============================>     TALLY 8     <============================

 Internal

