 ============================>     TALLY 1     <============================

 Universe 13
   Delayed Group 1
     Total Material
       Delayed-Nu-Fission Rate              0.000268054 +/- 8.19367e-08
   Delayed Group 2
     Total Material
       Delayed-Nu-Fission Rate              0.000717434 +/- 2.1832e-07
   Delayed Group 3
     Total Material
       Delayed-Nu-Fission Rate              0.00056179 +/- 1.69198e-07
   Delayed Group 4
     Total Material
       Delayed-Nu-Fission Rate              0.00112042 +/- 3.32719e-07
   Delayed Group 5
     Total Material
       Delayed-Nu-Fission Rate              0.000366001 +/- 1.07952e-07
   Delayed Group 6
     Total Material
       Delayed-Nu-Fission Rate              0.000132736 +/- 3.84918e-08
 ============================>     TALLY 2     <============================

 Universe 13
   Delayed Group 1
     Total Material
       Decay Rate                           -nan +/- 0
   Delayed Group 2
     Total Material
       Decay Rate                           2.49084e-05 +/- 7.58551e-09
   Delayed Group 3
     Total Material
       Decay Rate                           -nan +/- 0
   Delayed Group 4
     Total Material
       Decay Rate                           -nan +/- 0
   Delayed Group 5
     Total Material
       Decay Rate                           -nan +/- 0
   Delayed Group 6
     Total Material
       Decay Rate                           -nan +/- 0
 ============================>     TALLY 3     <============================

 Universe 13
   Incoming Energy [0, 200000000)
     Total Material
       Nu-Fission Rate                      1.045 +/- 0.000322695
 ============================>     TALLY 4     <============================

 Universe 13
   Delayed Group 1
     Incoming Energy [0, 200000000)
       Total Material
         Delayed-Nu-Fission Rate              0.000268054 +/- 8.19367e-08
   Delayed Group 2
     Incoming Energy [0, 200000000)
       Total Material
         Delayed-Nu-Fission Rate              0.000717434 +/- 2.1832e-07
   Delayed Group 3
     Incoming Energy [0, 200000000)
       Total Material
         Delayed-Nu-Fission Rate              0.00056179 +/- 1.69198e-07
   Delayed Group 4
     Incoming Energy [0, 200000000)
       Total Material
         Delayed-Nu-Fission Rate              0.00112042 +/- 3.32719e-07
   Delayed Group 5
     Incoming Energy [0, 200000000)
       Total Material
         Delayed-Nu-Fission Rate              0.000366001 +/- 1.07952e-07
   Delayed Group 6
     Incoming Energy [0, 200000000)
       Total Material
         Delayed-Nu-Fission Rate              0.000132736 +/- 3.84918e-08
 =================>     TALLY 5: BREEDING_RATIO_TALLY     <=================

 Universe 13
   U235
     (n,gamma)                            6.12011e-06 +/- 1.91266e-09
     Absorption Rate                      3.36141e-05 +/- 1.15566e-08
   Pu240
     (n,gamma)                            1.98106e-16 +/- 1.75143e-19
     Absorption Rate                      1.98288e-16 +/- 1.75178e-19
   U234
     (n,gamma)                            0.00110503 +/- 8.87225e-07
     Absorption Rate                      0.00111189 +/- 8.87793e-07
   Pu241
     (n,gamma)                            1.36777e-18 +/- 5.16891e-22
     Absorption Rate                      4.94676e-18 +/- 1.83891e-21
   U238
     (n,gamma)                            1.59769e-13 +/- 1.67535e-16
     Absorption Rate                      1.6027e-13 +/- 1.67553e-16
   Pu239
     (n,gamma)                            6.5159e-15 +/- 2.62777e-18
     Absorption Rate                      1.73254e-14 +/- 6.86963e-18
   U233
     (n,gamma)                            0.0512153 +/- 1.53074e-05
     Absorption Rate                      0.468076 +/- 0.000144171
   Th232
     (n,gamma)                            0.445438 +/- 0.000134343
     Absorption Rate                      0.446999 +/- 0.000134458
   Pu238
     (n,gamma)                            1.99497e-13 +/- 7.93679e-17
     Absorption Rate                      2.13356e-13 +/- 8.24762e-17
 ====================>     TALLY 6: FISSION_ENERGY     <====================

 Universe 13
   Total Material
     Kappa-Fission Rate                   7.99382e+07 +/- 24689.3
 =======================>     TALLY 7: HEATING     <========================

 Universe 13
   Total Material
     heating                              7.64687e+07 +/- 23146.1
 ============================>     TALLY 8     <============================

 Internal

 ============================>     TALLY 9     <============================

 Internal

 ===========================>     TALLY 10     <============================

 Internal

