 ============================>     TALLY 1     <============================

 Universe 13
   Delayed Group 1
     Total Material
       Delayed-Nu-Fission Rate              0.000269913 +/- 1.0031e-07
   Delayed Group 2
     Total Material
       Delayed-Nu-Fission Rate              0.000722345 +/- 2.67676e-07
   Delayed Group 3
     Total Material
       Delayed-Nu-Fission Rate              0.000565581 +/- 2.08191e-07
   Delayed Group 4
     Total Material
       Delayed-Nu-Fission Rate              0.00112785 +/- 4.11414e-07
   Delayed Group 5
     Total Material
       Delayed-Nu-Fission Rate              0.000368397 +/- 1.33799e-07
   Delayed Group 6
     Total Material
       Delayed-Nu-Fission Rate              0.000133586 +/- 4.79928e-08
 ============================>     TALLY 2     <============================

 Universe 13
   Delayed Group 1
     Total Material
       Decay Rate                           -nan +/- 0
   Delayed Group 2
     Total Material
       Decay Rate                           2.50792e-05 +/- 9.29798e-09
   Delayed Group 3
     Total Material
       Decay Rate                           -nan +/- 0
   Delayed Group 4
     Total Material
       Decay Rate                           -nan +/- 0
   Delayed Group 5
     Total Material
       Decay Rate                           -nan +/- 0
   Delayed Group 6
     Total Material
       Decay Rate                           -nan +/- 0
 ============================>     TALLY 3     <============================

 Universe 13
   Incoming Energy [0, 200000000)
     Total Material
       Nu-Fission Rate                      1.05231 +/- 0.000393586
 ============================>     TALLY 4     <============================

 Universe 13
   Delayed Group 1
     Incoming Energy [0, 200000000)
       Total Material
         Delayed-Nu-Fission Rate              0.000269913 +/- 1.0031e-07
   Delayed Group 2
     Incoming Energy [0, 200000000)
       Total Material
         Delayed-Nu-Fission Rate              0.000722345 +/- 2.67676e-07
   Delayed Group 3
     Incoming Energy [0, 200000000)
       Total Material
         Delayed-Nu-Fission Rate              0.000565581 +/- 2.08191e-07
   Delayed Group 4
     Incoming Energy [0, 200000000)
       Total Material
         Delayed-Nu-Fission Rate              0.00112785 +/- 4.11414e-07
   Delayed Group 5
     Incoming Energy [0, 200000000)
       Total Material
         Delayed-Nu-Fission Rate              0.000368397 +/- 1.33799e-07
   Delayed Group 6
     Incoming Energy [0, 200000000)
       Total Material
         Delayed-Nu-Fission Rate              0.000133586 +/- 4.79928e-08
 =================>     TALLY 5: BREEDING_RATIO_TALLY     <=================

 Universe 13
   Th232
     (n,gamma)                            0.443649 +/- 0.000141923
     Absorption Rate                      0.445206 +/- 0.000141988
   Pu240
     (n,gamma)                            1.42131e-22 +/- 1.18418e-25
     Absorption Rate                      1.42262e-22 +/- 1.18447e-25
   U233
     (n,gamma)                            0.0516032 +/- 1.77057e-05
     Absorption Rate                      0.471428 +/- 0.000174596
   U238
     (n,gamma)                            2.09302e-17 +/- 2.14258e-20
     Absorption Rate                      2.09959e-17 +/- 2.14258e-20
   Pu238
     (n,gamma)                            1.27669e-18 +/- 5.97249e-22
     Absorption Rate                      1.36555e-18 +/- 6.23823e-22
   Pu241
     (n,gamma)                            1.50338e-25 +/- 6.91752e-29
     Absorption Rate                      5.43704e-25 +/- 2.47529e-28
   U235
     (n,gamma)                            1.46337e-07 +/- 5.38729e-11
     Absorption Rate                      8.03094e-07 +/- 3.35096e-10
   Pu239
     (n,gamma)                            1.72359e-20 +/- 8.28013e-24
     Absorption Rate                      4.58269e-20 +/- 2.17682e-23
   U234
     (n,gamma)                            0.000171522 +/- 1.60416e-07
     Absorption Rate                      0.000172584 +/- 1.60561e-07
 ====================>     TALLY 6: FISSION_ENERGY     <====================

 Universe 13
   Total Material
     Kappa-Fission Rate                   8.04974e+07 +/- 30114.6
 =======================>     TALLY 7: HEATING     <========================

 Universe 13
   Total Material
     heating                              7.75667e+07 +/- 28184.7
 ============================>     TALLY 8     <============================

 Internal

 ============================>     TALLY 9     <============================

 Internal

 ===========================>     TALLY 10     <============================

 Internal

