 ============================>     TALLY 1     <============================

 Universe 13
   Delayed Group 1
     Total Material
       Delayed-Nu-Fission Rate              0.000251703 +/- 8.97466e-08
   Delayed Group 2
     Total Material
       Delayed-Nu-Fission Rate              0.000676472 +/- 2.40611e-07
   Delayed Group 3
     Total Material
       Delayed-Nu-Fission Rate              0.000530797 +/- 1.8761e-07
   Delayed Group 4
     Total Material
       Delayed-Nu-Fission Rate              0.00106025 +/- 3.71522e-07
   Delayed Group 5
     Total Material
       Delayed-Nu-Fission Rate              0.000347393 +/- 1.21265e-07
   Delayed Group 6
     Total Material
       Delayed-Nu-Fission Rate              0.000126306 +/- 4.36472e-08
 ============================>     TALLY 2     <============================

 Universe 13
   Delayed Group 1
     Total Material
       Decay Rate                           -nan +/- 0
   Delayed Group 2
     Total Material
       Decay Rate                           2.34746e-05 +/- 8.35314e-09
   Delayed Group 3
     Total Material
       Decay Rate                           -nan +/- 0
   Delayed Group 4
     Total Material
       Decay Rate                           -nan +/- 0
   Delayed Group 5
     Total Material
       Decay Rate                           -nan +/- 0
   Delayed Group 6
     Total Material
       Decay Rate                           -nan +/- 0
 ============================>     TALLY 3     <============================

 Universe 13
   Incoming Energy [0, 200000000)
     Total Material
       Nu-Fission Rate                      0.981483 +/- 0.000352254
 ============================>     TALLY 4     <============================

 Universe 13
   Delayed Group 1
     Incoming Energy [0, 200000000)
       Total Material
         Delayed-Nu-Fission Rate              0.000251703 +/- 8.97466e-08
   Delayed Group 2
     Incoming Energy [0, 200000000)
       Total Material
         Delayed-Nu-Fission Rate              0.000676472 +/- 2.40611e-07
   Delayed Group 3
     Incoming Energy [0, 200000000)
       Total Material
         Delayed-Nu-Fission Rate              0.000530797 +/- 1.8761e-07
   Delayed Group 4
     Incoming Energy [0, 200000000)
       Total Material
         Delayed-Nu-Fission Rate              0.00106025 +/- 3.71522e-07
   Delayed Group 5
     Incoming Energy [0, 200000000)
       Total Material
         Delayed-Nu-Fission Rate              0.000347393 +/- 1.21265e-07
   Delayed Group 6
     Incoming Energy [0, 200000000)
       Total Material
         Delayed-Nu-Fission Rate              0.000126306 +/- 4.36472e-08
 =================>     TALLY 5: BREEDING_RATIO_TALLY     <=================

 Universe 13
   Pu238
     (n,gamma)                            3.41684e-08 +/- 1.51589e-11
     Absorption Rate                      3.65233e-08 +/- 1.58662e-11
   Pu239
     (n,gamma)                            4.72379e-09 +/- 2.0143e-12
     Absorption Rate                      1.25648e-08 +/- 5.31549e-12
   Pu240
     (n,gamma)                            1.10047e-09 +/- 9.51691e-13
     Absorption Rate                      1.10148e-09 +/- 9.51943e-13
   Th232
     (n,gamma)                            0.440331 +/- 0.00013522
     Absorption Rate                      0.441812 +/- 0.000135309
   U235
     (n,gamma)                            0.000441596 +/- 1.56749e-07
     Absorption Rate                      0.00243325 +/- 9.53217e-07
   Pu241
     (n,gamma)                            6.68826e-11 +/- 2.80831e-14
     Absorption Rate                      2.41937e-10 +/- 1.00453e-13
   U238
     (n,gamma)                            2.12909e-09 +/- 2.27682e-12
     Absorption Rate                      2.13564e-09 +/- 2.27737e-12
   U233
     (n,gamma)                            0.047677 +/- 1.6392e-05
     Absorption Rate                      0.437217 +/- 0.000155971
   U234
     (n,gamma)                            0.009715 +/- 8.28175e-06
     Absorption Rate                      0.00977722 +/- 8.28874e-06
 ====================>     TALLY 6: FISSION_ENERGY     <====================

 Universe 13
   Total Material
     Kappa-Fission Rate                   7.50961e+07 +/- 26956.5
 =======================>     TALLY 7: HEATING     <========================

 Universe 13
   Total Material
     heating                              6.75973e+07 +/- 24442.9
 ============================>     TALLY 8     <============================

 Internal

