 ============================>     TALLY 1     <============================

 Universe 13
   Delayed Group 1
     Total Material
       Delayed-Nu-Fission Rate              0.000256788 +/- 9.7691e-08
   Delayed Group 2
     Total Material
       Delayed-Nu-Fission Rate              0.000688096 +/- 2.60837e-07
   Delayed Group 3
     Total Material
       Delayed-Nu-Fission Rate              0.00053915 +/- 2.02645e-07
   Delayed Group 4
     Total Material
       Delayed-Nu-Fission Rate              0.00107581 +/- 3.99656e-07
   Delayed Group 5
     Total Material
       Delayed-Nu-Fission Rate              0.000351736 +/- 1.29947e-07
   Delayed Group 6
     Total Material
       Delayed-Nu-Fission Rate              0.000127663 +/- 4.65034e-08
 ============================>     TALLY 2     <============================

 Universe 13
   Delayed Group 1
     Total Material
       Decay Rate                           -nan +/- 0
   Delayed Group 2
     Total Material
       Decay Rate                           2.38863e-05 +/- 9.06014e-09
   Delayed Group 3
     Total Material
       Decay Rate                           -nan +/- 0
   Delayed Group 4
     Total Material
       Decay Rate                           -nan +/- 0
   Delayed Group 5
     Total Material
       Decay Rate                           -nan +/- 0
   Delayed Group 6
     Total Material
       Decay Rate                           -nan +/- 0
 ============================>     TALLY 3     <============================

 Universe 13
   Incoming Energy [0, 200000000)
     Total Material
       Nu-Fission Rate                      1.00101 +/- 0.000384064
 ============================>     TALLY 4     <============================

 Universe 13
   Delayed Group 1
     Incoming Energy [0, 200000000)
       Total Material
         Delayed-Nu-Fission Rate              0.000256788 +/- 9.7691e-08
   Delayed Group 2
     Incoming Energy [0, 200000000)
       Total Material
         Delayed-Nu-Fission Rate              0.000688096 +/- 2.60837e-07
   Delayed Group 3
     Incoming Energy [0, 200000000)
       Total Material
         Delayed-Nu-Fission Rate              0.00053915 +/- 2.02645e-07
   Delayed Group 4
     Incoming Energy [0, 200000000)
       Total Material
         Delayed-Nu-Fission Rate              0.00107581 +/- 3.99656e-07
   Delayed Group 5
     Incoming Energy [0, 200000000)
       Total Material
         Delayed-Nu-Fission Rate              0.000351736 +/- 1.29947e-07
   Delayed Group 6
     Incoming Energy [0, 200000000)
       Total Material
         Delayed-Nu-Fission Rate              0.000127663 +/- 4.65034e-08
 =================>     TALLY 5: BREEDING_RATIO_TALLY     <=================

 Universe 13
   U238
     (n,gamma)                            1.3478e-10 +/- 1.343e-13
     Absorption Rate                      1.35194e-10 +/- 1.343e-13
   Pu239
     (n,gamma)                            9.41244e-11 +/- 4.35552e-14
     Absorption Rate                      2.50384e-10 +/- 1.15039e-13
   Pu241
     (n,gamma)                            3.88808e-13 +/- 1.73521e-16
     Absorption Rate                      1.40645e-12 +/- 6.20713e-16
   U233
     (n,gamma)                            0.0487725 +/- 1.77422e-05
     Absorption Rate                      0.447523 +/- 0.000170832
   Pu238
     (n,gamma)                            1.0683e-09 +/- 5.02207e-13
     Absorption Rate                      1.14159e-09 +/- 5.243e-13
   Th232
     (n,gamma)                            0.447146 +/- 0.000144087
     Absorption Rate                      0.448644 +/- 0.000144085
   Pu240
     (n,gamma)                            1.19226e-11 +/- 1.01266e-14
     Absorption Rate                      1.19335e-11 +/- 1.01284e-14
   U234
     (n,gamma)                            0.00526506 +/- 4.48742e-06
     Absorption Rate                      0.00529789 +/- 4.49003e-06
   U235
     (n,gamma)                            0.000129067 +/- 5.07755e-08
     Absorption Rate                      0.000712081 +/- 3.02534e-07
 ====================>     TALLY 6: FISSION_ENERGY     <====================

 Universe 13
   Total Material
     Kappa-Fission Rate                   7.65805e+07 +/- 29386.3
 =======================>     TALLY 7: HEATING     <========================

 Universe 13
   Total Material
     heating                              7.02291e+07 +/- 25912
 ============================>     TALLY 8     <============================

 Internal

