 ============================>     TALLY 1     <============================

 Universe 13
   Delayed Group 1
     Total Material
       Delayed-Nu-Fission Rate              0.000268269 +/- 8.83729e-08
   Delayed Group 2
     Total Material
       Delayed-Nu-Fission Rate              0.000718206 +/- 2.36026e-07
   Delayed Group 3
     Total Material
       Delayed-Nu-Fission Rate              0.000562406 +/- 1.83802e-07
   Delayed Group 4
     Total Material
       Delayed-Nu-Fission Rate              0.00112156 +/- 3.63817e-07
   Delayed Group 5
     Total Material
       Delayed-Nu-Fission Rate              0.000366428 +/- 1.18448e-07
   Delayed Group 6
     Total Material
       Delayed-Nu-Fission Rate              0.000132885 +/- 4.25845e-08
 ============================>     TALLY 2     <============================

 Universe 13
   Delayed Group 1
     Total Material
       Decay Rate                           -nan +/- 0
   Delayed Group 2
     Total Material
       Decay Rate                           2.49344e-05 +/- 8.19758e-09
   Delayed Group 3
     Total Material
       Decay Rate                           -nan +/- 0
   Delayed Group 4
     Total Material
       Decay Rate                           -nan +/- 0
   Delayed Group 5
     Total Material
       Decay Rate                           -nan +/- 0
   Delayed Group 6
     Total Material
       Decay Rate                           -nan +/- 0
 ============================>     TALLY 3     <============================

 Universe 13
   Incoming Energy [0, 200000000)
     Total Material
       Nu-Fission Rate                      1.04593 +/- 0.000346436
 ============================>     TALLY 4     <============================

 Universe 13
   Delayed Group 1
     Incoming Energy [0, 200000000)
       Total Material
         Delayed-Nu-Fission Rate              0.000268269 +/- 8.83729e-08
   Delayed Group 2
     Incoming Energy [0, 200000000)
       Total Material
         Delayed-Nu-Fission Rate              0.000718206 +/- 2.36026e-07
   Delayed Group 3
     Incoming Energy [0, 200000000)
       Total Material
         Delayed-Nu-Fission Rate              0.000562406 +/- 1.83802e-07
   Delayed Group 4
     Incoming Energy [0, 200000000)
       Total Material
         Delayed-Nu-Fission Rate              0.00112156 +/- 3.63817e-07
   Delayed Group 5
     Incoming Energy [0, 200000000)
       Total Material
         Delayed-Nu-Fission Rate              0.000366428 +/- 1.18448e-07
   Delayed Group 6
     Incoming Energy [0, 200000000)
       Total Material
         Delayed-Nu-Fission Rate              0.000132885 +/- 4.25845e-08
 =================>     TALLY 5: BREEDING_RATIO_TALLY     <=================

 Universe 13
   Pu241
     (n,gamma)                            5.13828e-15 +/- 2.1158e-18
     Absorption Rate                      1.85865e-14 +/- 7.60504e-18
   U233
     (n,gamma)                            0.0510381 +/- 1.55326e-05
     Absorption Rate                      0.468156 +/- 0.000153469
   Pu238
     (n,gamma)                            5.7402e-11 +/- 2.34971e-14
     Absorption Rate                      6.13381e-11 +/- 2.44776e-14
   U234
     (n,gamma)                            0.00293577 +/- 2.71205e-06
     Absorption Rate                      0.00295373 +/- 2.7135e-06
   Pu240
     (n,gamma)                            2.70426e-13 +/- 2.47804e-16
     Absorption Rate                      2.7067e-13 +/- 2.47864e-16
   U238
     (n,gamma)                            1.27458e-11 +/- 1.32989e-14
     Absorption Rate                      1.2785e-11 +/- 1.33029e-14
   U235
     (n,gamma)                            4.32403e-05 +/- 1.38933e-08
     Absorption Rate                      0.00023857 +/- 8.9048e-08
   Th232
     (n,gamma)                            0.452839 +/- 0.000141993
     Absorption Rate                      0.454358 +/- 0.000142155
   Pu239
     (n,gamma)                            3.50861e-12 +/- 1.53397e-15
     Absorption Rate                      9.33331e-12 +/- 4.02857e-15
 ====================>     TALLY 6: FISSION_ENERGY     <====================

 Universe 13
   Total Material
     Kappa-Fission Rate                   8.00141e+07 +/- 26507.7
 =======================>     TALLY 7: HEATING     <========================

 Universe 13
   Total Material
     heating                              7.65448e+07 +/- 25800.4
 ============================>     TALLY 8     <============================

 Internal

