 ============================>     TALLY 1     <============================

 Universe 13
   Delayed Group 1
     Total Material
       Delayed-Nu-Fission Rate              0.000260335 +/- 9.03523e-08
   Delayed Group 2
     Total Material
       Delayed-Nu-Fission Rate              0.000698763 +/- 2.41841e-07
   Delayed Group 3
     Total Material
       Delayed-Nu-Fission Rate              0.000547937 +/- 1.88347e-07
   Delayed Group 4
     Total Material
       Delayed-Nu-Fission Rate              0.00109394 +/- 3.72539e-07
   Delayed Group 5
     Total Material
       Delayed-Nu-Fission Rate              0.000358095 +/- 1.21432e-07
   Delayed Group 6
     Total Material
       Delayed-Nu-Fission Rate              0.000130093 +/- 4.3636e-08
 ============================>     TALLY 2     <============================

 Universe 13
   Delayed Group 1
     Total Material
       Decay Rate                           -nan +/- 0
   Delayed Group 2
     Total Material
       Decay Rate                           2.42519e-05 +/- 8.39757e-09
   Delayed Group 3
     Total Material
       Decay Rate                           -nan +/- 0
   Delayed Group 4
     Total Material
       Decay Rate                           -nan +/- 0
   Delayed Group 5
     Total Material
       Decay Rate                           -nan +/- 0
   Delayed Group 6
     Total Material
       Decay Rate                           -nan +/- 0
 ============================>     TALLY 3     <============================

 Universe 13
   Incoming Energy [0, 200000000)
     Total Material
       Nu-Fission Rate                      1.01506 +/- 0.000354745
 ============================>     TALLY 4     <============================

 Universe 13
   Delayed Group 1
     Incoming Energy [0, 200000000)
       Total Material
         Delayed-Nu-Fission Rate              0.000260335 +/- 9.03523e-08
   Delayed Group 2
     Incoming Energy [0, 200000000)
       Total Material
         Delayed-Nu-Fission Rate              0.000698763 +/- 2.41841e-07
   Delayed Group 3
     Incoming Energy [0, 200000000)
       Total Material
         Delayed-Nu-Fission Rate              0.000547937 +/- 1.88347e-07
   Delayed Group 4
     Incoming Energy [0, 200000000)
       Total Material
         Delayed-Nu-Fission Rate              0.00109394 +/- 3.72539e-07
   Delayed Group 5
     Incoming Energy [0, 200000000)
       Total Material
         Delayed-Nu-Fission Rate              0.000358095 +/- 1.21432e-07
   Delayed Group 6
     Incoming Energy [0, 200000000)
       Total Material
         Delayed-Nu-Fission Rate              0.000130093 +/- 4.3636e-08
 =================>     TALLY 5: BREEDING_RATIO_TALLY     <=================

 Universe 13
   Pu240
     (n,gamma)                            3.83358e-10 +/- 2.91922e-13
     Absorption Rate                      3.83702e-10 +/- 2.91967e-13
   Th232
     (n,gamma)                            0.461235 +/- 0.00014188
     Absorption Rate                      0.462756 +/- 0.000141841
   U238
     (n,gamma)                            1.0355e-09 +/- 1.07092e-12
     Absorption Rate                      1.03866e-09 +/- 1.07091e-12
   U233
     (n,gamma)                            0.0491813 +/- 1.6444e-05
     Absorption Rate                      0.452711 +/- 0.000157326
   Pu241
     (n,gamma)                            2.01139e-11 +/- 8.43219e-15
     Absorption Rate                      7.27692e-11 +/- 3.02079e-14
   Pu239
     (n,gamma)                            1.87308e-09 +/- 8.34316e-13
     Absorption Rate                      4.98465e-09 +/- 2.19622e-12
   U235
     (n,gamma)                            0.000313175 +/- 1.05321e-07
     Absorption Rate                      0.00173601 +/- 6.61581e-07
   U234
     (n,gamma)                            0.00780912 +/- 6.78677e-06
     Absorption Rate                      0.0078572 +/- 6.79136e-06
   Pu238
     (n,gamma)                            1.4766e-08 +/- 6.39169e-12
     Absorption Rate                      1.57665e-08 +/- 6.67544e-12
 ====================>     TALLY 6: FISSION_ENERGY     <====================

 Universe 13
   Total Material
     Kappa-Fission Rate                   7.76617e+07 +/- 27145.9
 =======================>     TALLY 7: HEATING     <========================

 Universe 13
   Total Material
     heating                              7.21151e+07 +/- 26868.5
 ============================>     TALLY 8     <============================

 Internal

