 ============================>     TALLY 1     <============================

 Universe 13
   Delayed Group 1
     Total Material
       Delayed-Nu-Fission Rate              0.000266994 +/- 8.99709e-08
   Delayed Group 2
     Total Material
       Delayed-Nu-Fission Rate              0.000714658 +/- 2.39946e-07
   Delayed Group 3
     Total Material
       Delayed-Nu-Fission Rate              0.000559649 +/- 1.86325e-07
   Delayed Group 4
     Total Material
       Delayed-Nu-Fission Rate              0.00111621 +/- 3.67386e-07
   Delayed Group 5
     Total Material
       Delayed-Nu-Fission Rate              0.000364652 +/- 1.19362e-07
   Delayed Group 6
     Total Material
       Delayed-Nu-Fission Rate              0.000132258 +/- 4.27018e-08
 ============================>     TALLY 2     <============================

 Universe 13
   Delayed Group 1
     Total Material
       Decay Rate                           -nan +/- 0
   Delayed Group 2
     Total Material
       Decay Rate                           2.48117e-05 +/- 8.33565e-09
   Delayed Group 3
     Total Material
       Decay Rate                           -nan +/- 0
   Delayed Group 4
     Total Material
       Decay Rate                           -nan +/- 0
   Delayed Group 5
     Total Material
       Decay Rate                           -nan +/- 0
   Delayed Group 6
     Total Material
       Decay Rate                           -nan +/- 0
 ============================>     TALLY 3     <============================

 Universe 13
   Incoming Energy [0, 200000000)
     Total Material
       Nu-Fission Rate                      1.04085 +/- 0.000353614
 ============================>     TALLY 4     <============================

 Universe 13
   Delayed Group 1
     Incoming Energy [0, 200000000)
       Total Material
         Delayed-Nu-Fission Rate              0.000266994 +/- 8.99709e-08
   Delayed Group 2
     Incoming Energy [0, 200000000)
       Total Material
         Delayed-Nu-Fission Rate              0.000714658 +/- 2.39946e-07
   Delayed Group 3
     Incoming Energy [0, 200000000)
       Total Material
         Delayed-Nu-Fission Rate              0.000559649 +/- 1.86325e-07
   Delayed Group 4
     Incoming Energy [0, 200000000)
       Total Material
         Delayed-Nu-Fission Rate              0.00111621 +/- 3.67386e-07
   Delayed Group 5
     Incoming Energy [0, 200000000)
       Total Material
         Delayed-Nu-Fission Rate              0.000364652 +/- 1.19362e-07
   Delayed Group 6
     Incoming Energy [0, 200000000)
       Total Material
         Delayed-Nu-Fission Rate              0.000132258 +/- 4.27018e-08
 =================>     TALLY 5: BREEDING_RATIO_TALLY     <=================

 Universe 13
   U235
     (n,gamma)                            1.43454e-05 +/- 4.97274e-09
     Absorption Rate                      7.88393e-05 +/- 3.00055e-08
   Pu240
     (n,gamma)                            4.75982e-15 +/- 4.45909e-18
     Absorption Rate                      4.76417e-15 +/- 4.46001e-18
   U234
     (n,gamma)                            0.0016886 +/- 1.48874e-06
     Absorption Rate                      0.00169907 +/- 1.49011e-06
   Pu241
     (n,gamma)                            5.09999e-17 +/- 2.16267e-20
     Absorption Rate                      1.84457e-16 +/- 7.67365e-20
   U238
     (n,gamma)                            1.11419e-12 +/- 1.24216e-15
     Absorption Rate                      1.11768e-12 +/- 1.24219e-15
   Pu239
     (n,gamma)                            1.04906e-13 +/- 4.77717e-17
     Absorption Rate                      2.78963e-13 +/- 1.25128e-16
   U233
     (n,gamma)                            0.0509742 +/- 1.66538e-05
     Absorption Rate                      0.466136 +/- 0.000157598
   Th232
     (n,gamma)                            0.446131 +/- 0.000128078
     Absorption Rate                      0.447691 +/- 0.000128132
   Pu238
     (n,gamma)                            2.47951e-12 +/- 1.04891e-15
     Absorption Rate                      2.65142e-12 +/- 1.09132e-15
 ====================>     TALLY 6: FISSION_ENERGY     <====================

 Universe 13
   Total Material
     Kappa-Fission Rate                   7.96212e+07 +/- 27056.4
 =======================>     TALLY 7: HEATING     <========================

 Universe 13
   Total Material
     heating                              7.58235e+07 +/- 27274.2
 ============================>     TALLY 8     <============================

 Internal

 ============================>     TALLY 9     <============================

 Internal

 ===========================>     TALLY 10     <============================

 Internal

