 ============================>     TALLY 1     <============================

 Universe 13
   Delayed Group 1
     Total Material
       Delayed-Nu-Fission Rate              0.000257848 +/- 8.73556e-08
   Delayed Group 2
     Total Material
       Delayed-Nu-Fission Rate              0.0006907 +/- 2.33286e-07
   Delayed Group 3
     Total Material
       Delayed-Nu-Fission Rate              0.000541095 +/- 1.81451e-07
   Delayed Group 4
     Total Material
       Delayed-Nu-Fission Rate              0.00107954 +/- 3.58508e-07
   Delayed Group 5
     Total Material
       Delayed-Nu-Fission Rate              0.000352865 +/- 1.1665e-07
   Delayed Group 6
     Total Material
       Delayed-Nu-Fission Rate              0.000128045 +/- 4.18459e-08
 ============================>     TALLY 2     <============================

 Universe 13
   Delayed Group 1
     Total Material
       Decay Rate                           -nan +/- 0
   Delayed Group 2
     Total Material
       Decay Rate                           -nan +/- 0
   Delayed Group 3
     Total Material
       Decay Rate                           -nan +/- 0
   Delayed Group 4
     Total Material
       Decay Rate                           -nan +/- 0
   Delayed Group 5
     Total Material
       Decay Rate                           -nan +/- 0
   Delayed Group 6
     Total Material
       Decay Rate                           -nan +/- 0
 ============================>     TALLY 3     <============================

 Universe 13
   Incoming Energy [0, 200000000)
     Total Material
       Nu-Fission Rate                      1.00513 +/- 0.00034303
 ============================>     TALLY 4     <============================

 Universe 13
   Delayed Group 1
     Incoming Energy [0, 200000000)
       Total Material
         Delayed-Nu-Fission Rate              0.000257848 +/- 8.73556e-08
   Delayed Group 2
     Incoming Energy [0, 200000000)
       Total Material
         Delayed-Nu-Fission Rate              0.0006907 +/- 2.33286e-07
   Delayed Group 3
     Incoming Energy [0, 200000000)
       Total Material
         Delayed-Nu-Fission Rate              0.000541095 +/- 1.81451e-07
   Delayed Group 4
     Incoming Energy [0, 200000000)
       Total Material
         Delayed-Nu-Fission Rate              0.00107954 +/- 3.58508e-07
   Delayed Group 5
     Incoming Energy [0, 200000000)
       Total Material
         Delayed-Nu-Fission Rate              0.000352865 +/- 1.1665e-07
   Delayed Group 6
     Incoming Energy [0, 200000000)
       Total Material
         Delayed-Nu-Fission Rate              0.000128045 +/- 4.18459e-08
 =================>     TALLY 5: BREEDING_RATIO_TALLY     <=================

 Universe 13
   U235
     (n,gamma)                            9.34967e-05 +/- 3.17868e-08
     Absorption Rate                      0.000516024 +/- 1.94708e-07
   U234
     (n,gamma)                            0.00447854 +/- 4.02671e-06
     Absorption Rate                      0.00450634 +/- 4.03054e-06
   U238
     (n,gamma)                            6.61488e-11 +/- 7.46077e-14
     Absorption Rate                      6.63518e-11 +/- 7.46084e-14
   Th232
     (n,gamma)                            0.448146 +/- 0.000136333
     Absorption Rate                      0.449646 +/- 0.000136319
   Pu238
     (n,gamma)                            4.35197e-10 +/- 1.88746e-13
     Absorption Rate                      4.65043e-10 +/- 1.96937e-13
   Pu240
     (n,gamma)                            3.68225e-12 +/- 3.21192e-15
     Absorption Rate                      3.6856e-12 +/- 3.21265e-15
   Pu241
     (n,gamma)                            1.02103e-13 +/- 4.14896e-17
     Absorption Rate                      3.6935e-13 +/- 1.48149e-16
   U233
     (n,gamma)                            0.0489753 +/- 1.53575e-05
     Absorption Rate                      0.449535 +/- 0.000151916
   Pu239
     (n,gamma)                            3.41383e-11 +/- 1.44734e-14
     Absorption Rate                      9.08162e-11 +/- 3.81162e-14
 ====================>     TALLY 6: FISSION_ENERGY     <====================

 Universe 13
   Total Material
     Kappa-Fission Rate                   7.68943e+07 +/- 26245.3
 =======================>     TALLY 7: HEATING     <========================

 Universe 13
   Total Material
     heating                              7.07793e+07 +/- 23409.7
 ============================>     TALLY 8     <============================

 Internal

