 ============================>     TALLY 1     <============================

 Universe 13
   Delayed Group 1
     Total Material
       Delayed-Nu-Fission Rate              0.000267546 +/- 9.96247e-08
   Delayed Group 2
     Total Material
       Delayed-Nu-Fission Rate              0.000716104 +/- 2.66025e-07
   Delayed Group 3
     Total Material
       Delayed-Nu-Fission Rate              0.000560763 +/- 2.07192e-07
   Delayed Group 4
     Total Material
       Delayed-Nu-Fission Rate              0.0011184 +/- 4.10217e-07
   Delayed Group 5
     Total Material
       Delayed-Nu-Fission Rate              0.000365353 +/- 1.33542e-07
   Delayed Group 6
     Total Material
       Delayed-Nu-Fission Rate              0.000132506 +/- 4.80161e-08
 ============================>     TALLY 2     <============================

 Universe 13
   Delayed Group 1
     Total Material
       Decay Rate                           -nan +/- 0
   Delayed Group 2
     Total Material
       Decay Rate                           -nan +/- 0
   Delayed Group 3
     Total Material
       Decay Rate                           -nan +/- 0
   Delayed Group 4
     Total Material
       Decay Rate                           -nan +/- 0
   Delayed Group 5
     Total Material
       Decay Rate                           -nan +/- 0
   Delayed Group 6
     Total Material
       Decay Rate                           -nan +/- 0
 ============================>     TALLY 3     <============================

 Universe 13
   Incoming Energy [0, 200000000)
     Total Material
       Nu-Fission Rate                      1.04301 +/- 0.000390353
 ============================>     TALLY 4     <============================

 Universe 13
   Delayed Group 1
     Incoming Energy [0, 200000000)
       Total Material
         Delayed-Nu-Fission Rate              0.000267546 +/- 9.96247e-08
   Delayed Group 2
     Incoming Energy [0, 200000000)
       Total Material
         Delayed-Nu-Fission Rate              0.000716104 +/- 2.66025e-07
   Delayed Group 3
     Incoming Energy [0, 200000000)
       Total Material
         Delayed-Nu-Fission Rate              0.000560763 +/- 2.07192e-07
   Delayed Group 4
     Incoming Energy [0, 200000000)
       Total Material
         Delayed-Nu-Fission Rate              0.0011184 +/- 4.10217e-07
   Delayed Group 5
     Incoming Energy [0, 200000000)
       Total Material
         Delayed-Nu-Fission Rate              0.000365353 +/- 1.33542e-07
   Delayed Group 6
     Incoming Energy [0, 200000000)
       Total Material
         Delayed-Nu-Fission Rate              0.000132506 +/- 4.80161e-08
 =================>     TALLY 5: BREEDING_RATIO_TALLY     <=================

 Universe 13
   U235
     (n,gamma)                            1.04135e-05 +/- 3.89394e-09
     Absorption Rate                      5.72179e-05 +/- 2.40468e-08
   Pu240
     (n,gamma)                            1.44319e-15 +/- 1.2608e-18
     Absorption Rate                      1.44451e-15 +/- 1.2611e-18
   U234
     (n,gamma)                            0.00143783 +/- 1.30448e-06
     Absorption Rate                      0.00144676 +/- 1.30515e-06
   Pu241
     (n,gamma)                            1.31171e-17 +/- 6.01412e-21
     Absorption Rate                      4.74421e-17 +/- 2.14138e-20
   U238
     (n,gamma)                            5.3824e-13 +/- 5.72771e-16
     Absorption Rate                      5.3993e-13 +/- 5.72788e-16
   Pu239
     (n,gamma)                            3.7115e-14 +/- 1.76513e-17
     Absorption Rate                      9.86907e-14 +/- 4.65096e-17
   U233
     (n,gamma)                            0.0510899 +/- 1.73938e-05
     Absorption Rate                      0.467135 +/- 0.000172971
   Th232
     (n,gamma)                            0.445934 +/- 0.000126626
     Absorption Rate                      0.447494 +/- 0.000126785
   Pu238
     (n,gamma)                            9.68859e-13 +/- 4.57883e-16
     Absorption Rate                      1.03607e-12 +/- 4.75905e-16
 ====================>     TALLY 6: FISSION_ENERGY     <====================

 Universe 13
   Total Material
     Kappa-Fission Rate                   7.97864e+07 +/- 29869.1
 =======================>     TALLY 7: HEATING     <========================

 Universe 13
   Total Material
     heating                              7.61652e+07 +/- 28022.1
 ============================>     TALLY 8     <============================

 Internal

 ============================>     TALLY 9     <============================

 Internal

 ===========================>     TALLY 10     <============================

 Internal

