 ============================>     TALLY 1     <============================

 Universe 13
   Delayed Group 1
     Total Material
       Delayed-Nu-Fission Rate              0.000264157 +/- 8.09987e-08
   Delayed Group 2
     Total Material
       Delayed-Nu-Fission Rate              0.000707408 +/- 2.1613e-07
   Delayed Group 3
     Total Material
       Delayed-Nu-Fission Rate              0.000554135 +/- 1.67886e-07
   Delayed Group 4
     Total Material
       Delayed-Nu-Fission Rate              0.00110551 +/- 3.31148e-07
   Delayed Group 5
     Total Material
       Delayed-Nu-Fission Rate              0.000361291 +/- 1.07641e-07
   Delayed Group 6
     Total Material
       Delayed-Nu-Fission Rate              0.00013109 +/- 3.85346e-08
 ============================>     TALLY 2     <============================

 Universe 13
   Delayed Group 1
     Total Material
       Decay Rate                           -nan +/- 0
   Delayed Group 2
     Total Material
       Decay Rate                           2.45586e-05 +/- 7.50781e-09
   Delayed Group 3
     Total Material
       Decay Rate                           -nan +/- 0
   Delayed Group 4
     Total Material
       Decay Rate                           -nan +/- 0
   Delayed Group 5
     Total Material
       Decay Rate                           -nan +/- 0
   Delayed Group 6
     Total Material
       Decay Rate                           -nan +/- 0
 ============================>     TALLY 3     <============================

 Universe 13
   Incoming Energy [0, 200000000)
     Total Material
       Nu-Fission Rate                      1.02975 +/- 0.000318396
 ============================>     TALLY 4     <============================

 Universe 13
   Delayed Group 1
     Incoming Energy [0, 200000000)
       Total Material
         Delayed-Nu-Fission Rate              0.000264157 +/- 8.09987e-08
   Delayed Group 2
     Incoming Energy [0, 200000000)
       Total Material
         Delayed-Nu-Fission Rate              0.000707408 +/- 2.1613e-07
   Delayed Group 3
     Incoming Energy [0, 200000000)
       Total Material
         Delayed-Nu-Fission Rate              0.000554135 +/- 1.67886e-07
   Delayed Group 4
     Incoming Energy [0, 200000000)
       Total Material
         Delayed-Nu-Fission Rate              0.00110551 +/- 3.31148e-07
   Delayed Group 5
     Incoming Energy [0, 200000000)
       Total Material
         Delayed-Nu-Fission Rate              0.000361291 +/- 1.07641e-07
   Delayed Group 6
     Incoming Energy [0, 200000000)
       Total Material
         Delayed-Nu-Fission Rate              0.00013109 +/- 3.85346e-08
 =================>     TALLY 5: BREEDING_RATIO_TALLY     <=================

 Universe 13
   U235
     (n,gamma)                            6.41078e-05 +/- 1.95833e-08
     Absorption Rate                      0.00035292 +/- 1.20561e-07
   Pu240
     (n,gamma)                            1.17186e-12 +/- 1.05431e-15
     Absorption Rate                      1.17293e-12 +/- 1.05454e-15
   U234
     (n,gamma)                            0.003545 +/- 3.35466e-06
     Absorption Rate                      0.00356708 +/- 3.35687e-06
   Pu241
     (n,gamma)                            2.72686e-14 +/- 1.0189e-17
     Absorption Rate                      9.8623e-14 +/- 3.59804e-17
   U238
     (n,gamma)                            3.13106e-11 +/- 3.20338e-14
     Absorption Rate                      3.14088e-11 +/- 3.20412e-14
   Pu239
     (n,gamma)                            1.24296e-11 +/- 4.96913e-15
     Absorption Rate                      3.30558e-11 +/- 1.30194e-14
   U233
     (n,gamma)                            0.0503243 +/- 1.51703e-05
     Absorption Rate                      0.460813 +/- 0.000141895
   Th232
     (n,gamma)                            0.449304 +/- 0.00014274
     Absorption Rate                      0.450864 +/- 0.000142785
   Pu238
     (n,gamma)                            1.76726e-10 +/- 6.90379e-14
     Absorption Rate                      1.88925e-10 +/- 7.18188e-14
 ====================>     TALLY 6: FISSION_ENERGY     <====================

 Universe 13
   Total Material
     Kappa-Fission Rate                   7.87742e+07 +/- 24360.7
 =======================>     TALLY 7: HEATING     <========================

 Universe 13
   Total Material
     heating                              7.43006e+07 +/- 22446.4
 ============================>     TALLY 8     <============================

 Internal

 ============================>     TALLY 9     <============================

 Internal

 ===========================>     TALLY 10     <============================

 Internal

