 ============================>     TALLY 1     <============================

 Universe 13
   Delayed Group 1
     Total Material
       Delayed-Nu-Fission Rate              0.000256442 +/- 9.06349e-08
   Delayed Group 2
     Total Material
       Delayed-Nu-Fission Rate              0.000687255 +/- 2.42114e-07
   Delayed Group 3
     Total Material
       Delayed-Nu-Fission Rate              0.000538529 +/- 1.88272e-07
   Delayed Group 4
     Total Material
       Delayed-Nu-Fission Rate              0.00107463 +/- 3.7179e-07
   Delayed Group 5
     Total Material
       Delayed-Nu-Fission Rate              0.000351384 +/- 1.20974e-07
   Delayed Group 6
     Total Material
       Delayed-Nu-Fission Rate              0.000127547 +/- 4.33692e-08
 ============================>     TALLY 2     <============================

 Universe 13
   Delayed Group 1
     Total Material
       Decay Rate                           -nan +/- 0
   Delayed Group 2
     Total Material
       Decay Rate                           -nan +/- 0
   Delayed Group 3
     Total Material
       Decay Rate                           -nan +/- 0
   Delayed Group 4
     Total Material
       Decay Rate                           -nan +/- 0
   Delayed Group 5
     Total Material
       Decay Rate                           -nan +/- 0
   Delayed Group 6
     Total Material
       Decay Rate                           -nan +/- 0
 ============================>     TALLY 3     <============================

 Universe 13
   Incoming Energy [0, 200000000)
     Total Material
       Nu-Fission Rate                      0.999662 +/- 0.000355988
 ============================>     TALLY 4     <============================

 Universe 13
   Delayed Group 1
     Incoming Energy [0, 200000000)
       Total Material
         Delayed-Nu-Fission Rate              0.000256442 +/- 9.06349e-08
   Delayed Group 2
     Incoming Energy [0, 200000000)
       Total Material
         Delayed-Nu-Fission Rate              0.000687255 +/- 2.42114e-07
   Delayed Group 3
     Incoming Energy [0, 200000000)
       Total Material
         Delayed-Nu-Fission Rate              0.000538529 +/- 1.88272e-07
   Delayed Group 4
     Incoming Energy [0, 200000000)
       Total Material
         Delayed-Nu-Fission Rate              0.00107463 +/- 3.7179e-07
   Delayed Group 5
     Incoming Energy [0, 200000000)
       Total Material
         Delayed-Nu-Fission Rate              0.000351384 +/- 1.20974e-07
   Delayed Group 6
     Incoming Energy [0, 200000000)
       Total Material
         Delayed-Nu-Fission Rate              0.000127547 +/- 4.33692e-08
 =================>     TALLY 5: BREEDING_RATIO_TALLY     <=================

 Universe 13
   U238
     (n,gamma)                            1.66285e-10 +/- 1.70568e-13
     Absorption Rate                      1.66797e-10 +/- 1.70584e-13
   Pu239
     (n,gamma)                            1.2713e-10 +/- 5.7002e-14
     Absorption Rate                      3.38182e-10 +/- 1.5001e-13
   Pu241
     (n,gamma)                            5.77621e-13 +/- 2.48099e-16
     Absorption Rate                      2.08949e-12 +/- 8.85336e-16
   U233
     (n,gamma)                            0.0486885 +/- 1.58276e-05
     Absorption Rate                      0.446839 +/- 0.000157613
   Pu238
     (n,gamma)                            1.39385e-09 +/- 5.96445e-13
     Absorption Rate                      1.48957e-09 +/- 6.2084e-13
   Th232
     (n,gamma)                            0.446835 +/- 0.000132896
     Absorption Rate                      0.448335 +/- 0.000132993
   Pu240
     (n,gamma)                            1.68707e-11 +/- 1.3747e-14
     Absorption Rate                      1.68861e-11 +/- 1.37491e-14
   U234
     (n,gamma)                            0.00552785 +/- 5.1826e-06
     Absorption Rate                      0.00556236 +/- 5.18534e-06
   U235
     (n,gamma)                            0.000141985 +/- 5.04461e-08
     Absorption Rate                      0.000783302 +/- 3.06782e-07
 ====================>     TALLY 6: FISSION_ENERGY     <====================

 Universe 13
   Total Material
     Kappa-Fission Rate                   7.64777e+07 +/- 27240.7
 =======================>     TALLY 7: HEATING     <========================

 Universe 13
   Total Material
     heating                              7.00348e+07 +/- 23969.6
 ============================>     TALLY 8     <============================

 Internal

