 ============================>     TALLY 1     <============================

 Universe 13
   Delayed Group 1
     Total Material
       Delayed-Nu-Fission Rate              0.000256388 +/- 9.07585e-08
   Delayed Group 2
     Total Material
       Delayed-Nu-Fission Rate              0.000687134 +/- 2.42488e-07
   Delayed Group 3
     Total Material
       Delayed-Nu-Fission Rate              0.000538438 +/- 1.88613e-07
   Delayed Group 4
     Total Material
       Delayed-Nu-Fission Rate              0.00107445 +/- 3.7259e-07
   Delayed Group 5
     Total Material
       Delayed-Nu-Fission Rate              0.000351331 +/- 1.21259e-07
   Delayed Group 6
     Total Material
       Delayed-Nu-Fission Rate              0.000127528 +/- 4.34886e-08
 ============================>     TALLY 2     <============================

 Universe 13
   Delayed Group 1
     Total Material
       Decay Rate                           -nan +/- 0
   Delayed Group 2
     Total Material
       Decay Rate                           2.38525e-05 +/- 8.42193e-09
   Delayed Group 3
     Total Material
       Decay Rate                           -nan +/- 0
   Delayed Group 4
     Total Material
       Decay Rate                           -nan +/- 0
   Delayed Group 5
     Total Material
       Decay Rate                           -nan +/- 0
   Delayed Group 6
     Total Material
       Decay Rate                           -nan +/- 0
 ============================>     TALLY 3     <============================

 Universe 13
   Incoming Energy [0, 200000000)
     Total Material
       Nu-Fission Rate                      0.999468 +/- 0.000356414
 ============================>     TALLY 4     <============================

 Universe 13
   Delayed Group 1
     Incoming Energy [0, 200000000)
       Total Material
         Delayed-Nu-Fission Rate              0.000256388 +/- 9.07585e-08
   Delayed Group 2
     Incoming Energy [0, 200000000)
       Total Material
         Delayed-Nu-Fission Rate              0.000687134 +/- 2.42488e-07
   Delayed Group 3
     Incoming Energy [0, 200000000)
       Total Material
         Delayed-Nu-Fission Rate              0.000538438 +/- 1.88613e-07
   Delayed Group 4
     Incoming Energy [0, 200000000)
       Total Material
         Delayed-Nu-Fission Rate              0.00107445 +/- 3.7259e-07
   Delayed Group 5
     Incoming Energy [0, 200000000)
       Total Material
         Delayed-Nu-Fission Rate              0.000351331 +/- 1.21259e-07
   Delayed Group 6
     Incoming Energy [0, 200000000)
       Total Material
         Delayed-Nu-Fission Rate              0.000127528 +/- 4.34886e-08
 =================>     TALLY 5: BREEDING_RATIO_TALLY     <=================

 Universe 13
   U238
     (n,gamma)                            1.78367e-10 +/- 1.97733e-13
     Absorption Rate                      1.78914e-10 +/- 1.97741e-13
   Pu239
     (n,gamma)                            1.40101e-10 +/- 6.46097e-14
     Absorption Rate                      3.72693e-10 +/- 1.6979e-13
   Pu241
     (n,gamma)                            6.56448e-13 +/- 2.89606e-16
     Absorption Rate                      2.37455e-12 +/- 1.02948e-15
   U233
     (n,gamma)                            0.048669 +/- 1.6228e-05
     Absorption Rate                      0.446725 +/- 0.0001582
   Pu238
     (n,gamma)                            1.51898e-09 +/- 6.69618e-13
     Absorption Rate                      1.62321e-09 +/- 6.97444e-13
   Th232
     (n,gamma)                            0.446807 +/- 0.000122057
     Absorption Rate                      0.448303 +/- 0.000122192
   Pu240
     (n,gamma)                            1.88399e-11 +/- 1.69047e-14
     Absorption Rate                      1.88571e-11 +/- 1.69081e-14
   U234
     (n,gamma)                            0.00560442 +/- 4.84224e-06
     Absorption Rate                      0.00563943 +/- 4.84556e-06
   U235
     (n,gamma)                            0.00014642 +/- 5.26398e-08
     Absorption Rate                      0.000807961 +/- 3.22041e-07
 ====================>     TALLY 6: FISSION_ENERGY     <====================

 Universe 13
   Total Material
     Kappa-Fission Rate                   7.64631e+07 +/- 27272
 =======================>     TALLY 7: HEATING     <========================

 Universe 13
   Total Material
     heating                              7.00118e+07 +/- 24599
 ============================>     TALLY 8     <============================

 Internal

