 ============================>     TALLY 1     <============================

 Universe 13
   Delayed Group 1
     Total Material
       Delayed-Nu-Fission Rate              0.000262354 +/- 9.24082e-08
   Delayed Group 2
     Total Material
       Delayed-Nu-Fission Rate              0.000703561 +/- 2.47044e-07
   Delayed Group 3
     Total Material
       Delayed-Nu-Fission Rate              0.000551443 +/- 1.92155e-07
   Delayed Group 4
     Total Material
       Delayed-Nu-Fission Rate              0.00110053 +/- 3.79508e-07
   Delayed Group 5
     Total Material
       Delayed-Nu-Fission Rate              0.000360015 +/- 1.23556e-07
   Delayed Group 6
     Total Material
       Delayed-Nu-Fission Rate              0.000130714 +/- 4.43135e-08
 ============================>     TALLY 2     <============================

 Universe 13
   Delayed Group 1
     Total Material
       Decay Rate                           -nan +/- 0
   Delayed Group 2
     Total Material
       Decay Rate                           2.4421e-05 +/- 8.57963e-09
   Delayed Group 3
     Total Material
       Decay Rate                           -nan +/- 0
   Delayed Group 4
     Total Material
       Decay Rate                           -nan +/- 0
   Delayed Group 5
     Total Material
       Decay Rate                           -nan +/- 0
   Delayed Group 6
     Total Material
       Decay Rate                           -nan +/- 0
 ============================>     TALLY 3     <============================

 Universe 13
   Incoming Energy [0, 200000000)
     Total Material
       Nu-Fission Rate                      1.02289 +/- 0.000363037
 ============================>     TALLY 4     <============================

 Universe 13
   Delayed Group 1
     Incoming Energy [0, 200000000)
       Total Material
         Delayed-Nu-Fission Rate              0.000262354 +/- 9.24082e-08
   Delayed Group 2
     Incoming Energy [0, 200000000)
       Total Material
         Delayed-Nu-Fission Rate              0.000703561 +/- 2.47044e-07
   Delayed Group 3
     Incoming Energy [0, 200000000)
       Total Material
         Delayed-Nu-Fission Rate              0.000551443 +/- 1.92155e-07
   Delayed Group 4
     Incoming Energy [0, 200000000)
       Total Material
         Delayed-Nu-Fission Rate              0.00110053 +/- 3.79508e-07
   Delayed Group 5
     Incoming Energy [0, 200000000)
       Total Material
         Delayed-Nu-Fission Rate              0.000360015 +/- 1.23556e-07
   Delayed Group 6
     Incoming Energy [0, 200000000)
       Total Material
         Delayed-Nu-Fission Rate              0.000130714 +/- 4.43135e-08
 =================>     TALLY 5: BREEDING_RATIO_TALLY     <=================

 Universe 13
   U234
     (n,gamma)                            0.00656726 +/- 4.98779e-06
     Absorption Rate                      0.00660761 +/- 4.99293e-06
   U233
     (n,gamma)                            0.0496518 +/- 1.56744e-05
     Absorption Rate                      0.456739 +/- 0.000160082
   Pu239
     (n,gamma)                            6.15279e-10 +/- 2.8855e-13
     Absorption Rate                      1.63726e-09 +/- 7.59518e-13
   Th232
     (n,gamma)                            0.459041 +/- 0.000132085
     Absorption Rate                      0.46056 +/- 0.000132171
   Pu240
     (n,gamma)                            1.05901e-10 +/- 9.99153e-14
     Absorption Rate                      1.05997e-10 +/- 9.99353e-14
   Pu238
     (n,gamma)                            5.53216e-09 +/- 2.47888e-12
     Absorption Rate                      5.90778e-09 +/- 2.57136e-12
   U238
     (n,gamma)                            4.72827e-10 +/- 5.16316e-13
     Absorption Rate                      4.74271e-10 +/- 5.16454e-13
   Pu241
     (n,gamma)                            4.66046e-12 +/- 2.07062e-15
     Absorption Rate                      1.68604e-11 +/- 7.4066e-15
   U235
     (n,gamma)                            0.000221023 +/- 7.88998e-08
     Absorption Rate                      0.00122426 +/- 4.93994e-07
 ====================>     TALLY 6: FISSION_ENERGY     <====================

 Universe 13
   Total Material
     Kappa-Fission Rate                   7.82582e+07 +/- 27781.6
 =======================>     TALLY 7: HEATING     <========================

 Universe 13
   Total Material
     heating                              7.32597e+07 +/- 25218.1
 ============================>     TALLY 8     <============================

 Internal

