 ============================>     TALLY 1     <============================

 Universe 13
   Delayed Group 1
     Total Material
       Delayed-Nu-Fission Rate              0.00026808 +/- 8.86624e-08
   Delayed Group 2
     Total Material
       Delayed-Nu-Fission Rate              0.000717736 +/- 2.36416e-07
   Delayed Group 3
     Total Material
       Delayed-Nu-Fission Rate              0.000562054 +/- 1.83391e-07
   Delayed Group 4
     Total Material
       Delayed-Nu-Fission Rate              0.00112089 +/- 3.61018e-07
   Delayed Group 5
     Total Material
       Delayed-Nu-Fission Rate              0.000366222 +/- 1.17223e-07
   Delayed Group 6
     Total Material
       Delayed-Nu-Fission Rate              0.000132816 +/- 4.18506e-08
 ============================>     TALLY 2     <============================

 Universe 13
   Delayed Group 1
     Total Material
       Decay Rate                           -nan +/- 0
   Delayed Group 2
     Total Material
       Decay Rate                           2.4918e-05 +/- 8.2134e-09
   Delayed Group 3
     Total Material
       Decay Rate                           -nan +/- 0
   Delayed Group 4
     Total Material
       Decay Rate                           -nan +/- 0
   Delayed Group 5
     Total Material
       Decay Rate                           -nan +/- 0
   Delayed Group 6
     Total Material
       Decay Rate                           -nan +/- 0
 ============================>     TALLY 3     <============================

 Universe 13
   Incoming Energy [0, 200000000)
     Total Material
       Nu-Fission Rate                      1.04519 +/- 0.000348902
 ============================>     TALLY 4     <============================

 Universe 13
   Delayed Group 1
     Incoming Energy [0, 200000000)
       Total Material
         Delayed-Nu-Fission Rate              0.00026808 +/- 8.86624e-08
   Delayed Group 2
     Incoming Energy [0, 200000000)
       Total Material
         Delayed-Nu-Fission Rate              0.000717736 +/- 2.36416e-07
   Delayed Group 3
     Incoming Energy [0, 200000000)
       Total Material
         Delayed-Nu-Fission Rate              0.000562054 +/- 1.83391e-07
   Delayed Group 4
     Incoming Energy [0, 200000000)
       Total Material
         Delayed-Nu-Fission Rate              0.00112089 +/- 3.61018e-07
   Delayed Group 5
     Incoming Energy [0, 200000000)
       Total Material
         Delayed-Nu-Fission Rate              0.000366222 +/- 1.17223e-07
   Delayed Group 6
     Incoming Energy [0, 200000000)
       Total Material
         Delayed-Nu-Fission Rate              0.000132816 +/- 4.18506e-08
 =================>     TALLY 5: BREEDING_RATIO_TALLY     <=================

 Universe 13
   Pu241
     (n,gamma)                            8.08001e-15 +/- 3.19388e-18
     Absorption Rate                      2.9226e-14 +/- 1.14277e-17
   U233
     (n,gamma)                            0.0509811 +/- 1.56608e-05
     Absorption Rate                      0.46778 +/- 0.000154818
   Pu238
     (n,gamma)                            7.79404e-11 +/- 3.32085e-14
     Absorption Rate                      8.32818e-11 +/- 3.47368e-14
   U234
     (n,gamma)                            0.00309247 +/- 2.386e-06
     Absorption Rate                      0.00311143 +/- 2.38698e-06
   Pu240
     (n,gamma)                            4.01955e-13 +/- 3.90896e-16
     Absorption Rate                      4.02319e-13 +/- 3.90969e-16
   U238
     (n,gamma)                            1.62092e-11 +/- 1.62301e-14
     Absorption Rate                      1.62589e-11 +/- 1.6231e-14
   U235
     (n,gamma)                            4.82009e-05 +/- 1.52882e-08
     Absorption Rate                      0.000266062 +/- 9.96978e-08
   Th232
     (n,gamma)                            0.453335 +/- 0.000134164
     Absorption Rate                      0.454855 +/- 0.000134058
   Pu239
     (n,gamma)                            4.9524e-12 +/- 2.02561e-15
     Absorption Rate                      1.31739e-11 +/- 5.34754e-15
 ====================>     TALLY 6: FISSION_ENERGY     <====================

 Universe 13
   Total Material
     Kappa-Fission Rate                   7.99578e+07 +/- 26696.3
 =======================>     TALLY 7: HEATING     <========================

 Universe 13
   Total Material
     heating                              7.63793e+07 +/- 26307.5
 ============================>     TALLY 8     <============================

 Internal

