 ============================>     TALLY 1     <============================

 Universe 13
   Delayed Group 1
     Total Material
       Delayed-Nu-Fission Rate              0.000255322 +/- 8.81781e-08
   Delayed Group 2
     Total Material
       Delayed-Nu-Fission Rate              0.000684612 +/- 2.35595e-07
   Delayed Group 3
     Total Material
       Delayed-Nu-Fission Rate              0.000536583 +/- 1.8307e-07
   Delayed Group 4
     Total Material
       Delayed-Nu-Fission Rate              0.00107092 +/- 3.61083e-07
   Delayed Group 5
     Total Material
       Delayed-Nu-Fission Rate              0.0003503 +/- 1.17464e-07
   Delayed Group 6
     Total Material
       Delayed-Nu-Fission Rate              0.000127189 +/- 4.20528e-08
 ============================>     TALLY 2     <============================

 Universe 13
   Delayed Group 1
     Total Material
       Decay Rate                           -nan +/- 0
   Delayed Group 2
     Total Material
       Decay Rate                           -nan +/- 0
   Delayed Group 3
     Total Material
       Decay Rate                           -nan +/- 0
   Delayed Group 4
     Total Material
       Decay Rate                           -nan +/- 0
   Delayed Group 5
     Total Material
       Decay Rate                           -nan +/- 0
   Delayed Group 6
     Total Material
       Decay Rate                           -nan +/- 0
 ============================>     TALLY 3     <============================

 Universe 13
   Incoming Energy [0, 200000000)
     Total Material
       Nu-Fission Rate                      0.995372 +/- 0.000346722
 ============================>     TALLY 4     <============================

 Universe 13
   Delayed Group 1
     Incoming Energy [0, 200000000)
       Total Material
         Delayed-Nu-Fission Rate              0.000255322 +/- 8.81781e-08
   Delayed Group 2
     Incoming Energy [0, 200000000)
       Total Material
         Delayed-Nu-Fission Rate              0.000684612 +/- 2.35595e-07
   Delayed Group 3
     Incoming Energy [0, 200000000)
       Total Material
         Delayed-Nu-Fission Rate              0.000536583 +/- 1.8307e-07
   Delayed Group 4
     Incoming Energy [0, 200000000)
       Total Material
         Delayed-Nu-Fission Rate              0.00107092 +/- 3.61083e-07
   Delayed Group 5
     Incoming Energy [0, 200000000)
       Total Material
         Delayed-Nu-Fission Rate              0.0003503 +/- 1.17464e-07
   Delayed Group 6
     Incoming Energy [0, 200000000)
       Total Material
         Delayed-Nu-Fission Rate              0.000127189 +/- 4.20528e-08
 =================>     TALLY 5: BREEDING_RATIO_TALLY     <=================

 Universe 13
   U238
     (n,gamma)                            3.50709e-10 +/- 3.69796e-13
     Absorption Rate                      3.51785e-10 +/- 3.69756e-13
   Pu239
     (n,gamma)                            3.67141e-10 +/- 1.60582e-13
     Absorption Rate                      9.7668e-10 +/- 4.23556e-13
   Pu241
     (n,gamma)                            2.33496e-12 +/- 9.94761e-16
     Absorption Rate                      8.4464e-12 +/- 3.556e-15
   U233
     (n,gamma)                            0.0484406 +/- 1.59895e-05
     Absorption Rate                      0.444626 +/- 0.000154037
   Pu238
     (n,gamma)                            3.56422e-09 +/- 1.57498e-12
     Absorption Rate                      3.80879e-09 +/- 1.63411e-12
   Th232
     (n,gamma)                            0.445364 +/- 0.000123989
     Absorption Rate                      0.446854 +/- 0.000123944
   Pu240
     (n,gamma)                            5.75282e-11 +/- 5.07999e-14
     Absorption Rate                      5.75807e-11 +/- 5.08086e-14
   U234
     (n,gamma)                            0.00651937 +/- 6.06724e-06
     Absorption Rate                      0.00656029 +/- 6.07012e-06
   U235
     (n,gamma)                            0.000198629 +/- 6.58685e-08
     Absorption Rate                      0.00109612 +/- 4.23261e-07
 ====================>     TALLY 6: FISSION_ENERGY     <====================

 Universe 13
   Total Material
     Kappa-Fission Rate                   7.61513e+07 +/- 26532.1
 =======================>     TALLY 7: HEATING     <========================

 Universe 13
   Total Material
     heating                              6.94235e+07 +/- 24067.7
 ============================>     TALLY 8     <============================

 Internal

