 ============================>     TALLY 1     <============================

 Universe 13
   Delayed Group 1
     Total Material
       Delayed-Nu-Fission Rate              0.000254039 +/- 8.31111e-08
   Delayed Group 2
     Total Material
       Delayed-Nu-Fission Rate              0.000681554 +/- 2.2222e-07
   Delayed Group 3
     Total Material
       Delayed-Nu-Fission Rate              0.000534342 +/- 1.72798e-07
   Delayed Group 4
     Total Material
       Delayed-Nu-Fission Rate              0.00106669 +/- 3.41119e-07
   Delayed Group 5
     Total Material
       Delayed-Nu-Fission Rate              0.000349063 +/- 1.11056e-07
   Delayed Group 6
     Total Material
       Delayed-Nu-Fission Rate              0.000126786 +/- 3.98118e-08
 ============================>     TALLY 2     <============================

 Universe 13
   Delayed Group 1
     Total Material
       Decay Rate                           -nan +/- 0
   Delayed Group 2
     Total Material
       Decay Rate                           2.36558e-05 +/- 7.71747e-09
   Delayed Group 3
     Total Material
       Decay Rate                           -nan +/- 0
   Delayed Group 4
     Total Material
       Decay Rate                           -nan +/- 0
   Delayed Group 5
     Total Material
       Decay Rate                           -nan +/- 0
   Delayed Group 6
     Total Material
       Decay Rate                           -nan +/- 0
 ============================>     TALLY 3     <============================

 Universe 13
   Incoming Energy [0, 200000000)
     Total Material
       Nu-Fission Rate                      0.9904 +/- 0.000326646
 ============================>     TALLY 4     <============================

 Universe 13
   Delayed Group 1
     Incoming Energy [0, 200000000)
       Total Material
         Delayed-Nu-Fission Rate              0.000254039 +/- 8.31111e-08
   Delayed Group 2
     Incoming Energy [0, 200000000)
       Total Material
         Delayed-Nu-Fission Rate              0.000681554 +/- 2.2222e-07
   Delayed Group 3
     Incoming Energy [0, 200000000)
       Total Material
         Delayed-Nu-Fission Rate              0.000534342 +/- 1.72798e-07
   Delayed Group 4
     Incoming Energy [0, 200000000)
       Total Material
         Delayed-Nu-Fission Rate              0.00106669 +/- 3.41119e-07
   Delayed Group 5
     Incoming Energy [0, 200000000)
       Total Material
         Delayed-Nu-Fission Rate              0.000349063 +/- 1.11056e-07
   Delayed Group 6
     Incoming Energy [0, 200000000)
       Total Material
         Delayed-Nu-Fission Rate              0.000126786 +/- 3.98118e-08
 =================>     TALLY 5: BREEDING_RATIO_TALLY     <=================

 Universe 13
   U238
     (n,gamma)                            6.23048e-10 +/- 7.11906e-13
     Absorption Rate                      6.24965e-10 +/- 7.12057e-13
   Pu239
     (n,gamma)                            8.29877e-10 +/- 3.4915e-13
     Absorption Rate                      2.2075e-09 +/- 9.12875e-13
   Pu241
     (n,gamma)                            6.82923e-12 +/- 2.67706e-15
     Absorption Rate                      2.47037e-11 +/- 9.55336e-15
   U233
     (n,gamma)                            0.0481989 +/- 1.52266e-05
     Absorption Rate                      0.44213 +/- 0.000145025
   Pu238
     (n,gamma)                            7.32865e-09 +/- 3.04712e-12
     Absorption Rate                      7.83277e-09 +/- 3.18172e-12
   Th232
     (n,gamma)                            0.443836 +/- 0.000136242
     Absorption Rate                      0.445326 +/- 0.000136281
   Pu240
     (n,gamma)                            1.47963e-10 +/- 1.39184e-13
     Absorption Rate                      1.48099e-10 +/- 1.39209e-13
   U234
     (n,gamma)                            0.00742065 +/- 6.4597e-06
     Absorption Rate                      0.00746753 +/- 6.46316e-06
   U235
     (n,gamma)                            0.000256707 +/- 7.97884e-08
     Absorption Rate                      0.00141536 +/- 5.10262e-07
 ====================>     TALLY 6: FISSION_ENERGY     <====================

 Universe 13
   Total Material
     Kappa-Fission Rate                   7.57726e+07 +/- 24998.1
 =======================>     TALLY 7: HEATING     <========================

 Universe 13
   Total Material
     heating                              6.87355e+07 +/- 22070.9
 ============================>     TALLY 8     <============================

 Internal

