 ============================>     TALLY 1     <============================

 Universe 13
   Delayed Group 1
     Total Material
       Delayed-Nu-Fission Rate              0.000269171 +/- 1.0084e-07
   Delayed Group 2
     Total Material
       Delayed-Nu-Fission Rate              0.000720381 +/- 2.68945e-07
   Delayed Group 3
     Total Material
       Delayed-Nu-Fission Rate              0.00056406 +/- 2.0891e-07
   Delayed Group 4
     Total Material
       Delayed-Nu-Fission Rate              0.00112486 +/- 4.12102e-07
   Delayed Group 5
     Total Material
       Delayed-Nu-Fission Rate              0.00036743 +/- 1.33907e-07
   Delayed Group 6
     Total Material
       Delayed-Nu-Fission Rate              0.000133241 +/- 4.79263e-08
 ============================>     TALLY 2     <============================

 Universe 13
   Delayed Group 1
     Total Material
       Decay Rate                           -nan +/- 0
   Delayed Group 2
     Total Material
       Decay Rate                           2.50109e-05 +/- 9.34294e-09
   Delayed Group 3
     Total Material
       Decay Rate                           -nan +/- 0
   Delayed Group 4
     Total Material
       Decay Rate                           -nan +/- 0
   Delayed Group 5
     Total Material
       Decay Rate                           -nan +/- 0
   Delayed Group 6
     Total Material
       Decay Rate                           -nan +/- 0
 ============================>     TALLY 3     <============================

 Universe 13
   Incoming Energy [0, 200000000)
     Total Material
       Nu-Fission Rate                      1.0494 +/- 0.00039604
 ============================>     TALLY 4     <============================

 Universe 13
   Delayed Group 1
     Incoming Energy [0, 200000000)
       Total Material
         Delayed-Nu-Fission Rate              0.000269171 +/- 1.0084e-07
   Delayed Group 2
     Incoming Energy [0, 200000000)
       Total Material
         Delayed-Nu-Fission Rate              0.000720381 +/- 2.68945e-07
   Delayed Group 3
     Incoming Energy [0, 200000000)
       Total Material
         Delayed-Nu-Fission Rate              0.00056406 +/- 2.0891e-07
   Delayed Group 4
     Incoming Energy [0, 200000000)
       Total Material
         Delayed-Nu-Fission Rate              0.00112486 +/- 4.12102e-07
   Delayed Group 5
     Incoming Energy [0, 200000000)
       Total Material
         Delayed-Nu-Fission Rate              0.00036743 +/- 1.33907e-07
   Delayed Group 6
     Incoming Energy [0, 200000000)
       Total Material
         Delayed-Nu-Fission Rate              0.000133241 +/- 4.79263e-08
 =================>     TALLY 5: BREEDING_RATIO_TALLY     <=================

 Universe 13
   U235
     (n,gamma)                            1.78879e-06 +/- 6.4627e-10
     Absorption Rate                      9.82219e-06 +/- 4.09224e-09
   Pu240
     (n,gamma)                            1.88656e-18 +/- 1.68577e-21
     Absorption Rate                      1.88829e-18 +/- 1.6861e-21
   U234
     (n,gamma)                            0.000599677 +/- 5.6017e-07
     Absorption Rate                      0.00060338 +/- 5.60593e-07
   Pu241
     (n,gamma)                            6.97123e-21 +/- 3.11313e-24
     Absorption Rate                      2.52118e-20 +/- 1.13078e-23
   U238
     (n,gamma)                            8.94583e-15 +/- 9.88937e-18
     Absorption Rate                      8.97388e-15 +/- 9.88954e-18
   Pu239
     (n,gamma)                            1.05491e-16 +/- 4.7194e-20
     Absorption Rate                      2.80491e-16 +/- 1.25124e-19
   U233
     (n,gamma)                            0.0514368 +/- 1.84562e-05
     Absorption Rate                      0.470085 +/- 0.00017649
   Th232
     (n,gamma)                            0.444786 +/- 0.000125879
     Absorption Rate                      0.446344 +/- 0.000125946
   Pu238
     (n,gamma)                            4.53167e-15 +/- 2.06666e-18
     Absorption Rate                      4.84655e-15 +/- 2.14515e-18
 ====================>     TALLY 6: FISSION_ENERGY     <====================

 Universe 13
   Total Material
     Kappa-Fission Rate                   8.02746e+07 +/- 30307
 =======================>     TALLY 7: HEATING     <========================

 Universe 13
   Total Material
     heating                              7.71401e+07 +/- 29203.2
 ============================>     TALLY 8     <============================

 Internal

 ============================>     TALLY 9     <============================

 Internal

 ===========================>     TALLY 10     <============================

 Internal

