 ============================>     TALLY 1     <============================

 Universe 13
   Delayed Group 1
     Total Material
       Delayed-Nu-Fission Rate              0.000253886 +/- 8.34829e-08
   Delayed Group 2
     Total Material
       Delayed-Nu-Fission Rate              0.000681283 +/- 2.23213e-07
   Delayed Group 3
     Total Material
       Delayed-Nu-Fission Rate              0.000534171 +/- 1.73484e-07
   Delayed Group 4
     Total Material
       Delayed-Nu-Fission Rate              0.00106639 +/- 3.42181e-07
   Delayed Group 5
     Total Material
       Delayed-Nu-Fission Rate              0.000349015 +/- 1.11367e-07
   Delayed Group 6
     Total Material
       Delayed-Nu-Fission Rate              0.000126779 +/- 3.98745e-08
 ============================>     TALLY 2     <============================

 Universe 13
   Delayed Group 1
     Total Material
       Decay Rate                           -nan +/- 0
   Delayed Group 2
     Total Material
       Decay Rate                           -nan +/- 0
   Delayed Group 3
     Total Material
       Decay Rate                           -nan +/- 0
   Delayed Group 4
     Total Material
       Decay Rate                           -nan +/- 0
   Delayed Group 5
     Total Material
       Decay Rate                           -nan +/- 0
   Delayed Group 6
     Total Material
       Decay Rate                           -nan +/- 0
 ============================>     TALLY 3     <============================

 Universe 13
   Incoming Energy [0, 200000000)
     Total Material
       Nu-Fission Rate                      0.989848 +/- 0.000328333
 ============================>     TALLY 4     <============================

 Universe 13
   Delayed Group 1
     Incoming Energy [0, 200000000)
       Total Material
         Delayed-Nu-Fission Rate              0.000253886 +/- 8.34829e-08
   Delayed Group 2
     Incoming Energy [0, 200000000)
       Total Material
         Delayed-Nu-Fission Rate              0.000681283 +/- 2.23213e-07
   Delayed Group 3
     Incoming Energy [0, 200000000)
       Total Material
         Delayed-Nu-Fission Rate              0.000534171 +/- 1.73484e-07
   Delayed Group 4
     Incoming Energy [0, 200000000)
       Total Material
         Delayed-Nu-Fission Rate              0.00106639 +/- 3.42181e-07
   Delayed Group 5
     Incoming Energy [0, 200000000)
       Total Material
         Delayed-Nu-Fission Rate              0.000349015 +/- 1.11367e-07
   Delayed Group 6
     Incoming Energy [0, 200000000)
       Total Material
         Delayed-Nu-Fission Rate              0.000126779 +/- 3.98745e-08
 =================>     TALLY 5: BREEDING_RATIO_TALLY     <=================

 Universe 13
   Pu239
     (n,gamma)                            1.08623e-09 +/- 4.58888e-13
     Absorption Rate                      2.8896e-09 +/- 1.20657e-12
   U234
     (n,gamma)                            0.00773766 +/- 6.61021e-06
     Absorption Rate                      0.00778653 +/- 6.61619e-06
   U235
     (n,gamma)                            0.00027941 +/- 8.76726e-08
     Absorption Rate                      0.00154134 +/- 5.57833e-07
   U238
     (n,gamma)                            7.50198e-10 +/- 8.596e-13
     Absorption Rate                      7.52509e-10 +/- 8.5957e-13
   Th232
     (n,gamma)                            0.443662 +/- 0.000132796
     Absorption Rate                      0.445148 +/- 0.000132826
   U233
     (n,gamma)                            0.0481373 +/- 1.54968e-05
     Absorption Rate                      0.44175 +/- 0.000146077
   Pu238
     (n,gamma)                            9.30539e-09 +/- 3.87435e-12
     Absorption Rate                      9.94491e-09 +/- 4.03817e-12
   Pu240
     (n,gamma)                            2.01986e-10 +/- 1.73484e-13
     Absorption Rate                      2.0217e-10 +/- 1.73516e-13
   Pu241
     (n,gamma)                            9.72757e-12 +/- 3.86941e-15
     Absorption Rate                      3.51892e-11 +/- 1.38021e-14
 ====================>     TALLY 6: FISSION_ENERGY     <====================

 Universe 13
   Total Material
     Kappa-Fission Rate                   7.57312e+07 +/- 25125.6
 =======================>     TALLY 7: HEATING     <========================

 Universe 13
   Total Material
     heating                              6.86984e+07 +/- 22151.6
 ============================>     TALLY 8     <============================

 Internal

