 ============================>     TALLY 1     <============================

 Universe 13
   Delayed Group 1
     Total Material
       Delayed-Nu-Fission Rate              0.000261014 +/- 8.41007e-08
   Delayed Group 2
     Total Material
       Delayed-Nu-Fission Rate              0.000699703 +/- 2.24796e-07
   Delayed Group 3
     Total Material
       Delayed-Nu-Fission Rate              0.000548398 +/- 1.74955e-07
   Delayed Group 4
     Total Material
       Delayed-Nu-Fission Rate              0.00109454 +/- 3.45899e-07
   Delayed Group 5
     Total Material
       Delayed-Nu-Fission Rate              0.000357981 +/- 1.12638e-07
   Delayed Group 6
     Total Material
       Delayed-Nu-Fission Rate              0.000129979 +/- 4.04489e-08
 ============================>     TALLY 2     <============================

 Universe 13
   Delayed Group 1
     Total Material
       Decay Rate                           -nan +/- 0
   Delayed Group 2
     Total Material
       Decay Rate                           2.42881e-05 +/- 7.80699e-09
   Delayed Group 3
     Total Material
       Decay Rate                           -nan +/- 0
   Delayed Group 4
     Total Material
       Decay Rate                           -nan +/- 0
   Delayed Group 5
     Total Material
       Decay Rate                           -nan +/- 0
   Delayed Group 6
     Total Material
       Decay Rate                           -nan +/- 0
 ============================>     TALLY 3     <============================

 Universe 13
   Incoming Energy [0, 200000000)
     Total Material
       Nu-Fission Rate                      1.01753 +/- 0.000330104
 ============================>     TALLY 4     <============================

 Universe 13
   Delayed Group 1
     Incoming Energy [0, 200000000)
       Total Material
         Delayed-Nu-Fission Rate              0.000261014 +/- 8.41007e-08
   Delayed Group 2
     Incoming Energy [0, 200000000)
       Total Material
         Delayed-Nu-Fission Rate              0.000699703 +/- 2.24796e-07
   Delayed Group 3
     Incoming Energy [0, 200000000)
       Total Material
         Delayed-Nu-Fission Rate              0.000548398 +/- 1.74955e-07
   Delayed Group 4
     Incoming Energy [0, 200000000)
       Total Material
         Delayed-Nu-Fission Rate              0.00109454 +/- 3.45899e-07
   Delayed Group 5
     Incoming Energy [0, 200000000)
       Total Material
         Delayed-Nu-Fission Rate              0.000357981 +/- 1.12638e-07
   Delayed Group 6
     Incoming Energy [0, 200000000)
       Total Material
         Delayed-Nu-Fission Rate              0.000129979 +/- 4.04489e-08
 =================>     TALLY 5: BREEDING_RATIO_TALLY     <=================

 Universe 13
   U238
     (n,gamma)                            2.75573e-10 +/- 3.10265e-13
     Absorption Rate                      2.76435e-10 +/- 3.10295e-13
   Th232
     (n,gamma)                            0.452535 +/- 0.000138998
     Absorption Rate                      0.454094 +/- 0.000139091
   Pu241
     (n,gamma)                            1.64893e-12 +/- 6.57197e-16
     Absorption Rate                      5.96456e-12 +/- 2.35467e-15
   U233
     (n,gamma)                            0.0495905 +/- 1.55451e-05
     Absorption Rate                      0.454699 +/- 0.00014669
   Pu239
     (n,gamma)                            2.78769e-10 +/- 1.16491e-13
     Absorption Rate                      7.41518e-10 +/- 3.06195e-13
   Pu240
     (n,gamma)                            4.28006e-11 +/- 3.76402e-14
     Absorption Rate                      4.28395e-11 +/- 3.7647e-14
   U235
     (n,gamma)                            0.000171369 +/- 5.4593e-08
     Absorption Rate                      0.000945241 +/- 3.44939e-07
   Pu238
     (n,gamma)                            2.76107e-09 +/- 1.15382e-12
     Absorption Rate                      2.95071e-09 +/- 1.20412e-12
   U234
     (n,gamma)                            0.0057742 +/- 5.14109e-06
     Absorption Rate                      0.00581023 +/- 5.1454e-06
 ====================>     TALLY 6: FISSION_ENERGY     <====================

 Universe 13
   Total Material
     Kappa-Fission Rate                   7.78428e+07 +/- 25261.3
 =======================>     TALLY 7: HEATING     <========================

 Universe 13
   Total Material
     heating                              7.25451e+07 +/- 23206.8
 ============================>     TALLY 8     <============================

 Internal

 ============================>     TALLY 9     <============================

 Internal

 ===========================>     TALLY 10     <============================

 Internal

