 ============================>     TALLY 1     <============================

 Universe 13
   Delayed Group 1
     Total Material
       Delayed-Nu-Fission Rate              0.000257075 +/- 8.2052e-08
   Delayed Group 2
     Total Material
       Delayed-Nu-Fission Rate              0.000690437 +/- 2.19691e-07
   Delayed Group 3
     Total Material
       Delayed-Nu-Fission Rate              0.000541654 +/- 1.70978e-07
   Delayed Group 4
     Total Material
       Delayed-Nu-Fission Rate              0.00108189 +/- 3.37806e-07
   Delayed Group 5
     Total Material
       Delayed-Nu-Fission Rate              0.000354334 +/- 1.10103e-07
   Delayed Group 6
     Total Material
       Delayed-Nu-Fission Rate              0.00012881 +/- 3.95218e-08
 ============================>     TALLY 2     <============================

 Universe 13
   Delayed Group 1
     Total Material
       Decay Rate                           -nan +/- 0
   Delayed Group 2
     Total Material
       Decay Rate                           2.39611e-05 +/- 7.62832e-09
   Delayed Group 3
     Total Material
       Decay Rate                           -nan +/- 0
   Delayed Group 4
     Total Material
       Decay Rate                           -nan +/- 0
   Delayed Group 5
     Total Material
       Decay Rate                           -nan +/- 0
   Delayed Group 6
     Total Material
       Decay Rate                           -nan +/- 0
 ============================>     TALLY 3     <============================

 Universe 13
   Incoming Energy [0, 200000000)
     Total Material
       Nu-Fission Rate                      1.00228 +/- 0.000322477
 ============================>     TALLY 4     <============================

 Universe 13
   Delayed Group 1
     Incoming Energy [0, 200000000)
       Total Material
         Delayed-Nu-Fission Rate              0.000257075 +/- 8.2052e-08
   Delayed Group 2
     Incoming Energy [0, 200000000)
       Total Material
         Delayed-Nu-Fission Rate              0.000690437 +/- 2.19691e-07
   Delayed Group 3
     Incoming Energy [0, 200000000)
       Total Material
         Delayed-Nu-Fission Rate              0.000541654 +/- 1.70978e-07
   Delayed Group 4
     Incoming Energy [0, 200000000)
       Total Material
         Delayed-Nu-Fission Rate              0.00108189 +/- 3.37806e-07
   Delayed Group 5
     Incoming Energy [0, 200000000)
       Total Material
         Delayed-Nu-Fission Rate              0.000354334 +/- 1.10103e-07
   Delayed Group 6
     Incoming Energy [0, 200000000)
       Total Material
         Delayed-Nu-Fission Rate              0.00012881 +/- 3.95218e-08
 =================>     TALLY 5: BREEDING_RATIO_TALLY     <=================

 Universe 13
   U238
     (n,gamma)                            1.53315e-09 +/- 1.81139e-12
     Absorption Rate                      1.53793e-09 +/- 1.81148e-12
   Th232
     (n,gamma)                            0.455658 +/- 0.000127355
     Absorption Rate                      0.457217 +/- 0.000127344
   Pu241
     (n,gamma)                            4.06006e-11 +/- 1.57487e-14
     Absorption Rate                      1.46867e-10 +/- 5.6181e-14
   U233
     (n,gamma)                            0.0486559 +/- 1.41624e-05
     Absorption Rate                      0.446776 +/- 0.000142166
   Pu239
     (n,gamma)                            3.19349e-09 +/- 1.30078e-12
     Absorption Rate                      8.49592e-09 +/- 3.4182e-12
   Pu240
     (n,gamma)                            7.1396e-10 +/- 6.26906e-13
     Absorption Rate                      7.14606e-10 +/- 6.2701e-13
   U235
     (n,gamma)                            0.000367586 +/- 1.20958e-07
     Absorption Rate                      0.00203146 +/- 7.49626e-07
   Pu238
     (n,gamma)                            2.37469e-08 +/- 1.02048e-11
     Absorption Rate                      2.53701e-08 +/- 1.06071e-11
   U234
     (n,gamma)                            0.00840952 +/- 6.58729e-06
     Absorption Rate                      0.00846227 +/- 6.59376e-06
 ====================>     TALLY 6: FISSION_ENERGY     <====================

 Universe 13
   Total Material
     Kappa-Fission Rate                   7.66829e+07 +/- 24679.6
 =======================>     TALLY 7: HEATING     <========================

 Universe 13
   Total Material
     heating                              7.04658e+07 +/- 22803.6
 ============================>     TALLY 8     <============================

 Internal

 ============================>     TALLY 9     <============================

 Internal

 ===========================>     TALLY 10     <============================

 Internal

