 ============================>     TALLY 1     <============================

 Universe 13
   Delayed Group 1
     Total Material
       Delayed-Nu-Fission Rate              0.000253583 +/- 9.45048e-08
   Delayed Group 2
     Total Material
       Delayed-Nu-Fission Rate              0.000680625 +/- 2.52804e-07
   Delayed Group 3
     Total Material
       Delayed-Nu-Fission Rate              0.000533721 +/- 1.96611e-07
   Delayed Group 4
     Total Material
       Delayed-Nu-Fission Rate              0.0010656 +/- 3.88104e-07
   Delayed Group 5
     Total Material
       Delayed-Nu-Fission Rate              0.000348815 +/- 1.26376e-07
   Delayed Group 6
     Total Material
       Delayed-Nu-Fission Rate              0.000126726 +/- 4.52899e-08
 ============================>     TALLY 2     <============================

 Universe 13
   Delayed Group 1
     Total Material
       Decay Rate                           -nan +/- 0
   Delayed Group 2
     Total Material
       Decay Rate                           2.36224e-05 +/- 8.77914e-09
   Delayed Group 3
     Total Material
       Decay Rate                           -nan +/- 0
   Delayed Group 4
     Total Material
       Decay Rate                           -nan +/- 0
   Delayed Group 5
     Total Material
       Decay Rate                           -nan +/- 0
   Delayed Group 6
     Total Material
       Decay Rate                           -nan +/- 0
 ============================>     TALLY 3     <============================

 Universe 13
   Incoming Energy [0, 200000000)
     Total Material
       Nu-Fission Rate                      0.988673 +/- 0.000371476
 ============================>     TALLY 4     <============================

 Universe 13
   Delayed Group 1
     Incoming Energy [0, 200000000)
       Total Material
         Delayed-Nu-Fission Rate              0.000253583 +/- 9.45048e-08
   Delayed Group 2
     Incoming Energy [0, 200000000)
       Total Material
         Delayed-Nu-Fission Rate              0.000680625 +/- 2.52804e-07
   Delayed Group 3
     Incoming Energy [0, 200000000)
       Total Material
         Delayed-Nu-Fission Rate              0.000533721 +/- 1.96611e-07
   Delayed Group 4
     Incoming Energy [0, 200000000)
       Total Material
         Delayed-Nu-Fission Rate              0.0010656 +/- 3.88104e-07
   Delayed Group 5
     Incoming Energy [0, 200000000)
       Total Material
         Delayed-Nu-Fission Rate              0.000348815 +/- 1.26376e-07
   Delayed Group 6
     Incoming Energy [0, 200000000)
       Total Material
         Delayed-Nu-Fission Rate              0.000126726 +/- 4.52899e-08
 =================>     TALLY 5: BREEDING_RATIO_TALLY     <=================

 Universe 13
   Pu239
     (n,gamma)                            1.40253e-09 +/- 6.60026e-13
     Absorption Rate                      3.73071e-09 +/- 1.73458e-12
   U234
     (n,gamma)                            0.00805979 +/- 6.90278e-06
     Absorption Rate                      0.00811085 +/- 6.90782e-06
   U235
     (n,gamma)                            0.000302781 +/- 1.14005e-07
     Absorption Rate                      0.00166943 +/- 6.90731e-07
   U238
     (n,gamma)                            9.00206e-10 +/- 9.88854e-13
     Absorption Rate                      9.02979e-10 +/- 9.88705e-13
   Th232
     (n,gamma)                            0.443154 +/- 0.000133682
     Absorption Rate                      0.444642 +/- 0.000133692
   U233
     (n,gamma)                            0.0480864 +/- 1.77344e-05
     Absorption Rate                      0.441122 +/- 0.000165393
   Pu238
     (n,gamma)                            1.16587e-08 +/- 5.36863e-12
     Absorption Rate                      1.24612e-08 +/- 5.60758e-12
   Pu240
     (n,gamma)                            2.70823e-10 +/- 2.59792e-13
     Absorption Rate                      2.71071e-10 +/- 2.59843e-13
   Pu241
     (n,gamma)                            1.36045e-11 +/- 6.10966e-15
     Absorption Rate                      4.92122e-11 +/- 2.18969e-14
 ====================>     TALLY 6: FISSION_ENERGY     <====================

 Universe 13
   Total Material
     Kappa-Fission Rate                   7.5642e+07 +/- 28427.3
 =======================>     TALLY 7: HEATING     <========================

 Universe 13
   Total Material
     heating                              6.85281e+07 +/- 25085
 ============================>     TALLY 8     <============================

 Internal

