 ============================>     TALLY 1     <============================

 Universe 13
   Delayed Group 1
     Total Material
       Delayed-Nu-Fission Rate              0.000271668 +/- 9.36372e-08
   Delayed Group 2
     Total Material
       Delayed-Nu-Fission Rate              0.000726992 +/- 2.49649e-07
   Delayed Group 3
     Total Material
       Delayed-Nu-Fission Rate              0.000569126 +/- 1.93769e-07
   Delayed Group 4
     Total Material
       Delayed-Nu-Fission Rate              0.00113467 +/- 3.81813e-07
   Delayed Group 5
     Total Material
       Delayed-Nu-Fission Rate              0.000370583 +/- 1.23997e-07
   Delayed Group 6
     Total Material
       Delayed-Nu-Fission Rate              0.000134341 +/- 4.43167e-08
 ============================>     TALLY 2     <============================

 Universe 13
   Delayed Group 1
     Total Material
       Decay Rate                           -nan +/- 0
   Delayed Group 2
     Total Material
       Decay Rate                           -nan +/- 0
   Delayed Group 3
     Total Material
       Decay Rate                           -nan +/- 0
   Delayed Group 4
     Total Material
       Decay Rate                           -nan +/- 0
   Delayed Group 5
     Total Material
       Decay Rate                           -nan +/- 0
   Delayed Group 6
     Total Material
       Decay Rate                           -nan +/- 0
 ============================>     TALLY 3     <============================

 Universe 13
   Incoming Energy [0, 200000000)
     Total Material
       Nu-Fission Rate                      1.05924 +/- 0.000368107
 ============================>     TALLY 4     <============================

 Universe 13
   Delayed Group 1
     Incoming Energy [0, 200000000)
       Total Material
         Delayed-Nu-Fission Rate              0.000271668 +/- 9.36372e-08
   Delayed Group 2
     Incoming Energy [0, 200000000)
       Total Material
         Delayed-Nu-Fission Rate              0.000726992 +/- 2.49649e-07
   Delayed Group 3
     Incoming Energy [0, 200000000)
       Total Material
         Delayed-Nu-Fission Rate              0.000569126 +/- 1.93769e-07
   Delayed Group 4
     Incoming Energy [0, 200000000)
       Total Material
         Delayed-Nu-Fission Rate              0.00113467 +/- 3.81813e-07
   Delayed Group 5
     Incoming Energy [0, 200000000)
       Total Material
         Delayed-Nu-Fission Rate              0.000370583 +/- 1.23997e-07
   Delayed Group 6
     Incoming Energy [0, 200000000)
       Total Material
         Delayed-Nu-Fission Rate              0.000134341 +/- 4.43167e-08
 =================>     TALLY 5: BREEDING_RATIO_TALLY     <=================

 Universe 13
   U234
     (n,gamma)                            0.000262335 +/- 2.29437e-07
     Absorption Rate                      0.00026394 +/- 2.29557e-07
   Pu239
     (n,gamma)                            2.61493e-17 +/- 1.24574e-20
     Absorption Rate                      6.95409e-17 +/- 3.25644e-20
   Pu238
     (n,gamma)                            2.40905e-17 +/- 1.00888e-20
     Absorption Rate                      2.57561e-17 +/- 1.05238e-20
   Th232
     (n,gamma)                            0.447402 +/- 0.000139868
     Absorption Rate                      0.44892 +/- 0.000139868
   U238
     (n,gamma)                            1.57925e-16 +/- 1.66328e-19
     Absorption Rate                      1.58411e-16 +/- 1.66318e-19
   Pu241
     (n,gamma)                            1.08128e-17 +/- 4.69677e-21
     Absorption Rate                      3.91079e-17 +/- 1.65939e-20
   U233
     (n,gamma)                            0.0518437 +/- 1.6642e-05
     Absorption Rate                      0.474495 +/- 0.000163569
   U235
     (n,gamma)                            3.3855e-07 +/- 1.16746e-10
     Absorption Rate                      1.8623e-06 +/- 7.25487e-10
   Pu240
     (n,gamma)                            5.34205e-17 +/- 5.35814e-20
     Absorption Rate                      5.34691e-17 +/- 5.3591e-20
 ====================>     TALLY 6: FISSION_ENERGY     <====================

 Universe 13
   Total Material
     Kappa-Fission Rate                   8.10304e+07 +/- 28166.7
 =======================>     TALLY 7: HEATING     <========================

 Universe 13
   Total Material
     heating                              7.845e+07 +/- 27584.1
 ============================>     TALLY 8     <============================

 Internal

