 ============================>     TALLY 1     <============================

 Universe 13
   Delayed Group 1
     Total Material
       Delayed-Nu-Fission Rate              0.000261292 +/- 9.19604e-08
   Delayed Group 2
     Total Material
       Delayed-Nu-Fission Rate              0.000700995 +/- 2.45977e-07
   Delayed Group 3
     Total Material
       Delayed-Nu-Fission Rate              0.000549554 +/- 1.91432e-07
   Delayed Group 4
     Total Material
       Delayed-Nu-Fission Rate              0.00109696 +/- 3.7831e-07
   Delayed Group 5
     Total Material
       Delayed-Nu-Fission Rate              0.000358958 +/- 1.23225e-07
   Delayed Group 6
     Total Material
       Delayed-Nu-Fission Rate              0.000130367 +/- 4.42245e-08
 ============================>     TALLY 2     <============================

 Universe 13
   Delayed Group 1
     Total Material
       Decay Rate                           -nan +/- 0
   Delayed Group 2
     Total Material
       Decay Rate                           2.43308e-05 +/- 8.54197e-09
   Delayed Group 3
     Total Material
       Decay Rate                           -nan +/- 0
   Delayed Group 4
     Total Material
       Decay Rate                           -nan +/- 0
   Delayed Group 5
     Total Material
       Decay Rate                           -nan +/- 0
   Delayed Group 6
     Total Material
       Decay Rate                           -nan +/- 0
 ============================>     TALLY 3     <============================

 Universe 13
   Incoming Energy [0, 200000000)
     Total Material
       Nu-Fission Rate                      1.01876 +/- 0.000361226
 ============================>     TALLY 4     <============================

 Universe 13
   Delayed Group 1
     Incoming Energy [0, 200000000)
       Total Material
         Delayed-Nu-Fission Rate              0.000261292 +/- 9.19604e-08
   Delayed Group 2
     Incoming Energy [0, 200000000)
       Total Material
         Delayed-Nu-Fission Rate              0.000700995 +/- 2.45977e-07
   Delayed Group 3
     Incoming Energy [0, 200000000)
       Total Material
         Delayed-Nu-Fission Rate              0.000549554 +/- 1.91432e-07
   Delayed Group 4
     Incoming Energy [0, 200000000)
       Total Material
         Delayed-Nu-Fission Rate              0.00109696 +/- 3.7831e-07
   Delayed Group 5
     Incoming Energy [0, 200000000)
       Total Material
         Delayed-Nu-Fission Rate              0.000358958 +/- 1.23225e-07
   Delayed Group 6
     Incoming Energy [0, 200000000)
       Total Material
         Delayed-Nu-Fission Rate              0.000130367 +/- 4.42245e-08
 =================>     TALLY 5: BREEDING_RATIO_TALLY     <=================

 Universe 13
   U234
     (n,gamma)                            0.00716467 +/- 6.09038e-06
     Absorption Rate                      0.0072087 +/- 6.09598e-06
   U233
     (n,gamma)                            0.0494163 +/- 1.67354e-05
     Absorption Rate                      0.454656 +/- 0.00016035
   Pu239
     (n,gamma)                            1.06733e-09 +/- 4.69365e-13
     Absorption Rate                      2.84028e-09 +/- 1.23902e-12
   Th232
     (n,gamma)                            0.460114 +/- 0.000151289
     Absorption Rate                      0.461636 +/- 0.000151403
   Pu240
     (n,gamma)                            2.00317e-10 +/- 1.75774e-13
     Absorption Rate                      2.00497e-10 +/- 1.75813e-13
   Pu238
     (n,gamma)                            8.99361e-09 +/- 4.01117e-12
     Absorption Rate                      9.60383e-09 +/- 4.18437e-12
   U238
     (n,gamma)                            6.96313e-10 +/- 7.74691e-13
     Absorption Rate                      6.98443e-10 +/- 7.74744e-13
   Pu241
     (n,gamma)                            9.61765e-12 +/- 4.1266e-15
     Absorption Rate                      3.47952e-11 +/- 1.46974e-14
   U235
     (n,gamma)                            0.000262678 +/- 9.06668e-08
     Absorption Rate                      0.00145523 +/- 5.67874e-07
 ====================>     TALLY 6: FISSION_ENERGY     <====================

 Universe 13
   Total Material
     Kappa-Fission Rate                   7.79431e+07 +/- 27640.4
 =======================>     TALLY 7: HEATING     <========================

 Universe 13
   Total Material
     heating                              7.27048e+07 +/- 26004
 ============================>     TALLY 8     <============================

 Internal

