 ============================>     TALLY 1     <============================

 Universe 13
   Delayed Group 1
     Total Material
       Delayed-Nu-Fission Rate              0.000257433 +/- 8.44314e-08
   Delayed Group 2
     Total Material
       Delayed-Nu-Fission Rate              0.000691206 +/- 2.2588e-07
   Delayed Group 3
     Total Material
       Delayed-Nu-Fission Rate              0.000542184 +/- 1.75561e-07
   Delayed Group 4
     Total Material
       Delayed-Nu-Fission Rate              0.00108284 +/- 3.46261e-07
   Delayed Group 5
     Total Material
       Delayed-Nu-Fission Rate              0.000354574 +/- 1.12748e-07
   Delayed Group 6
     Total Material
       Delayed-Nu-Fission Rate              0.000128876 +/- 4.03864e-08
 ============================>     TALLY 2     <============================

 Universe 13
   Delayed Group 1
     Total Material
       Decay Rate                           -nan +/- 0
   Delayed Group 2
     Total Material
       Decay Rate                           -nan +/- 0
   Delayed Group 3
     Total Material
       Decay Rate                           -nan +/- 0
   Delayed Group 4
     Total Material
       Decay Rate                           -nan +/- 0
   Delayed Group 5
     Total Material
       Decay Rate                           -nan +/- 0
   Delayed Group 6
     Total Material
       Decay Rate                           -nan +/- 0
 ============================>     TALLY 3     <============================

 Universe 13
   Incoming Energy [0, 200000000)
     Total Material
       Nu-Fission Rate                      1.00365 +/- 0.000332369
 ============================>     TALLY 4     <============================

 Universe 13
   Delayed Group 1
     Incoming Energy [0, 200000000)
       Total Material
         Delayed-Nu-Fission Rate              0.000257433 +/- 8.44314e-08
   Delayed Group 2
     Incoming Energy [0, 200000000)
       Total Material
         Delayed-Nu-Fission Rate              0.000691206 +/- 2.2588e-07
   Delayed Group 3
     Incoming Energy [0, 200000000)
       Total Material
         Delayed-Nu-Fission Rate              0.000542184 +/- 1.75561e-07
   Delayed Group 4
     Incoming Energy [0, 200000000)
       Total Material
         Delayed-Nu-Fission Rate              0.00108284 +/- 3.46261e-07
   Delayed Group 5
     Incoming Energy [0, 200000000)
       Total Material
         Delayed-Nu-Fission Rate              0.000354574 +/- 1.12748e-07
   Delayed Group 6
     Incoming Energy [0, 200000000)
       Total Material
         Delayed-Nu-Fission Rate              0.000128876 +/- 4.03864e-08
 =================>     TALLY 5: BREEDING_RATIO_TALLY     <=================

 Universe 13
   U238
     (n,gamma)                            1.26581e-09 +/- 1.48121e-12
     Absorption Rate                      1.26975e-09 +/- 1.48113e-12
   Th232
     (n,gamma)                            0.455174 +/- 0.000141861
     Absorption Rate                      0.456734 +/- 0.000141954
   Pu241
     (n,gamma)                            2.83852e-11 +/- 1.15466e-14
     Absorption Rate                      1.0268e-10 +/- 4.15405e-14
   U233
     (n,gamma)                            0.0487529 +/- 1.4623e-05
     Absorption Rate                      0.447555 +/- 0.000146391
   Pu239
     (n,gamma)                            2.42908e-09 +/- 9.95676e-13
     Absorption Rate                      6.46212e-09 +/- 2.6385e-12
   Pu240
     (n,gamma)                            5.22049e-10 +/- 4.30172e-13
     Absorption Rate                      5.22521e-10 +/- 4.30233e-13
   U235
     (n,gamma)                            0.00033758 +/- 1.1319e-07
     Absorption Rate                      0.00186486 +/- 7.1632e-07
   Pu238
     (n,gamma)                            1.86431e-08 +/- 8.0807e-12
     Absorption Rate                      1.99186e-08 +/- 8.38766e-12
   U234
     (n,gamma)                            0.00807638 +/- 7.70457e-06
     Absorption Rate                      0.00812697 +/- 7.71155e-06
 ====================>     TALLY 6: FISSION_ENERGY     <====================

 Universe 13
   Total Material
     Kappa-Fission Rate                   7.67867e+07 +/- 25431.3
 =======================>     TALLY 7: HEATING     <========================

 Universe 13
   Total Material
     heating                              7.0673e+07 +/- 22973.6
 ============================>     TALLY 8     <============================

 Internal

 ============================>     TALLY 9     <============================

 Internal

 ===========================>     TALLY 10     <============================

 Internal

