 ============================>     TALLY 1     <============================

 Universe 13
   Delayed Group 1
     Total Material
       Delayed-Nu-Fission Rate              0.000269307 +/- 9.69134e-08
   Delayed Group 2
     Total Material
       Delayed-Nu-Fission Rate              0.0007207 +/- 2.58305e-07
   Delayed Group 3
     Total Material
       Delayed-Nu-Fission Rate              0.000564232 +/- 2.00344e-07
   Delayed Group 4
     Total Material
       Delayed-Nu-Fission Rate              0.001125 +/- 3.94393e-07
   Delayed Group 5
     Total Material
       Delayed-Nu-Fission Rate              0.00036744 +/- 1.28027e-07
   Delayed Group 6
     Total Material
       Delayed-Nu-Fission Rate              0.000133215 +/- 4.57086e-08
 ============================>     TALLY 2     <============================

 Universe 13
   Delayed Group 1
     Total Material
       Decay Rate                           -nan +/- 0
   Delayed Group 2
     Total Material
       Decay Rate                           2.50222e-05 +/- 8.97428e-09
   Delayed Group 3
     Total Material
       Decay Rate                           -nan +/- 0
   Delayed Group 4
     Total Material
       Decay Rate                           -nan +/- 0
   Delayed Group 5
     Total Material
       Decay Rate                           -nan +/- 0
   Delayed Group 6
     Total Material
       Decay Rate                           -nan +/- 0
 ============================>     TALLY 3     <============================

 Universe 13
   Incoming Energy [0, 200000000)
     Total Material
       Nu-Fission Rate                      1.04998 +/- 0.000381275
 ============================>     TALLY 4     <============================

 Universe 13
   Delayed Group 1
     Incoming Energy [0, 200000000)
       Total Material
         Delayed-Nu-Fission Rate              0.000269307 +/- 9.69134e-08
   Delayed Group 2
     Incoming Energy [0, 200000000)
       Total Material
         Delayed-Nu-Fission Rate              0.0007207 +/- 2.58305e-07
   Delayed Group 3
     Incoming Energy [0, 200000000)
       Total Material
         Delayed-Nu-Fission Rate              0.000564232 +/- 2.00344e-07
   Delayed Group 4
     Incoming Energy [0, 200000000)
       Total Material
         Delayed-Nu-Fission Rate              0.001125 +/- 3.94393e-07
   Delayed Group 5
     Incoming Energy [0, 200000000)
       Total Material
         Delayed-Nu-Fission Rate              0.00036744 +/- 1.28027e-07
   Delayed Group 6
     Incoming Energy [0, 200000000)
       Total Material
         Delayed-Nu-Fission Rate              0.000133215 +/- 4.57086e-08
 =================>     TALLY 5: BREEDING_RATIO_TALLY     <=================

 Universe 13
   U234
     (n,gamma)                            0.000531574 +/- 4.8914e-07
     Absorption Rate                      0.000534824 +/- 4.89643e-07
   Pu239
     (n,gamma)                            6.56655e-17 +/- 3.06813e-20
     Absorption Rate                      1.74634e-16 +/- 8.09715e-20
   Pu238
     (n,gamma)                            1.84813e-15 +/- 8.44635e-19
     Absorption Rate                      1.97566e-15 +/- 8.78519e-19
   Th232
     (n,gamma)                            0.448269 +/- 0.000135156
     Absorption Rate                      0.449785 +/- 0.000135155
   U238
     (n,gamma)                            4.57736e-15 +/- 4.89069e-18
     Absorption Rate                      4.59144e-15 +/- 4.88973e-18
   Pu241
     (n,gamma)                            1.10409e-17 +/- 4.9523e-21
     Absorption Rate                      3.99318e-17 +/- 1.78472e-20
   U233
     (n,gamma)                            0.0513665 +/- 1.6754e-05
     Absorption Rate                      0.470303 +/- 0.000168885
   U235
     (n,gamma)                            1.37626e-06 +/- 4.99807e-10
     Absorption Rate                      7.57567e-06 +/- 3.14376e-09
   Pu240
     (n,gamma)                            5.36407e-17 +/- 3.93875e-20
     Absorption Rate                      5.36895e-17 +/- 3.9395e-20
 ====================>     TALLY 6: FISSION_ENERGY     <====================

 Universe 13
   Total Material
     Kappa-Fission Rate                   8.03218e+07 +/- 29174.6
 =======================>     TALLY 7: HEATING     <========================

 Universe 13
   Total Material
     heating                              7.71579e+07 +/- 27761
 ============================>     TALLY 8     <============================

 Internal

