 ============================>     TALLY 1     <============================

 Universe 13
   Delayed Group 1
     Total Material
       Delayed-Nu-Fission Rate              0.000258639 +/- 1.01913e-07
   Delayed Group 2
     Total Material
       Delayed-Nu-Fission Rate              0.000692663 +/- 2.72164e-07
   Delayed Group 3
     Total Material
       Delayed-Nu-Fission Rate              0.000542574 +/- 2.11788e-07
   Delayed Group 4
     Total Material
       Delayed-Nu-Fission Rate              0.00108241 +/- 4.18736e-07
   Delayed Group 5
     Total Material
       Delayed-Nu-Fission Rate              0.000353744 +/- 1.36271e-07
   Delayed Group 6
     Total Material
       Delayed-Nu-Fission Rate              0.000128347 +/- 4.89202e-08
 ============================>     TALLY 2     <============================

 Universe 13
   Delayed Group 1
     Total Material
       Decay Rate                           -nan +/- 0
   Delayed Group 2
     Total Material
       Decay Rate                           -nan +/- 0
   Delayed Group 3
     Total Material
       Decay Rate                           -nan +/- 0
   Delayed Group 4
     Total Material
       Decay Rate                           -nan +/- 0
   Delayed Group 5
     Total Material
       Decay Rate                           -nan +/- 0
   Delayed Group 6
     Total Material
       Decay Rate                           -nan +/- 0
 ============================>     TALLY 3     <============================

 Universe 13
   Incoming Energy [0, 200000000)
     Total Material
       Nu-Fission Rate                      1.00819 +/- 0.000399848
 ============================>     TALLY 4     <============================

 Universe 13
   Delayed Group 1
     Incoming Energy [0, 200000000)
       Total Material
         Delayed-Nu-Fission Rate              0.000258639 +/- 1.01913e-07
   Delayed Group 2
     Incoming Energy [0, 200000000)
       Total Material
         Delayed-Nu-Fission Rate              0.000692663 +/- 2.72164e-07
   Delayed Group 3
     Incoming Energy [0, 200000000)
       Total Material
         Delayed-Nu-Fission Rate              0.000542574 +/- 2.11788e-07
   Delayed Group 4
     Incoming Energy [0, 200000000)
       Total Material
         Delayed-Nu-Fission Rate              0.00108241 +/- 4.18736e-07
   Delayed Group 5
     Incoming Energy [0, 200000000)
       Total Material
         Delayed-Nu-Fission Rate              0.000353744 +/- 1.36271e-07
   Delayed Group 6
     Incoming Energy [0, 200000000)
       Total Material
         Delayed-Nu-Fission Rate              0.000128347 +/- 4.89202e-08
 =================>     TALLY 5: BREEDING_RATIO_TALLY     <=================

 Universe 13
   U235
     (n,gamma)                            6.93005e-05 +/- 2.79431e-08
     Absorption Rate                      0.000382452 +/- 1.69221e-07
   U234
     (n,gamma)                            0.00385724 +/- 3.5881e-06
     Absorption Rate                      0.00388111 +/- 3.5913e-06
   U238
     (n,gamma)                            3.4259e-11 +/- 3.99058e-14
     Absorption Rate                      3.43641e-11 +/- 3.99103e-14
   Th232
     (n,gamma)                            0.448759 +/- 0.000154599
     Absorption Rate                      0.450263 +/- 0.0001547
   Pu238
     (n,gamma)                            1.88989e-10 +/- 9.32735e-14
     Absorption Rate                      2.01953e-10 +/- 9.75504e-14
   Pu240
     (n,gamma)                            1.24188e-12 +/- 1.12111e-15
     Absorption Rate                      1.24301e-12 +/- 1.12133e-15
   Pu241
     (n,gamma)                            2.95791e-14 +/- 1.40958e-17
     Absorption Rate                      1.06999e-13 +/- 5.06884e-17
   U233
     (n,gamma)                            0.0491515 +/- 1.80709e-05
     Absorption Rate                      0.451043 +/- 0.000177489
   Pu239
     (n,gamma)                            1.33397e-11 +/- 6.53376e-15
     Absorption Rate                      3.5486e-11 +/- 1.7233e-14
 ====================>     TALLY 6: FISSION_ENERGY     <====================

 Universe 13
   Total Material
     Kappa-Fission Rate                   7.71276e+07 +/- 30594.3
 =======================>     TALLY 7: HEATING     <========================

 Universe 13
   Total Material
     heating                              7.12784e+07 +/- 28813.5
 ============================>     TALLY 8     <============================

 Internal

