 ============================>     TALLY 1     <============================

 Universe 13
   Delayed Group 1
     Total Material
       Delayed-Nu-Fission Rate              0.000271964 +/- 1.0075e-07
   Delayed Group 2
     Total Material
       Delayed-Nu-Fission Rate              0.000727814 +/- 2.68617e-07
   Delayed Group 3
     Total Material
       Delayed-Nu-Fission Rate              0.000569775 +/- 2.08484e-07
   Delayed Group 4
     Total Material
       Delayed-Nu-Fission Rate              0.00113596 +/- 4.10792e-07
   Delayed Group 5
     Total Material
       Delayed-Nu-Fission Rate              0.000371013 +/- 1.33411e-07
   Delayed Group 6
     Total Material
       Delayed-Nu-Fission Rate              0.000134498 +/- 4.76823e-08
 ============================>     TALLY 2     <============================

 Universe 13
   Delayed Group 1
     Total Material
       Decay Rate                           -nan +/- 0
   Delayed Group 2
     Total Material
       Decay Rate                           2.52692e-05 +/- 9.33208e-09
   Delayed Group 3
     Total Material
       Decay Rate                           -nan +/- 0
   Delayed Group 4
     Total Material
       Decay Rate                           -nan +/- 0
   Delayed Group 5
     Total Material
       Decay Rate                           -nan +/- 0
   Delayed Group 6
     Total Material
       Decay Rate                           -nan +/- 0
 ============================>     TALLY 3     <============================

 Universe 13
   Incoming Energy [0, 200000000)
     Total Material
       Nu-Fission Rate                      1.06042 +/- 0.000396087
 ============================>     TALLY 4     <============================

 Universe 13
   Delayed Group 1
     Incoming Energy [0, 200000000)
       Total Material
         Delayed-Nu-Fission Rate              0.000271964 +/- 1.0075e-07
   Delayed Group 2
     Incoming Energy [0, 200000000)
       Total Material
         Delayed-Nu-Fission Rate              0.000727814 +/- 2.68617e-07
   Delayed Group 3
     Incoming Energy [0, 200000000)
       Total Material
         Delayed-Nu-Fission Rate              0.000569775 +/- 2.08484e-07
   Delayed Group 4
     Incoming Energy [0, 200000000)
       Total Material
         Delayed-Nu-Fission Rate              0.00113596 +/- 4.10792e-07
   Delayed Group 5
     Incoming Energy [0, 200000000)
       Total Material
         Delayed-Nu-Fission Rate              0.000371013 +/- 1.33411e-07
   Delayed Group 6
     Incoming Energy [0, 200000000)
       Total Material
         Delayed-Nu-Fission Rate              0.000134498 +/- 4.76823e-08
 =================>     TALLY 5: BREEDING_RATIO_TALLY     <=================

 Universe 13
   Pu240
     (n,gamma)                            1.57128e-16 +/- 1.31634e-19
     Absorption Rate                      1.5727e-16 +/- 1.31667e-19
   U235
     (n,gamma)                            5.23843e-06 +/- 1.85412e-09
     Absorption Rate                      2.88521e-05 +/- 1.212e-08
   Th232
     (n,gamma)                            0.449555 +/- 0.000133585
     Absorption Rate                      0.451072 +/- 0.000133462
   Pu238
     (n,gamma)                            1.2231e-13 +/- 5.73341e-17
     Absorption Rate                      1.30737e-13 +/- 5.95923e-17
   U238
     (n,gamma)                            1.07638e-13 +/- 1.10635e-16
     Absorption Rate                      1.07969e-13 +/- 1.10648e-16
   Pu241
     (n,gamma)                            1.20056e-17 +/- 5.72759e-21
     Absorption Rate                      4.34236e-17 +/- 2.03455e-20
   U234
     (n,gamma)                            0.00102682 +/- 8.24327e-07
     Absorption Rate                      0.0010331 +/- 8.24943e-07
   U233
     (n,gamma)                            0.051848 +/- 1.75363e-05
     Absorption Rate                      0.474946 +/- 0.000175523
   Pu239
     (n,gamma)                            3.83122e-15 +/- 1.91971e-18
     Absorption Rate                      1.01896e-14 +/- 5.05571e-18
 ====================>     TALLY 6: FISSION_ENERGY     <====================

 Universe 13
   Total Material
     Kappa-Fission Rate                   8.11206e+07 +/- 30308.5
 =======================>     TALLY 7: HEATING     <========================

 Universe 13
   Total Material
     heating                              7.86393e+07 +/- 29310.2
 ============================>     TALLY 8     <============================

 Internal

