 ============================>     TALLY 1     <============================

 Universe 13
   Delayed Group 1
     Total Material
       Delayed-Nu-Fission Rate              0.000257582 +/- 9.0314e-08
   Delayed Group 2
     Total Material
       Delayed-Nu-Fission Rate              0.000691529 +/- 2.41668e-07
   Delayed Group 3
     Total Material
       Delayed-Nu-Fission Rate              0.000542412 +/- 1.88025e-07
   Delayed Group 4
     Total Material
       Delayed-Nu-Fission Rate              0.00108326 +/- 3.71375e-07
   Delayed Group 5
     Total Material
       Delayed-Nu-Fission Rate              0.000354685 +/- 1.20982e-07
   Delayed Group 6
     Total Material
       Delayed-Nu-Fission Rate              0.000128909 +/- 4.34004e-08
 ============================>     TALLY 2     <============================

 Universe 13
   Delayed Group 1
     Total Material
       Decay Rate                           -nan +/- 0
   Delayed Group 2
     Total Material
       Decay Rate                           -nan +/- 0
   Delayed Group 3
     Total Material
       Decay Rate                           -nan +/- 0
   Delayed Group 4
     Total Material
       Decay Rate                           -nan +/- 0
   Delayed Group 5
     Total Material
       Decay Rate                           -nan +/- 0
   Delayed Group 6
     Total Material
       Decay Rate                           -nan +/- 0
 ============================>     TALLY 3     <============================

 Universe 13
   Incoming Energy [0, 200000000)
     Total Material
       Nu-Fission Rate                      1.00421 +/- 0.000354911
 ============================>     TALLY 4     <============================

 Universe 13
   Delayed Group 1
     Incoming Energy [0, 200000000)
       Total Material
         Delayed-Nu-Fission Rate              0.000257582 +/- 9.0314e-08
   Delayed Group 2
     Incoming Energy [0, 200000000)
       Total Material
         Delayed-Nu-Fission Rate              0.000691529 +/- 2.41668e-07
   Delayed Group 3
     Incoming Energy [0, 200000000)
       Total Material
         Delayed-Nu-Fission Rate              0.000542412 +/- 1.88025e-07
   Delayed Group 4
     Incoming Energy [0, 200000000)
       Total Material
         Delayed-Nu-Fission Rate              0.00108326 +/- 3.71375e-07
   Delayed Group 5
     Incoming Energy [0, 200000000)
       Total Material
         Delayed-Nu-Fission Rate              0.000354685 +/- 1.20982e-07
   Delayed Group 6
     Incoming Energy [0, 200000000)
       Total Material
         Delayed-Nu-Fission Rate              0.000128909 +/- 4.34004e-08
 =================>     TALLY 5: BREEDING_RATIO_TALLY     <=================

 Universe 13
   U238
     (n,gamma)                            1.16961e-09 +/- 1.30923e-12
     Absorption Rate                      1.17326e-09 +/- 1.30944e-12
   Th232
     (n,gamma)                            0.454779 +/- 0.000136464
     Absorption Rate                      0.45634 +/- 0.000136471
   Pu241
     (n,gamma)                            2.44586e-11 +/- 1.00723e-14
     Absorption Rate                      8.84762e-11 +/- 3.61137e-14
   U233
     (n,gamma)                            0.0488061 +/- 1.67427e-05
     Absorption Rate                      0.447886 +/- 0.000157855
   Pu239
     (n,gamma)                            2.16774e-09 +/- 9.35909e-13
     Absorption Rate                      5.76684e-09 +/- 2.46539e-12
   Pu240
     (n,gamma)                            4.57484e-10 +/- 4.04464e-13
     Absorption Rate                      4.57899e-10 +/- 4.04555e-13
   U235
     (n,gamma)                            0.000325822 +/- 1.11188e-07
     Absorption Rate                      0.00179932 +/- 6.98125e-07
   Pu238
     (n,gamma)                            1.68642e-08 +/- 7.56562e-12
     Absorption Rate                      1.80189e-08 +/- 7.88007e-12
   U234
     (n,gamma)                            0.00792538 +/- 6.33629e-06
     Absorption Rate                      0.00797512 +/- 6.33947e-06
 ====================>     TALLY 6: FISSION_ENERGY     <====================

 Universe 13
   Total Material
     Kappa-Fission Rate                   7.68294e+07 +/- 27160.4
 =======================>     TALLY 7: HEATING     <========================

 Universe 13
   Total Material
     heating                              7.0692e+07 +/- 24694
 ============================>     TALLY 8     <============================

 Internal

 ============================>     TALLY 9     <============================

 Internal

 ===========================>     TALLY 10     <============================

 Internal

