 ============================>     TALLY 1     <============================

 Universe 13
   Delayed Group 1
     Total Material
       Delayed-Nu-Fission Rate              0.000266799 +/- 9.53405e-08
   Delayed Group 2
     Total Material
       Delayed-Nu-Fission Rate              0.000714485 +/- 2.54355e-07
   Delayed Group 3
     Total Material
       Delayed-Nu-Fission Rate              0.000559598 +/- 1.97458e-07
   Delayed Group 4
     Total Material
       Delayed-Nu-Fission Rate              0.00111616 +/- 3.89099e-07
   Delayed Group 5
     Total Material
       Delayed-Nu-Fission Rate              0.00036475 +/- 1.2642e-07
   Delayed Group 6
     Total Material
       Delayed-Nu-Fission Rate              0.000132311 +/- 4.51932e-08
 ============================>     TALLY 2     <============================

 Universe 13
   Delayed Group 1
     Total Material
       Decay Rate                           -nan +/- 0
   Delayed Group 2
     Total Material
       Decay Rate                           -nan +/- 0
   Delayed Group 3
     Total Material
       Decay Rate                           -nan +/- 0
   Delayed Group 4
     Total Material
       Decay Rate                           -nan +/- 0
   Delayed Group 5
     Total Material
       Decay Rate                           -nan +/- 0
   Delayed Group 6
     Total Material
       Decay Rate                           -nan +/- 0
 ============================>     TALLY 3     <============================

 Universe 13
   Incoming Energy [0, 200000000)
     Total Material
       Nu-Fission Rate                      1.04017 +/- 0.000374905
 ============================>     TALLY 4     <============================

 Universe 13
   Delayed Group 1
     Incoming Energy [0, 200000000)
       Total Material
         Delayed-Nu-Fission Rate              0.000266799 +/- 9.53405e-08
   Delayed Group 2
     Incoming Energy [0, 200000000)
       Total Material
         Delayed-Nu-Fission Rate              0.000714485 +/- 2.54355e-07
   Delayed Group 3
     Incoming Energy [0, 200000000)
       Total Material
         Delayed-Nu-Fission Rate              0.000559598 +/- 1.97458e-07
   Delayed Group 4
     Incoming Energy [0, 200000000)
       Total Material
         Delayed-Nu-Fission Rate              0.00111616 +/- 3.89099e-07
   Delayed Group 5
     Incoming Energy [0, 200000000)
       Total Material
         Delayed-Nu-Fission Rate              0.00036475 +/- 1.2642e-07
   Delayed Group 6
     Incoming Energy [0, 200000000)
       Total Material
         Delayed-Nu-Fission Rate              0.000132311 +/- 4.51932e-08
 =================>     TALLY 5: BREEDING_RATIO_TALLY     <=================

 Universe 13
   Pu241
     (n,gamma)                            4.7113e-14 +/- 2.07984e-17
     Absorption Rate                      1.70428e-13 +/- 7.40529e-17
   U233
     (n,gamma)                            0.0507048 +/- 1.72677e-05
     Absorption Rate                      0.465371 +/- 0.000166706
   Pu238
     (n,gamma)                            2.5501e-10 +/- 1.15524e-13
     Absorption Rate                      2.7247e-10 +/- 1.19732e-13
   U234
     (n,gamma)                            0.00381854 +/- 3.5222e-06
     Absorption Rate                      0.00384198 +/- 3.52465e-06
   Pu240
     (n,gamma)                            1.88824e-12 +/- 1.59971e-15
     Absorption Rate                      1.88995e-12 +/- 1.59999e-15
   U238
     (n,gamma)                            4.12891e-11 +/- 4.84405e-14
     Absorption Rate                      4.14158e-11 +/- 4.8448e-14
   U235
     (n,gamma)                            7.35201e-05 +/- 2.57617e-08
     Absorption Rate                      0.00040596 +/- 1.60818e-07
   Th232
     (n,gamma)                            0.454693 +/- 0.000148458
     Absorption Rate                      0.456217 +/- 0.000148389
   Pu239
     (n,gamma)                            1.88456e-11 +/- 8.81839e-15
     Absorption Rate                      5.01354e-11 +/- 2.31238e-14
 ====================>     TALLY 6: FISSION_ENERGY     <====================

 Universe 13
   Total Material
     Kappa-Fission Rate                   7.95742e+07 +/- 28687.3
 =======================>     TALLY 7: HEATING     <========================

 Universe 13
   Total Material
     heating                              7.57244e+07 +/- 27346.3
 ============================>     TALLY 8     <============================

 Internal

