 ============================>     TALLY 1     <============================

 Universe 13
   Delayed Group 1
     Total Material
       Delayed-Nu-Fission Rate              0.000261635 +/- 8.24988e-08
   Delayed Group 2
     Total Material
       Delayed-Nu-Fission Rate              0.000701772 +/- 2.20632e-07
   Delayed Group 3
     Total Material
       Delayed-Nu-Fission Rate              0.000550101 +/- 1.71714e-07
   Delayed Group 4
     Total Material
       Delayed-Nu-Fission Rate              0.00109795 +/- 3.3942e-07
   Delayed Group 5
     Total Material
       Delayed-Nu-Fission Rate              0.000359227 +/- 1.1056e-07
   Delayed Group 6
     Total Material
       Delayed-Nu-Fission Rate              0.000130446 +/- 3.96973e-08
 ============================>     TALLY 2     <============================

 Universe 13
   Delayed Group 1
     Total Material
       Decay Rate                           -nan +/- 0
   Delayed Group 2
     Total Material
       Decay Rate                           2.43583e-05 +/- 7.66194e-09
   Delayed Group 3
     Total Material
       Decay Rate                           -nan +/- 0
   Delayed Group 4
     Total Material
       Decay Rate                           -nan +/- 0
   Delayed Group 5
     Total Material
       Decay Rate                           -nan +/- 0
   Delayed Group 6
     Total Material
       Decay Rate                           -nan +/- 0
 ============================>     TALLY 3     <============================

 Universe 13
   Incoming Energy [0, 200000000)
     Total Material
       Nu-Fission Rate                      1.02009 +/- 0.000324004
 ============================>     TALLY 4     <============================

 Universe 13
   Delayed Group 1
     Incoming Energy [0, 200000000)
       Total Material
         Delayed-Nu-Fission Rate              0.000261635 +/- 8.24988e-08
   Delayed Group 2
     Incoming Energy [0, 200000000)
       Total Material
         Delayed-Nu-Fission Rate              0.000701772 +/- 2.20632e-07
   Delayed Group 3
     Incoming Energy [0, 200000000)
       Total Material
         Delayed-Nu-Fission Rate              0.000550101 +/- 1.71714e-07
   Delayed Group 4
     Incoming Energy [0, 200000000)
       Total Material
         Delayed-Nu-Fission Rate              0.00109795 +/- 3.3942e-07
   Delayed Group 5
     Incoming Energy [0, 200000000)
       Total Material
         Delayed-Nu-Fission Rate              0.000359227 +/- 1.1056e-07
   Delayed Group 6
     Incoming Energy [0, 200000000)
       Total Material
         Delayed-Nu-Fission Rate              0.000130446 +/- 3.96973e-08
 =================>     TALLY 5: BREEDING_RATIO_TALLY     <=================

 Universe 13
   U234
     (n,gamma)                            0.00686832 +/- 5.59974e-06
     Absorption Rate                      0.00691051 +/- 5.60309e-06
   U233
     (n,gamma)                            0.0495031 +/- 1.48872e-05
     Absorption Rate                      0.455375 +/- 0.000143657
   Pu239
     (n,gamma)                            8.15196e-10 +/- 3.21382e-13
     Absorption Rate                      2.16924e-09 +/- 8.47486e-13
   Th232
     (n,gamma)                            0.459358 +/- 0.000138824
     Absorption Rate                      0.460878 +/- 0.000138942
   Pu240
     (n,gamma)                            1.46907e-10 +/- 1.28854e-13
     Absorption Rate                      1.47039e-10 +/- 1.28879e-13
   Pu238
     (n,gamma)                            7.08828e-09 +/- 2.88984e-12
     Absorption Rate                      7.56959e-09 +/- 3.0068e-12
   U238
     (n,gamma)                            5.77579e-10 +/- 6.30847e-13
     Absorption Rate                      5.7934e-10 +/- 6.3096e-13
   Pu241
     (n,gamma)                            6.75041e-12 +/- 2.50734e-15
     Absorption Rate                      2.44211e-11 +/- 8.9946e-15
   U235
     (n,gamma)                            0.000241292 +/- 7.5267e-08
     Absorption Rate                      0.00133642 +/- 4.69643e-07
 ====================>     TALLY 6: FISSION_ENERGY     <====================

 Universe 13
   Total Material
     Kappa-Fission Rate                   7.80444e+07 +/- 24793.2
 =======================>     TALLY 7: HEATING     <========================

 Universe 13
   Total Material
     heating                              7.28447e+07 +/- 22751.4
 ============================>     TALLY 8     <============================

 Internal

