 ============================>     TALLY 1     <============================

 Universe 13
   Delayed Group 1
     Total Material
       Delayed-Nu-Fission Rate              0.000263129 +/- 9.36409e-08
   Delayed Group 2
     Total Material
       Delayed-Nu-Fission Rate              0.000704847 +/- 2.49941e-07
   Delayed Group 3
     Total Material
       Delayed-Nu-Fission Rate              0.000552213 +/- 1.94172e-07
   Delayed Group 4
     Total Material
       Delayed-Nu-Fission Rate              0.00110181 +/- 3.82996e-07
   Delayed Group 5
     Total Material
       Delayed-Nu-Fission Rate              0.000360159 +/- 1.24513e-07
   Delayed Group 6
     Total Material
       Delayed-Nu-Fission Rate              0.000130705 +/- 4.45695e-08
 ============================>     TALLY 2     <============================

 Universe 13
   Delayed Group 1
     Total Material
       Decay Rate                           -nan +/- 0
   Delayed Group 2
     Total Material
       Decay Rate                           -nan +/- 0
   Delayed Group 3
     Total Material
       Decay Rate                           -nan +/- 0
   Delayed Group 4
     Total Material
       Decay Rate                           -nan +/- 0
   Delayed Group 5
     Total Material
       Decay Rate                           -nan +/- 0
   Delayed Group 6
     Total Material
       Decay Rate                           -nan +/- 0
 ============================>     TALLY 3     <============================

 Universe 13
   Incoming Energy [0, 200000000)
     Total Material
       Nu-Fission Rate                      1.02574 +/- 0.000368077
 ============================>     TALLY 4     <============================

 Universe 13
   Delayed Group 1
     Incoming Energy [0, 200000000)
       Total Material
         Delayed-Nu-Fission Rate              0.000263129 +/- 9.36409e-08
   Delayed Group 2
     Incoming Energy [0, 200000000)
       Total Material
         Delayed-Nu-Fission Rate              0.000704847 +/- 2.49941e-07
   Delayed Group 3
     Incoming Energy [0, 200000000)
       Total Material
         Delayed-Nu-Fission Rate              0.000552213 +/- 1.94172e-07
   Delayed Group 4
     Incoming Energy [0, 200000000)
       Total Material
         Delayed-Nu-Fission Rate              0.00110181 +/- 3.82996e-07
   Delayed Group 5
     Incoming Energy [0, 200000000)
       Total Material
         Delayed-Nu-Fission Rate              0.000360159 +/- 1.24513e-07
   Delayed Group 6
     Incoming Energy [0, 200000000)
       Total Material
         Delayed-Nu-Fission Rate              0.000130705 +/- 4.45695e-08
 =================>     TALLY 5: BREEDING_RATIO_TALLY     <=================

 Universe 13
   U235
     (n,gamma)                            9.24221e-05 +/- 3.28724e-08
     Absorption Rate                      0.000509096 +/- 2.0479e-07
   Pu240
     (n,gamma)                            4.47418e-12 +/- 3.94182e-15
     Absorption Rate                      4.47826e-12 +/- 3.94274e-15
   U234
     (n,gamma)                            0.00425433 +/- 3.8827e-06
     Absorption Rate                      0.00428083 +/- 3.88465e-06
   Pu241
     (n,gamma)                            1.25292e-13 +/- 5.19977e-17
     Absorption Rate                      4.53178e-13 +/- 1.87731e-16
   U238
     (n,gamma)                            7.03322e-11 +/- 7.02808e-14
     Absorption Rate                      7.05522e-11 +/- 7.02549e-14
   Pu239
     (n,gamma)                            3.94866e-11 +/- 1.7034e-14
     Absorption Rate                      1.05023e-10 +/- 4.52523e-14
   U233
     (n,gamma)                            0.0500821 +/- 1.7145e-05
     Absorption Rate                      0.458835 +/- 0.000163768
   Th232
     (n,gamma)                            0.450329 +/- 0.000139977
     Absorption Rate                      0.451889 +/- 0.000139999
   Pu238
     (n,gamma)                            4.91738e-10 +/- 2.27381e-13
     Absorption Rate                      5.25642e-10 +/- 2.36586e-13
 ====================>     TALLY 6: FISSION_ENERGY     <====================

 Universe 13
   Total Material
     Kappa-Fission Rate                   7.84684e+07 +/- 28162.7
 =======================>     TALLY 7: HEATING     <========================

 Universe 13
   Total Material
     heating                              7.37306e+07 +/- 25823.1
 ============================>     TALLY 8     <============================

 Internal

 ============================>     TALLY 9     <============================

 Internal

 ===========================>     TALLY 10     <============================

 Internal

