 ============================>     TALLY 1     <============================

 Universe 13
   Delayed Group 1
     Total Material
       Delayed-Nu-Fission Rate              0.000268663 +/- 8.86332e-08
   Delayed Group 2
     Total Material
       Delayed-Nu-Fission Rate              0.000719037 +/- 2.36254e-07
   Delayed Group 3
     Total Material
       Delayed-Nu-Fission Rate              0.000563027 +/- 1.8327e-07
   Delayed Group 4
     Total Material
       Delayed-Nu-Fission Rate              0.00112285 +/- 3.60854e-07
   Delayed Group 5
     Total Material
       Delayed-Nu-Fission Rate              0.000366782 +/- 1.17151e-07
   Delayed Group 6
     Total Material
       Delayed-Nu-Fission Rate              0.000133014 +/- 4.18355e-08
 ============================>     TALLY 2     <============================

 Universe 13
   Delayed Group 1
     Total Material
       Decay Rate                           -nan +/- 0
   Delayed Group 2
     Total Material
       Decay Rate                           -nan +/- 0
   Delayed Group 3
     Total Material
       Decay Rate                           -nan +/- 0
   Delayed Group 4
     Total Material
       Decay Rate                           -nan +/- 0
   Delayed Group 5
     Total Material
       Decay Rate                           -nan +/- 0
   Delayed Group 6
     Total Material
       Decay Rate                           -nan +/- 0
 ============================>     TALLY 3     <============================

 Universe 13
   Incoming Energy [0, 200000000)
     Total Material
       Nu-Fission Rate                      1.04739 +/- 0.000348648
 ============================>     TALLY 4     <============================

 Universe 13
   Delayed Group 1
     Incoming Energy [0, 200000000)
       Total Material
         Delayed-Nu-Fission Rate              0.000268663 +/- 8.86332e-08
   Delayed Group 2
     Incoming Energy [0, 200000000)
       Total Material
         Delayed-Nu-Fission Rate              0.000719037 +/- 2.36254e-07
   Delayed Group 3
     Incoming Energy [0, 200000000)
       Total Material
         Delayed-Nu-Fission Rate              0.000563027 +/- 1.8327e-07
   Delayed Group 4
     Incoming Energy [0, 200000000)
       Total Material
         Delayed-Nu-Fission Rate              0.00112285 +/- 3.60854e-07
   Delayed Group 5
     Incoming Energy [0, 200000000)
       Total Material
         Delayed-Nu-Fission Rate              0.000366782 +/- 1.17151e-07
   Delayed Group 6
     Incoming Energy [0, 200000000)
       Total Material
         Delayed-Nu-Fission Rate              0.000133014 +/- 4.18355e-08
 =================>     TALLY 5: BREEDING_RATIO_TALLY     <=================

 Universe 13
   U235
     (n,gamma)                            2.94863e-06 +/- 9.64399e-10
     Absorption Rate                      1.61857e-05 +/- 6.06808e-09
   Pu240
     (n,gamma)                            1.2601e-17 +/- 1.08611e-20
     Absorption Rate                      1.26126e-17 +/- 1.08637e-20
   U234
     (n,gamma)                            0.0007691 +/- 6.78714e-07
     Absorption Rate                      0.000773864 +/- 6.78976e-07
   Pu241
     (n,gamma)                            5.99547e-20 +/- 2.46867e-23
     Absorption Rate                      2.16834e-19 +/- 8.88534e-23
   U238
     (n,gamma)                            2.91655e-14 +/- 3.07908e-17
     Absorption Rate                      2.9257e-14 +/- 3.07866e-17
   Pu239
     (n,gamma)                            5.72581e-16 +/- 2.44877e-19
     Absorption Rate                      1.52242e-15 +/- 6.43308e-19
   U233
     (n,gamma)                            0.0513538 +/- 1.6266e-05
     Absorption Rate                      0.469187 +/- 0.000155284
   Th232
     (n,gamma)                            0.444936 +/- 0.000134697
     Absorption Rate                      0.446497 +/- 0.000134741
   Pu238
     (n,gamma)                            2.15464e-14 +/- 9.33975e-18
     Absorption Rate                      2.30451e-14 +/- 9.67479e-18
 ====================>     TALLY 6: FISSION_ENERGY     <====================

 Universe 13
   Total Material
     Kappa-Fission Rate                   8.01209e+07 +/- 26678.1
 =======================>     TALLY 7: HEATING     <========================

 Universe 13
   Total Material
     heating                              7.67929e+07 +/- 25106.6
 ============================>     TALLY 8     <============================

 Internal

 ============================>     TALLY 9     <============================

 Internal

 ===========================>     TALLY 10     <============================

 Internal

