 ============================>     TALLY 1     <============================

 Universe 13
   Delayed Group 1
     Total Material
       Delayed-Nu-Fission Rate              0.000259736 +/- 9.44888e-08
   Delayed Group 2
     Total Material
       Delayed-Nu-Fission Rate              0.000695454 +/- 2.52355e-07
   Delayed Group 3
     Total Material
       Delayed-Nu-Fission Rate              0.000544692 +/- 1.96484e-07
   Delayed Group 4
     Total Material
       Delayed-Nu-Fission Rate              0.00108651 +/- 3.88814e-07
   Delayed Group 5
     Total Material
       Delayed-Nu-Fission Rate              0.000355028 +/- 1.26572e-07
   Delayed Group 6
     Total Material
       Delayed-Nu-Fission Rate              0.000128791 +/- 4.54873e-08
 ============================>     TALLY 2     <============================

 Universe 13
   Delayed Group 1
     Total Material
       Decay Rate                           -nan +/- 0
   Delayed Group 2
     Total Material
       Decay Rate                           2.4144e-05 +/- 8.76477e-09
   Delayed Group 3
     Total Material
       Decay Rate                           -nan +/- 0
   Delayed Group 4
     Total Material
       Decay Rate                           -nan +/- 0
   Delayed Group 5
     Total Material
       Decay Rate                           -nan +/- 0
   Delayed Group 6
     Total Material
       Decay Rate                           -nan +/- 0
 ============================>     TALLY 3     <============================

 Universe 13
   Incoming Energy [0, 200000000)
     Total Material
       Nu-Fission Rate                      1.01247 +/- 0.000370494
 ============================>     TALLY 4     <============================

 Universe 13
   Delayed Group 1
     Incoming Energy [0, 200000000)
       Total Material
         Delayed-Nu-Fission Rate              0.000259736 +/- 9.44888e-08
   Delayed Group 2
     Incoming Energy [0, 200000000)
       Total Material
         Delayed-Nu-Fission Rate              0.000695454 +/- 2.52355e-07
   Delayed Group 3
     Incoming Energy [0, 200000000)
       Total Material
         Delayed-Nu-Fission Rate              0.000544692 +/- 1.96484e-07
   Delayed Group 4
     Incoming Energy [0, 200000000)
       Total Material
         Delayed-Nu-Fission Rate              0.00108651 +/- 3.88814e-07
   Delayed Group 5
     Incoming Energy [0, 200000000)
       Total Material
         Delayed-Nu-Fission Rate              0.000355028 +/- 1.26572e-07
   Delayed Group 6
     Incoming Energy [0, 200000000)
       Total Material
         Delayed-Nu-Fission Rate              0.000128791 +/- 4.54873e-08
 =================>     TALLY 5: BREEDING_RATIO_TALLY     <=================

 Universe 13
   U235
     (n,gamma)                            4.84634e-05 +/- 1.73301e-08
     Absorption Rate                      0.000267489 +/- 1.09095e-07
   U234
     (n,gamma)                            0.00322426 +/- 2.77408e-06
     Absorption Rate                      0.00324409 +/- 2.77562e-06
   U238
     (n,gamma)                            1.55282e-11 +/- 1.78796e-14
     Absorption Rate                      1.55758e-11 +/- 1.78837e-14
   Th232
     (n,gamma)                            0.449381 +/- 0.000135875
     Absorption Rate                      0.450884 +/- 0.000136036
   Pu238
     (n,gamma)                            6.9464e-11 +/- 3.10965e-14
     Absorption Rate                      7.42251e-11 +/- 3.25061e-14
   Pu240
     (n,gamma)                            3.38083e-13 +/- 3.323e-16
     Absorption Rate                      3.3839e-13 +/- 3.32354e-16
   Pu241
     (n,gamma)                            6.73263e-15 +/- 2.99807e-18
     Absorption Rate                      2.43536e-14 +/- 1.06729e-17
   U233
     (n,gamma)                            0.0493669 +/- 1.6981e-05
     Absorption Rate                      0.453073 +/- 0.000164638
   Pu239
     (n,gamma)                            4.33259e-12 +/- 2.02806e-15
     Absorption Rate                      1.15254e-11 +/- 5.33856e-15
 ====================>     TALLY 6: FISSION_ENERGY     <====================

 Universe 13
   Total Material
     Kappa-Fission Rate                   7.7455e+07 +/- 28349
 =======================>     TALLY 7: HEATING     <========================

 Universe 13
   Total Material
     heating                              7.18347e+07 +/- 26324.8
 ============================>     TALLY 8     <============================

 Internal

