 ============================>     TALLY 1     <============================

 Universe 13
   Delayed Group 1
     Total Material
       Delayed-Nu-Fission Rate              0.000267404 +/- 8.93353e-08
   Delayed Group 2
     Total Material
       Delayed-Nu-Fission Rate              0.000715635 +/- 2.3838e-07
   Delayed Group 3
     Total Material
       Delayed-Nu-Fission Rate              0.0005603 +/- 1.85384e-07
   Delayed Group 4
     Total Material
       Delayed-Nu-Fission Rate              0.00111724 +/- 3.66318e-07
   Delayed Group 5
     Total Material
       Delayed-Nu-Fission Rate              0.000364924 +/- 1.19136e-07
   Delayed Group 6
     Total Material
       Delayed-Nu-Fission Rate              0.000132315 +/- 4.27395e-08
 ============================>     TALLY 2     <============================

 Universe 13
   Delayed Group 1
     Total Material
       Decay Rate                           -nan +/- 0
   Delayed Group 2
     Total Material
       Decay Rate                           2.48462e-05 +/- 8.28043e-09
   Delayed Group 3
     Total Material
       Decay Rate                           -nan +/- 0
   Delayed Group 4
     Total Material
       Decay Rate                           -nan +/- 0
   Delayed Group 5
     Total Material
       Decay Rate                           -nan +/- 0
   Delayed Group 6
     Total Material
       Decay Rate                           -nan +/- 0
 ============================>     TALLY 3     <============================

 Universe 13
   Incoming Energy [0, 200000000)
     Total Material
       Nu-Fission Rate                      1.0425 +/- 0.000350628
 ============================>     TALLY 4     <============================

 Universe 13
   Delayed Group 1
     Incoming Energy [0, 200000000)
       Total Material
         Delayed-Nu-Fission Rate              0.000267404 +/- 8.93353e-08
   Delayed Group 2
     Incoming Energy [0, 200000000)
       Total Material
         Delayed-Nu-Fission Rate              0.000715635 +/- 2.3838e-07
   Delayed Group 3
     Incoming Energy [0, 200000000)
       Total Material
         Delayed-Nu-Fission Rate              0.0005603 +/- 1.85384e-07
   Delayed Group 4
     Incoming Energy [0, 200000000)
       Total Material
         Delayed-Nu-Fission Rate              0.00111724 +/- 3.66318e-07
   Delayed Group 5
     Incoming Energy [0, 200000000)
       Total Material
         Delayed-Nu-Fission Rate              0.000364924 +/- 1.19136e-07
   Delayed Group 6
     Incoming Energy [0, 200000000)
       Total Material
         Delayed-Nu-Fission Rate              0.000132315 +/- 4.27395e-08
 =================>     TALLY 5: BREEDING_RATIO_TALLY     <=================

 Universe 13
   U234
     (n,gamma)                            0.000806114 +/- 6.54936e-07
     Absorption Rate                      0.000811041 +/- 6.55161e-07
   Pu239
     (n,gamma)                            6.6404e-16 +/- 2.71861e-19
     Absorption Rate                      1.76609e-15 +/- 7.17648e-19
   Pu238
     (n,gamma)                            2.37506e-14 +/- 1.06497e-17
     Absorption Rate                      2.53871e-14 +/- 1.114e-17
   Th232
     (n,gamma)                            0.448622 +/- 0.000137115
     Absorption Rate                      0.450138 +/- 0.00013724
   U238
     (n,gamma)                            3.17078e-14 +/- 3.39216e-17
     Absorption Rate                      3.18054e-14 +/- 3.3924e-17
   Pu241
     (n,gamma)                            1.13055e-17 +/- 4.49677e-21
     Absorption Rate                      4.08894e-17 +/- 1.6222e-20
   U233
     (n,gamma)                            0.0509577 +/- 1.59241e-05
     Absorption Rate                      0.46689 +/- 0.000155672
   U235
     (n,gamma)                            3.13164e-06 +/- 1.0319e-09
     Absorption Rate                      1.72493e-05 +/- 6.51355e-09
   Pu240
     (n,gamma)                            6.57105e-17 +/- 5.19985e-20
     Absorption Rate                      6.57703e-17 +/- 5.20149e-20
 ====================>     TALLY 6: FISSION_ENERGY     <====================

 Universe 13
   Total Material
     Kappa-Fission Rate                   7.975e+07 +/- 26826.7
 =======================>     TALLY 7: HEATING     <========================

 Universe 13
   Total Material
     heating                              7.60425e+07 +/- 24827.7
 ============================>     TALLY 8     <============================

 Internal

