 ============================>     TALLY 1     <============================

 Universe 13
   Delayed Group 1
     Total Material
       Delayed-Nu-Fission Rate              0.000260945 +/- 8.2539e-08
   Delayed Group 2
     Total Material
       Delayed-Nu-Fission Rate              0.000700136 +/- 2.20777e-07
   Delayed Group 3
     Total Material
       Delayed-Nu-Fission Rate              0.000548908 +/- 1.71801e-07
   Delayed Group 4
     Total Material
       Delayed-Nu-Fission Rate              0.00109571 +/- 3.39479e-07
   Delayed Group 5
     Total Material
       Delayed-Nu-Fission Rate              0.000358577 +/- 1.10578e-07
   Delayed Group 6
     Total Material
       Delayed-Nu-Fission Rate              0.000130237 +/- 3.96869e-08
 ============================>     TALLY 2     <============================

 Universe 13
   Delayed Group 1
     Total Material
       Decay Rate                           -nan +/- 0
   Delayed Group 2
     Total Material
       Decay Rate                           -nan +/- 0
   Delayed Group 3
     Total Material
       Decay Rate                           -nan +/- 0
   Delayed Group 4
     Total Material
       Decay Rate                           -nan +/- 0
   Delayed Group 5
     Total Material
       Decay Rate                           -nan +/- 0
   Delayed Group 6
     Total Material
       Decay Rate                           -nan +/- 0
 ============================>     TALLY 3     <============================

 Universe 13
   Incoming Energy [0, 200000000)
     Total Material
       Nu-Fission Rate                      1.01741 +/- 0.000324218
 ============================>     TALLY 4     <============================

 Universe 13
   Delayed Group 1
     Incoming Energy [0, 200000000)
       Total Material
         Delayed-Nu-Fission Rate              0.000260945 +/- 8.2539e-08
   Delayed Group 2
     Incoming Energy [0, 200000000)
       Total Material
         Delayed-Nu-Fission Rate              0.000700136 +/- 2.20777e-07
   Delayed Group 3
     Incoming Energy [0, 200000000)
       Total Material
         Delayed-Nu-Fission Rate              0.000548908 +/- 1.71801e-07
   Delayed Group 4
     Incoming Energy [0, 200000000)
       Total Material
         Delayed-Nu-Fission Rate              0.00109571 +/- 3.39479e-07
   Delayed Group 5
     Incoming Energy [0, 200000000)
       Total Material
         Delayed-Nu-Fission Rate              0.000358577 +/- 1.10578e-07
   Delayed Group 6
     Incoming Energy [0, 200000000)
       Total Material
         Delayed-Nu-Fission Rate              0.000130237 +/- 3.96869e-08
 =================>     TALLY 5: BREEDING_RATIO_TALLY     <=================

 Universe 13
   U234
     (n,gamma)                            0.00729682 +/- 6.82921e-06
     Absorption Rate                      0.00734173 +/- 6.83361e-06
   U233
     (n,gamma)                            0.0493346 +/- 1.515e-05
     Absorption Rate                      0.453988 +/- 0.000143974
   Pu239
     (n,gamma)                            1.21495e-09 +/- 4.78891e-13
     Absorption Rate                      3.23309e-09 +/- 1.25655e-12
   Th232
     (n,gamma)                            0.460053 +/- 0.000133279
     Absorption Rate                      0.461574 +/- 0.00013344
   Pu240
     (n,gamma)                            2.32822e-10 +/- 2.27873e-13
     Absorption Rate                      2.33031e-10 +/- 2.27918e-13
   Pu238
     (n,gamma)                            1.00787e-08 +/- 4.12889e-12
     Absorption Rate                      1.07627e-08 +/- 4.30356e-12
   U238
     (n,gamma)                            7.64232e-10 +/- 8.29089e-13
     Absorption Rate                      7.66564e-10 +/- 8.29199e-13
   Pu241
     (n,gamma)                            1.13991e-11 +/- 4.16696e-15
     Absorption Rate                      4.12397e-11 +/- 1.50354e-14
   U235
     (n,gamma)                            0.000273464 +/- 8.29461e-08
     Absorption Rate                      0.00151512 +/- 5.24693e-07
 ====================>     TALLY 6: FISSION_ENERGY     <====================

 Universe 13
   Total Material
     Kappa-Fission Rate                   7.78406e+07 +/- 24810.9
 =======================>     TALLY 7: HEATING     <========================

 Universe 13
   Total Material
     heating                              7.24857e+07 +/- 22485.6
 ============================>     TALLY 8     <============================

 Internal

