 ============================>     TALLY 1     <============================

 Universe 13
   Delayed Group 1
     Total Material
       Delayed-Nu-Fission Rate              0.000255008 +/- 9.61568e-08
   Delayed Group 2
     Total Material
       Delayed-Nu-Fission Rate              0.000683874 +/- 2.56925e-07
   Delayed Group 3
     Total Material
       Delayed-Nu-Fission Rate              0.000536051 +/- 1.99614e-07
   Delayed Group 4
     Total Material
       Delayed-Nu-Fission Rate              0.00106993 +/- 3.93622e-07
   Delayed Group 5
     Total Material
       Delayed-Nu-Fission Rate              0.000350019 +/- 1.28047e-07
   Delayed Group 6
     Total Material
       Delayed-Nu-Fission Rate              0.000127101 +/- 4.58316e-08
 ============================>     TALLY 2     <============================

 Universe 13
   Delayed Group 1
     Total Material
       Decay Rate                           -nan +/- 0
   Delayed Group 2
     Total Material
       Decay Rate                           -nan +/- 0
   Delayed Group 3
     Total Material
       Decay Rate                           -nan +/- 0
   Delayed Group 4
     Total Material
       Decay Rate                           -nan +/- 0
   Delayed Group 5
     Total Material
       Decay Rate                           -nan +/- 0
   Delayed Group 6
     Total Material
       Decay Rate                           -nan +/- 0
 ============================>     TALLY 3     <============================

 Universe 13
   Incoming Energy [0, 200000000)
     Total Material
       Nu-Fission Rate                      0.994147 +/- 0.000378094
 ============================>     TALLY 4     <============================

 Universe 13
   Delayed Group 1
     Incoming Energy [0, 200000000)
       Total Material
         Delayed-Nu-Fission Rate              0.000255008 +/- 9.61568e-08
   Delayed Group 2
     Incoming Energy [0, 200000000)
       Total Material
         Delayed-Nu-Fission Rate              0.000683874 +/- 2.56925e-07
   Delayed Group 3
     Incoming Energy [0, 200000000)
       Total Material
         Delayed-Nu-Fission Rate              0.000536051 +/- 1.99614e-07
   Delayed Group 4
     Incoming Energy [0, 200000000)
       Total Material
         Delayed-Nu-Fission Rate              0.00106993 +/- 3.93622e-07
   Delayed Group 5
     Incoming Energy [0, 200000000)
       Total Material
         Delayed-Nu-Fission Rate              0.000350019 +/- 1.28047e-07
   Delayed Group 6
     Incoming Energy [0, 200000000)
       Total Material
         Delayed-Nu-Fission Rate              0.000127101 +/- 4.58316e-08
 =================>     TALLY 5: BREEDING_RATIO_TALLY     <=================

 Universe 13
   U238
     (n,gamma)                            4.13716e-10 +/- 4.59844e-13
     Absorption Rate                      4.14989e-10 +/- 4.59936e-13
   Pu239
     (n,gamma)                            4.6458e-10 +/- 2.16827e-13
     Absorption Rate                      1.23582e-09 +/- 5.73187e-13
   Pu241
     (n,gamma)                            3.18191e-12 +/- 1.40642e-15
     Absorption Rate                      1.151e-11 +/- 5.03079e-15
   U233
     (n,gamma)                            0.0483948 +/- 1.65767e-05
     Absorption Rate                      0.444018 +/- 0.000167097
   Pu238
     (n,gamma)                            4.387e-09 +/- 2.05069e-12
     Absorption Rate                      4.68838e-09 +/- 2.13094e-12
   Th232
     (n,gamma)                            0.445196 +/- 0.000137592
     Absorption Rate                      0.446688 +/- 0.000137548
   Pu240
     (n,gamma)                            7.5454e-11 +/- 7.1487e-14
     Absorption Rate                      7.5523e-11 +/- 7.15002e-14
   U234
     (n,gamma)                            0.00678778 +/- 5.93348e-06
     Absorption Rate                      0.0068304 +/- 5.93811e-06
   U235
     (n,gamma)                            0.000213948 +/- 8.00942e-08
     Absorption Rate                      0.00118015 +/- 4.97484e-07
 ====================>     TALLY 6: FISSION_ENERGY     <====================

 Universe 13
   Total Material
     Kappa-Fission Rate                   7.60581e+07 +/- 28935.3
 =======================>     TALLY 7: HEATING     <========================

 Universe 13
   Total Material
     heating                              6.92709e+07 +/- 25515.2
 ============================>     TALLY 8     <============================

 Internal

