 ============================>     TALLY 1     <============================

 Universe 13
   Delayed Group 1
     Total Material
       Delayed-Nu-Fission Rate              0.000252608 +/- 8.7739e-08
   Delayed Group 2
     Total Material
       Delayed-Nu-Fission Rate              0.000678398 +/- 2.34763e-07
   Delayed Group 3
     Total Material
       Delayed-Nu-Fission Rate              0.000532116 +/- 1.82466e-07
   Delayed Group 4
     Total Material
       Delayed-Nu-Fission Rate              0.0010626 +/- 3.59816e-07
   Delayed Group 5
     Total Material
       Delayed-Nu-Fission Rate              0.000347975 +/- 1.17155e-07
   Delayed Group 6
     Total Material
       Delayed-Nu-Fission Rate              0.000126462 +/- 4.19433e-08
 ============================>     TALLY 2     <============================

 Universe 13
   Delayed Group 1
     Total Material
       Decay Rate                           -nan +/- 0
   Delayed Group 2
     Total Material
       Decay Rate                           -nan +/- 0
   Delayed Group 3
     Total Material
       Decay Rate                           -nan +/- 0
   Delayed Group 4
     Total Material
       Decay Rate                           -nan +/- 0
   Delayed Group 5
     Total Material
       Decay Rate                           -nan +/- 0
   Delayed Group 6
     Total Material
       Decay Rate                           -nan +/- 0
 ============================>     TALLY 3     <============================

 Universe 13
   Incoming Energy [0, 200000000)
     Total Material
       Nu-Fission Rate                      0.984941 +/- 0.000345316
 ============================>     TALLY 4     <============================

 Universe 13
   Delayed Group 1
     Incoming Energy [0, 200000000)
       Total Material
         Delayed-Nu-Fission Rate              0.000252608 +/- 8.7739e-08
   Delayed Group 2
     Incoming Energy [0, 200000000)
       Total Material
         Delayed-Nu-Fission Rate              0.000678398 +/- 2.34763e-07
   Delayed Group 3
     Incoming Energy [0, 200000000)
       Total Material
         Delayed-Nu-Fission Rate              0.000532116 +/- 1.82466e-07
   Delayed Group 4
     Incoming Energy [0, 200000000)
       Total Material
         Delayed-Nu-Fission Rate              0.0010626 +/- 3.59816e-07
   Delayed Group 5
     Incoming Energy [0, 200000000)
       Total Material
         Delayed-Nu-Fission Rate              0.000347975 +/- 1.17155e-07
   Delayed Group 6
     Incoming Energy [0, 200000000)
       Total Material
         Delayed-Nu-Fission Rate              0.000126462 +/- 4.19433e-08
 =================>     TALLY 5: BREEDING_RATIO_TALLY     <=================

 Universe 13
   Pu239
     (n,gamma)                            2.52315e-09 +/- 1.12376e-12
     Absorption Rate                      6.71172e-09 +/- 2.95611e-12
   U234
     (n,gamma)                            0.00881313 +/- 7.75773e-06
     Absorption Rate                      0.00886924 +/- 7.76092e-06
   U235
     (n,gamma)                            0.000363467 +/- 1.21027e-07
     Absorption Rate                      0.00200359 +/- 7.66066e-07
   U238
     (n,gamma)                            1.36099e-09 +/- 1.43729e-12
     Absorption Rate                      1.36519e-09 +/- 1.43781e-12
   Th232
     (n,gamma)                            0.441819 +/- 0.000127819
     Absorption Rate                      0.443301 +/- 0.000127772
   U233
     (n,gamma)                            0.0478791 +/- 1.59148e-05
     Absorption Rate                      0.439153 +/- 0.000153215
   Pu238
     (n,gamma)                            1.96128e-08 +/- 8.01653e-12
     Absorption Rate                      2.09628e-08 +/- 8.33212e-12
   Pu240
     (n,gamma)                            5.33715e-10 +/- 4.63709e-13
     Absorption Rate                      5.34205e-10 +/- 4.63829e-13
   Pu241
     (n,gamma)                            2.94105e-11 +/- 1.24812e-14
     Absorption Rate                      1.06395e-10 +/- 4.46466e-14
 ====================>     TALLY 6: FISSION_ENERGY     <====================

 Universe 13
   Total Material
     Kappa-Fission Rate                   7.53584e+07 +/- 26424.7
 =======================>     TALLY 7: HEATING     <========================

 Universe 13
   Total Material
     heating                              6.80215e+07 +/- 23525
 ============================>     TALLY 8     <============================

 Internal

