 ============================>     TALLY 1     <============================

 Universe 13
   Delayed Group 1
     Total Material
       Delayed-Nu-Fission Rate              0.0002519 +/- 8.72353e-08
   Delayed Group 2
     Total Material
       Delayed-Nu-Fission Rate              0.000676873 +/- 2.33824e-07
   Delayed Group 3
     Total Material
       Delayed-Nu-Fission Rate              0.000531064 +/- 1.82207e-07
   Delayed Group 4
     Total Material
       Delayed-Nu-Fission Rate              0.00106071 +/- 3.60521e-07
   Delayed Group 5
     Total Material
       Delayed-Nu-Fission Rate              0.000347498 +/- 1.17632e-07
   Delayed Group 6
     Total Material
       Delayed-Nu-Fission Rate              0.000126331 +/- 4.22989e-08
 ============================>     TALLY 2     <============================

 Universe 13
   Delayed Group 1
     Total Material
       Decay Rate                           -nan +/- 0
   Delayed Group 2
     Total Material
       Decay Rate                           2.3489e-05 +/- 8.11786e-09
   Delayed Group 3
     Total Material
       Decay Rate                           -nan +/- 0
   Delayed Group 4
     Total Material
       Decay Rate                           -nan +/- 0
   Delayed Group 5
     Total Material
       Decay Rate                           -nan +/- 0
   Delayed Group 6
     Total Material
       Decay Rate                           -nan +/- 0
 ============================>     TALLY 3     <============================

 Universe 13
   Incoming Energy [0, 200000000)
     Total Material
       Nu-Fission Rate                      0.982231 +/- 0.000342584
 ============================>     TALLY 4     <============================

 Universe 13
   Delayed Group 1
     Incoming Energy [0, 200000000)
       Total Material
         Delayed-Nu-Fission Rate              0.0002519 +/- 8.72353e-08
   Delayed Group 2
     Incoming Energy [0, 200000000)
       Total Material
         Delayed-Nu-Fission Rate              0.000676873 +/- 2.33824e-07
   Delayed Group 3
     Incoming Energy [0, 200000000)
       Total Material
         Delayed-Nu-Fission Rate              0.000531064 +/- 1.82207e-07
   Delayed Group 4
     Incoming Energy [0, 200000000)
       Total Material
         Delayed-Nu-Fission Rate              0.00106071 +/- 3.60521e-07
   Delayed Group 5
     Incoming Energy [0, 200000000)
       Total Material
         Delayed-Nu-Fission Rate              0.000347498 +/- 1.17632e-07
   Delayed Group 6
     Incoming Energy [0, 200000000)
       Total Material
         Delayed-Nu-Fission Rate              0.000126331 +/- 4.22989e-08
 =================>     TALLY 5: BREEDING_RATIO_TALLY     <=================

 Universe 13
   Pu239
     (n,gamma)                            4.06585e-09 +/- 1.85526e-12
     Absorption Rate                      1.08149e-08 +/- 4.89814e-12
   U234
     (n,gamma)                            0.00949819 +/- 8.5391e-06
     Absorption Rate                      0.00955891 +/- 8.54556e-06
   U235
     (n,gamma)                            0.000421614 +/- 1.46655e-07
     Absorption Rate                      0.00232298 +/- 9.2349e-07
   U238
     (n,gamma)                            1.91299e-09 +/- 1.92099e-12
     Absorption Rate                      1.91888e-09 +/- 1.92153e-12
   Th232
     (n,gamma)                            0.44084 +/- 0.000129529
     Absorption Rate                      0.442323 +/- 0.000129631
   U233
     (n,gamma)                            0.0477236 +/- 1.49079e-05
     Absorption Rate                      0.437652 +/- 0.000150853
   Pu238
     (n,gamma)                            2.99202e-08 +/- 1.37115e-11
     Absorption Rate                      3.19834e-08 +/- 1.42535e-11
   Pu240
     (n,gamma)                            9.25822e-10 +/- 9.12995e-13
     Absorption Rate                      9.26673e-10 +/- 9.1315e-13
   Pu241
     (n,gamma)                            5.49725e-11 +/- 2.40156e-14
     Absorption Rate                      1.98863e-10 +/- 8.49922e-14
 ====================>     TALLY 6: FISSION_ENERGY     <====================

 Universe 13
   Total Material
     Kappa-Fission Rate                   7.51527e+07 +/- 26218
 =======================>     TALLY 7: HEATING     <========================

 Universe 13
   Total Material
     heating                              6.76997e+07 +/- 23498.5
 ============================>     TALLY 8     <============================

 Internal

