 ============================>     TALLY 1     <============================

 Universe 13
   Delayed Group 1
     Total Material
       Delayed-Nu-Fission Rate              0.000268996 +/- 9.08647e-08
   Delayed Group 2
     Total Material
       Delayed-Nu-Fission Rate              0.000720072 +/- 2.42396e-07
   Delayed Group 3
     Total Material
       Delayed-Nu-Fission Rate              0.000563826 +/- 1.88285e-07
   Delayed Group 4
     Total Material
       Delayed-Nu-Fission Rate              0.00112432 +/- 3.71375e-07
   Delayed Group 5
     Total Material
       Delayed-Nu-Fission Rate              0.000367295 +/- 1.20688e-07
   Delayed Group 6
     Total Material
       Delayed-Nu-Fission Rate              0.000133186 +/- 4.31923e-08
 ============================>     TALLY 2     <============================

 Universe 13
   Delayed Group 1
     Total Material
       Decay Rate                           -nan +/- 0
   Delayed Group 2
     Total Material
       Decay Rate                           -nan +/- 0
   Delayed Group 3
     Total Material
       Decay Rate                           -nan +/- 0
   Delayed Group 4
     Total Material
       Decay Rate                           -nan +/- 0
   Delayed Group 5
     Total Material
       Decay Rate                           -nan +/- 0
   Delayed Group 6
     Total Material
       Decay Rate                           -nan +/- 0
 ============================>     TALLY 3     <============================

 Universe 13
   Incoming Energy [0, 200000000)
     Total Material
       Nu-Fission Rate                      1.04878 +/- 0.000356977
 ============================>     TALLY 4     <============================

 Universe 13
   Delayed Group 1
     Incoming Energy [0, 200000000)
       Total Material
         Delayed-Nu-Fission Rate              0.000268996 +/- 9.08647e-08
   Delayed Group 2
     Incoming Energy [0, 200000000)
       Total Material
         Delayed-Nu-Fission Rate              0.000720072 +/- 2.42396e-07
   Delayed Group 3
     Incoming Energy [0, 200000000)
       Total Material
         Delayed-Nu-Fission Rate              0.000563826 +/- 1.88285e-07
   Delayed Group 4
     Incoming Energy [0, 200000000)
       Total Material
         Delayed-Nu-Fission Rate              0.00112432 +/- 3.71375e-07
   Delayed Group 5
     Incoming Energy [0, 200000000)
       Total Material
         Delayed-Nu-Fission Rate              0.000367295 +/- 1.20688e-07
   Delayed Group 6
     Incoming Energy [0, 200000000)
       Total Material
         Delayed-Nu-Fission Rate              0.000133186 +/- 4.31923e-08
 =================>     TALLY 5: BREEDING_RATIO_TALLY     <=================

 Universe 13
   Pu240
     (n,gamma)                            8.92325e-14 +/- 7.95067e-17
     Absorption Rate                      8.93132e-14 +/- 7.95198e-17
   U235
     (n,gamma)                            3.19927e-05 +/- 1.0565e-08
     Absorption Rate                      0.000176477 +/- 6.6087e-08
   Th232
     (n,gamma)                            0.452076 +/- 0.000137778
     Absorption Rate                      0.453594 +/- 0.000137863
   Pu238
     (n,gamma)                            2.44401e-11 +/- 1.02909e-14
     Absorption Rate                      2.61172e-11 +/- 1.06917e-14
   U238
     (n,gamma)                            6.52413e-12 +/- 6.43002e-15
     Absorption Rate                      6.54416e-12 +/- 6.43107e-15
   Pu241
     (n,gamma)                            1.46234e-15 +/- 6.11042e-19
     Absorption Rate                      5.28971e-15 +/- 2.17742e-18
   U234
     (n,gamma)                            0.00252942 +/- 2.18459e-06
     Absorption Rate                      0.00254487 +/- 2.18607e-06
   U233
     (n,gamma)                            0.051191 +/- 1.6169e-05
     Absorption Rate                      0.469504 +/- 0.000158586
   Pu239
     (n,gamma)                            1.3455e-12 +/- 5.91316e-16
     Absorption Rate                      3.57913e-12 +/- 1.54717e-15
 ====================>     TALLY 6: FISSION_ENERGY     <====================

 Universe 13
   Total Material
     Kappa-Fission Rate                   8.02318e+07 +/- 27315.9
 =======================>     TALLY 7: HEATING     <========================

 Universe 13
   Total Material
     heating                              7.69424e+07 +/- 25678.4
 ============================>     TALLY 8     <============================

 Internal

