 ============================>     TALLY 1     <============================

 Universe 13
   Delayed Group 1
     Total Material
       Delayed-Nu-Fission Rate              0.000265687 +/- 9.63285e-08
   Delayed Group 2
     Total Material
       Delayed-Nu-Fission Rate              0.000711075 +/- 2.56941e-07
   Delayed Group 3
     Total Material
       Delayed-Nu-Fission Rate              0.000556757 +/- 1.99621e-07
   Delayed Group 4
     Total Material
       Delayed-Nu-Fission Rate              0.00111025 +/- 3.93869e-07
   Delayed Group 5
     Total Material
       Delayed-Nu-Fission Rate              0.000362654 +/- 1.28002e-07
   Delayed Group 6
     Total Material
       Delayed-Nu-Fission Rate              0.000131502 +/- 4.5828e-08
 ============================>     TALLY 2     <============================

 Universe 13
   Delayed Group 1
     Total Material
       Decay Rate                           -nan +/- 0
   Delayed Group 2
     Total Material
       Decay Rate                           -nan +/- 0
   Delayed Group 3
     Total Material
       Decay Rate                           -nan +/- 0
   Delayed Group 4
     Total Material
       Decay Rate                           -nan +/- 0
   Delayed Group 5
     Total Material
       Decay Rate                           -nan +/- 0
   Delayed Group 6
     Total Material
       Decay Rate                           -nan +/- 0
 ============================>     TALLY 3     <============================

 Universe 13
   Incoming Energy [0, 200000000)
     Total Material
       Nu-Fission Rate                      1.03577 +/- 0.000378391
 ============================>     TALLY 4     <============================

 Universe 13
   Delayed Group 1
     Incoming Energy [0, 200000000)
       Total Material
         Delayed-Nu-Fission Rate              0.000265687 +/- 9.63285e-08
   Delayed Group 2
     Incoming Energy [0, 200000000)
       Total Material
         Delayed-Nu-Fission Rate              0.000711075 +/- 2.56941e-07
   Delayed Group 3
     Incoming Energy [0, 200000000)
       Total Material
         Delayed-Nu-Fission Rate              0.000556757 +/- 1.99621e-07
   Delayed Group 4
     Incoming Energy [0, 200000000)
       Total Material
         Delayed-Nu-Fission Rate              0.00111025 +/- 3.93869e-07
   Delayed Group 5
     Incoming Energy [0, 200000000)
       Total Material
         Delayed-Nu-Fission Rate              0.000362654 +/- 1.28002e-07
   Delayed Group 6
     Incoming Energy [0, 200000000)
       Total Material
         Delayed-Nu-Fission Rate              0.000131502 +/- 4.5828e-08
 =================>     TALLY 5: BREEDING_RATIO_TALLY     <=================

 Universe 13
   U234
     (n,gamma)                            0.00117548 +/- 1.10429e-06
     Absorption Rate                      0.00118267 +/- 1.10524e-06
   Pu239
     (n,gamma)                            7.52527e-15 +/- 3.38001e-18
     Absorption Rate                      2.00159e-14 +/- 8.90567e-18
   Pu238
     (n,gamma)                            2.25923e-13 +/- 1.01764e-16
     Absorption Rate                      2.41458e-13 +/- 1.06035e-16
   Th232
     (n,gamma)                            0.449547 +/- 0.000129014
     Absorption Rate                      0.45106 +/- 0.000129079
   U238
     (n,gamma)                            1.78005e-13 +/- 2.03461e-16
     Absorption Rate                      1.78553e-13 +/- 2.03464e-16
   Pu241
     (n,gamma)                            1.31031e-17 +/- 5.76253e-21
     Absorption Rate                      4.73928e-17 +/- 2.05051e-20
   U233
     (n,gamma)                            0.0505901 +/- 1.74297e-05
     Absorption Rate                      0.463812 +/- 0.000168438
   U235
     (n,gamma)                            6.61365e-06 +/- 2.34065e-09
     Absorption Rate                      3.64593e-05 +/- 1.46317e-08
   Pu240
     (n,gamma)                            2.77699e-16 +/- 2.50567e-19
     Absorption Rate                      2.77952e-16 +/- 2.50621e-19
 ====================>     TALLY 6: FISSION_ENERGY     <====================

 Universe 13
   Total Material
     Kappa-Fission Rate                   7.92353e+07 +/- 28952.6
 =======================>     TALLY 7: HEATING     <========================

 Universe 13
   Total Material
     heating                              7.50664e+07 +/- 26966.9
 ============================>     TALLY 8     <============================

 Internal

