 ============================>     TALLY 1     <============================

 Universe 13
   Delayed Group 1
     Total Material
       Delayed-Nu-Fission Rate              0.000258789 +/- 9.54829e-08
   Delayed Group 2
     Total Material
       Delayed-Nu-Fission Rate              0.00069302 +/- 2.54804e-07
   Delayed Group 3
     Total Material
       Delayed-Nu-Fission Rate              0.000542835 +/- 1.97962e-07
   Delayed Group 4
     Total Material
       Delayed-Nu-Fission Rate              0.0010829 +/- 3.90538e-07
   Delayed Group 5
     Total Material
       Delayed-Nu-Fission Rate              0.000353888 +/- 1.26954e-07
   Delayed Group 6
     Total Material
       Delayed-Nu-Fission Rate              0.000128394 +/- 4.54506e-08
 ============================>     TALLY 2     <============================

 Universe 13
   Delayed Group 1
     Total Material
       Decay Rate                           -nan +/- 0
   Delayed Group 2
     Total Material
       Decay Rate                           2.40591e-05 +/- 8.8511e-09
   Delayed Group 3
     Total Material
       Decay Rate                           -nan +/- 0
   Delayed Group 4
     Total Material
       Decay Rate                           -nan +/- 0
   Delayed Group 5
     Total Material
       Decay Rate                           -nan +/- 0
   Delayed Group 6
     Total Material
       Decay Rate                           -nan +/- 0
 ============================>     TALLY 3     <============================

 Universe 13
   Incoming Energy [0, 200000000)
     Total Material
       Nu-Fission Rate                      1.00877 +/- 0.000375168
 ============================>     TALLY 4     <============================

 Universe 13
   Delayed Group 1
     Incoming Energy [0, 200000000)
       Total Material
         Delayed-Nu-Fission Rate              0.000258789 +/- 9.54829e-08
   Delayed Group 2
     Incoming Energy [0, 200000000)
       Total Material
         Delayed-Nu-Fission Rate              0.00069302 +/- 2.54804e-07
   Delayed Group 3
     Incoming Energy [0, 200000000)
       Total Material
         Delayed-Nu-Fission Rate              0.000542835 +/- 1.97962e-07
   Delayed Group 4
     Incoming Energy [0, 200000000)
       Total Material
         Delayed-Nu-Fission Rate              0.0010829 +/- 3.90538e-07
   Delayed Group 5
     Incoming Energy [0, 200000000)
       Total Material
         Delayed-Nu-Fission Rate              0.000353888 +/- 1.26954e-07
   Delayed Group 6
     Incoming Energy [0, 200000000)
       Total Material
         Delayed-Nu-Fission Rate              0.000128394 +/- 4.54506e-08
 =================>     TALLY 5: BREEDING_RATIO_TALLY     <=================

 Universe 13
   U235
     (n,gamma)                            6.29708e-05 +/- 2.35329e-08
     Absorption Rate                      0.000347504 +/- 1.44438e-07
   U234
     (n,gamma)                            0.0036736 +/- 3.46049e-06
     Absorption Rate                      0.0036963 +/- 3.46202e-06
   U238
     (n,gamma)                            2.76796e-11 +/- 3.151e-14
     Absorption Rate                      2.77647e-11 +/- 3.15174e-14
   Th232
     (n,gamma)                            0.448719 +/- 0.000139744
     Absorption Rate                      0.450222 +/- 0.000139713
   Pu238
     (n,gamma)                            1.44733e-10 +/- 6.87996e-14
     Absorption Rate                      1.54663e-10 +/- 7.13934e-14
   Pu240
     (n,gamma)                            8.77816e-13 +/- 9.00172e-16
     Absorption Rate                      8.78615e-13 +/- 9.0035e-16
   Pu241
     (n,gamma)                            1.9929e-14 +/- 9.22477e-18
     Absorption Rate                      7.20903e-14 +/- 3.27173e-17
   U233
     (n,gamma)                            0.0491904 +/- 1.71645e-05
     Absorption Rate                      0.451345 +/- 0.00016678
   Pu239
     (n,gamma)                            9.88059e-12 +/- 4.87918e-15
     Absorption Rate                      2.62845e-11 +/- 1.28119e-14
 ====================>     TALLY 6: FISSION_ENERGY     <====================

 Universe 13
   Total Material
     Kappa-Fission Rate                   7.71719e+07 +/- 28707.2
 =======================>     TALLY 7: HEATING     <========================

 Universe 13
   Total Material
     heating                              7.12959e+07 +/- 25977
 ============================>     TALLY 8     <============================

 Internal

