 ============================>     TALLY 1     <============================

 Universe 13
   Delayed Group 1
     Total Material
       Delayed-Nu-Fission Rate              0.000252787 +/- 8.44106e-08
   Delayed Group 2
     Total Material
       Delayed-Nu-Fission Rate              0.000678837 +/- 2.26006e-07
   Delayed Group 3
     Total Material
       Delayed-Nu-Fission Rate              0.000532444 +/- 1.75932e-07
   Delayed Group 4
     Total Material
       Delayed-Nu-Fission Rate              0.00106323 +/- 3.47721e-07
   Delayed Group 5
     Total Material
       Delayed-Nu-Fission Rate              0.000348165 +/- 1.13348e-07
   Delayed Group 6
     Total Material
       Delayed-Nu-Fission Rate              0.000126526 +/- 4.07064e-08
 ============================>     TALLY 2     <============================

 Universe 13
   Delayed Group 1
     Total Material
       Decay Rate                           -nan +/- 0
   Delayed Group 2
     Total Material
       Decay Rate                           2.35589e-05 +/- 7.84758e-09
   Delayed Group 3
     Total Material
       Decay Rate                           -nan +/- 0
   Delayed Group 4
     Total Material
       Decay Rate                           -nan +/- 0
   Delayed Group 5
     Total Material
       Decay Rate                           -nan +/- 0
   Delayed Group 6
     Total Material
       Decay Rate                           -nan +/- 0
 ============================>     TALLY 3     <============================

 Universe 13
   Incoming Energy [0, 200000000)
     Total Material
       Nu-Fission Rate                      0.985637 +/- 0.000331669
 ============================>     TALLY 4     <============================

 Universe 13
   Delayed Group 1
     Incoming Energy [0, 200000000)
       Total Material
         Delayed-Nu-Fission Rate              0.000252787 +/- 8.44106e-08
   Delayed Group 2
     Incoming Energy [0, 200000000)
       Total Material
         Delayed-Nu-Fission Rate              0.000678837 +/- 2.26006e-07
   Delayed Group 3
     Incoming Energy [0, 200000000)
       Total Material
         Delayed-Nu-Fission Rate              0.000532444 +/- 1.75932e-07
   Delayed Group 4
     Incoming Energy [0, 200000000)
       Total Material
         Delayed-Nu-Fission Rate              0.00106323 +/- 3.47721e-07
   Delayed Group 5
     Incoming Energy [0, 200000000)
       Total Material
         Delayed-Nu-Fission Rate              0.000348165 +/- 1.13348e-07
   Delayed Group 6
     Incoming Energy [0, 200000000)
       Total Material
         Delayed-Nu-Fission Rate              0.000126526 +/- 4.07064e-08
 =================>     TALLY 5: BREEDING_RATIO_TALLY     <=================

 Universe 13
   Pu239
     (n,gamma)                            2.38742e-09 +/- 9.33546e-13
     Absorption Rate                      6.3505e-09 +/- 2.47204e-12
   U234
     (n,gamma)                            0.00874456 +/- 6.8825e-06
     Absorption Rate                      0.00880019 +/- 6.89027e-06
   U235
     (n,gamma)                            0.000357344 +/- 1.18013e-07
     Absorption Rate                      0.00196993 +/- 7.45239e-07
   U238
     (n,gamma)                            1.30938e-09 +/- 1.37626e-12
     Absorption Rate                      1.31341e-09 +/- 1.37637e-12
   Th232
     (n,gamma)                            0.442224 +/- 0.000139331
     Absorption Rate                      0.443707 +/- 0.000139329
   U233
     (n,gamma)                            0.0479195 +/- 1.51273e-05
     Absorption Rate                      0.439498 +/- 0.000146837
   Pu238
     (n,gamma)                            1.86723e-08 +/- 8.15557e-12
     Absorption Rate                      1.99575e-08 +/- 8.47712e-12
   Pu240
     (n,gamma)                            5.0046e-10 +/- 4.40577e-13
     Absorption Rate                      5.00919e-10 +/- 4.40667e-13
   Pu241
     (n,gamma)                            2.73549e-11 +/- 1.07259e-14
     Absorption Rate                      9.89548e-11 +/- 3.86059e-14
 ====================>     TALLY 6: FISSION_ENERGY     <====================

 Universe 13
   Total Material
     Kappa-Fission Rate                   7.54114e+07 +/- 25382.4
 =======================>     TALLY 7: HEATING     <========================

 Universe 13
   Total Material
     heating                              6.81402e+07 +/- 22847.9
 ============================>     TALLY 8     <============================

 Internal

