 ============================>     TALLY 1     <============================

 Universe 13
   Delayed Group 1
     Total Material
       Delayed-Nu-Fission Rate              0.000269945 +/- 1.04294e-07
   Delayed Group 2
     Total Material
       Delayed-Nu-Fission Rate              0.0007224 +/- 2.78223e-07
   Delayed Group 3
     Total Material
       Delayed-Nu-Fission Rate              0.000565553 +/- 2.1624e-07
   Delayed Group 4
     Total Material
       Delayed-Nu-Fission Rate              0.0011276 +/- 4.26907e-07
   Delayed Group 5
     Total Material
       Delayed-Nu-Fission Rate              0.000368286 +/- 1.38774e-07
   Delayed Group 6
     Total Material
       Delayed-Nu-Fission Rate              0.000133517 +/- 4.97218e-08
 ============================>     TALLY 2     <============================

 Universe 13
   Delayed Group 1
     Total Material
       Decay Rate                           -nan +/- 0
   Delayed Group 2
     Total Material
       Decay Rate                           2.50813e-05 +/- 9.66486e-09
   Delayed Group 3
     Total Material
       Decay Rate                           -nan +/- 0
   Delayed Group 4
     Total Material
       Decay Rate                           -nan +/- 0
   Delayed Group 5
     Total Material
       Decay Rate                           -nan +/- 0
   Delayed Group 6
     Total Material
       Decay Rate                           -nan +/- 0
 ============================>     TALLY 3     <============================

 Universe 13
   Incoming Energy [0, 200000000)
     Total Material
       Nu-Fission Rate                      1.05249 +/- 0.000409584
 ============================>     TALLY 4     <============================

 Universe 13
   Delayed Group 1
     Incoming Energy [0, 200000000)
       Total Material
         Delayed-Nu-Fission Rate              0.000269945 +/- 1.04294e-07
   Delayed Group 2
     Incoming Energy [0, 200000000)
       Total Material
         Delayed-Nu-Fission Rate              0.0007224 +/- 2.78223e-07
   Delayed Group 3
     Incoming Energy [0, 200000000)
       Total Material
         Delayed-Nu-Fission Rate              0.000565553 +/- 2.1624e-07
   Delayed Group 4
     Incoming Energy [0, 200000000)
       Total Material
         Delayed-Nu-Fission Rate              0.0011276 +/- 4.26907e-07
   Delayed Group 5
     Incoming Energy [0, 200000000)
       Total Material
         Delayed-Nu-Fission Rate              0.000368286 +/- 1.38774e-07
   Delayed Group 6
     Incoming Energy [0, 200000000)
       Total Material
         Delayed-Nu-Fission Rate              0.000133517 +/- 4.97218e-08
 =================>     TALLY 5: BREEDING_RATIO_TALLY     <=================

 Universe 13
   U234
     (n,gamma)                            0.000441092 +/- 4.15095e-07
     Absorption Rate                      0.000443788 +/- 4.15433e-07
   Pu239
     (n,gamma)                            3.7248e-17 +/- 1.7721e-20
     Absorption Rate                      9.9065e-17 +/- 4.6883e-20
   Pu238
     (n,gamma)                            5.7528e-16 +/- 2.76739e-19
     Absorption Rate                      6.14994e-16 +/- 2.89243e-19
   Th232
     (n,gamma)                            0.447875 +/- 0.000142063
     Absorption Rate                      0.449391 +/- 0.000142254
   U238
     (n,gamma)                            1.89786e-15 +/- 1.84261e-18
     Absorption Rate                      1.9037e-15 +/- 1.84256e-18
   Pu241
     (n,gamma)                            1.09611e-17 +/- 5.00089e-21
     Absorption Rate                      3.96454e-17 +/- 1.79659e-20
   U233
     (n,gamma)                            0.0514753 +/- 1.9072e-05
     Absorption Rate                      0.471418 +/- 0.000182427
   U235
     (n,gamma)                            9.51138e-07 +/- 3.59372e-10
     Absorption Rate                      5.23572e-06 +/- 2.23328e-09
   Pu240
     (n,gamma)                            5.3519e-17 +/- 5.17627e-20
     Absorption Rate                      5.35676e-17 +/- 5.17747e-20
 ====================>     TALLY 6: FISSION_ENERGY     <====================

 Universe 13
   Total Material
     Kappa-Fission Rate                   8.05136e+07 +/- 31337
 =======================>     TALLY 7: HEATING     <========================

 Universe 13
   Total Material
     heating                              7.75176e+07 +/- 29049.9
 ============================>     TALLY 8     <============================

 Internal

