 ============================>     TALLY 1     <============================

 Universe 13
   Delayed Group 1
     Total Material
       Delayed-Nu-Fission Rate              0.000255427 +/- 9.36721e-08
   Delayed Group 2
     Total Material
       Delayed-Nu-Fission Rate              0.000684836 +/- 2.50116e-07
   Delayed Group 3
     Total Material
       Delayed-Nu-Fission Rate              0.000536744 +/- 1.94069e-07
   Delayed Group 4
     Total Material
       Delayed-Nu-Fission Rate              0.00107123 +/- 3.81985e-07
   Delayed Group 5
     Total Material
       Delayed-Nu-Fission Rate              0.000350383 +/- 1.24137e-07
   Delayed Group 6
     Total Material
       Delayed-Nu-Fission Rate              0.000127216 +/- 4.4323e-08
 ============================>     TALLY 2     <============================

 Universe 13
   Delayed Group 1
     Total Material
       Decay Rate                           -nan +/- 0
   Delayed Group 2
     Total Material
       Decay Rate                           -nan +/- 0
   Delayed Group 3
     Total Material
       Decay Rate                           -nan +/- 0
   Delayed Group 4
     Total Material
       Decay Rate                           -nan +/- 0
   Delayed Group 5
     Total Material
       Decay Rate                           -nan +/- 0
   Delayed Group 6
     Total Material
       Decay Rate                           -nan +/- 0
 ============================>     TALLY 3     <============================

 Universe 13
   Incoming Energy [0, 200000000)
     Total Material
       Nu-Fission Rate                      0.995757 +/- 0.000368847
 ============================>     TALLY 4     <============================

 Universe 13
   Delayed Group 1
     Incoming Energy [0, 200000000)
       Total Material
         Delayed-Nu-Fission Rate              0.000255427 +/- 9.36721e-08
   Delayed Group 2
     Incoming Energy [0, 200000000)
       Total Material
         Delayed-Nu-Fission Rate              0.000684836 +/- 2.50116e-07
   Delayed Group 3
     Incoming Energy [0, 200000000)
       Total Material
         Delayed-Nu-Fission Rate              0.000536744 +/- 1.94069e-07
   Delayed Group 4
     Incoming Energy [0, 200000000)
       Total Material
         Delayed-Nu-Fission Rate              0.00107123 +/- 3.81985e-07
   Delayed Group 5
     Incoming Energy [0, 200000000)
       Total Material
         Delayed-Nu-Fission Rate              0.000350383 +/- 1.24137e-07
   Delayed Group 6
     Incoming Energy [0, 200000000)
       Total Material
         Delayed-Nu-Fission Rate              0.000127216 +/- 4.4323e-08
 =================>     TALLY 5: BREEDING_RATIO_TALLY     <=================

 Universe 13
   U238
     (n,gamma)                            3.12882e-10 +/- 3.8961e-13
     Absorption Rate                      3.13844e-10 +/- 3.89633e-13
   Pu239
     (n,gamma)                            3.11808e-10 +/- 1.4178e-13
     Absorption Rate                      8.29409e-10 +/- 3.76036e-13
   Pu241
     (n,gamma)                            1.88354e-12 +/- 8.43324e-16
     Absorption Rate                      6.81356e-12 +/- 3.03013e-15
   U233
     (n,gamma)                            0.0484852 +/- 1.58845e-05
     Absorption Rate                      0.444865 +/- 0.000162731
   Pu238
     (n,gamma)                            3.08268e-09 +/- 1.62067e-12
     Absorption Rate                      3.29458e-09 +/- 1.68198e-12
   Th232
     (n,gamma)                            0.445856 +/- 0.000150524
     Absorption Rate                      0.447351 +/- 0.000150464
   Pu240
     (n,gamma)                            4.77018e-11 +/- 4.52675e-14
     Absorption Rate                      4.77453e-11 +/- 4.52763e-14
   U234
     (n,gamma)                            0.00636908 +/- 5.07472e-06
     Absorption Rate                      0.00640903 +/- 5.07785e-06
   U235
     (n,gamma)                            0.000188642 +/- 7.08126e-08
     Absorption Rate                      0.00104046 +/- 4.48949e-07
 ====================>     TALLY 6: FISSION_ENERGY     <====================

 Universe 13
   Total Material
     Kappa-Fission Rate                   7.61804e+07 +/- 28225.2
 =======================>     TALLY 7: HEATING     <========================

 Universe 13
   Total Material
     heating                              6.95081e+07 +/- 25263.3
 ============================>     TALLY 8     <============================

 Internal

