 ============================>     TALLY 1     <============================

 Universe 13
   Delayed Group 1
     Total Material
       Delayed-Nu-Fission Rate              0.000269563 +/- 9.10756e-08
   Delayed Group 2
     Total Material
       Delayed-Nu-Fission Rate              0.00072142 +/- 2.42836e-07
   Delayed Group 3
     Total Material
       Delayed-Nu-Fission Rate              0.000564865 +/- 1.88508e-07
   Delayed Group 4
     Total Material
       Delayed-Nu-Fission Rate              0.00112645 +/- 3.71519e-07
   Delayed Group 5
     Total Material
       Delayed-Nu-Fission Rate              0.000367943 +/- 1.20665e-07
   Delayed Group 6
     Total Material
       Delayed-Nu-Fission Rate              0.000133424 +/- 4.31361e-08
 ============================>     TALLY 2     <============================

 Universe 13
   Delayed Group 1
     Total Material
       Decay Rate                           -nan +/- 0
   Delayed Group 2
     Total Material
       Decay Rate                           2.5047e-05 +/- 8.43632e-09
   Delayed Group 3
     Total Material
       Decay Rate                           -nan +/- 0
   Delayed Group 4
     Total Material
       Decay Rate                           -nan +/- 0
   Delayed Group 5
     Total Material
       Decay Rate                           -nan +/- 0
   Delayed Group 6
     Total Material
       Decay Rate                           -nan +/- 0
 ============================>     TALLY 3     <============================

 Universe 13
   Incoming Energy [0, 200000000)
     Total Material
       Nu-Fission Rate                      1.05094 +/- 0.000358155
 ============================>     TALLY 4     <============================

 Universe 13
   Delayed Group 1
     Incoming Energy [0, 200000000)
       Total Material
         Delayed-Nu-Fission Rate              0.000269563 +/- 9.10756e-08
   Delayed Group 2
     Incoming Energy [0, 200000000)
       Total Material
         Delayed-Nu-Fission Rate              0.00072142 +/- 2.42836e-07
   Delayed Group 3
     Incoming Energy [0, 200000000)
       Total Material
         Delayed-Nu-Fission Rate              0.000564865 +/- 1.88508e-07
   Delayed Group 4
     Incoming Energy [0, 200000000)
       Total Material
         Delayed-Nu-Fission Rate              0.00112645 +/- 3.71519e-07
   Delayed Group 5
     Incoming Energy [0, 200000000)
       Total Material
         Delayed-Nu-Fission Rate              0.000367943 +/- 1.20665e-07
   Delayed Group 6
     Incoming Energy [0, 200000000)
       Total Material
         Delayed-Nu-Fission Rate              0.000133424 +/- 4.31361e-08
 =================>     TALLY 5: BREEDING_RATIO_TALLY     <=================

 Universe 13
   U235
     (n,gamma)                            9.141e-07 +/- 3.20643e-10
     Absorption Rate                      5.01826e-06 +/- 1.97316e-09
   Pu240
     (n,gamma)                            1.46918e-19 +/- 1.4124e-22
     Absorption Rate                      1.47053e-19 +/- 1.41269e-22
   U234
     (n,gamma)                            0.000428076 +/- 4.09581e-07
     Absorption Rate                      0.000430726 +/- 4.09896e-07
   Pu241
     (n,gamma)                            3.87291e-22 +/- 1.68152e-25
     Absorption Rate                      1.40069e-21 +/- 6.02047e-25
   U238
     (n,gamma)                            1.80231e-15 +/- 2.00307e-18
     Absorption Rate                      1.80796e-15 +/- 2.00328e-18
   Pu239
     (n,gamma)                            1.05533e-17 +/- 4.86374e-21
     Absorption Rate                      2.80601e-17 +/- 1.27591e-20
   U233
     (n,gamma)                            0.0515227 +/- 1.60442e-05
     Absorption Rate                      0.470792 +/- 0.000158922
   Th232
     (n,gamma)                            0.444269 +/- 0.000144844
     Absorption Rate                      0.445827 +/- 0.000144837
   Pu238
     (n,gamma)                            5.35767e-16 +/- 2.27443e-19
     Absorption Rate                      5.73019e-16 +/- 2.37281e-19
 ====================>     TALLY 6: FISSION_ENERGY     <====================

 Universe 13
   Total Material
     Kappa-Fission Rate                   8.03924e+07 +/- 27399.7
 =======================>     TALLY 7: HEATING     <========================

 Universe 13
   Total Material
     heating                              7.73637e+07 +/- 25496.9
 ============================>     TALLY 8     <============================

 Internal

 ============================>     TALLY 9     <============================

 Internal

 ===========================>     TALLY 10     <============================

 Internal

