 ============================>     TALLY 1     <============================

 Universe 13
   Delayed Group 1
     Total Material
       Delayed-Nu-Fission Rate              0.000271255 +/- 8.92819e-08
   Delayed Group 2
     Total Material
       Delayed-Nu-Fission Rate              0.000725952 +/- 2.38091e-07
   Delayed Group 3
     Total Material
       Delayed-Nu-Fission Rate              0.000568339 +/- 1.84873e-07
   Delayed Group 4
     Total Material
       Delayed-Nu-Fission Rate              0.00113314 +/- 3.64506e-07
   Delayed Group 5
     Total Material
       Delayed-Nu-Fission Rate              0.000370108 +/- 1.18422e-07
   Delayed Group 6
     Total Material
       Delayed-Nu-Fission Rate              0.000134177 +/- 4.23652e-08
 ============================>     TALLY 2     <============================

 Universe 13
   Delayed Group 1
     Total Material
       Decay Rate                           -nan +/- 0
   Delayed Group 2
     Total Material
       Decay Rate                           -nan +/- 0
   Delayed Group 3
     Total Material
       Decay Rate                           -nan +/- 0
   Delayed Group 4
     Total Material
       Decay Rate                           -nan +/- 0
   Delayed Group 5
     Total Material
       Decay Rate                           -nan +/- 0
   Delayed Group 6
     Total Material
       Decay Rate                           -nan +/- 0
 ============================>     TALLY 3     <============================

 Universe 13
   Incoming Energy [0, 200000000)
     Total Material
       Nu-Fission Rate                      1.05764 +/- 0.000350954
 ============================>     TALLY 4     <============================

 Universe 13
   Delayed Group 1
     Incoming Energy [0, 200000000)
       Total Material
         Delayed-Nu-Fission Rate              0.000271255 +/- 8.92819e-08
   Delayed Group 2
     Incoming Energy [0, 200000000)
       Total Material
         Delayed-Nu-Fission Rate              0.000725952 +/- 2.38091e-07
   Delayed Group 3
     Incoming Energy [0, 200000000)
       Total Material
         Delayed-Nu-Fission Rate              0.000568339 +/- 1.84873e-07
   Delayed Group 4
     Incoming Energy [0, 200000000)
       Total Material
         Delayed-Nu-Fission Rate              0.00113314 +/- 3.64506e-07
   Delayed Group 5
     Incoming Energy [0, 200000000)
       Total Material
         Delayed-Nu-Fission Rate              0.000370108 +/- 1.18422e-07
   Delayed Group 6
     Incoming Energy [0, 200000000)
       Total Material
         Delayed-Nu-Fission Rate              0.000134177 +/- 4.23652e-08
 =================>     TALLY 5: BREEDING_RATIO_TALLY     <=================

 Universe 13
   Pu240
     (n,gamma)                            9.52595e-16 +/- 8.78591e-19
     Absorption Rate                      9.53459e-16 +/- 8.78792e-19
   U235
     (n,gamma)                            9.26973e-06 +/- 2.87251e-09
     Absorption Rate                      5.10803e-05 +/- 1.86305e-08
   Th232
     (n,gamma)                            0.450062 +/- 0.000142786
     Absorption Rate                      0.45158 +/- 0.000142862
   Pu238
     (n,gamma)                            6.74375e-13 +/- 2.81851e-16
     Absorption Rate                      7.20772e-13 +/- 2.92627e-16
   U238
     (n,gamma)                            3.99437e-13 +/- 4.00369e-16
     Absorption Rate                      4.00666e-13 +/- 4.00392e-16
   Pu241
     (n,gamma)                            1.92373e-17 +/- 7.66813e-21
     Absorption Rate                      6.95805e-17 +/- 2.74257e-20
   U234
     (n,gamma)                            0.00136446 +/- 1.13801e-06
     Absorption Rate                      0.0013728 +/- 1.13922e-06
   U233
     (n,gamma)                            0.0516854 +/- 1.61277e-05
     Absorption Rate                      0.47365 +/- 0.000156092
   Pu239
     (n,gamma)                            2.48792e-14 +/- 1.04375e-17
     Absorption Rate                      6.61741e-14 +/- 2.74414e-17
 ====================>     TALLY 6: FISSION_ENERGY     <====================

 Universe 13
   Total Material
     Kappa-Fission Rate                   8.09081e+07 +/- 26852.2
 =======================>     TALLY 7: HEATING     <========================

 Universe 13
   Total Material
     heating                              7.82518e+07 +/- 25382.4
 ============================>     TALLY 8     <============================

 Internal

