 ============================>     TALLY 1     <============================

 Universe 13
   Delayed Group 1
     Total Material
       Delayed-Nu-Fission Rate              0.000261417 +/- 8.95749e-08
   Delayed Group 2
     Total Material
       Delayed-Nu-Fission Rate              0.000699807 +/- 2.38948e-07
   Delayed Group 3
     Total Material
       Delayed-Nu-Fission Rate              0.000548038 +/- 1.85613e-07
   Delayed Group 4
     Total Material
       Delayed-Nu-Fission Rate              0.00109308 +/- 3.66156e-07
   Delayed Group 5
     Total Material
       Delayed-Nu-Fission Rate              0.000357117 +/- 1.19003e-07
   Delayed Group 6
     Total Material
       Delayed-Nu-Fission Rate              0.00012953 +/- 4.2605e-08
 ============================>     TALLY 2     <============================

 Universe 13
   Delayed Group 1
     Total Material
       Decay Rate                           -nan +/- 0
   Delayed Group 2
     Total Material
       Decay Rate                           2.42958e-05 +/- 8.30069e-09
   Delayed Group 3
     Total Material
       Decay Rate                           -nan +/- 0
   Delayed Group 4
     Total Material
       Decay Rate                           -nan +/- 0
   Delayed Group 5
     Total Material
       Decay Rate                           -nan +/- 0
   Delayed Group 6
     Total Material
       Decay Rate                           -nan +/- 0
 ============================>     TALLY 3     <============================

 Universe 13
   Incoming Energy [0, 200000000)
     Total Material
       Nu-Fission Rate                      1.01903 +/- 0.000352008
 ============================>     TALLY 4     <============================

 Universe 13
   Delayed Group 1
     Incoming Energy [0, 200000000)
       Total Material
         Delayed-Nu-Fission Rate              0.000261417 +/- 8.95749e-08
   Delayed Group 2
     Incoming Energy [0, 200000000)
       Total Material
         Delayed-Nu-Fission Rate              0.000699807 +/- 2.38948e-07
   Delayed Group 3
     Incoming Energy [0, 200000000)
       Total Material
         Delayed-Nu-Fission Rate              0.000548038 +/- 1.85613e-07
   Delayed Group 4
     Incoming Energy [0, 200000000)
       Total Material
         Delayed-Nu-Fission Rate              0.00109308 +/- 3.66156e-07
   Delayed Group 5
     Incoming Energy [0, 200000000)
       Total Material
         Delayed-Nu-Fission Rate              0.000357117 +/- 1.19003e-07
   Delayed Group 6
     Incoming Energy [0, 200000000)
       Total Material
         Delayed-Nu-Fission Rate              0.00012953 +/- 4.2605e-08
 =================>     TALLY 5: BREEDING_RATIO_TALLY     <=================

 Universe 13
   U234
     (n,gamma)                            0.00238864 +/- 2.13463e-06
     Absorption Rate                      0.00240332 +/- 2.13702e-06
   Pu239
     (n,gamma)                            6.70211e-13 +/- 2.92229e-16
     Absorption Rate                      1.78286e-12 +/- 7.72857e-16
   Pu238
     (n,gamma)                            1.31023e-11 +/- 5.75166e-15
     Absorption Rate                      1.40011e-11 +/- 5.96813e-15
   Th232
     (n,gamma)                            0.449951 +/- 0.000131385
     Absorption Rate                      0.45146 +/- 0.00013137
   U238
     (n,gamma)                            4.18555e-12 +/- 4.23422e-15
     Absorption Rate                      4.19842e-12 +/- 4.23498e-15
   Pu241
     (n,gamma)                            5.89623e-16 +/- 2.49727e-19
     Absorption Rate                      2.13281e-15 +/- 8.82711e-19
   U233
     (n,gamma)                            0.0497089 +/- 1.62833e-05
     Absorption Rate                      0.456135 +/- 0.00015656
   U235
     (n,gamma)                            2.68245e-05 +/- 9.25824e-09
     Absorption Rate                      0.00014802 +/- 5.78266e-08
   Pu240
     (n,gamma)                            3.92562e-14 +/- 4.01181e-17
     Absorption Rate                      3.92919e-14 +/- 4.01269e-17
 ====================>     TALLY 6: FISSION_ENERGY     <====================

 Universe 13
   Total Material
     Kappa-Fission Rate                   7.79556e+07 +/- 26933
 =======================>     TALLY 7: HEATING     <========================

 Universe 13
   Total Material
     heating                              7.27072e+07 +/- 24524.2
 ============================>     TALLY 8     <============================

 Internal

