 ============================>     TALLY 1     <============================

 Universe 13
   Delayed Group 1
     Total Material
       Delayed-Nu-Fission Rate              0.000261996 +/- 9.51296e-08
   Delayed Group 2
     Total Material
       Delayed-Nu-Fission Rate              0.000702668 +/- 2.54148e-07
   Delayed Group 3
     Total Material
       Delayed-Nu-Fission Rate              0.000550774 +/- 1.97349e-07
   Delayed Group 4
     Total Material
       Delayed-Nu-Fission Rate              0.00109925 +/- 3.88839e-07
   Delayed Group 5
     Total Material
       Delayed-Nu-Fission Rate              0.000359623 +/- 1.2645e-07
   Delayed Group 6
     Total Material
       Delayed-Nu-Fission Rate              0.000130581 +/- 4.52137e-08
 ============================>     TALLY 2     <============================

 Universe 13
   Delayed Group 1
     Total Material
       Decay Rate                           -nan +/- 0
   Delayed Group 2
     Total Material
       Decay Rate                           2.43897e-05 +/- 8.82738e-09
   Delayed Group 3
     Total Material
       Decay Rate                           -nan +/- 0
   Delayed Group 4
     Total Material
       Decay Rate                           -nan +/- 0
   Delayed Group 5
     Total Material
       Decay Rate                           -nan +/- 0
   Delayed Group 6
     Total Material
       Decay Rate                           -nan +/- 0
 ============================>     TALLY 3     <============================

 Universe 13
   Incoming Energy [0, 200000000)
     Total Material
       Nu-Fission Rate                      1.0215 +/- 0.00037443
 ============================>     TALLY 4     <============================

 Universe 13
   Delayed Group 1
     Incoming Energy [0, 200000000)
       Total Material
         Delayed-Nu-Fission Rate              0.000261996 +/- 9.51296e-08
   Delayed Group 2
     Incoming Energy [0, 200000000)
       Total Material
         Delayed-Nu-Fission Rate              0.000702668 +/- 2.54148e-07
   Delayed Group 3
     Incoming Energy [0, 200000000)
       Total Material
         Delayed-Nu-Fission Rate              0.000550774 +/- 1.97349e-07
   Delayed Group 4
     Incoming Energy [0, 200000000)
       Total Material
         Delayed-Nu-Fission Rate              0.00109925 +/- 3.88839e-07
   Delayed Group 5
     Incoming Energy [0, 200000000)
       Total Material
         Delayed-Nu-Fission Rate              0.000359623 +/- 1.2645e-07
   Delayed Group 6
     Incoming Energy [0, 200000000)
       Total Material
         Delayed-Nu-Fission Rate              0.000130581 +/- 4.52137e-08
 =================>     TALLY 5: BREEDING_RATIO_TALLY     <=================

 Universe 13
   U234
     (n,gamma)                            0.0067102 +/- 5.59542e-06
     Absorption Rate                      0.00675148 +/- 5.59809e-06
   U233
     (n,gamma)                            0.049582 +/- 1.74047e-05
     Absorption Rate                      0.456063 +/- 0.000166565
   Pu239
     (n,gamma)                            7.09534e-10 +/- 3.23735e-13
     Absorption Rate                      1.88804e-09 +/- 8.56023e-13
   Th232
     (n,gamma)                            0.459042 +/- 0.000139168
     Absorption Rate                      0.460562 +/- 0.000139146
   Pu240
     (n,gamma)                            1.24847e-10 +/- 1.12482e-13
     Absorption Rate                      1.2496e-10 +/- 1.12501e-13
   Pu238
     (n,gamma)                            6.27006e-09 +/- 2.73838e-12
     Absorption Rate                      6.69591e-09 +/- 2.84723e-12
   U238
     (n,gamma)                            5.22887e-10 +/- 5.33694e-13
     Absorption Rate                      5.24484e-10 +/- 5.3368e-13
   Pu241
     (n,gamma)                            5.62108e-12 +/- 2.46681e-15
     Absorption Rate                      2.03354e-11 +/- 8.80338e-15
   U235
     (n,gamma)                            0.000231066 +/- 8.17394e-08
     Absorption Rate                      0.00127971 +/- 5.1821e-07
 ====================>     TALLY 6: FISSION_ENERGY     <====================

 Universe 13
   Total Material
     Kappa-Fission Rate                   7.81516e+07 +/- 28650.6
 =======================>     TALLY 7: HEATING     <========================

 Universe 13
   Total Material
     heating                              7.3077e+07 +/- 26234.2
 ============================>     TALLY 8     <============================

 Internal

