 ============================>     TALLY 1     <============================

 Universe 13
   Delayed Group 1
     Total Material
       Delayed-Nu-Fission Rate              0.000259267 +/- 9.93691e-08
   Delayed Group 2
     Total Material
       Delayed-Nu-Fission Rate              0.000696256 +/- 2.66093e-07
   Delayed Group 3
     Total Material
       Delayed-Nu-Fission Rate              0.000546113 +/- 2.07215e-07
   Delayed Group 4
     Total Material
       Delayed-Nu-Fission Rate              0.00109051 +/- 4.0972e-07
   Delayed Group 5
     Total Material
       Delayed-Nu-Fission Rate              0.000357111 +/- 1.33574e-07
   Delayed Group 6
     Total Material
       Delayed-Nu-Fission Rate              0.000129778 +/- 4.79806e-08
 ============================>     TALLY 2     <============================

 Universe 13
   Delayed Group 1
     Total Material
       Decay Rate                           -nan +/- 0
   Delayed Group 2
     Total Material
       Decay Rate                           2.41634e-05 +/- 9.23928e-09
   Delayed Group 3
     Total Material
       Decay Rate                           -nan +/- 0
   Delayed Group 4
     Total Material
       Decay Rate                           -nan +/- 0
   Delayed Group 5
     Total Material
       Decay Rate                           -nan +/- 0
   Delayed Group 6
     Total Material
       Decay Rate                           -nan +/- 0
 ============================>     TALLY 3     <============================

 Universe 13
   Incoming Energy [0, 200000000)
     Total Material
       Nu-Fission Rate                      1.01093 +/- 0.000390273
 ============================>     TALLY 4     <============================

 Universe 13
   Delayed Group 1
     Incoming Energy [0, 200000000)
       Total Material
         Delayed-Nu-Fission Rate              0.000259267 +/- 9.93691e-08
   Delayed Group 2
     Incoming Energy [0, 200000000)
       Total Material
         Delayed-Nu-Fission Rate              0.000696256 +/- 2.66093e-07
   Delayed Group 3
     Incoming Energy [0, 200000000)
       Total Material
         Delayed-Nu-Fission Rate              0.000546113 +/- 2.07215e-07
   Delayed Group 4
     Incoming Energy [0, 200000000)
       Total Material
         Delayed-Nu-Fission Rate              0.00109051 +/- 4.0972e-07
   Delayed Group 5
     Incoming Energy [0, 200000000)
       Total Material
         Delayed-Nu-Fission Rate              0.000357111 +/- 1.33574e-07
   Delayed Group 6
     Incoming Energy [0, 200000000)
       Total Material
         Delayed-Nu-Fission Rate              0.000129778 +/- 4.79806e-08
 =================>     TALLY 5: BREEDING_RATIO_TALLY     <=================

 Universe 13
   Pu240
     (n,gamma)                            6.90626e-10 +/- 6.31526e-13
     Absorption Rate                      6.91243e-10 +/- 6.31691e-13
   Th232
     (n,gamma)                            0.461869 +/- 0.00014523
     Absorption Rate                      0.46339 +/- 0.000145256
   U238
     (n,gamma)                            1.48684e-09 +/- 1.47745e-12
     Absorption Rate                      1.49137e-09 +/- 1.47797e-12
   U233
     (n,gamma)                            0.0489292 +/- 1.76942e-05
     Absorption Rate                      0.450563 +/- 0.000172843
   Pu241
     (n,gamma)                            3.92757e-11 +/- 1.81859e-14
     Absorption Rate                      1.42092e-10 +/- 6.4935e-14
   Pu239
     (n,gamma)                            3.11817e-09 +/- 1.48594e-12
     Absorption Rate                      8.29858e-09 +/- 3.92483e-12
   U235
     (n,gamma)                            0.00036696 +/- 1.36487e-07
     Absorption Rate                      0.00203545 +/- 8.60615e-07
   U234
     (n,gamma)                            0.00843362 +/- 7.2437e-06
     Absorption Rate                      0.00848559 +/- 7.25117e-06
   Pu238
     (n,gamma)                            2.31641e-08 +/- 1.0694e-11
     Absorption Rate                      2.47313e-08 +/- 1.11196e-11
 ====================>     TALLY 6: FISSION_ENERGY     <====================

 Universe 13
   Total Material
     Kappa-Fission Rate                   7.73476e+07 +/- 29866.6
 =======================>     TALLY 7: HEATING     <========================

 Universe 13
   Total Material
     heating                              7.15243e+07 +/- 27942.9
 ============================>     TALLY 8     <============================

 Internal

