 ============================>     TALLY 1     <============================

 Universe 13
   Delayed Group 1
     Total Material
       Delayed-Nu-Fission Rate              0.000261841 +/- 9.65614e-08
   Delayed Group 2
     Total Material
       Delayed-Nu-Fission Rate              0.000702288 +/- 2.58135e-07
   Delayed Group 3
     Total Material
       Delayed-Nu-Fission Rate              0.000550491 +/- 2.00725e-07
   Delayed Group 4
     Total Material
       Delayed-Nu-Fission Rate              0.0010987 +/- 3.96249e-07
   Delayed Group 5
     Total Material
       Delayed-Nu-Fission Rate              0.000359458 +/- 1.2898e-07
   Delayed Group 6
     Total Material
       Delayed-Nu-Fission Rate              0.000130525 +/- 4.62262e-08
 ============================>     TALLY 2     <============================

 Universe 13
   Delayed Group 1
     Total Material
       Decay Rate                           -nan +/- 0
   Delayed Group 2
     Total Material
       Decay Rate                           2.43764e-05 +/- 8.96491e-09
   Delayed Group 3
     Total Material
       Decay Rate                           -nan +/- 0
   Delayed Group 4
     Total Material
       Decay Rate                           -nan +/- 0
   Delayed Group 5
     Total Material
       Decay Rate                           -nan +/- 0
   Delayed Group 6
     Total Material
       Decay Rate                           -nan +/- 0
 ============================>     TALLY 3     <============================

 Universe 13
   Incoming Energy [0, 200000000)
     Total Material
       Nu-Fission Rate                      1.0209 +/- 0.000379566
 ============================>     TALLY 4     <============================

 Universe 13
   Delayed Group 1
     Incoming Energy [0, 200000000)
       Total Material
         Delayed-Nu-Fission Rate              0.000261841 +/- 9.65614e-08
   Delayed Group 2
     Incoming Energy [0, 200000000)
       Total Material
         Delayed-Nu-Fission Rate              0.000702288 +/- 2.58135e-07
   Delayed Group 3
     Incoming Energy [0, 200000000)
       Total Material
         Delayed-Nu-Fission Rate              0.000550491 +/- 2.00725e-07
   Delayed Group 4
     Incoming Energy [0, 200000000)
       Total Material
         Delayed-Nu-Fission Rate              0.0010987 +/- 3.96249e-07
   Delayed Group 5
     Incoming Energy [0, 200000000)
       Total Material
         Delayed-Nu-Fission Rate              0.000359458 +/- 1.2898e-07
   Delayed Group 6
     Incoming Energy [0, 200000000)
       Total Material
         Delayed-Nu-Fission Rate              0.000130525 +/- 4.62262e-08
 =================>     TALLY 5: BREEDING_RATIO_TALLY     <=================

 Universe 13
   U234
     (n,gamma)                            0.0067829 +/- 5.78569e-06
     Absorption Rate                      0.00682461 +/- 5.79021e-06
   U233
     (n,gamma)                            0.0495394 +/- 1.70992e-05
     Absorption Rate                      0.455757 +/- 0.000168154
   Pu239
     (n,gamma)                            7.61168e-10 +/- 3.46873e-13
     Absorption Rate                      2.02545e-09 +/- 9.15641e-13
   Th232
     (n,gamma)                            0.459021 +/- 0.000136773
     Absorption Rate                      0.46054 +/- 0.00013684
   Pu240
     (n,gamma)                            1.35515e-10 +/- 1.26041e-13
     Absorption Rate                      1.35637e-10 +/- 1.26069e-13
   Pu238
     (n,gamma)                            6.67176e-09 +/- 3.09839e-12
     Absorption Rate                      7.12455e-09 +/- 3.22657e-12
   U238
     (n,gamma)                            5.48866e-10 +/- 5.41793e-13
     Absorption Rate                      5.50543e-10 +/- 5.41779e-13
   Pu241
     (n,gamma)                            6.1654e-12 +/- 2.69686e-15
     Absorption Rate                      2.23033e-11 +/- 9.69856e-15
   U235
     (n,gamma)                            0.000236166 +/- 8.31247e-08
     Absorption Rate                      0.00130822 +/- 5.3069e-07
 ====================>     TALLY 6: FISSION_ENERGY     <====================

 Universe 13
   Total Material
     Kappa-Fission Rate                   7.81058e+07 +/- 29042.9
 =======================>     TALLY 7: HEATING     <========================

 Universe 13
   Total Material
     heating                              7.29597e+07 +/- 26289.2
 ============================>     TALLY 8     <============================

 Internal

