 ============================>     TALLY 1     <============================

 Universe 13
   Delayed Group 1
     Total Material
       Delayed-Nu-Fission Rate              0.000264166 +/- 9.88052e-08
   Delayed Group 2
     Total Material
       Delayed-Nu-Fission Rate              0.000707045 +/- 2.63647e-07
   Delayed Group 3
     Total Material
       Delayed-Nu-Fission Rate              0.000553635 +/- 2.0499e-07
   Delayed Group 4
     Total Material
       Delayed-Nu-Fission Rate              0.0011041 +/- 4.04893e-07
   Delayed Group 5
     Total Material
       Delayed-Nu-Fission Rate              0.000360665 +/- 1.31657e-07
   Delayed Group 6
     Total Material
       Delayed-Nu-Fission Rate              0.000130793 +/- 4.71988e-08
 ============================>     TALLY 2     <============================

 Universe 13
   Delayed Group 1
     Total Material
       Decay Rate                           -nan +/- 0
   Delayed Group 2
     Total Material
       Decay Rate                           2.45476e-05 +/- 9.15817e-09
   Delayed Group 3
     Total Material
       Decay Rate                           -nan +/- 0
   Delayed Group 4
     Total Material
       Decay Rate                           -nan +/- 0
   Delayed Group 5
     Total Material
       Decay Rate                           -nan +/- 0
   Delayed Group 6
     Total Material
       Decay Rate                           -nan +/- 0
 ============================>     TALLY 3     <============================

 Universe 13
   Incoming Energy [0, 200000000)
     Total Material
       Nu-Fission Rate                      1.0298 +/- 0.00038787
 ============================>     TALLY 4     <============================

 Universe 13
   Delayed Group 1
     Incoming Energy [0, 200000000)
       Total Material
         Delayed-Nu-Fission Rate              0.000264166 +/- 9.88052e-08
   Delayed Group 2
     Incoming Energy [0, 200000000)
       Total Material
         Delayed-Nu-Fission Rate              0.000707045 +/- 2.63647e-07
   Delayed Group 3
     Incoming Energy [0, 200000000)
       Total Material
         Delayed-Nu-Fission Rate              0.000553635 +/- 2.0499e-07
   Delayed Group 4
     Incoming Energy [0, 200000000)
       Total Material
         Delayed-Nu-Fission Rate              0.0011041 +/- 4.04893e-07
   Delayed Group 5
     Incoming Energy [0, 200000000)
       Total Material
         Delayed-Nu-Fission Rate              0.000360665 +/- 1.31657e-07
   Delayed Group 6
     Incoming Energy [0, 200000000)
       Total Material
         Delayed-Nu-Fission Rate              0.000130793 +/- 4.71988e-08
 =================>     TALLY 5: BREEDING_RATIO_TALLY     <=================

 Universe 13
   U234
     (n,gamma)                            0.00154771 +/- 1.38602e-06
     Absorption Rate                      0.0015572 +/- 1.3873e-06
   Pu239
     (n,gamma)                            4.37267e-14 +/- 2.0066e-17
     Absorption Rate                      1.16312e-13 +/- 5.32004e-17
   Pu238
     (n,gamma)                            1.11921e-12 +/- 5.50546e-16
     Absorption Rate                      1.19609e-12 +/- 5.75002e-16
   Th232
     (n,gamma)                            0.450049 +/- 0.000139473
     Absorption Rate                      0.451561 +/- 0.000139504
   U238
     (n,gamma)                            6.13759e-13 +/- 6.18886e-16
     Absorption Rate                      6.15646e-13 +/- 6.18985e-16
   Pu241
     (n,gamma)                            2.78225e-17 +/- 1.2522e-20
     Absorption Rate                      1.00639e-16 +/- 4.49318e-20
   U233
     (n,gamma)                            0.0502764 +/- 1.71364e-05
     Absorption Rate                      0.461085 +/- 0.000171915
   U235
     (n,gamma)                            1.13963e-05 +/- 4.27308e-09
     Absorption Rate                      6.28532e-05 +/- 2.69243e-08
   Pu240
     (n,gamma)                            1.75456e-15 +/- 1.64653e-18
     Absorption Rate                      1.75615e-15 +/- 1.64688e-18
 ====================>     TALLY 6: FISSION_ENERGY     <====================

 Universe 13
   Total Material
     Kappa-Fission Rate                   7.87786e+07 +/- 29676.4
 =======================>     TALLY 7: HEATING     <========================

 Universe 13
   Total Material
     heating                              7.42283e+07 +/- 28298.3
 ============================>     TALLY 8     <============================

 Internal

