 ============================>     TALLY 1     <============================

 Universe 13
   Delayed Group 1
     Total Material
       Delayed-Nu-Fission Rate              0.000267045 +/- 9.61984e-08
   Delayed Group 2
     Total Material
       Delayed-Nu-Fission Rate              0.000714687 +/- 2.56635e-07
   Delayed Group 3
     Total Material
       Delayed-Nu-Fission Rate              0.000559571 +/- 1.99463e-07
   Delayed Group 4
     Total Material
       Delayed-Nu-Fission Rate              0.00111583 +/- 3.93767e-07
   Delayed Group 5
     Total Material
       Delayed-Nu-Fission Rate              0.000364467 +/- 1.27998e-07
   Delayed Group 6
     Total Material
       Delayed-Nu-Fission Rate              0.000132155 +/- 4.5852e-08
 ============================>     TALLY 2     <============================

 Universe 13
   Delayed Group 1
     Total Material
       Decay Rate                           -nan +/- 0
   Delayed Group 2
     Total Material
       Decay Rate                           2.48132e-05 +/- 8.9149e-09
   Delayed Group 3
     Total Material
       Decay Rate                           -nan +/- 0
   Delayed Group 4
     Total Material
       Decay Rate                           -nan +/- 0
   Delayed Group 5
     Total Material
       Decay Rate                           -nan +/- 0
   Delayed Group 6
     Total Material
       Decay Rate                           -nan +/- 0
 ============================>     TALLY 3     <============================

 Universe 13
   Incoming Energy [0, 200000000)
     Total Material
       Nu-Fission Rate                      1.04108 +/- 0.000377769
 ============================>     TALLY 4     <============================

 Universe 13
   Delayed Group 1
     Incoming Energy [0, 200000000)
       Total Material
         Delayed-Nu-Fission Rate              0.000267045 +/- 9.61984e-08
   Delayed Group 2
     Incoming Energy [0, 200000000)
       Total Material
         Delayed-Nu-Fission Rate              0.000714687 +/- 2.56635e-07
   Delayed Group 3
     Incoming Energy [0, 200000000)
       Total Material
         Delayed-Nu-Fission Rate              0.000559571 +/- 1.99463e-07
   Delayed Group 4
     Incoming Energy [0, 200000000)
       Total Material
         Delayed-Nu-Fission Rate              0.00111583 +/- 3.93767e-07
   Delayed Group 5
     Incoming Energy [0, 200000000)
       Total Material
         Delayed-Nu-Fission Rate              0.000364467 +/- 1.27998e-07
   Delayed Group 6
     Incoming Energy [0, 200000000)
       Total Material
         Delayed-Nu-Fission Rate              0.000132155 +/- 4.5852e-08
 =================>     TALLY 5: BREEDING_RATIO_TALLY     <=================

 Universe 13
   U234
     (n,gamma)                            0.000899537 +/- 7.48913e-07
     Absorption Rate                      0.000905034 +/- 7.49291e-07
   Pu239
     (n,gamma)                            1.326e-15 +/- 6.53584e-19
     Absorption Rate                      3.52684e-15 +/- 1.71076e-18
   Pu238
     (n,gamma)                            4.56127e-14 +/- 2.11612e-17
     Absorption Rate                      4.87541e-14 +/- 2.20136e-17
   Th232
     (n,gamma)                            0.449263 +/- 0.000134267
     Absorption Rate                      0.45078 +/- 0.000134358
   U238
     (n,gamma)                            5.21652e-14 +/- 5.50236e-17
     Absorption Rate                      5.23261e-14 +/- 5.50294e-17
   Pu241
     (n,gamma)                            1.14717e-17 +/- 5.26226e-21
     Absorption Rate                      4.14939e-17 +/- 1.86873e-20
   U233
     (n,gamma)                            0.0508822 +/- 1.75191e-05
     Absorption Rate                      0.46624 +/- 0.000168244
   U235
     (n,gamma)                            3.88167e-06 +/- 1.38005e-09
     Absorption Rate                      2.13854e-05 +/- 8.72289e-09
   Pu240
     (n,gamma)                            8.25795e-17 +/- 7.18827e-20
     Absorption Rate                      8.26547e-17 +/- 7.18974e-20
 ====================>     TALLY 6: FISSION_ENERGY     <====================

 Universe 13
   Total Material
     Kappa-Fission Rate                   7.96414e+07 +/- 28903.4
 =======================>     TALLY 7: HEATING     <========================

 Universe 13
   Total Material
     heating                              7.58786e+07 +/- 26743.5
 ============================>     TALLY 8     <============================

 Internal

