 ============================>     TALLY 1     <============================

 Universe 13
   Delayed Group 1
     Total Material
       Delayed-Nu-Fission Rate              0.000263392 +/- 9.1942e-08
   Delayed Group 2
     Total Material
       Delayed-Nu-Fission Rate              0.000704999 +/- 2.45265e-07
   Delayed Group 3
     Total Material
       Delayed-Nu-Fission Rate              0.000552048 +/- 1.90569e-07
   Delayed Group 4
     Total Material
       Delayed-Nu-Fission Rate              0.00110097 +/- 3.76078e-07
   Delayed Group 5
     Total Material
       Delayed-Nu-Fission Rate              0.000359654 +/- 1.2224e-07
   Delayed Group 6
     Total Material
       Delayed-Nu-Fission Rate              0.000130431 +/- 4.37819e-08
 ============================>     TALLY 2     <============================

 Universe 13
   Delayed Group 1
     Total Material
       Decay Rate                           -nan +/- 0
   Delayed Group 2
     Total Material
       Decay Rate                           -nan +/- 0
   Delayed Group 3
     Total Material
       Decay Rate                           -nan +/- 0
   Delayed Group 4
     Total Material
       Decay Rate                           -nan +/- 0
   Delayed Group 5
     Total Material
       Decay Rate                           -nan +/- 0
   Delayed Group 6
     Total Material
       Decay Rate                           -nan +/- 0
 ============================>     TALLY 3     <============================

 Universe 13
   Incoming Energy [0, 200000000)
     Total Material
       Nu-Fission Rate                      1.02677 +/- 0.00036113
 ============================>     TALLY 4     <============================

 Universe 13
   Delayed Group 1
     Incoming Energy [0, 200000000)
       Total Material
         Delayed-Nu-Fission Rate              0.000263392 +/- 9.1942e-08
   Delayed Group 2
     Incoming Energy [0, 200000000)
       Total Material
         Delayed-Nu-Fission Rate              0.000704999 +/- 2.45265e-07
   Delayed Group 3
     Incoming Energy [0, 200000000)
       Total Material
         Delayed-Nu-Fission Rate              0.000552048 +/- 1.90569e-07
   Delayed Group 4
     Incoming Energy [0, 200000000)
       Total Material
         Delayed-Nu-Fission Rate              0.00110097 +/- 3.76078e-07
   Delayed Group 5
     Incoming Energy [0, 200000000)
       Total Material
         Delayed-Nu-Fission Rate              0.000359654 +/- 1.2224e-07
   Delayed Group 6
     Incoming Energy [0, 200000000)
       Total Material
         Delayed-Nu-Fission Rate              0.000130431 +/- 4.37819e-08
 =================>     TALLY 5: BREEDING_RATIO_TALLY     <=================

 Universe 13
   U234
     (n,gamma)                            0.00173556 +/- 1.46936e-06
     Absorption Rate                      0.00174619 +/- 1.47044e-06
   Pu239
     (n,gamma)                            8.99667e-14 +/- 3.80743e-17
     Absorption Rate                      2.3931e-13 +/- 1.00789e-16
   Pu238
     (n,gamma)                            2.14915e-12 +/- 9.77308e-16
     Absorption Rate                      2.29665e-12 +/- 1.01763e-15
   Th232
     (n,gamma)                            0.449981 +/- 0.000150949
     Absorption Rate                      0.451492 +/- 0.00015102
   U238
     (n,gamma)                            1.01813e-12 +/- 1.1125e-15
     Absorption Rate                      1.02126e-12 +/- 1.11233e-15
   Pu241
     (n,gamma)                            5.32911e-17 +/- 2.21406e-20
     Absorption Rate                      1.92761e-16 +/- 7.95377e-20
   U233
     (n,gamma)                            0.0501186 +/- 1.64996e-05
     Absorption Rate                      0.4597 +/- 0.000160496
   U235
     (n,gamma)                            1.42743e-05 +/- 4.8798e-09
     Absorption Rate                      7.87308e-05 +/- 3.11757e-08
   Pu240
     (n,gamma)                            3.94223e-15 +/- 3.73379e-18
     Absorption Rate                      3.94581e-15 +/- 3.73469e-18
 ====================>     TALLY 6: FISSION_ENERGY     <====================

 Universe 13
   Total Material
     Kappa-Fission Rate                   7.8547e+07 +/- 27632.4
 =======================>     TALLY 7: HEATING     <========================

 Universe 13
   Total Material
     heating                              7.37753e+07 +/- 25466.3
 ============================>     TALLY 8     <============================

 Internal

