 ============================>     TALLY 1     <============================

 Universe 13
   Delayed Group 1
     Total Material
       Delayed-Nu-Fission Rate              0.000266033 +/- 9.0367e-08
   Delayed Group 2
     Total Material
       Delayed-Nu-Fission Rate              0.000712561 +/- 2.41452e-07
   Delayed Group 3
     Total Material
       Delayed-Nu-Fission Rate              0.000558135 +/- 1.8804e-07
   Delayed Group 4
     Total Material
       Delayed-Nu-Fission Rate              0.0011133 +/- 3.72171e-07
   Delayed Group 5
     Total Material
       Delayed-Nu-Fission Rate              0.000363861 +/- 1.21194e-07
   Delayed Group 6
     Total Material
       Delayed-Nu-Fission Rate              0.000132001 +/- 4.35666e-08
 ============================>     TALLY 2     <============================

 Universe 13
   Delayed Group 1
     Total Material
       Decay Rate                           -nan +/- 0
   Delayed Group 2
     Total Material
       Decay Rate                           2.4737e-05 +/- 8.38566e-09
   Delayed Group 3
     Total Material
       Decay Rate                           -nan +/- 0
   Delayed Group 4
     Total Material
       Decay Rate                           -nan +/- 0
   Delayed Group 5
     Total Material
       Decay Rate                           -nan +/- 0
   Delayed Group 6
     Total Material
       Decay Rate                           -nan +/- 0
 ============================>     TALLY 3     <============================

 Universe 13
   Incoming Energy [0, 200000000)
     Total Material
       Nu-Fission Rate                      1.03721 +/- 0.000354329
 ============================>     TALLY 4     <============================

 Universe 13
   Delayed Group 1
     Incoming Energy [0, 200000000)
       Total Material
         Delayed-Nu-Fission Rate              0.000266033 +/- 9.0367e-08
   Delayed Group 2
     Incoming Energy [0, 200000000)
       Total Material
         Delayed-Nu-Fission Rate              0.000712561 +/- 2.41452e-07
   Delayed Group 3
     Incoming Energy [0, 200000000)
       Total Material
         Delayed-Nu-Fission Rate              0.000558135 +/- 1.8804e-07
   Delayed Group 4
     Incoming Energy [0, 200000000)
       Total Material
         Delayed-Nu-Fission Rate              0.0011133 +/- 3.72171e-07
   Delayed Group 5
     Incoming Energy [0, 200000000)
       Total Material
         Delayed-Nu-Fission Rate              0.000363861 +/- 1.21194e-07
   Delayed Group 6
     Incoming Energy [0, 200000000)
       Total Material
         Delayed-Nu-Fission Rate              0.000132001 +/- 4.35666e-08
 =================>     TALLY 5: BREEDING_RATIO_TALLY     <=================

 Universe 13
   Pu238
     (n,gamma)                            4.94151e-10 +/- 2.01589e-13
     Absorption Rate                      5.27882e-10 +/- 2.1074e-13
   U238
     (n,gamma)                            6.93645e-11 +/- 7.42598e-14
     Absorption Rate                      6.95773e-11 +/- 7.42663e-14
   Th232
     (n,gamma)                            0.455104 +/- 0.000130396
     Absorption Rate                      0.456623 +/- 0.000130562
   U235
     (n,gamma)                            9.31204e-05 +/- 2.99255e-08
     Absorption Rate                      0.000514694 +/- 1.92954e-07
   Pu241
     (n,gamma)                            1.26372e-13 +/- 5.23997e-17
     Absorption Rate                      4.57141e-13 +/- 1.88741e-16
   U234
     (n,gamma)                            0.00428454 +/- 4.0197e-06
     Absorption Rate                      0.00431082 +/- 4.02377e-06
   U233
     (n,gamma)                            0.0505044 +/- 1.67492e-05
     Absorption Rate                      0.463901 +/- 0.00015775
   Pu239
     (n,gamma)                            3.98207e-11 +/- 1.68023e-14
     Absorption Rate                      1.05942e-10 +/- 4.42021e-14
   Pu240
     (n,gamma)                            4.48109e-12 +/- 4.31361e-15
     Absorption Rate                      4.48513e-12 +/- 4.31463e-15
 ====================>     TALLY 6: FISSION_ENERGY     <====================

 Universe 13
   Total Material
     Kappa-Fission Rate                   7.93484e+07 +/- 27111.6
 =======================>     TALLY 7: HEATING     <========================

 Universe 13
   Total Material
     heating                              7.52983e+07 +/- 25473.6
 ============================>     TALLY 8     <============================

 Internal

