 ============================>     TALLY 1     <============================

 Universe 13
   Delayed Group 1
     Total Material
       Delayed-Nu-Fission Rate              0.000264609 +/- 9.38057e-08
   Delayed Group 2
     Total Material
       Delayed-Nu-Fission Rate              0.000708561 +/- 2.50405e-07
   Delayed Group 3
     Total Material
       Delayed-Nu-Fission Rate              0.000555009 +/- 1.94718e-07
   Delayed Group 4
     Total Material
       Delayed-Nu-Fission Rate              0.0011072 +/- 3.84625e-07
   Delayed Group 5
     Total Material
       Delayed-Nu-Fission Rate              0.000361821 +/- 1.25102e-07
   Delayed Group 6
     Total Material
       Delayed-Nu-Fission Rate              0.000131273 +/- 4.4858e-08
 ============================>     TALLY 2     <============================

 Universe 13
   Delayed Group 1
     Total Material
       Decay Rate                           -nan +/- 0
   Delayed Group 2
     Total Material
       Decay Rate                           -nan +/- 0
   Delayed Group 3
     Total Material
       Decay Rate                           -nan +/- 0
   Delayed Group 4
     Total Material
       Decay Rate                           -nan +/- 0
   Delayed Group 5
     Total Material
       Decay Rate                           -nan +/- 0
   Delayed Group 6
     Total Material
       Decay Rate                           -nan +/- 0
 ============================>     TALLY 3     <============================

 Universe 13
   Incoming Energy [0, 200000000)
     Total Material
       Nu-Fission Rate                      1.03152 +/- 0.000368329
 ============================>     TALLY 4     <============================

 Universe 13
   Delayed Group 1
     Incoming Energy [0, 200000000)
       Total Material
         Delayed-Nu-Fission Rate              0.000264609 +/- 9.38057e-08
   Delayed Group 2
     Incoming Energy [0, 200000000)
       Total Material
         Delayed-Nu-Fission Rate              0.000708561 +/- 2.50405e-07
   Delayed Group 3
     Incoming Energy [0, 200000000)
       Total Material
         Delayed-Nu-Fission Rate              0.000555009 +/- 1.94718e-07
   Delayed Group 4
     Incoming Energy [0, 200000000)
       Total Material
         Delayed-Nu-Fission Rate              0.0011072 +/- 3.84625e-07
   Delayed Group 5
     Incoming Energy [0, 200000000)
       Total Material
         Delayed-Nu-Fission Rate              0.000361821 +/- 1.25102e-07
   Delayed Group 6
     Incoming Energy [0, 200000000)
       Total Material
         Delayed-Nu-Fission Rate              0.000131273 +/- 4.4858e-08
 =================>     TALLY 5: BREEDING_RATIO_TALLY     <=================

 Universe 13
   U235
     (n,gamma)                            5.57546e-05 +/- 1.94706e-08
     Absorption Rate                      0.000306945 +/- 1.2178e-07
   Pu240
     (n,gamma)                            7.03084e-13 +/- 6.02122e-16
     Absorption Rate                      7.03725e-13 +/- 6.02263e-16
   U234
     (n,gamma)                            0.00330906 +/- 2.89905e-06
     Absorption Rate                      0.00332965 +/- 2.90137e-06
   Pu241
     (n,gamma)                            1.52101e-14 +/- 6.42887e-18
     Absorption Rate                      5.50139e-14 +/- 2.28526e-17
   U238
     (n,gamma)                            2.29962e-11 +/- 2.36325e-14
     Absorption Rate                      2.30683e-11 +/- 2.36392e-14
   Pu239
     (n,gamma)                            7.98296e-12 +/- 3.50398e-15
     Absorption Rate                      2.1231e-11 +/- 9.22785e-15
   U233
     (n,gamma)                            0.0504152 +/- 1.63531e-05
     Absorption Rate                      0.461652 +/- 0.000163137
   Th232
     (n,gamma)                            0.448937 +/- 0.00013693
     Absorption Rate                      0.450496 +/- 0.00013698
   Pu238
     (n,gamma)                            1.19402e-10 +/- 5.38718e-14
     Absorption Rate                      1.27646e-10 +/- 5.59736e-14
 ====================>     TALLY 6: FISSION_ENERGY     <====================

 Universe 13
   Total Material
     Kappa-Fission Rate                   7.89094e+07 +/- 28180.9
 =======================>     TALLY 7: HEATING     <========================

 Universe 13
   Total Material
     heating                              7.45789e+07 +/- 25695.1
 ============================>     TALLY 8     <============================

 Internal

 ============================>     TALLY 9     <============================

 Internal

 ===========================>     TALLY 10     <============================

 Internal

