 ============================>     TALLY 1     <============================

 Universe 13
   Delayed Group 1
     Total Material
       Delayed-Nu-Fission Rate              0.000259963 +/- 9.11004e-08
   Delayed Group 2
     Total Material
       Delayed-Nu-Fission Rate              0.000697108 +/- 2.43219e-07
   Delayed Group 3
     Total Material
       Delayed-Nu-Fission Rate              0.000546461 +/- 1.88657e-07
   Delayed Group 4
     Total Material
       Delayed-Nu-Fission Rate              0.00109084 +/- 3.71175e-07
   Delayed Group 5
     Total Material
       Delayed-Nu-Fission Rate              0.000356858 +/- 1.20602e-07
   Delayed Group 6
     Total Material
       Delayed-Nu-Fission Rate              0.000129601 +/- 4.30419e-08
 ============================>     TALLY 2     <============================

 Universe 13
   Delayed Group 1
     Total Material
       Decay Rate                           -nan +/- 0
   Delayed Group 2
     Total Material
       Decay Rate                           2.41971e-05 +/- 8.44865e-09
   Delayed Group 3
     Total Material
       Decay Rate                           -nan +/- 0
   Delayed Group 4
     Total Material
       Decay Rate                           -nan +/- 0
   Delayed Group 5
     Total Material
       Decay Rate                           -nan +/- 0
   Delayed Group 6
     Total Material
       Decay Rate                           -nan +/- 0
 ============================>     TALLY 3     <============================

 Universe 13
   Incoming Energy [0, 200000000)
     Total Material
       Nu-Fission Rate                      1.01343 +/- 0.000358852
 ============================>     TALLY 4     <============================

 Universe 13
   Delayed Group 1
     Incoming Energy [0, 200000000)
       Total Material
         Delayed-Nu-Fission Rate              0.000259963 +/- 9.11004e-08
   Delayed Group 2
     Incoming Energy [0, 200000000)
       Total Material
         Delayed-Nu-Fission Rate              0.000697108 +/- 2.43219e-07
   Delayed Group 3
     Incoming Energy [0, 200000000)
       Total Material
         Delayed-Nu-Fission Rate              0.000546461 +/- 1.88657e-07
   Delayed Group 4
     Incoming Energy [0, 200000000)
       Total Material
         Delayed-Nu-Fission Rate              0.00109084 +/- 3.71175e-07
   Delayed Group 5
     Incoming Energy [0, 200000000)
       Total Material
         Delayed-Nu-Fission Rate              0.000356858 +/- 1.20602e-07
   Delayed Group 6
     Incoming Energy [0, 200000000)
       Total Material
         Delayed-Nu-Fission Rate              0.000129601 +/- 4.30419e-08
 =================>     TALLY 5: BREEDING_RATIO_TALLY     <=================

 Universe 13
   U238
     (n,gamma)                            4.06349e-10 +/- 4.19371e-13
     Absorption Rate                      4.07618e-10 +/- 4.19362e-13
   Th232
     (n,gamma)                            0.452943 +/- 0.000113427
     Absorption Rate                      0.454504 +/- 0.000113336
   Pu241
     (n,gamma)                            3.39956e-12 +/- 1.40123e-15
     Absorption Rate                      1.22968e-11 +/- 5.06057e-15
   U233
     (n,gamma)                            0.0493675 +/- 1.62519e-05
     Absorption Rate                      0.452688 +/- 0.000159139
   Pu239
     (n,gamma)                            4.82919e-10 +/- 1.98534e-13
     Absorption Rate                      1.28457e-09 +/- 5.25405e-13
   Pu240
     (n,gamma)                            8.08577e-11 +/- 6.20229e-14
     Absorption Rate                      8.09311e-11 +/- 6.2037e-14
   U235
     (n,gamma)                            0.000203617 +/- 6.94481e-08
     Absorption Rate                      0.00112318 +/- 4.40487e-07
   Pu238
     (n,gamma)                            4.48254e-09 +/- 2.0027e-12
     Absorption Rate                      4.79031e-09 +/- 2.07921e-12
   U234
     (n,gamma)                            0.00628867 +/- 5.49766e-06
     Absorption Rate                      0.00632799 +/- 5.50016e-06
 ====================>     TALLY 6: FISSION_ENERGY     <====================

 Universe 13
   Total Material
     Kappa-Fission Rate                   7.75303e+07 +/- 27460.6
 =======================>     TALLY 7: HEATING     <========================

 Universe 13
   Total Material
     heating                              7.1952e+07 +/- 26024
 ============================>     TALLY 8     <============================

 Internal

 ============================>     TALLY 9     <============================

 Internal

 ===========================>     TALLY 10     <============================

 Internal

