 ============================>     TALLY 1     <============================

 Universe 13
   Delayed Group 1
     Total Material
       Delayed-Nu-Fission Rate              0.000252061 +/- 8.36962e-08
   Delayed Group 2
     Total Material
       Delayed-Nu-Fission Rate              0.000677221 +/- 2.24163e-07
   Delayed Group 3
     Total Material
       Delayed-Nu-Fission Rate              0.000531304 +/- 1.74452e-07
   Delayed Group 4
     Total Material
       Delayed-Nu-Fission Rate              0.00106114 +/- 3.44606e-07
   Delayed Group 5
     Total Material
       Delayed-Nu-Fission Rate              0.000347607 +/- 1.12336e-07
   Delayed Group 6
     Total Material
       Delayed-Nu-Fission Rate              0.000126361 +/- 4.03164e-08
 ============================>     TALLY 2     <============================

 Universe 13
   Delayed Group 1
     Total Material
       Decay Rate                           -nan +/- 0
   Delayed Group 2
     Total Material
       Decay Rate                           2.35014e-05 +/- 7.78336e-09
   Delayed Group 3
     Total Material
       Decay Rate                           -nan +/- 0
   Delayed Group 4
     Total Material
       Decay Rate                           -nan +/- 0
   Delayed Group 5
     Total Material
       Decay Rate                           -nan +/- 0
   Delayed Group 6
     Total Material
       Decay Rate                           -nan +/- 0
 ============================>     TALLY 3     <============================

 Universe 13
   Incoming Energy [0, 200000000)
     Total Material
       Nu-Fission Rate                      0.982849 +/- 0.000329064
 ============================>     TALLY 4     <============================

 Universe 13
   Delayed Group 1
     Incoming Energy [0, 200000000)
       Total Material
         Delayed-Nu-Fission Rate              0.000252061 +/- 8.36962e-08
   Delayed Group 2
     Incoming Energy [0, 200000000)
       Total Material
         Delayed-Nu-Fission Rate              0.000677221 +/- 2.24163e-07
   Delayed Group 3
     Incoming Energy [0, 200000000)
       Total Material
         Delayed-Nu-Fission Rate              0.000531304 +/- 1.74452e-07
   Delayed Group 4
     Incoming Energy [0, 200000000)
       Total Material
         Delayed-Nu-Fission Rate              0.00106114 +/- 3.44606e-07
   Delayed Group 5
     Incoming Energy [0, 200000000)
       Total Material
         Delayed-Nu-Fission Rate              0.000347607 +/- 1.12336e-07
   Delayed Group 6
     Incoming Energy [0, 200000000)
       Total Material
         Delayed-Nu-Fission Rate              0.000126361 +/- 4.03164e-08
 =================>     TALLY 5: BREEDING_RATIO_TALLY     <=================

 Universe 13
   Pu239
     (n,gamma)                            3.67104e-09 +/- 1.59385e-12
     Absorption Rate                      9.76471e-09 +/- 4.19263e-12
   U234
     (n,gamma)                            0.00935275 +/- 8.00498e-06
     Absorption Rate                      0.00941244 +/- 8.00822e-06
   U235
     (n,gamma)                            0.000408332 +/- 1.32485e-07
     Absorption Rate                      0.00225034 +/- 8.42496e-07
   U238
     (n,gamma)                            1.77847e-09 +/- 1.94501e-12
     Absorption Rate                      1.78395e-09 +/- 1.94497e-12
   Th232
     (n,gamma)                            0.441029 +/- 0.000142809
     Absorption Rate                      0.442511 +/- 0.000142916
   U233
     (n,gamma)                            0.0477647 +/- 1.50628e-05
     Absorption Rate                      0.437999 +/- 0.000145459
   Pu238
     (n,gamma)                            2.73239e-08 +/- 1.1364e-11
     Absorption Rate                      2.92067e-08 +/- 1.17758e-11
   Pu240
     (n,gamma)                            8.22947e-10 +/- 6.85185e-13
     Absorption Rate                      8.23702e-10 +/- 6.85299e-13
   Pu241
     (n,gamma)                            4.80749e-11 +/- 1.97467e-14
     Absorption Rate                      1.73908e-10 +/- 7.06452e-14
 ====================>     TALLY 6: FISSION_ENERGY     <====================

 Universe 13
   Total Material
     Kappa-Fission Rate                   7.51996e+07 +/- 25182.7
 =======================>     TALLY 7: HEATING     <========================

 Universe 13
   Total Material
     heating                              6.77648e+07 +/- 22123.6
 ============================>     TALLY 8     <============================

 Internal

