 ============================>     TALLY 1     <============================

 Universe 13
   Delayed Group 1
     Total Material
       Delayed-Nu-Fission Rate              0.000273111 +/- 1.02199e-07
   Delayed Group 2
     Total Material
       Delayed-Nu-Fission Rate              0.000730844 +/- 2.72558e-07
   Delayed Group 3
     Total Material
       Delayed-Nu-Fission Rate              0.00057212 +/- 2.11697e-07
   Delayed Group 4
     Total Material
       Delayed-Nu-Fission Rate              0.00114057 +/- 4.17531e-07
   Delayed Group 5
     Total Material
       Delayed-Nu-Fission Rate              0.000372503 +/- 1.35658e-07
   Delayed Group 6
     Total Material
       Delayed-Nu-Fission Rate              0.000135029 +/- 4.85387e-08
 ============================>     TALLY 2     <============================

 Universe 13
   Delayed Group 1
     Total Material
       Decay Rate                           -nan +/- 0
   Delayed Group 2
     Total Material
       Decay Rate                           -nan +/- 0
   Delayed Group 3
     Total Material
       Decay Rate                           -nan +/- 0
   Delayed Group 4
     Total Material
       Decay Rate                           -nan +/- 0
   Delayed Group 5
     Total Material
       Decay Rate                           -nan +/- 0
   Delayed Group 6
     Total Material
       Decay Rate                           -nan +/- 0
 ============================>     TALLY 3     <============================

 Universe 13
   Incoming Energy [0, 200000000)
     Total Material
       Nu-Fission Rate                      1.06492 +/- 0.000401453
 ============================>     TALLY 4     <============================

 Universe 13
   Delayed Group 1
     Incoming Energy [0, 200000000)
       Total Material
         Delayed-Nu-Fission Rate              0.000273111 +/- 1.02199e-07
   Delayed Group 2
     Incoming Energy [0, 200000000)
       Total Material
         Delayed-Nu-Fission Rate              0.000730844 +/- 2.72558e-07
   Delayed Group 3
     Incoming Energy [0, 200000000)
       Total Material
         Delayed-Nu-Fission Rate              0.00057212 +/- 2.11697e-07
   Delayed Group 4
     Incoming Energy [0, 200000000)
       Total Material
         Delayed-Nu-Fission Rate              0.00114057 +/- 4.17531e-07
   Delayed Group 5
     Incoming Energy [0, 200000000)
       Total Material
         Delayed-Nu-Fission Rate              0.000372503 +/- 1.35658e-07
   Delayed Group 6
     Incoming Energy [0, 200000000)
       Total Material
         Delayed-Nu-Fission Rate              0.000135029 +/- 4.85387e-08
 =================>     TALLY 5: BREEDING_RATIO_TALLY     <=================

 Universe 13
   Pu240
     (n,gamma)                            5.35719e-17 +/- 4.86402e-20
     Absorption Rate                      5.36207e-17 +/- 4.86489e-20
   U235
     (n,gamma)                            5.86321e-07 +/- 2.13168e-10
     Absorption Rate                      3.22662e-06 +/- 1.33665e-09
   Th232
     (n,gamma)                            0.44786 +/- 0.000120291
     Absorption Rate                      0.449378 +/- 0.000120372
   Pu238
     (n,gamma)                            1.29357e-16 +/- 5.69189e-20
     Absorption Rate                      1.38292e-16 +/- 5.92701e-20
   U238
     (n,gamma)                            6.00305e-16 +/- 6.07618e-19
     Absorption Rate                      6.02155e-16 +/- 6.07763e-19
   Pu241
     (n,gamma)                            1.0868e-17 +/- 4.95703e-21
     Absorption Rate                      3.93086e-17 +/- 1.77073e-20
   U234
     (n,gamma)                            0.000344667 +/- 2.96949e-07
     Absorption Rate                      0.000346774 +/- 2.97069e-07
   U233
     (n,gamma)                            0.0521084 +/- 1.84267e-05
     Absorption Rate                      0.47703 +/- 0.000178576
   Pu239
     (n,gamma)                            2.83223e-17 +/- 1.316e-20
     Absorption Rate                      7.53219e-17 +/- 3.4751e-20
 ====================>     TALLY 6: FISSION_ENERGY     <====================

 Universe 13
   Total Material
     Kappa-Fission Rate                   8.14643e+07 +/- 30719
 =======================>     TALLY 7: HEATING     <========================

 Universe 13
   Total Material
     heating                              7.9338e+07 +/- 28971.4
 ============================>     TALLY 8     <============================

 Internal

