 ============================>     TALLY 1     <============================

 Universe 13
   Delayed Group 1
     Total Material
       Delayed-Nu-Fission Rate              0.000265161 +/- 1.01294e-07
   Delayed Group 2
     Total Material
       Delayed-Nu-Fission Rate              0.000709679 +/- 2.70025e-07
   Delayed Group 3
     Total Material
       Delayed-Nu-Fission Rate              0.000555677 +/- 2.09481e-07
   Delayed Group 4
     Total Material
       Delayed-Nu-Fission Rate              0.00110812 +/- 4.12468e-07
   Delayed Group 5
     Total Material
       Delayed-Nu-Fission Rate              0.000361967 +/- 1.33909e-07
   Delayed Group 6
     Total Material
       Delayed-Nu-Fission Rate              0.000131258 +/- 4.7813e-08
 ============================>     TALLY 2     <============================

 Universe 13
   Delayed Group 1
     Total Material
       Decay Rate                           -nan +/- 0
   Delayed Group 2
     Total Material
       Decay Rate                           -nan +/- 0
   Delayed Group 3
     Total Material
       Decay Rate                           -nan +/- 0
   Delayed Group 4
     Total Material
       Decay Rate                           -nan +/- 0
   Delayed Group 5
     Total Material
       Decay Rate                           -nan +/- 0
   Delayed Group 6
     Total Material
       Decay Rate                           -nan +/- 0
 ============================>     TALLY 3     <============================

 Universe 13
   Incoming Energy [0, 200000000)
     Total Material
       Nu-Fission Rate                      1.0337 +/- 0.000398462
 ============================>     TALLY 4     <============================

 Universe 13
   Delayed Group 1
     Incoming Energy [0, 200000000)
       Total Material
         Delayed-Nu-Fission Rate              0.000265161 +/- 1.01294e-07
   Delayed Group 2
     Incoming Energy [0, 200000000)
       Total Material
         Delayed-Nu-Fission Rate              0.000709679 +/- 2.70025e-07
   Delayed Group 3
     Incoming Energy [0, 200000000)
       Total Material
         Delayed-Nu-Fission Rate              0.000555677 +/- 2.09481e-07
   Delayed Group 4
     Incoming Energy [0, 200000000)
       Total Material
         Delayed-Nu-Fission Rate              0.00110812 +/- 4.12468e-07
   Delayed Group 5
     Incoming Energy [0, 200000000)
       Total Material
         Delayed-Nu-Fission Rate              0.000361967 +/- 1.33909e-07
   Delayed Group 6
     Incoming Energy [0, 200000000)
       Total Material
         Delayed-Nu-Fission Rate              0.000131258 +/- 4.7813e-08
 =================>     TALLY 5: BREEDING_RATIO_TALLY     <=================

 Universe 13
   U234
     (n,gamma)                            0.00126915 +/- 1.16725e-06
     Absorption Rate                      0.00127692 +/- 1.16805e-06
   Pu239
     (n,gamma)                            1.22552e-14 +/- 5.57975e-18
     Absorption Rate                      3.2598e-14 +/- 1.48314e-17
   Pu238
     (n,gamma)                            3.52629e-13 +/- 1.82113e-16
     Absorption Rate                      3.76875e-13 +/- 1.88923e-16
   Th232
     (n,gamma)                            0.449634 +/- 0.000133609
     Absorption Rate                      0.451147 +/- 0.000133507
   U238
     (n,gamma)                            2.51423e-13 +/- 2.81709e-16
     Absorption Rate                      2.52196e-13 +/- 2.81763e-16
   Pu241
     (n,gamma)                            1.45918e-17 +/- 6.72452e-21
     Absorption Rate                      5.27812e-17 +/- 2.42351e-20
   U233
     (n,gamma)                            0.0504903 +/- 1.76812e-05
     Absorption Rate                      0.462878 +/- 0.000176723
   U235
     (n,gamma)                            7.68595e-06 +/- 2.91979e-09
     Absorption Rate                      4.23697e-05 +/- 1.87751e-08
   Pu240
     (n,gamma)                            4.47767e-16 +/- 4.09087e-19
     Absorption Rate                      4.48175e-16 +/- 4.09175e-19
 ====================>     TALLY 6: FISSION_ENERGY     <====================

 Universe 13
   Total Material
     Kappa-Fission Rate                   7.9077e+07 +/- 30488.1
 =======================>     TALLY 7: HEATING     <========================

 Universe 13
   Total Material
     heating                              7.48134e+07 +/- 27876.7
 ============================>     TALLY 8     <============================

 Internal

