 ============================>     TALLY 1     <============================

 Universe 13
   Delayed Group 1
     Total Material
       Delayed-Nu-Fission Rate              0.000254244 +/- 8.42896e-08
   Delayed Group 2
     Total Material
       Delayed-Nu-Fission Rate              0.000682066 +/- 2.25384e-07
   Delayed Group 3
     Total Material
       Delayed-Nu-Fission Rate              0.000534722 +/- 1.753e-07
   Delayed Group 4
     Total Material
       Delayed-Nu-Fission Rate              0.00106741 +/- 3.4619e-07
   Delayed Group 5
     Total Material
       Delayed-Nu-Fission Rate              0.000349281 +/- 1.12725e-07
   Delayed Group 6
     Total Material
       Delayed-Nu-Fission Rate              0.000126858 +/- 4.0432e-08
 ============================>     TALLY 2     <============================

 Universe 13
   Delayed Group 1
     Total Material
       Decay Rate                           -nan +/- 0
   Delayed Group 2
     Total Material
       Decay Rate                           2.36738e-05 +/- 7.82723e-09
   Delayed Group 3
     Total Material
       Decay Rate                           -nan +/- 0
   Delayed Group 4
     Total Material
       Decay Rate                           -nan +/- 0
   Delayed Group 5
     Total Material
       Decay Rate                           -nan +/- 0
   Delayed Group 6
     Total Material
       Decay Rate                           -nan +/- 0
 ============================>     TALLY 3     <============================

 Universe 13
   Incoming Energy [0, 200000000)
     Total Material
       Nu-Fission Rate                      0.99121 +/- 0.000331283
 ============================>     TALLY 4     <============================

 Universe 13
   Delayed Group 1
     Incoming Energy [0, 200000000)
       Total Material
         Delayed-Nu-Fission Rate              0.000254244 +/- 8.42896e-08
   Delayed Group 2
     Incoming Energy [0, 200000000)
       Total Material
         Delayed-Nu-Fission Rate              0.000682066 +/- 2.25384e-07
   Delayed Group 3
     Incoming Energy [0, 200000000)
       Total Material
         Delayed-Nu-Fission Rate              0.000534722 +/- 1.753e-07
   Delayed Group 4
     Incoming Energy [0, 200000000)
       Total Material
         Delayed-Nu-Fission Rate              0.00106741 +/- 3.4619e-07
   Delayed Group 5
     Incoming Energy [0, 200000000)
       Total Material
         Delayed-Nu-Fission Rate              0.000349281 +/- 1.12725e-07
   Delayed Group 6
     Incoming Energy [0, 200000000)
       Total Material
         Delayed-Nu-Fission Rate              0.000126858 +/- 4.0432e-08
 =================>     TALLY 5: BREEDING_RATIO_TALLY     <=================

 Universe 13
   U238
     (n,gamma)                            5.918e-10 +/- 6.60315e-13
     Absorption Rate                      5.93623e-10 +/- 6.60323e-13
   Pu239
     (n,gamma)                            7.74822e-10 +/- 3.46649e-13
     Absorption Rate                      2.06112e-09 +/- 9.06807e-13
   Pu241
     (n,gamma)                            6.2404e-12 +/- 2.62981e-15
     Absorption Rate                      2.25745e-11 +/- 9.31068e-15
   U233
     (n,gamma)                            0.0482274 +/- 1.54337e-05
     Absorption Rate                      0.44251 +/- 0.000147136
   Pu238
     (n,gamma)                            6.89912e-09 +/- 2.89856e-12
     Absorption Rate                      7.3733e-09 +/- 3.01925e-12
   Th232
     (n,gamma)                            0.444197 +/- 0.000141005
     Absorption Rate                      0.445685 +/- 0.00014117
   Pu240
     (n,gamma)                            1.36371e-10 +/- 1.35621e-13
     Absorption Rate                      1.36496e-10 +/- 1.3565e-13
   U234
     (n,gamma)                            0.00733584 +/- 5.92502e-06
     Absorption Rate                      0.00738213 +/- 5.92993e-06
   U235
     (n,gamma)                            0.000251262 +/- 8.16563e-08
     Absorption Rate                      0.00138589 +/- 5.08783e-07
 ====================>     TALLY 6: FISSION_ENERGY     <====================

 Universe 13
   Total Material
     Kappa-Fission Rate                   7.58345e+07 +/- 25350.1
 =======================>     TALLY 7: HEATING     <========================

 Universe 13
   Total Material
     heating                              6.88914e+07 +/- 22740.9
 ============================>     TALLY 8     <============================

 Internal

