 ============================>     TALLY 1     <============================

 Universe 13
   Delayed Group 1
     Total Material
       Delayed-Nu-Fission Rate              0.000252448 +/- 8.76195e-08
   Delayed Group 2
     Total Material
       Delayed-Nu-Fission Rate              0.000678054 +/- 2.3455e-07
   Delayed Group 3
     Total Material
       Delayed-Nu-Fission Rate              0.000531883 +/- 1.82483e-07
   Delayed Group 4
     Total Material
       Delayed-Nu-Fission Rate              0.00106219 +/- 3.60371e-07
   Delayed Group 5
     Total Material
       Delayed-Nu-Fission Rate              0.000347876 +/- 1.17424e-07
   Delayed Group 6
     Total Material
       Delayed-Nu-Fission Rate              0.000126437 +/- 4.21218e-08
 ============================>     TALLY 2     <============================

 Universe 13
   Delayed Group 1
     Total Material
       Decay Rate                           -nan +/- 0
   Delayed Group 2
     Total Material
       Decay Rate                           2.35312e-05 +/- 8.14455e-09
   Delayed Group 3
     Total Material
       Decay Rate                           -nan +/- 0
   Delayed Group 4
     Total Material
       Decay Rate                           -nan +/- 0
   Delayed Group 5
     Total Material
       Decay Rate                           -nan +/- 0
   Delayed Group 6
     Total Material
       Decay Rate                           -nan +/- 0
 ============================>     TALLY 3     <============================

 Universe 13
   Incoming Energy [0, 200000000)
     Total Material
       Nu-Fission Rate                      0.984321 +/- 0.000344506
 ============================>     TALLY 4     <============================

 Universe 13
   Delayed Group 1
     Incoming Energy [0, 200000000)
       Total Material
         Delayed-Nu-Fission Rate              0.000252448 +/- 8.76195e-08
   Delayed Group 2
     Incoming Energy [0, 200000000)
       Total Material
         Delayed-Nu-Fission Rate              0.000678054 +/- 2.3455e-07
   Delayed Group 3
     Incoming Energy [0, 200000000)
       Total Material
         Delayed-Nu-Fission Rate              0.000531883 +/- 1.82483e-07
   Delayed Group 4
     Incoming Energy [0, 200000000)
       Total Material
         Delayed-Nu-Fission Rate              0.00106219 +/- 3.60371e-07
   Delayed Group 5
     Incoming Energy [0, 200000000)
       Total Material
         Delayed-Nu-Fission Rate              0.000347876 +/- 1.17424e-07
   Delayed Group 6
     Incoming Energy [0, 200000000)
       Total Material
         Delayed-Nu-Fission Rate              0.000126437 +/- 4.21218e-08
 =================>     TALLY 5: BREEDING_RATIO_TALLY     <=================

 Universe 13
   Pu239
     (n,gamma)                            2.81645e-09 +/- 1.26741e-12
     Absorption Rate                      7.49157e-09 +/- 3.3251e-12
   U234
     (n,gamma)                            0.00896731 +/- 8.58194e-06
     Absorption Rate                      0.00902453 +/- 8.58652e-06
   U235
     (n,gamma)                            0.000376208 +/- 1.25567e-07
     Absorption Rate                      0.00207306 +/- 7.80214e-07
   U238
     (n,gamma)                            1.47508e-09 +/- 1.6424e-12
     Absorption Rate                      1.47962e-09 +/- 1.6426e-12
   Th232
     (n,gamma)                            0.441795 +/- 0.000133756
     Absorption Rate                      0.44328 +/- 0.000133752
   U233
     (n,gamma)                            0.0478451 +/- 1.6499e-05
     Absorption Rate                      0.438811 +/- 0.000153326
   Pu238
     (n,gamma)                            2.16099e-08 +/- 9.24409e-12
     Absorption Rate                      2.3099e-08 +/- 9.60007e-12
   Pu240
     (n,gamma)                            6.07625e-10 +/- 5.57804e-13
     Absorption Rate                      6.08182e-10 +/- 5.57919e-13
   Pu241
     (n,gamma)                            3.39674e-11 +/- 1.4032e-14
     Absorption Rate                      1.22873e-10 +/- 4.98228e-14
 ====================>     TALLY 6: FISSION_ENERGY     <====================

 Universe 13
   Total Material
     Kappa-Fission Rate                   7.53112e+07 +/- 26363.6
 =======================>     TALLY 7: HEATING     <========================

 Universe 13
   Total Material
     heating                              6.79368e+07 +/- 23124.2
 ============================>     TALLY 8     <============================

 Internal

