 ============================>     TALLY 1     <============================

 Universe 13
   Delayed Group 1
     Total Material
       Delayed-Nu-Fission Rate              0.000256737 +/- 8.83328e-08
   Delayed Group 2
     Total Material
       Delayed-Nu-Fission Rate              0.000689615 +/- 2.36501e-07
   Delayed Group 3
     Total Material
       Delayed-Nu-Fission Rate              0.000541048 +/- 1.84028e-07
   Delayed Group 4
     Total Material
       Delayed-Nu-Fission Rate              0.00108075 +/- 3.6349e-07
   Delayed Group 5
     Total Material
       Delayed-Nu-Fission Rate              0.000353995 +/- 1.18463e-07
   Delayed Group 6
     Total Material
       Delayed-Nu-Fission Rate              0.000128699 +/- 4.25091e-08
 ============================>     TALLY 2     <============================

 Universe 13
   Delayed Group 1
     Total Material
       Decay Rate                           -nan +/- 0
   Delayed Group 2
     Total Material
       Decay Rate                           2.39322e-05 +/- 8.21211e-09
   Delayed Group 3
     Total Material
       Decay Rate                           -nan +/- 0
   Delayed Group 4
     Total Material
       Decay Rate                           -nan +/- 0
   Delayed Group 5
     Total Material
       Decay Rate                           -nan +/- 0
   Delayed Group 6
     Total Material
       Decay Rate                           -nan +/- 0
 ============================>     TALLY 3     <============================

 Universe 13
   Incoming Energy [0, 200000000)
     Total Material
       Nu-Fission Rate                      1.00096 +/- 0.000347276
 ============================>     TALLY 4     <============================

 Universe 13
   Delayed Group 1
     Incoming Energy [0, 200000000)
       Total Material
         Delayed-Nu-Fission Rate              0.000256737 +/- 8.83328e-08
   Delayed Group 2
     Incoming Energy [0, 200000000)
       Total Material
         Delayed-Nu-Fission Rate              0.000689615 +/- 2.36501e-07
   Delayed Group 3
     Incoming Energy [0, 200000000)
       Total Material
         Delayed-Nu-Fission Rate              0.000541048 +/- 1.84028e-07
   Delayed Group 4
     Incoming Energy [0, 200000000)
       Total Material
         Delayed-Nu-Fission Rate              0.00108075 +/- 3.6349e-07
   Delayed Group 5
     Incoming Energy [0, 200000000)
       Total Material
         Delayed-Nu-Fission Rate              0.000353995 +/- 1.18463e-07
   Delayed Group 6
     Incoming Energy [0, 200000000)
       Total Material
         Delayed-Nu-Fission Rate              0.000128699 +/- 4.25091e-08
 =================>     TALLY 5: BREEDING_RATIO_TALLY     <=================

 Universe 13
   U238
     (n,gamma)                            1.65534e-09 +/- 1.71583e-12
     Absorption Rate                      1.66049e-09 +/- 1.71604e-12
   Th232
     (n,gamma)                            0.455725 +/- 0.00014849
     Absorption Rate                      0.457286 +/- 0.000148475
   Pu241
     (n,gamma)                            4.65808e-11 +/- 1.93527e-14
     Absorption Rate                      1.685e-10 +/- 6.94795e-14
   U233
     (n,gamma)                            0.0485896 +/- 1.57369e-05
     Absorption Rate                      0.446124 +/- 0.000153456
   Pu239
     (n,gamma)                            3.54597e-09 +/- 1.5393e-12
     Absorption Rate                      9.43337e-09 +/- 4.05707e-12
   Pu240
     (n,gamma)                            8.07803e-10 +/- 7.33254e-13
     Absorption Rate                      8.08533e-10 +/- 7.33427e-13
   U235
     (n,gamma)                            0.000379635 +/- 1.35475e-07
     Absorption Rate                      0.00209767 +/- 8.27452e-07
   Pu238
     (n,gamma)                            2.60391e-08 +/- 1.09554e-11
     Absorption Rate                      2.78194e-08 +/- 1.14457e-11
   U234
     (n,gamma)                            0.00854934 +/- 7.58511e-06
     Absorption Rate                      0.00860302 +/- 7.58942e-06
 ====================>     TALLY 6: FISSION_ENERGY     <====================

 Universe 13
   Total Material
     Kappa-Fission Rate                   7.65822e+07 +/- 26575.4
 =======================>     TALLY 7: HEATING     <========================

 Universe 13
   Total Material
     heating                              7.02364e+07 +/- 24303.5
 ============================>     TALLY 8     <============================

 Internal

 ============================>     TALLY 9     <============================

 Internal

 ===========================>     TALLY 10     <============================

 Internal

