 ============================>     TALLY 1     <============================

 Universe 13
   Delayed Group 1
     Total Material
       Delayed-Nu-Fission Rate              0.00025104 +/- 9.46436e-08
   Delayed Group 2
     Total Material
       Delayed-Nu-Fission Rate              0.000675002 +/- 2.53583e-07
   Delayed Group 3
     Total Material
       Delayed-Nu-Fission Rate              0.000529763 +/- 1.9725e-07
   Delayed Group 4
     Total Material
       Delayed-Nu-Fission Rate              0.00105836 +/- 3.89216e-07
   Delayed Group 5
     Total Material
       Delayed-Nu-Fission Rate              0.000346892 +/- 1.26856e-07
   Delayed Group 6
     Total Material
       Delayed-Nu-Fission Rate              0.000126159 +/- 4.54543e-08
 ============================>     TALLY 2     <============================

 Universe 13
   Delayed Group 1
     Total Material
       Decay Rate                           -nan +/- 0
   Delayed Group 2
     Total Material
       Decay Rate                           2.34223e-05 +/- 8.80464e-09
   Delayed Group 3
     Total Material
       Decay Rate                           -nan +/- 0
   Delayed Group 4
     Total Material
       Decay Rate                           -nan +/- 0
   Delayed Group 5
     Total Material
       Decay Rate                           -nan +/- 0
   Delayed Group 6
     Total Material
       Decay Rate                           -nan +/- 0
 ============================>     TALLY 3     <============================

 Universe 13
   Incoming Energy [0, 200000000)
     Total Material
       Nu-Fission Rate                      0.978939 +/- 0.00037244
 ============================>     TALLY 4     <============================

 Universe 13
   Delayed Group 1
     Incoming Energy [0, 200000000)
       Total Material
         Delayed-Nu-Fission Rate              0.00025104 +/- 9.46436e-08
   Delayed Group 2
     Incoming Energy [0, 200000000)
       Total Material
         Delayed-Nu-Fission Rate              0.000675002 +/- 2.53583e-07
   Delayed Group 3
     Incoming Energy [0, 200000000)
       Total Material
         Delayed-Nu-Fission Rate              0.000529763 +/- 1.9725e-07
   Delayed Group 4
     Incoming Energy [0, 200000000)
       Total Material
         Delayed-Nu-Fission Rate              0.00105836 +/- 3.89216e-07
   Delayed Group 5
     Incoming Energy [0, 200000000)
       Total Material
         Delayed-Nu-Fission Rate              0.000346892 +/- 1.26856e-07
   Delayed Group 6
     Incoming Energy [0, 200000000)
       Total Material
         Delayed-Nu-Fission Rate              0.000126159 +/- 4.54543e-08
 =================>     TALLY 5: BREEDING_RATIO_TALLY     <=================

 Universe 13
   Pu238
     (n,gamma)                            4.58364e-08 +/- 2.1395e-11
     Absorption Rate                      4.90017e-08 +/- 2.22963e-11
   Pu239
     (n,gamma)                            6.58304e-09 +/- 3.00194e-12
     Absorption Rate                      1.75093e-08 +/- 7.90802e-12
   Pu240
     (n,gamma)                            1.61577e-09 +/- 1.59734e-12
     Absorption Rate                      1.61725e-09 +/- 1.59761e-12
   Th232
     (n,gamma)                            0.439684 +/- 0.000116851
     Absorption Rate                      0.441166 +/- 0.000116778
   U235
     (n,gamma)                            0.000489036 +/- 1.78232e-07
     Absorption Rate                      0.00269331 +/- 1.10969e-06
   Pu241
     (n,gamma)                            1.03247e-10 +/- 4.58246e-14
     Absorption Rate                      3.73469e-10 +/- 1.64147e-13
   U238
     (n,gamma)                            2.69167e-09 +/- 2.66389e-12
     Absorption Rate                      2.69997e-09 +/- 2.66425e-12
   U233
     (n,gamma)                            0.0475401 +/- 1.73505e-05
     Absorption Rate                      0.435849 +/- 0.000165127
   U234
     (n,gamma)                            0.0102269 +/- 9.68561e-06
     Absorption Rate                      0.0102927 +/- 9.69316e-06
 ====================>     TALLY 6: FISSION_ENERGY     <====================

 Universe 13
   Total Material
     Kappa-Fission Rate                   7.49029e+07 +/- 28502.4
 =======================>     TALLY 7: HEATING     <========================

 Universe 13
   Total Material
     heating                              6.7202e+07 +/- 25078.9
 ============================>     TALLY 8     <============================

 Internal

