 ============================>     TALLY 1     <============================

 Universe 13
   Delayed Group 1
     Total Material
       Delayed-Nu-Fission Rate              0.000272743 +/- 8.13156e-08
   Delayed Group 2
     Total Material
       Delayed-Nu-Fission Rate              0.000729863 +/- 2.16897e-07
   Delayed Group 3
     Total Material
       Delayed-Nu-Fission Rate              0.00057136 +/- 1.6854e-07
   Delayed Group 4
     Total Material
       Delayed-Nu-Fission Rate              0.00113909 +/- 3.32677e-07
   Delayed Group 5
     Total Material
       Delayed-Nu-Fission Rate              0.000372021 +/- 1.08139e-07
   Delayed Group 6
     Total Material
       Delayed-Nu-Fission Rate              0.000134858 +/- 3.87475e-08
 ============================>     TALLY 2     <============================

 Universe 13
   Delayed Group 1
     Total Material
       Decay Rate                           -nan +/- 0
   Delayed Group 2
     Total Material
       Decay Rate                           -nan +/- 0
   Delayed Group 3
     Total Material
       Decay Rate                           -nan +/- 0
   Delayed Group 4
     Total Material
       Decay Rate                           -nan +/- 0
   Delayed Group 5
     Total Material
       Decay Rate                           -nan +/- 0
   Delayed Group 6
     Total Material
       Decay Rate                           -nan +/- 0
 ============================>     TALLY 3     <============================

 Universe 13
   Incoming Energy [0, 200000000)
     Total Material
       Nu-Fission Rate                      1.06347 +/- 0.000319407
 ============================>     TALLY 4     <============================

 Universe 13
   Delayed Group 1
     Incoming Energy [0, 200000000)
       Total Material
         Delayed-Nu-Fission Rate              0.000272743 +/- 8.13156e-08
   Delayed Group 2
     Incoming Energy [0, 200000000)
       Total Material
         Delayed-Nu-Fission Rate              0.000729863 +/- 2.16897e-07
   Delayed Group 3
     Incoming Energy [0, 200000000)
       Total Material
         Delayed-Nu-Fission Rate              0.00057136 +/- 1.6854e-07
   Delayed Group 4
     Incoming Energy [0, 200000000)
       Total Material
         Delayed-Nu-Fission Rate              0.00113909 +/- 3.32677e-07
   Delayed Group 5
     Incoming Energy [0, 200000000)
       Total Material
         Delayed-Nu-Fission Rate              0.000372021 +/- 1.08139e-07
   Delayed Group 6
     Incoming Energy [0, 200000000)
       Total Material
         Delayed-Nu-Fission Rate              0.000134858 +/- 3.87475e-08
 =================>     TALLY 5: BREEDING_RATIO_TALLY     <=================

 Universe 13
   U234
     (n,gamma)                            0.000174007 +/- 1.72704e-07
     Absorption Rate                      0.000175071 +/- 1.72844e-07
   Pu239
     (n,gamma)                            2.44628e-17 +/- 9.30286e-21
     Absorption Rate                      6.50524e-17 +/- 2.44647e-20
   Pu238
     (n,gamma)                            5.20568e-18 +/- 1.95091e-21
     Absorption Rate                      5.56565e-18 +/- 2.03035e-21
   Th232
     (n,gamma)                            0.447456 +/- 0.00013322
     Absorption Rate                      0.448976 +/- 0.000133298
   U238
     (n,gamma)                            2.17447e-17 +/- 2.55551e-20
     Absorption Rate                      2.18119e-17 +/- 2.55579e-20
   Pu241
     (n,gamma)                            1.07491e-17 +/- 3.99628e-21
     Absorption Rate                      3.88754e-17 +/- 1.43774e-20
   U233
     (n,gamma)                            0.0520536 +/- 1.50065e-05
     Absorption Rate                      0.476394 +/- 0.000142187
   U235
     (n,gamma)                            1.49266e-07 +/- 4.32862e-11
     Absorption Rate                      8.21089e-07 +/- 2.73516e-10
   Pu240
     (n,gamma)                            5.21476e-17 +/- 5.09322e-20
     Absorption Rate                      5.21951e-17 +/- 5.09423e-20
 ====================>     TALLY 6: FISSION_ENERGY     <====================

 Universe 13
   Total Material
     Kappa-Fission Rate                   8.13532e+07 +/- 24438.7
 =======================>     TALLY 7: HEATING     <========================

 Universe 13
   Total Material
     heating                              7.90563e+07 +/- 24187.9
 ============================>     TALLY 8     <============================

 Internal

