 ============================>     TALLY 1     <============================

 Universe 13
   Delayed Group 1
     Total Material
       Delayed-Nu-Fission Rate              0.000260511 +/- 8.07488e-08
   Delayed Group 2
     Total Material
       Delayed-Nu-Fission Rate              0.000699123 +/- 2.15973e-07
   Delayed Group 3
     Total Material
       Delayed-Nu-Fission Rate              0.000548178 +/- 1.67957e-07
   Delayed Group 4
     Total Material
       Delayed-Nu-Fission Rate              0.00109436 +/- 3.31561e-07
   Delayed Group 5
     Total Material
       Delayed-Nu-Fission Rate              0.000358191 +/- 1.07963e-07
   Delayed Group 6
     Total Material
       Delayed-Nu-Fission Rate              0.000130116 +/- 3.87011e-08
 ============================>     TALLY 2     <============================

 Universe 13
   Delayed Group 1
     Total Material
       Decay Rate                           -nan +/- 0
   Delayed Group 2
     Total Material
       Decay Rate                           2.42649e-05 +/- 7.50023e-09
   Delayed Group 3
     Total Material
       Decay Rate                           -nan +/- 0
   Delayed Group 4
     Total Material
       Decay Rate                           -nan +/- 0
   Delayed Group 5
     Total Material
       Decay Rate                           -nan +/- 0
   Delayed Group 6
     Total Material
       Decay Rate                           -nan +/- 0
 ============================>     TALLY 3     <============================

 Universe 13
   Incoming Energy [0, 200000000)
     Total Material
       Nu-Fission Rate                      1.01573 +/- 0.00031742
 ============================>     TALLY 4     <============================

 Universe 13
   Delayed Group 1
     Incoming Energy [0, 200000000)
       Total Material
         Delayed-Nu-Fission Rate              0.000260511 +/- 8.07488e-08
   Delayed Group 2
     Incoming Energy [0, 200000000)
       Total Material
         Delayed-Nu-Fission Rate              0.000699123 +/- 2.15973e-07
   Delayed Group 3
     Incoming Energy [0, 200000000)
       Total Material
         Delayed-Nu-Fission Rate              0.000548178 +/- 1.67957e-07
   Delayed Group 4
     Incoming Energy [0, 200000000)
       Total Material
         Delayed-Nu-Fission Rate              0.00109436 +/- 3.31561e-07
   Delayed Group 5
     Incoming Energy [0, 200000000)
       Total Material
         Delayed-Nu-Fission Rate              0.000358191 +/- 1.07963e-07
   Delayed Group 6
     Incoming Energy [0, 200000000)
       Total Material
         Delayed-Nu-Fission Rate              0.000130116 +/- 3.87011e-08
 =================>     TALLY 5: BREEDING_RATIO_TALLY     <=================

 Universe 13
   Pu240
     (n,gamma)                            3.11257e-10 +/- 2.65579e-13
     Absorption Rate                      3.11536e-10 +/- 2.65624e-13
   Th232
     (n,gamma)                            0.460594 +/- 0.000146875
     Absorption Rate                      0.462116 +/- 0.000146882
   U238
     (n,gamma)                            9.1147e-10 +/- 8.68382e-13
     Absorption Rate                      9.14254e-10 +/- 8.68581e-13
   U233
     (n,gamma)                            0.0492352 +/- 1.43563e-05
     Absorption Rate                      0.453111 +/- 0.000140546
   Pu241
     (n,gamma)                            1.58559e-11 +/- 5.72589e-15
     Absorption Rate                      5.73602e-11 +/- 2.0521e-14
   Pu239
     (n,gamma)                            1.56259e-09 +/- 6.1048e-13
     Absorption Rate                      4.15805e-09 +/- 1.60202e-12
   U235
     (n,gamma)                            0.000295809 +/- 9.04274e-08
     Absorption Rate                      0.00163934 +/- 5.60555e-07
   U234
     (n,gamma)                            0.00758498 +/- 6.56049e-06
     Absorption Rate                      0.00763171 +/- 6.56486e-06
   Pu238
     (n,gamma)                            1.25759e-08 +/- 5.07943e-12
     Absorption Rate                      1.34287e-08 +/- 5.29042e-12
 ====================>     TALLY 6: FISSION_ENERGY     <====================

 Universe 13
   Total Material
     Kappa-Fission Rate                   7.77124e+07 +/- 24291.1
 =======================>     TALLY 7: HEATING     <========================

 Universe 13
   Total Material
     heating                              7.22358e+07 +/- 21862
 ============================>     TALLY 8     <============================

 Internal

