 ============================>     TALLY 1     <============================

 Universe 13
   Delayed Group 1
     Total Material
       Delayed-Nu-Fission Rate              0.000257944 +/- 8.54137e-08
   Delayed Group 2
     Total Material
       Delayed-Nu-Fission Rate              0.000693172 +/- 2.28884e-07
   Delayed Group 3
     Total Material
       Delayed-Nu-Fission Rate              0.000543879 +/- 1.78263e-07
   Delayed Group 4
     Total Material
       Delayed-Nu-Fission Rate              0.00108634 +/- 3.52483e-07
   Delayed Group 5
     Total Material
       Delayed-Nu-Fission Rate              0.00035592 +/- 1.14975e-07
   Delayed Group 6
     Total Material
       Delayed-Nu-Fission Rate              0.0001294 +/- 4.13161e-08
 ============================>     TALLY 2     <============================

 Universe 13
   Delayed Group 1
     Total Material
       Decay Rate                           -nan +/- 0
   Delayed Group 2
     Total Material
       Decay Rate                           2.40544e-05 +/- 7.94669e-09
   Delayed Group 3
     Total Material
       Decay Rate                           -nan +/- 0
   Delayed Group 4
     Total Material
       Decay Rate                           -nan +/- 0
   Delayed Group 5
     Total Material
       Decay Rate                           -nan +/- 0
   Delayed Group 6
     Total Material
       Decay Rate                           -nan +/- 0
 ============================>     TALLY 3     <============================

 Universe 13
   Incoming Energy [0, 200000000)
     Total Material
       Nu-Fission Rate                      1.00582 +/- 0.000335623
 ============================>     TALLY 4     <============================

 Universe 13
   Delayed Group 1
     Incoming Energy [0, 200000000)
       Total Material
         Delayed-Nu-Fission Rate              0.000257944 +/- 8.54137e-08
   Delayed Group 2
     Incoming Energy [0, 200000000)
       Total Material
         Delayed-Nu-Fission Rate              0.000693172 +/- 2.28884e-07
   Delayed Group 3
     Incoming Energy [0, 200000000)
       Total Material
         Delayed-Nu-Fission Rate              0.000543879 +/- 1.78263e-07
   Delayed Group 4
     Incoming Energy [0, 200000000)
       Total Material
         Delayed-Nu-Fission Rate              0.00108634 +/- 3.52483e-07
   Delayed Group 5
     Incoming Energy [0, 200000000)
       Total Material
         Delayed-Nu-Fission Rate              0.00035592 +/- 1.14975e-07
   Delayed Group 6
     Incoming Energy [0, 200000000)
       Total Material
         Delayed-Nu-Fission Rate              0.0001294 +/- 4.13161e-08
 =================>     TALLY 5: BREEDING_RATIO_TALLY     <=================

 Universe 13
   Pu240
     (n,gamma)                            1.32141e-09 +/- 1.18513e-12
     Absorption Rate                      1.32259e-09 +/- 1.18541e-12
   Th232
     (n,gamma)                            0.462899 +/- 0.000137215
     Absorption Rate                      0.464419 +/- 0.000137225
   U238
     (n,gamma)                            2.2116e-09 +/- 2.81974e-12
     Absorption Rate                      2.21835e-09 +/- 2.81998e-12
   U233
     (n,gamma)                            0.0486142 +/- 1.55882e-05
     Absorption Rate                      0.447885 +/- 0.000148557
   Pu241
     (n,gamma)                            8.22957e-11 +/- 3.44067e-14
     Absorption Rate                      2.97728e-10 +/- 1.23075e-13
   Pu239
     (n,gamma)                            5.4878e-09 +/- 2.37626e-12
     Absorption Rate                      1.46052e-08 +/- 6.24416e-12
   U235
     (n,gamma)                            0.000436898 +/- 1.52426e-07
     Absorption Rate                      0.00242498 +/- 9.20017e-07
   U234
     (n,gamma)                            0.00919006 +/- 7.33367e-06
     Absorption Rate                      0.00924672 +/- 7.3381e-06
   Pu238
     (n,gamma)                            3.81614e-08 +/- 1.57986e-11
     Absorption Rate                      4.07381e-08 +/- 1.64087e-11
 ====================>     TALLY 6: FISSION_ENERGY     <====================

 Universe 13
   Total Material
     Kappa-Fission Rate                   7.6959e+07 +/- 25684.5
 =======================>     TALLY 7: HEATING     <========================

 Universe 13
   Total Material
     heating                              7.08713e+07 +/- 22949.2
 ============================>     TALLY 8     <============================

 Internal

