 ============================>     TALLY 1     <============================

 Universe 13
   Delayed Group 1
     Total Material
       Delayed-Nu-Fission Rate              0.000251418 +/- 1.04362e-07
   Delayed Group 2
     Total Material
       Delayed-Nu-Fission Rate              0.000675835 +/- 2.79438e-07
   Delayed Group 3
     Total Material
       Delayed-Nu-Fission Rate              0.00053034 +/- 2.17104e-07
   Delayed Group 4
     Total Material
       Delayed-Nu-Fission Rate              0.00105939 +/- 4.27731e-07
   Delayed Group 5
     Total Material
       Delayed-Nu-Fission Rate              0.000347157 +/- 1.39295e-07
   Delayed Group 6
     Total Material
       Delayed-Nu-Fission Rate              0.000126232 +/- 4.982e-08
 ============================>     TALLY 2     <============================

 Universe 13
   Delayed Group 1
     Total Material
       Decay Rate                           -nan +/- 0
   Delayed Group 2
     Total Material
       Decay Rate                           2.34519e-05 +/- 9.70335e-09
   Delayed Group 3
     Total Material
       Decay Rate                           -nan +/- 0
   Delayed Group 4
     Total Material
       Decay Rate                           -nan +/- 0
   Delayed Group 5
     Total Material
       Decay Rate                           -nan +/- 0
   Delayed Group 6
     Total Material
       Decay Rate                           -nan +/- 0
 ============================>     TALLY 3     <============================

 Universe 13
   Incoming Energy [0, 200000000)
     Total Material
       Nu-Fission Rate                      0.980406 +/- 0.000411075
 ============================>     TALLY 4     <============================

 Universe 13
   Delayed Group 1
     Incoming Energy [0, 200000000)
       Total Material
         Delayed-Nu-Fission Rate              0.000251418 +/- 1.04362e-07
   Delayed Group 2
     Incoming Energy [0, 200000000)
       Total Material
         Delayed-Nu-Fission Rate              0.000675835 +/- 2.79438e-07
   Delayed Group 3
     Incoming Energy [0, 200000000)
       Total Material
         Delayed-Nu-Fission Rate              0.00053034 +/- 2.17104e-07
   Delayed Group 4
     Incoming Energy [0, 200000000)
       Total Material
         Delayed-Nu-Fission Rate              0.00105939 +/- 4.27731e-07
   Delayed Group 5
     Incoming Energy [0, 200000000)
       Total Material
         Delayed-Nu-Fission Rate              0.000347157 +/- 1.39295e-07
   Delayed Group 6
     Incoming Energy [0, 200000000)
       Total Material
         Delayed-Nu-Fission Rate              0.000126232 +/- 4.982e-08
 =================>     TALLY 5: BREEDING_RATIO_TALLY     <=================

 Universe 13
   Pu238
     (n,gamma)                            3.88654e-08 +/- 2.00948e-11
     Absorption Rate                      4.15441e-08 +/- 2.08733e-11
   Pu239
     (n,gamma)                            5.46117e-09 +/- 2.6115e-12
     Absorption Rate                      1.45262e-08 +/- 6.9455e-12
   Pu240
     (n,gamma)                            1.30108e-09 +/- 1.26862e-12
     Absorption Rate                      1.30227e-09 +/- 1.26887e-12
   Th232
     (n,gamma)                            0.440034 +/- 0.000132571
     Absorption Rate                      0.441512 +/- 0.000132398
   U235
     (n,gamma)                            0.000461694 +/- 1.80073e-07
     Absorption Rate                      0.00254418 +/- 1.17239e-06
   Pu241
     (n,gamma)                            8.08772e-11 +/- 3.89083e-14
     Absorption Rate                      2.92556e-10 +/- 1.40378e-13
   U238
     (n,gamma)                            2.35807e-09 +/- 2.63023e-12
     Absorption Rate                      2.36532e-09 +/- 2.63066e-12
   U233
     (n,gamma)                            0.0476078 +/- 1.82277e-05
     Absorption Rate                      0.436629 +/- 0.000181652
   U234
     (n,gamma)                            0.00993398 +/- 8.34556e-06
     Absorption Rate                      0.0099976 +/- 8.3524e-06
 ====================>     TALLY 6: FISSION_ENERGY     <====================

 Universe 13
   Total Material
     Kappa-Fission Rate                   7.50144e+07 +/- 31460.6
 =======================>     TALLY 7: HEATING     <========================

 Universe 13
   Total Material
     heating                              6.74576e+07 +/- 27768.7
 ============================>     TALLY 8     <============================

 Internal

