 ============================>     TALLY 1     <============================

 Universe 13
   Delayed Group 1
     Total Material
       Delayed-Nu-Fission Rate              0.000261916 +/- 1.02667e-07
   Delayed Group 2
     Total Material
       Delayed-Nu-Fission Rate              0.000701113 +/- 2.74024e-07
   Delayed Group 3
     Total Material
       Delayed-Nu-Fission Rate              0.000549043 +/- 2.13143e-07
   Delayed Group 4
     Total Material
       Delayed-Nu-Fission Rate              0.00109505 +/- 4.21213e-07
   Delayed Group 5
     Total Material
       Delayed-Nu-Fission Rate              0.000357748 +/- 1.37006e-07
   Delayed Group 6
     Total Material
       Delayed-Nu-Fission Rate              0.000129753 +/- 4.91487e-08
 ============================>     TALLY 2     <============================

 Universe 13
   Delayed Group 1
     Total Material
       Decay Rate                           -nan +/- 0
   Delayed Group 2
     Total Material
       Decay Rate                           2.43413e-05 +/- 9.51827e-09
   Delayed Group 3
     Total Material
       Decay Rate                           -nan +/- 0
   Delayed Group 4
     Total Material
       Decay Rate                           -nan +/- 0
   Delayed Group 5
     Total Material
       Decay Rate                           -nan +/- 0
   Delayed Group 6
     Total Material
       Decay Rate                           -nan +/- 0
 ============================>     TALLY 3     <============================

 Universe 13
   Incoming Energy [0, 200000000)
     Total Material
       Nu-Fission Rate                      1.02099 +/- 0.000402908
 ============================>     TALLY 4     <============================

 Universe 13
   Delayed Group 1
     Incoming Energy [0, 200000000)
       Total Material
         Delayed-Nu-Fission Rate              0.000261916 +/- 1.02667e-07
   Delayed Group 2
     Incoming Energy [0, 200000000)
       Total Material
         Delayed-Nu-Fission Rate              0.000701113 +/- 2.74024e-07
   Delayed Group 3
     Incoming Energy [0, 200000000)
       Total Material
         Delayed-Nu-Fission Rate              0.000549043 +/- 2.13143e-07
   Delayed Group 4
     Incoming Energy [0, 200000000)
       Total Material
         Delayed-Nu-Fission Rate              0.00109505 +/- 4.21213e-07
   Delayed Group 5
     Incoming Energy [0, 200000000)
       Total Material
         Delayed-Nu-Fission Rate              0.000357748 +/- 1.37006e-07
   Delayed Group 6
     Incoming Energy [0, 200000000)
       Total Material
         Delayed-Nu-Fission Rate              0.000129753 +/- 4.91487e-08
 =================>     TALLY 5: BREEDING_RATIO_TALLY     <=================

 Universe 13
   U234
     (n,gamma)                            0.00220498 +/- 1.96849e-06
     Absorption Rate                      0.0022185 +/- 1.96937e-06
   Pu239
     (n,gamma)                            4.03173e-13 +/- 1.92563e-16
     Absorption Rate                      1.07244e-12 +/- 5.08908e-16
   Pu238
     (n,gamma)                            8.29708e-12 +/- 4.06465e-15
     Absorption Rate                      8.86629e-12 +/- 4.23677e-15
   Th232
     (n,gamma)                            0.450014 +/- 0.000126905
     Absorption Rate                      0.451522 +/- 0.000126994
   U238
     (n,gamma)                            2.9314e-12 +/- 3.35561e-15
     Absorption Rate                      2.9404e-12 +/- 3.3565e-15
   Pu241
     (n,gamma)                            3.08191e-16 +/- 1.44561e-19
     Absorption Rate                      1.11475e-15 +/- 5.19627e-19
   U233
     (n,gamma)                            0.04982 +/- 1.89238e-05
     Absorption Rate                      0.457049 +/- 0.00017939
   U235
     (n,gamma)                            2.28505e-05 +/- 8.525e-09
     Absorption Rate                      0.000126062 +/- 5.4958e-08
   Pu240
     (n,gamma)                            2.18783e-14 +/- 1.84518e-17
     Absorption Rate                      2.18982e-14 +/- 1.84568e-17
 ====================>     TALLY 6: FISSION_ENERGY     <====================

 Universe 13
   Total Material
     Kappa-Fission Rate                   7.81052e+07 +/- 30827.4
 =======================>     TALLY 7: HEATING     <========================

 Universe 13
   Total Material
     heating                              7.30192e+07 +/- 28045.1
 ============================>     TALLY 8     <============================

 Internal

