 ============================>     TALLY 1     <============================

 Universe 13
   Delayed Group 1
     Total Material
       Delayed-Nu-Fission Rate              0.000270832 +/- 1.04898e-07
   Delayed Group 2
     Total Material
       Delayed-Nu-Fission Rate              0.000724762 +/- 2.79763e-07
   Delayed Group 3
     Total Material
       Delayed-Nu-Fission Rate              0.000567388 +/- 2.17304e-07
   Delayed Group 4
     Total Material
       Delayed-Nu-Fission Rate              0.00113122 +/- 4.28618e-07
   Delayed Group 5
     Total Material
       Delayed-Nu-Fission Rate              0.000369462 +/- 1.39264e-07
   Delayed Group 6
     Total Material
       Delayed-Nu-Fission Rate              0.000133939 +/- 4.98323e-08
 ============================>     TALLY 2     <============================

 Universe 13
   Delayed Group 1
     Total Material
       Decay Rate                           -nan +/- 0
   Delayed Group 2
     Total Material
       Decay Rate                           2.51633e-05 +/- 9.71878e-09
   Delayed Group 3
     Total Material
       Decay Rate                           -nan +/- 0
   Delayed Group 4
     Total Material
       Decay Rate                           -nan +/- 0
   Delayed Group 5
     Total Material
       Decay Rate                           -nan +/- 0
   Delayed Group 6
     Total Material
       Decay Rate                           -nan +/- 0
 ============================>     TALLY 3     <============================

 Universe 13
   Incoming Energy [0, 200000000)
     Total Material
       Nu-Fission Rate                      1.05597 +/- 0.000412117
 ============================>     TALLY 4     <============================

 Universe 13
   Delayed Group 1
     Incoming Energy [0, 200000000)
       Total Material
         Delayed-Nu-Fission Rate              0.000270832 +/- 1.04898e-07
   Delayed Group 2
     Incoming Energy [0, 200000000)
       Total Material
         Delayed-Nu-Fission Rate              0.000724762 +/- 2.79763e-07
   Delayed Group 3
     Incoming Energy [0, 200000000)
       Total Material
         Delayed-Nu-Fission Rate              0.000567388 +/- 2.17304e-07
   Delayed Group 4
     Incoming Energy [0, 200000000)
       Total Material
         Delayed-Nu-Fission Rate              0.00113122 +/- 4.28618e-07
   Delayed Group 5
     Incoming Energy [0, 200000000)
       Total Material
         Delayed-Nu-Fission Rate              0.000369462 +/- 1.39264e-07
   Delayed Group 6
     Incoming Energy [0, 200000000)
       Total Material
         Delayed-Nu-Fission Rate              0.000133939 +/- 4.98323e-08
 =================>     TALLY 5: BREEDING_RATIO_TALLY     <=================

 Universe 13
   U234
     (n,gamma)                            0.000351522 +/- 3.3754e-07
     Absorption Rate                      0.00035367 +/- 3.37737e-07
   Pu239
     (n,gamma)                            2.85193e-17 +/- 1.31853e-20
     Absorption Rate                      7.58448e-17 +/- 3.50522e-20
   Pu238
     (n,gamma)                            1.37809e-16 +/- 6.96052e-20
     Absorption Rate                      1.47323e-16 +/- 7.2492e-20
   Th232
     (n,gamma)                            0.447818 +/- 0.000128365
     Absorption Rate                      0.449334 +/- 0.000128327
   U238
     (n,gamma)                            6.41722e-16 +/- 6.36999e-19
     Absorption Rate                      6.437e-16 +/- 6.37058e-19
   Pu241
     (n,gamma)                            1.08954e-17 +/- 5.11353e-21
     Absorption Rate                      3.94048e-17 +/- 1.84349e-20
   U233
     (n,gamma)                            0.0516525 +/- 1.81052e-05
     Absorption Rate                      0.472992 +/- 0.000182617
   U235
     (n,gamma)                            6.05376e-07 +/- 2.26932e-10
     Absorption Rate                      3.33194e-06 +/- 1.4643e-09
   Pu240
     (n,gamma)                            5.35987e-17 +/- 4.70277e-20
     Absorption Rate                      5.36474e-17 +/- 4.70368e-20
 ====================>     TALLY 6: FISSION_ENERGY     <====================

 Universe 13
   Total Material
     Kappa-Fission Rate                   8.07799e+07 +/- 31532.4
 =======================>     TALLY 7: HEATING     <========================

 Universe 13
   Total Material
     heating                              7.79983e+07 +/- 29330.5
 ============================>     TALLY 8     <============================

 Internal

