 ============================>     TALLY 1     <============================

 Universe 13
   Delayed Group 1
     Total Material
       Delayed-Nu-Fission Rate              0.00026204 +/- 9.28586e-08
   Delayed Group 2
     Total Material
       Delayed-Nu-Fission Rate              0.000702151 +/- 2.48094e-07
   Delayed Group 3
     Total Material
       Delayed-Nu-Fission Rate              0.000550198 +/- 1.93082e-07
   Delayed Group 4
     Total Material
       Delayed-Nu-Fission Rate              0.00109796 +/- 3.81776e-07
   Delayed Group 5
     Total Material
       Delayed-Nu-Fission Rate              0.000358985 +/- 1.24286e-07
   Delayed Group 6
     Total Material
       Delayed-Nu-Fission Rate              0.000130309 +/- 4.4631e-08
 ============================>     TALLY 2     <============================

 Universe 13
   Delayed Group 1
     Total Material
       Decay Rate                           -nan +/- 0
   Delayed Group 2
     Total Material
       Decay Rate                           2.43743e-05 +/- 8.61655e-09
   Delayed Group 3
     Total Material
       Decay Rate                           -nan +/- 0
   Delayed Group 4
     Total Material
       Decay Rate                           -nan +/- 0
   Delayed Group 5
     Total Material
       Decay Rate                           -nan +/- 0
   Delayed Group 6
     Total Material
       Decay Rate                           -nan +/- 0
 ============================>     TALLY 3     <============================

 Universe 13
   Incoming Energy [0, 200000000)
     Total Material
       Nu-Fission Rate                      1.02149 +/- 0.000364398
 ============================>     TALLY 4     <============================

 Universe 13
   Delayed Group 1
     Incoming Energy [0, 200000000)
       Total Material
         Delayed-Nu-Fission Rate              0.00026204 +/- 9.28586e-08
   Delayed Group 2
     Incoming Energy [0, 200000000)
       Total Material
         Delayed-Nu-Fission Rate              0.000702151 +/- 2.48094e-07
   Delayed Group 3
     Incoming Energy [0, 200000000)
       Total Material
         Delayed-Nu-Fission Rate              0.000550198 +/- 1.93082e-07
   Delayed Group 4
     Incoming Energy [0, 200000000)
       Total Material
         Delayed-Nu-Fission Rate              0.00109796 +/- 3.81776e-07
   Delayed Group 5
     Incoming Energy [0, 200000000)
       Total Material
         Delayed-Nu-Fission Rate              0.000358985 +/- 1.24286e-07
   Delayed Group 6
     Incoming Energy [0, 200000000)
       Total Material
         Delayed-Nu-Fission Rate              0.000130309 +/- 4.4631e-08
 =================>     TALLY 5: BREEDING_RATIO_TALLY     <=================

 Universe 13
   U235
     (n,gamma)                            0.000125282 +/- 4.22695e-08
     Absorption Rate                      0.000690311 +/- 2.63322e-07
   Pu240
     (n,gamma)                            1.36008e-11 +/- 1.37863e-14
     Absorption Rate                      1.36132e-11 +/- 1.37896e-14
   U234
     (n,gamma)                            0.00494117 +/- 4.00382e-06
     Absorption Rate                      0.00497203 +/- 4.00854e-06
   Pu241
     (n,gamma)                            4.45962e-13 +/- 1.93706e-16
     Absorption Rate                      1.61309e-12 +/- 6.89574e-16
   U238
     (n,gamma)                            1.3825e-10 +/- 1.48952e-13
     Absorption Rate                      1.38682e-10 +/- 1.48938e-13
   Pu239
     (n,gamma)                            1.03344e-10 +/- 4.72392e-14
     Absorption Rate                      2.74868e-10 +/- 1.24181e-13
   U233
     (n,gamma)                            0.0498432 +/- 1.78195e-05
     Absorption Rate                      0.456746 +/- 0.00016286
   Th232
     (n,gamma)                            0.451247 +/- 0.000135025
     Absorption Rate                      0.452809 +/- 0.000135132
   Pu238
     (n,gamma)                            1.15033e-09 +/- 4.89559e-13
     Absorption Rate                      1.22953e-09 +/- 5.1083e-13
 ====================>     TALLY 6: FISSION_ENERGY     <====================

 Universe 13
   Total Material
     Kappa-Fission Rate                   7.81446e+07 +/- 27883
 =======================>     TALLY 7: HEATING     <========================

 Universe 13
   Total Material
     heating                              7.31486e+07 +/- 25544.5
 ============================>     TALLY 8     <============================

 Internal

 ============================>     TALLY 9     <============================

 Internal

 ===========================>     TALLY 10     <============================

 Internal

