 ============================>     TALLY 1     <============================

 Universe 13
   Delayed Group 1
     Total Material
       Delayed-Nu-Fission Rate              0.000268731 +/- 9.31783e-08
   Delayed Group 2
     Total Material
       Delayed-Nu-Fission Rate              0.000719223 +/- 2.48357e-07
   Delayed Group 3
     Total Material
       Delayed-Nu-Fission Rate              0.00056317 +/- 1.92632e-07
   Delayed Group 4
     Total Material
       Delayed-Nu-Fission Rate              0.00112312 +/- 3.79213e-07
   Delayed Group 5
     Total Material
       Delayed-Nu-Fission Rate              0.000366872 +/- 1.23099e-07
   Delayed Group 6
     Total Material
       Delayed-Nu-Fission Rate              0.000133045 +/- 4.39475e-08
 ============================>     TALLY 2     <============================

 Universe 13
   Delayed Group 1
     Total Material
       Decay Rate                           -nan +/- 0
   Delayed Group 2
     Total Material
       Decay Rate                           -nan +/- 0
   Delayed Group 3
     Total Material
       Decay Rate                           -nan +/- 0
   Delayed Group 4
     Total Material
       Decay Rate                           -nan +/- 0
   Delayed Group 5
     Total Material
       Decay Rate                           -nan +/- 0
   Delayed Group 6
     Total Material
       Decay Rate                           -nan +/- 0
 ============================>     TALLY 3     <============================

 Universe 13
   Incoming Energy [0, 200000000)
     Total Material
       Nu-Fission Rate                      1.04766 +/- 0.000366493
 ============================>     TALLY 4     <============================

 Universe 13
   Delayed Group 1
     Incoming Energy [0, 200000000)
       Total Material
         Delayed-Nu-Fission Rate              0.000268731 +/- 9.31783e-08
   Delayed Group 2
     Incoming Energy [0, 200000000)
       Total Material
         Delayed-Nu-Fission Rate              0.000719223 +/- 2.48357e-07
   Delayed Group 3
     Incoming Energy [0, 200000000)
       Total Material
         Delayed-Nu-Fission Rate              0.00056317 +/- 1.92632e-07
   Delayed Group 4
     Incoming Energy [0, 200000000)
       Total Material
         Delayed-Nu-Fission Rate              0.00112312 +/- 3.79213e-07
   Delayed Group 5
     Incoming Energy [0, 200000000)
       Total Material
         Delayed-Nu-Fission Rate              0.000366872 +/- 1.23099e-07
   Delayed Group 6
     Incoming Energy [0, 200000000)
       Total Material
         Delayed-Nu-Fission Rate              0.000133045 +/- 4.39475e-08
 =================>     TALLY 5: BREEDING_RATIO_TALLY     <=================

 Universe 13
   U235
     (n,gamma)                            3.6379e-06 +/- 1.29614e-09
     Absorption Rate                      1.99804e-05 +/- 7.93213e-09
   Pu240
     (n,gamma)                            2.78367e-17 +/- 2.52606e-20
     Absorption Rate                      2.78622e-17 +/- 2.52651e-20
   U234
     (n,gamma)                            0.000852197 +/- 7.67259e-07
     Absorption Rate                      0.00085748 +/- 7.67418e-07
   Pu241
     (n,gamma)                            1.47333e-19 +/- 6.44509e-23
     Absorption Rate                      5.32856e-19 +/- 2.3e-22
   U238
     (n,gamma)                            4.76364e-14 +/- 4.99887e-17
     Absorption Rate                      4.77858e-14 +/- 4.99898e-17
   Pu239
     (n,gamma)                            1.15664e-15 +/- 5.32117e-19
     Absorption Rate                      3.07558e-15 +/- 1.39625e-18
   U233
     (n,gamma)                            0.051349 +/- 1.68482e-05
     Absorption Rate                      0.469291 +/- 0.000163078
   Th232
     (n,gamma)                            0.445008 +/- 0.000130419
     Absorption Rate                      0.446567 +/- 0.000130373
   Pu238
     (n,gamma)                            4.11034e-14 +/- 1.78117e-17
     Absorption Rate                      4.39587e-14 +/- 1.85051e-17
 ====================>     TALLY 6: FISSION_ENERGY     <====================

 Universe 13
   Total Material
     Kappa-Fission Rate                   8.0142e+07 +/- 28046.1
 =======================>     TALLY 7: HEATING     <========================

 Universe 13
   Total Material
     heating                              7.68711e+07 +/- 26325
 ============================>     TALLY 8     <============================

 Internal

 ============================>     TALLY 9     <============================

 Internal

 ===========================>     TALLY 10     <============================

 Internal

