 ============================>     TALLY 1     <============================

 Universe 13
   Delayed Group 1
     Total Material
       Delayed-Nu-Fission Rate              0.000253611 +/- 9.39505e-08
   Delayed Group 2
     Total Material
       Delayed-Nu-Fission Rate              0.000680659 +/- 2.5151e-07
   Delayed Group 3
     Total Material
       Delayed-Nu-Fission Rate              0.000533724 +/- 1.95943e-07
   Delayed Group 4
     Total Material
       Delayed-Nu-Fission Rate              0.00106556 +/- 3.87716e-07
   Delayed Group 5
     Total Material
       Delayed-Nu-Fission Rate              0.000348784 +/- 1.26398e-07
   Delayed Group 6
     Total Material
       Delayed-Nu-Fission Rate              0.000126707 +/- 4.5433e-08
 ============================>     TALLY 2     <============================

 Universe 13
   Delayed Group 1
     Total Material
       Decay Rate                           -nan +/- 0
   Delayed Group 2
     Total Material
       Decay Rate                           2.36237e-05 +/- 8.73308e-09
   Delayed Group 3
     Total Material
       Decay Rate                           -nan +/- 0
   Delayed Group 4
     Total Material
       Decay Rate                           -nan +/- 0
   Delayed Group 5
     Total Material
       Decay Rate                           -nan +/- 0
   Delayed Group 6
     Total Material
       Decay Rate                           -nan +/- 0
 ============================>     TALLY 3     <============================

 Universe 13
   Incoming Energy [0, 200000000)
     Total Material
       Nu-Fission Rate                      0.988797 +/- 0.00036874
 ============================>     TALLY 4     <============================

 Universe 13
   Delayed Group 1
     Incoming Energy [0, 200000000)
       Total Material
         Delayed-Nu-Fission Rate              0.000253611 +/- 9.39505e-08
   Delayed Group 2
     Incoming Energy [0, 200000000)
       Total Material
         Delayed-Nu-Fission Rate              0.000680659 +/- 2.5151e-07
   Delayed Group 3
     Incoming Energy [0, 200000000)
       Total Material
         Delayed-Nu-Fission Rate              0.000533724 +/- 1.95943e-07
   Delayed Group 4
     Incoming Energy [0, 200000000)
       Total Material
         Delayed-Nu-Fission Rate              0.00106556 +/- 3.87716e-07
   Delayed Group 5
     Incoming Energy [0, 200000000)
       Total Material
         Delayed-Nu-Fission Rate              0.000348784 +/- 1.26398e-07
   Delayed Group 6
     Incoming Energy [0, 200000000)
       Total Material
         Delayed-Nu-Fission Rate              0.000126707 +/- 4.5433e-08
 =================>     TALLY 5: BREEDING_RATIO_TALLY     <=================

 Universe 13
   Pu239
     (n,gamma)                            1.31698e-09 +/- 6.09404e-13
     Absorption Rate                      3.50331e-09 +/- 1.607e-12
   U234
     (n,gamma)                            0.00798715 +/- 5.79007e-06
     Absorption Rate                      0.0080376 +/- 5.79243e-06
   U235
     (n,gamma)                            0.000296826 +/- 1.10477e-07
     Absorption Rate                      0.00163671 +/- 6.83293e-07
   U238
     (n,gamma)                            8.60641e-10 +/- 8.42079e-13
     Absorption Rate                      8.63287e-10 +/- 8.42224e-13
   Th232
     (n,gamma)                            0.443278 +/- 0.000139573
     Absorption Rate                      0.444763 +/- 0.00013972
   U233
     (n,gamma)                            0.0480859 +/- 1.62708e-05
     Absorption Rate                      0.441201 +/- 0.000162722
   Pu238
     (n,gamma)                            1.10294e-08 +/- 5.08876e-12
     Absorption Rate                      1.17879e-08 +/- 5.29683e-12
   Pu240
     (n,gamma)                            2.52242e-10 +/- 2.2564e-13
     Absorption Rate                      2.52472e-10 +/- 2.25688e-13
   Pu241
     (n,gamma)                            1.2524e-11 +/- 5.51173e-15
     Absorption Rate                      4.53042e-11 +/- 1.97631e-14
 ====================>     TALLY 6: FISSION_ENERGY     <====================

 Universe 13
   Total Material
     Kappa-Fission Rate                   7.56513e+07 +/- 28216.2
 =======================>     TALLY 7: HEATING     <========================

 Universe 13
   Total Material
     heating                              6.8576e+07 +/- 26219.6
 ============================>     TALLY 8     <============================

 Internal

