 ============================>     TALLY 1     <============================

 Universe 13
   Delayed Group 1
     Total Material
       Delayed-Nu-Fission Rate              0.000271259 +/- 9.723e-08
   Delayed Group 2
     Total Material
       Delayed-Nu-Fission Rate              0.000725954 +/- 2.59415e-07
   Delayed Group 3
     Total Material
       Delayed-Nu-Fission Rate              0.000568337 +/- 2.01666e-07
   Delayed Group 4
     Total Material
       Delayed-Nu-Fission Rate              0.00113313 +/- 3.98257e-07
   Delayed Group 5
     Total Material
       Delayed-Nu-Fission Rate              0.000370101 +/- 1.29487e-07
   Delayed Group 6
     Total Material
       Delayed-Nu-Fission Rate              0.000134173 +/- 4.64153e-08
 ============================>     TALLY 2     <============================

 Universe 13
   Delayed Group 1
     Total Material
       Decay Rate                           -nan +/- 0
   Delayed Group 2
     Total Material
       Decay Rate                           2.52045e-05 +/- 9.01132e-09
   Delayed Group 3
     Total Material
       Decay Rate                           -nan +/- 0
   Delayed Group 4
     Total Material
       Decay Rate                           -nan +/- 0
   Delayed Group 5
     Total Material
       Decay Rate                           -nan +/- 0
   Delayed Group 6
     Total Material
       Decay Rate                           -nan +/- 0
 ============================>     TALLY 3     <============================

 Universe 13
   Incoming Energy [0, 200000000)
     Total Material
       Nu-Fission Rate                      1.05765 +/- 0.000381765
 ============================>     TALLY 4     <============================

 Universe 13
   Delayed Group 1
     Incoming Energy [0, 200000000)
       Total Material
         Delayed-Nu-Fission Rate              0.000271259 +/- 9.723e-08
   Delayed Group 2
     Incoming Energy [0, 200000000)
       Total Material
         Delayed-Nu-Fission Rate              0.000725954 +/- 2.59415e-07
   Delayed Group 3
     Incoming Energy [0, 200000000)
       Total Material
         Delayed-Nu-Fission Rate              0.000568337 +/- 2.01666e-07
   Delayed Group 4
     Incoming Energy [0, 200000000)
       Total Material
         Delayed-Nu-Fission Rate              0.00113313 +/- 3.98257e-07
   Delayed Group 5
     Incoming Energy [0, 200000000)
       Total Material
         Delayed-Nu-Fission Rate              0.000370101 +/- 1.29487e-07
   Delayed Group 6
     Incoming Energy [0, 200000000)
       Total Material
         Delayed-Nu-Fission Rate              0.000134173 +/- 4.64153e-08
 =================>     TALLY 5: BREEDING_RATIO_TALLY     <=================

 Universe 13
   Pu240
     (n,gamma)                            6.09441e-16 +/- 5.316e-19
     Absorption Rate                      6.09994e-16 +/- 5.31695e-19
   U235
     (n,gamma)                            8.15134e-06 +/- 2.9035e-09
     Absorption Rate                      4.49107e-05 +/- 1.78606e-08
   Th232
     (n,gamma)                            0.449769 +/- 0.000123335
     Absorption Rate                      0.451285 +/- 0.000123462
   Pu238
     (n,gamma)                            4.61315e-13 +/- 2.0894e-16
     Absorption Rate                      4.93069e-13 +/- 2.17447e-16
   U238
     (n,gamma)                            2.98406e-13 +/- 2.96285e-16
     Absorption Rate                      2.99323e-13 +/- 2.96316e-16
   Pu241
     (n,gamma)                            1.59371e-17 +/- 7.28337e-21
     Absorption Rate                      5.76471e-17 +/- 2.59632e-20
   U234
     (n,gamma)                            0.00128131 +/- 1.06309e-06
     Absorption Rate                      0.00128913 +/- 1.06378e-06
   U233
     (n,gamma)                            0.0516912 +/- 1.73768e-05
     Absorption Rate                      0.473668 +/- 0.00016976
   Pu239
     (n,gamma)                            1.63793e-14 +/- 7.63636e-18
     Absorption Rate                      4.35653e-14 +/- 2.00301e-17
 ====================>     TALLY 6: FISSION_ENERGY     <====================

 Universe 13
   Total Material
     Kappa-Fission Rate                   8.09093e+07 +/- 29209.3
 =======================>     TALLY 7: HEATING     <========================

 Universe 13
   Total Material
     heating                              7.82954e+07 +/- 28960.3
 ============================>     TALLY 8     <============================

 Internal

