 ============================>     TALLY 1     <============================

 Universe 13
   Delayed Group 1
     Total Material
       Delayed-Nu-Fission Rate              0.000252551 +/- 9.42836e-08
   Delayed Group 2
     Total Material
       Delayed-Nu-Fission Rate              0.000678369 +/- 2.52538e-07
   Delayed Group 3
     Total Material
       Delayed-Nu-Fission Rate              0.000532141 +/- 1.96679e-07
   Delayed Group 4
     Total Material
       Delayed-Nu-Fission Rate              0.00106272 +/- 3.88904e-07
   Delayed Group 5
     Total Material
       Delayed-Nu-Fission Rate              0.000348061 +/- 1.26808e-07
   Delayed Group 6
     Total Material
       Delayed-Nu-Fission Rate              0.000126507 +/- 4.55528e-08
 ============================>     TALLY 2     <============================

 Universe 13
   Delayed Group 1
     Total Material
       Decay Rate                           -nan +/- 0
   Delayed Group 2
     Total Material
       Decay Rate                           2.3542e-05 +/- 8.76835e-09
   Delayed Group 3
     Total Material
       Decay Rate                           -nan +/- 0
   Delayed Group 4
     Total Material
       Decay Rate                           -nan +/- 0
   Delayed Group 5
     Total Material
       Decay Rate                           -nan +/- 0
   Delayed Group 6
     Total Material
       Decay Rate                           -nan +/- 0
 ============================>     TALLY 3     <============================

 Universe 13
   Incoming Energy [0, 200000000)
     Total Material
       Nu-Fission Rate                      0.984735 +/- 0.000370346
 ============================>     TALLY 4     <============================

 Universe 13
   Delayed Group 1
     Incoming Energy [0, 200000000)
       Total Material
         Delayed-Nu-Fission Rate              0.000252551 +/- 9.42836e-08
   Delayed Group 2
     Incoming Energy [0, 200000000)
       Total Material
         Delayed-Nu-Fission Rate              0.000678369 +/- 2.52538e-07
   Delayed Group 3
     Incoming Energy [0, 200000000)
       Total Material
         Delayed-Nu-Fission Rate              0.000532141 +/- 1.96679e-07
   Delayed Group 4
     Incoming Energy [0, 200000000)
       Total Material
         Delayed-Nu-Fission Rate              0.00106272 +/- 3.88904e-07
   Delayed Group 5
     Incoming Energy [0, 200000000)
       Total Material
         Delayed-Nu-Fission Rate              0.000348061 +/- 1.26808e-07
   Delayed Group 6
     Incoming Energy [0, 200000000)
       Total Material
         Delayed-Nu-Fission Rate              0.000126507 +/- 4.55528e-08
 =================>     TALLY 5: BREEDING_RATIO_TALLY     <=================

 Universe 13
   Pu239
     (n,gamma)                            2.97591e-09 +/- 1.25722e-12
     Absorption Rate                      7.91616e-09 +/- 3.33743e-12
   U234
     (n,gamma)                            0.00904707 +/- 8.02631e-06
     Absorption Rate                      0.00910473 +/- 8.03184e-06
   U235
     (n,gamma)                            0.000382852 +/- 1.37572e-07
     Absorption Rate                      0.00211048 +/- 8.73566e-07
   U238
     (n,gamma)                            1.52986e-09 +/- 1.567e-12
     Absorption Rate                      1.53458e-09 +/- 1.56688e-12
   Th232
     (n,gamma)                            0.441708 +/- 0.000127565
     Absorption Rate                      0.443192 +/- 0.000127653
   U233
     (n,gamma)                            0.0478494 +/- 1.70461e-05
     Absorption Rate                      0.438952 +/- 0.00016401
   Pu238
     (n,gamma)                            2.27029e-08 +/- 1.06765e-11
     Absorption Rate                      2.42655e-08 +/- 1.11339e-11
   Pu240
     (n,gamma)                            6.46129e-10 +/- 5.7406e-13
     Absorption Rate                      6.46721e-10 +/- 5.7416e-13
   Pu241
     (n,gamma)                            3.65065e-11 +/- 1.58614e-14
     Absorption Rate                      1.32063e-10 +/- 5.71139e-14
 ====================>     TALLY 6: FISSION_ENERGY     <====================

 Universe 13
   Total Material
     Kappa-Fission Rate                   7.53432e+07 +/- 28340.5
 =======================>     TALLY 7: HEATING     <========================

 Universe 13
   Total Material
     heating                              6.80635e+07 +/- 26148.9
 ============================>     TALLY 8     <============================

 Internal

