 ============================>     TALLY 1     <============================

 Universe 13
   Delayed Group 1
     Total Material
       Delayed-Nu-Fission Rate              0.00025758 +/- 8.91395e-08
   Delayed Group 2
     Total Material
       Delayed-Nu-Fission Rate              0.000692283 +/- 2.38992e-07
   Delayed Group 3
     Total Material
       Delayed-Nu-Fission Rate              0.000543221 +/- 1.86317e-07
   Delayed Group 4
     Total Material
       Delayed-Nu-Fission Rate              0.00108509 +/- 3.68865e-07
   Delayed Group 5
     Total Material
       Delayed-Nu-Fission Rate              0.000355546 +/- 1.20395e-07
   Delayed Group 6
     Total Material
       Delayed-Nu-Fission Rate              0.000129276 +/- 4.33244e-08
 ============================>     TALLY 2     <============================

 Universe 13
   Delayed Group 1
     Total Material
       Decay Rate                           -nan +/- 0
   Delayed Group 2
     Total Material
       Decay Rate                           2.40232e-05 +/- 8.29697e-09
   Delayed Group 3
     Total Material
       Decay Rate                           -nan +/- 0
   Delayed Group 4
     Total Material
       Decay Rate                           -nan +/- 0
   Delayed Group 5
     Total Material
       Decay Rate                           -nan +/- 0
   Delayed Group 6
     Total Material
       Decay Rate                           -nan +/- 0
 ============================>     TALLY 3     <============================

 Universe 13
   Incoming Energy [0, 200000000)
     Total Material
       Nu-Fission Rate                      1.00439 +/- 0.000349992
 ============================>     TALLY 4     <============================

 Universe 13
   Delayed Group 1
     Incoming Energy [0, 200000000)
       Total Material
         Delayed-Nu-Fission Rate              0.00025758 +/- 8.91395e-08
   Delayed Group 2
     Incoming Energy [0, 200000000)
       Total Material
         Delayed-Nu-Fission Rate              0.000692283 +/- 2.38992e-07
   Delayed Group 3
     Incoming Energy [0, 200000000)
       Total Material
         Delayed-Nu-Fission Rate              0.000543221 +/- 1.86317e-07
   Delayed Group 4
     Incoming Energy [0, 200000000)
       Total Material
         Delayed-Nu-Fission Rate              0.00108509 +/- 3.68865e-07
   Delayed Group 5
     Incoming Energy [0, 200000000)
       Total Material
         Delayed-Nu-Fission Rate              0.000355546 +/- 1.20395e-07
   Delayed Group 6
     Incoming Energy [0, 200000000)
       Total Material
         Delayed-Nu-Fission Rate              0.000129276 +/- 4.33244e-08
 =================>     TALLY 5: BREEDING_RATIO_TALLY     <=================

 Universe 13
   Pu240
     (n,gamma)                            1.47586e-09 +/- 1.40963e-12
     Absorption Rate                      1.47718e-09 +/- 1.40999e-12
   Th232
     (n,gamma)                            0.463074 +/- 0.000144098
     Absorption Rate                      0.464595 +/- 0.000144119
   U238
     (n,gamma)                            2.37371e-09 +/- 2.63216e-12
     Absorption Rate                      2.38094e-09 +/- 2.63232e-12
   U233
     (n,gamma)                            0.0485448 +/- 1.59744e-05
     Absorption Rate                      0.447188 +/- 0.000154632
   Pu241
     (n,gamma)                            9.32905e-11 +/- 3.7972e-14
     Absorption Rate                      3.37509e-10 +/- 1.36315e-13
   Pu239
     (n,gamma)                            6.03943e-09 +/- 2.50692e-12
     Absorption Rate                      1.60733e-08 +/- 6.62849e-12
   U235
     (n,gamma)                            0.000449911 +/- 1.54901e-07
     Absorption Rate                      0.00249678 +/- 9.72274e-07
   U234
     (n,gamma)                            0.00931425 +/- 8.00155e-06
     Absorption Rate                      0.00937182 +/- 8.00796e-06
   Pu238
     (n,gamma)                            4.15453e-08 +/- 1.81252e-11
     Absorption Rate                      4.43521e-08 +/- 1.89216e-11
 ====================>     TALLY 6: FISSION_ENERGY     <====================

 Universe 13
   Total Material
     Kappa-Fission Rate                   7.68507e+07 +/- 26782.6
 =======================>     TALLY 7: HEATING     <========================

 Universe 13
   Total Material
     heating                              7.06383e+07 +/- 24117.6
 ============================>     TALLY 8     <============================

 Internal

