 ============================>     TALLY 1     <============================

 Universe 13
   Delayed Group 1
     Total Material
       Delayed-Nu-Fission Rate              0.000266377 +/- 9.52722e-08
   Delayed Group 2
     Total Material
       Delayed-Nu-Fission Rate              0.000713413 +/- 2.54421e-07
   Delayed Group 3
     Total Material
       Delayed-Nu-Fission Rate              0.000558773 +/- 1.97925e-07
   Delayed Group 4
     Total Material
       Delayed-Nu-Fission Rate              0.00111452 +/- 3.9116e-07
   Delayed Group 5
     Total Material
       Delayed-Nu-Fission Rate              0.000364234 +/- 1.2728e-07
   Delayed Group 6
     Total Material
       Delayed-Nu-Fission Rate              0.000132127 +/- 4.56703e-08
 ============================>     TALLY 2     <============================

 Universe 13
   Delayed Group 1
     Total Material
       Decay Rate                           -nan +/- 0
   Delayed Group 2
     Total Material
       Decay Rate                           2.47669e-05 +/- 8.83684e-09
   Delayed Group 3
     Total Material
       Decay Rate                           -nan +/- 0
   Delayed Group 4
     Total Material
       Decay Rate                           -nan +/- 0
   Delayed Group 5
     Total Material
       Decay Rate                           -nan +/- 0
   Delayed Group 6
     Total Material
       Decay Rate                           -nan +/- 0
 ============================>     TALLY 3     <============================

 Universe 13
   Incoming Energy [0, 200000000)
     Total Material
       Nu-Fission Rate                      1.03855 +/- 0.000373933
 ============================>     TALLY 4     <============================

 Universe 13
   Delayed Group 1
     Incoming Energy [0, 200000000)
       Total Material
         Delayed-Nu-Fission Rate              0.000266377 +/- 9.52722e-08
   Delayed Group 2
     Incoming Energy [0, 200000000)
       Total Material
         Delayed-Nu-Fission Rate              0.000713413 +/- 2.54421e-07
   Delayed Group 3
     Incoming Energy [0, 200000000)
       Total Material
         Delayed-Nu-Fission Rate              0.000558773 +/- 1.97925e-07
   Delayed Group 4
     Incoming Energy [0, 200000000)
       Total Material
         Delayed-Nu-Fission Rate              0.00111452 +/- 3.9116e-07
   Delayed Group 5
     Incoming Energy [0, 200000000)
       Total Material
         Delayed-Nu-Fission Rate              0.000364234 +/- 1.2728e-07
   Delayed Group 6
     Incoming Energy [0, 200000000)
       Total Material
         Delayed-Nu-Fission Rate              0.000132127 +/- 4.56703e-08
 =================>     TALLY 5: BREEDING_RATIO_TALLY     <=================

 Universe 13
   Pu238
     (n,gamma)                            3.58833e-10 +/- 1.71924e-13
     Absorption Rate                      3.83357e-10 +/- 1.79575e-13
   U238
     (n,gamma)                            5.37967e-11 +/- 5.89625e-14
     Absorption Rate                      5.3962e-11 +/- 5.89629e-14
   Th232
     (n,gamma)                            0.454992 +/- 0.000135816
     Absorption Rate                      0.45651 +/- 0.000135867
   U235
     (n,gamma)                            8.3044e-05 +/- 2.95038e-08
     Absorption Rate                      0.000458876 +/- 1.82493e-07
   Pu241
     (n,gamma)                            7.84203e-14 +/- 3.23974e-17
     Absorption Rate                      2.83672e-13 +/- 1.16523e-16
   U234
     (n,gamma)                            0.00404737 +/- 3.37588e-06
     Absorption Rate                      0.00407219 +/- 3.37792e-06
   U233
     (n,gamma)                            0.0505908 +/- 1.67249e-05
     Absorption Rate                      0.464571 +/- 0.000165804
   Pu239
     (n,gamma)                            2.77371e-11 +/- 1.13023e-14
     Absorption Rate                      7.37907e-11 +/- 2.99462e-14
   Pu240
     (n,gamma)                            2.94197e-12 +/- 2.50487e-15
     Absorption Rate                      2.94463e-12 +/- 2.5054e-15
 ====================>     TALLY 6: FISSION_ENERGY     <====================

 Universe 13
   Total Material
     Kappa-Fission Rate                   7.94506e+07 +/- 28611.8
 =======================>     TALLY 7: HEATING     <========================

 Universe 13
   Total Material
     heating                              7.54881e+07 +/- 26227.6
 ============================>     TALLY 8     <============================

 Internal

