 ============================>     TALLY 1     <============================

 Universe 13
   Delayed Group 1
     Total Material
       Delayed-Nu-Fission Rate              0.000253737 +/- 9.46821e-08
   Delayed Group 2
     Total Material
       Delayed-Nu-Fission Rate              0.000680964 +/- 2.53322e-07
   Delayed Group 3
     Total Material
       Delayed-Nu-Fission Rate              0.000533959 +/- 1.97094e-07
   Delayed Group 4
     Total Material
       Delayed-Nu-Fission Rate              0.00106604 +/- 3.89316e-07
   Delayed Group 5
     Total Material
       Delayed-Nu-Fission Rate              0.00034893 +/- 1.26818e-07
   Delayed Group 6
     Total Material
       Delayed-Nu-Fission Rate              0.00012676 +/- 4.54963e-08
 ============================>     TALLY 2     <============================

 Universe 13
   Delayed Group 1
     Total Material
       Decay Rate                           -nan +/- 0
   Delayed Group 2
     Total Material
       Decay Rate                           2.36345e-05 +/- 8.79685e-09
   Delayed Group 3
     Total Material
       Decay Rate                           -nan +/- 0
   Delayed Group 4
     Total Material
       Decay Rate                           -nan +/- 0
   Delayed Group 5
     Total Material
       Decay Rate                           -nan +/- 0
   Delayed Group 6
     Total Material
       Decay Rate                           -nan +/- 0
 ============================>     TALLY 3     <============================

 Universe 13
   Incoming Energy [0, 200000000)
     Total Material
       Nu-Fission Rate                      0.989262 +/- 0.000372118
 ============================>     TALLY 4     <============================

 Universe 13
   Delayed Group 1
     Incoming Energy [0, 200000000)
       Total Material
         Delayed-Nu-Fission Rate              0.000253737 +/- 9.46821e-08
   Delayed Group 2
     Incoming Energy [0, 200000000)
       Total Material
         Delayed-Nu-Fission Rate              0.000680964 +/- 2.53322e-07
   Delayed Group 3
     Incoming Energy [0, 200000000)
       Total Material
         Delayed-Nu-Fission Rate              0.000533959 +/- 1.97094e-07
   Delayed Group 4
     Incoming Energy [0, 200000000)
       Total Material
         Delayed-Nu-Fission Rate              0.00106604 +/- 3.89316e-07
   Delayed Group 5
     Incoming Energy [0, 200000000)
       Total Material
         Delayed-Nu-Fission Rate              0.00034893 +/- 1.26818e-07
   Delayed Group 6
     Incoming Energy [0, 200000000)
       Total Material
         Delayed-Nu-Fission Rate              0.00012676 +/- 4.54963e-08
 =================>     TALLY 5: BREEDING_RATIO_TALLY     <=================

 Universe 13
   Pu239
     (n,gamma)                            1.23575e-09 +/- 5.42982e-13
     Absorption Rate                      3.28727e-09 +/- 1.44247e-12
   U234
     (n,gamma)                            0.00788985 +/- 6.34232e-06
     Absorption Rate                      0.00793986 +/- 6.34571e-06
   U235
     (n,gamma)                            0.000291035 +/- 1.10372e-07
     Absorption Rate                      0.00160479 +/- 6.8718e-07
   U238
     (n,gamma)                            8.25163e-10 +/- 8.27528e-13
     Absorption Rate                      8.27701e-10 +/- 8.2773e-13
   Th232
     (n,gamma)                            0.443515 +/- 0.000137354
     Absorption Rate                      0.445004 +/- 0.000137532
   U233
     (n,gamma)                            0.0481224 +/- 1.55854e-05
     Absorption Rate                      0.441446 +/- 0.00016357
   Pu238
     (n,gamma)                            1.0431e-08 +/- 5.24035e-12
     Absorption Rate                      1.11485e-08 +/- 5.46605e-12
   Pu240
     (n,gamma)                            2.34272e-10 +/- 2.00891e-13
     Absorption Rate                      2.34487e-10 +/- 2.00931e-13
   Pu241
     (n,gamma)                            1.15232e-11 +/- 5.04094e-15
     Absorption Rate                      4.16861e-11 +/- 1.82525e-14
 ====================>     TALLY 6: FISSION_ENERGY     <====================

 Universe 13
   Total Material
     Kappa-Fission Rate                   7.56867e+07 +/- 28475
 =======================>     TALLY 7: HEATING     <========================

 Universe 13
   Total Material
     heating                              6.85983e+07 +/- 25100.1
 ============================>     TALLY 8     <============================

 Internal

