 ============================>     TALLY 1     <============================

 Universe 13
   Delayed Group 1
     Total Material
       Delayed-Nu-Fission Rate              0.000269106 +/- 9.56015e-08
   Delayed Group 2
     Total Material
       Delayed-Nu-Fission Rate              0.000720345 +/- 2.55017e-07
   Delayed Group 3
     Total Material
       Delayed-Nu-Fission Rate              0.000564038 +/- 1.98071e-07
   Delayed Group 4
     Total Material
       Delayed-Nu-Fission Rate              0.00112475 +/- 3.90626e-07
   Delayed Group 5
     Total Material
       Delayed-Nu-Fission Rate              0.00036743 +/- 1.26932e-07
   Delayed Group 6
     Total Material
       Delayed-Nu-Fission Rate              0.000133236 +/- 4.5416e-08
 ============================>     TALLY 2     <============================

 Universe 13
   Delayed Group 1
     Total Material
       Decay Rate                           -nan +/- 0
   Delayed Group 2
     Total Material
       Decay Rate                           2.50091e-05 +/- 8.85894e-09
   Delayed Group 3
     Total Material
       Decay Rate                           -nan +/- 0
   Delayed Group 4
     Total Material
       Decay Rate                           -nan +/- 0
   Delayed Group 5
     Total Material
       Decay Rate                           -nan +/- 0
   Delayed Group 6
     Total Material
       Decay Rate                           -nan +/- 0
 ============================>     TALLY 3     <============================

 Universe 13
   Incoming Energy [0, 200000000)
     Total Material
       Nu-Fission Rate                      1.0492 +/- 0.000375749
 ============================>     TALLY 4     <============================

 Universe 13
   Delayed Group 1
     Incoming Energy [0, 200000000)
       Total Material
         Delayed-Nu-Fission Rate              0.000269106 +/- 9.56015e-08
   Delayed Group 2
     Incoming Energy [0, 200000000)
       Total Material
         Delayed-Nu-Fission Rate              0.000720345 +/- 2.55017e-07
   Delayed Group 3
     Incoming Energy [0, 200000000)
       Total Material
         Delayed-Nu-Fission Rate              0.000564038 +/- 1.98071e-07
   Delayed Group 4
     Incoming Energy [0, 200000000)
       Total Material
         Delayed-Nu-Fission Rate              0.00112475 +/- 3.90626e-07
   Delayed Group 5
     Incoming Energy [0, 200000000)
       Total Material
         Delayed-Nu-Fission Rate              0.00036743 +/- 1.26932e-07
   Delayed Group 6
     Incoming Energy [0, 200000000)
       Total Material
         Delayed-Nu-Fission Rate              0.000133236 +/- 4.5416e-08
 =================>     TALLY 5: BREEDING_RATIO_TALLY     <=================

 Universe 13
   Pu240
     (n,gamma)                            5.431e-14 +/- 5.08174e-17
     Absorption Rate                      5.43592e-14 +/- 5.08271e-17
   U235
     (n,gamma)                            2.79298e-05 +/- 9.24176e-09
     Absorption Rate                      0.000153995 +/- 6.07451e-08
   Th232
     (n,gamma)                            0.45193 +/- 0.000129701
     Absorption Rate                      0.453452 +/- 0.00012968
   Pu238
     (n,gamma)                            1.66038e-11 +/- 6.9902e-15
     Absorption Rate                      1.77448e-11 +/- 7.25604e-15
   U238
     (n,gamma)                            4.82363e-12 +/- 4.82169e-15
     Absorption Rate                      4.83848e-12 +/- 4.82348e-15
   Pu241
     (n,gamma)                            8.3289e-16 +/- 3.61015e-19
     Absorption Rate                      3.01257e-15 +/- 1.29394e-18
   U234
     (n,gamma)                            0.00236234 +/- 2.14142e-06
     Absorption Rate                      0.00237682 +/- 2.14302e-06
   U233
     (n,gamma)                            0.0512305 +/- 1.72527e-05
     Absorption Rate                      0.469723 +/- 0.000167087
   Pu239
     (n,gamma)                            8.73553e-13 +/- 3.86396e-16
     Absorption Rate                      2.32357e-12 +/- 1.01955e-15
 ====================>     TALLY 6: FISSION_ENERGY     <====================

 Universe 13
   Total Material
     Kappa-Fission Rate                   8.0263e+07 +/- 28748.4
 =======================>     TALLY 7: HEATING     <========================

 Universe 13
   Total Material
     heating                              7.70108e+07 +/- 26580.4
 ============================>     TALLY 8     <============================

 Internal

