 ============================>     TALLY 1     <============================

 Universe 13
   Delayed Group 1
     Total Material
       Delayed-Nu-Fission Rate              0.000258131 +/- 8.38487e-08
   Delayed Group 2
     Total Material
       Delayed-Nu-Fission Rate              0.00069139 +/- 2.23965e-07
   Delayed Group 3
     Total Material
       Delayed-Nu-Fission Rate              0.000541615 +/- 1.7432e-07
   Delayed Group 4
     Total Material
       Delayed-Nu-Fission Rate              0.00108056 +/- 3.44769e-07
   Delayed Group 5
     Total Material
       Delayed-Nu-Fission Rate              0.000353174 +/- 1.1223e-07
   Delayed Group 6
     Total Material
       Delayed-Nu-Fission Rate              0.000128152 +/- 4.03131e-08
 ============================>     TALLY 2     <============================

 Universe 13
   Delayed Group 1
     Total Material
       Decay Rate                           -nan +/- 0
   Delayed Group 2
     Total Material
       Decay Rate                           2.4002e-05 +/- 7.77872e-09
   Delayed Group 3
     Total Material
       Decay Rate                           -nan +/- 0
   Delayed Group 4
     Total Material
       Decay Rate                           -nan +/- 0
   Delayed Group 5
     Total Material
       Decay Rate                           -nan +/- 0
   Delayed Group 6
     Total Material
       Decay Rate                           -nan +/- 0
 ============================>     TALLY 3     <============================

 Universe 13
   Incoming Energy [0, 200000000)
     Total Material
       Nu-Fission Rate                      1.00621 +/- 0.00032892
 ============================>     TALLY 4     <============================

 Universe 13
   Delayed Group 1
     Incoming Energy [0, 200000000)
       Total Material
         Delayed-Nu-Fission Rate              0.000258131 +/- 8.38487e-08
   Delayed Group 2
     Incoming Energy [0, 200000000)
       Total Material
         Delayed-Nu-Fission Rate              0.00069139 +/- 2.23965e-07
   Delayed Group 3
     Incoming Energy [0, 200000000)
       Total Material
         Delayed-Nu-Fission Rate              0.000541615 +/- 1.7432e-07
   Delayed Group 4
     Incoming Energy [0, 200000000)
       Total Material
         Delayed-Nu-Fission Rate              0.00108056 +/- 3.44769e-07
   Delayed Group 5
     Incoming Energy [0, 200000000)
       Total Material
         Delayed-Nu-Fission Rate              0.000353174 +/- 1.1223e-07
   Delayed Group 6
     Incoming Energy [0, 200000000)
       Total Material
         Delayed-Nu-Fission Rate              0.000128152 +/- 4.03131e-08
 =================>     TALLY 5: BREEDING_RATIO_TALLY     <=================

 Universe 13
   U235
     (n,gamma)                            8.27136e-05 +/- 2.69199e-08
     Absorption Rate                      0.000456529 +/- 1.66499e-07
   U234
     (n,gamma)                            0.00421831 +/- 3.47551e-06
     Absorption Rate                      0.00424444 +/- 3.47768e-06
   U238
     (n,gamma)                            5.04826e-11 +/- 5.39163e-14
     Absorption Rate                      5.06379e-11 +/- 5.39326e-14
   Th232
     (n,gamma)                            0.448431 +/- 0.000117518
     Absorption Rate                      0.449934 +/- 0.000117571
   Pu238
     (n,gamma)                            3.09583e-10 +/- 1.2934e-13
     Absorption Rate                      3.30809e-10 +/- 1.35299e-13
   Pu240
     (n,gamma)                            2.36192e-12 +/- 1.98371e-15
     Absorption Rate                      2.36407e-12 +/- 1.98409e-15
   Pu241
     (n,gamma)                            6.15376e-14 +/- 2.55977e-17
     Absorption Rate                      2.22602e-13 +/- 8.98984e-17
   U233
     (n,gamma)                            0.0490414 +/- 1.46694e-05
     Absorption Rate                      0.450079 +/- 0.000145442
   Pu239
     (n,gamma)                            2.32537e-11 +/- 1.04327e-14
     Absorption Rate                      6.18601e-11 +/- 2.71843e-14
 ====================>     TALLY 6: FISSION_ENERGY     <====================

 Universe 13
   Total Material
     Kappa-Fission Rate                   7.69765e+07 +/- 25168.9
 =======================>     TALLY 7: HEATING     <========================

 Universe 13
   Total Material
     heating                              7.09265e+07 +/- 22415
 ============================>     TALLY 8     <============================

 Internal

