 ============================>     TALLY 1     <============================

 Universe 13
   Delayed Group 1
     Total Material
       Delayed-Nu-Fission Rate              0.000271623 +/- 9.75152e-08
   Delayed Group 2
     Total Material
       Delayed-Nu-Fission Rate              0.000726916 +/- 2.60034e-07
   Delayed Group 3
     Total Material
       Delayed-Nu-Fission Rate              0.000569085 +/- 2.01888e-07
   Delayed Group 4
     Total Material
       Delayed-Nu-Fission Rate              0.00113462 +/- 3.97952e-07
   Delayed Group 5
     Total Material
       Delayed-Nu-Fission Rate              0.000370582 +/- 1.29263e-07
   Delayed Group 6
     Total Material
       Delayed-Nu-Fission Rate              0.000134347 +/- 4.62157e-08
 ============================>     TALLY 2     <============================

 Universe 13
   Delayed Group 1
     Total Material
       Decay Rate                           -nan +/- 0
   Delayed Group 2
     Total Material
       Decay Rate                           2.5238e-05 +/- 9.03365e-09
   Delayed Group 3
     Total Material
       Decay Rate                           -nan +/- 0
   Delayed Group 4
     Total Material
       Decay Rate                           -nan +/- 0
   Delayed Group 5
     Total Material
       Decay Rate                           -nan +/- 0
   Delayed Group 6
     Total Material
       Decay Rate                           -nan +/- 0
 ============================>     TALLY 3     <============================

 Universe 13
   Incoming Energy [0, 200000000)
     Total Material
       Nu-Fission Rate                      1.05907 +/- 0.000383225
 ============================>     TALLY 4     <============================

 Universe 13
   Delayed Group 1
     Incoming Energy [0, 200000000)
       Total Material
         Delayed-Nu-Fission Rate              0.000271623 +/- 9.75152e-08
   Delayed Group 2
     Incoming Energy [0, 200000000)
       Total Material
         Delayed-Nu-Fission Rate              0.000726916 +/- 2.60034e-07
   Delayed Group 3
     Incoming Energy [0, 200000000)
       Total Material
         Delayed-Nu-Fission Rate              0.000569085 +/- 2.01888e-07
   Delayed Group 4
     Incoming Energy [0, 200000000)
       Total Material
         Delayed-Nu-Fission Rate              0.00113462 +/- 3.97952e-07
   Delayed Group 5
     Incoming Energy [0, 200000000)
       Total Material
         Delayed-Nu-Fission Rate              0.000370582 +/- 1.29263e-07
   Delayed Group 6
     Incoming Energy [0, 200000000)
       Total Material
         Delayed-Nu-Fission Rate              0.000134347 +/- 4.62157e-08
 =================>     TALLY 5: BREEDING_RATIO_TALLY     <=================

 Universe 13
   Pu240
     (n,gamma)                            2.44183e-16 +/- 2.41281e-19
     Absorption Rate                      2.44405e-16 +/- 2.41331e-19
   U235
     (n,gamma)                            6.13702e-06 +/- 2.20527e-09
     Absorption Rate                      3.37986e-05 +/- 1.35733e-08
   Th232
     (n,gamma)                            0.449625 +/- 0.000140934
     Absorption Rate                      0.451144 +/- 0.000140917
   Pu238
     (n,gamma)                            1.97334e-13 +/- 8.99059e-17
     Absorption Rate                      2.1094e-13 +/- 9.38057e-17
   U238
     (n,gamma)                            1.55304e-13 +/- 1.67609e-16
     Absorption Rate                      1.55783e-13 +/- 1.67617e-16
   Pu241
     (n,gamma)                            1.26979e-17 +/- 5.12152e-21
     Absorption Rate                      4.59281e-17 +/- 1.86186e-20
   U234
     (n,gamma)                            0.00111206 +/- 8.61329e-07
     Absorption Rate                      0.00111886 +/- 8.61628e-07
   U233
     (n,gamma)                            0.0517832 +/- 1.7415e-05
     Absorption Rate                      0.474335 +/- 0.000170459
   Pu239
     (n,gamma)                            6.45577e-15 +/- 2.56382e-18
     Absorption Rate                      1.71703e-14 +/- 6.81331e-18
 ====================>     TALLY 6: FISSION_ENERGY     <====================

 Universe 13
   Total Material
     Kappa-Fission Rate                   8.10176e+07 +/- 29324.1
 =======================>     TALLY 7: HEATING     <========================

 Universe 13
   Total Material
     heating                              7.84388e+07 +/- 27647.2
 ============================>     TALLY 8     <============================

 Internal

