 ============================>     TALLY 1     <============================

 Universe 13
   Delayed Group 1
     Total Material
       Delayed-Nu-Fission Rate              0.000254547 +/- 8.8477e-08
   Delayed Group 2
     Total Material
       Delayed-Nu-Fission Rate              0.000682748 +/- 2.3625e-07
   Delayed Group 3
     Total Material
       Delayed-Nu-Fission Rate              0.000535221 +/- 1.83193e-07
   Delayed Group 4
     Total Material
       Delayed-Nu-Fission Rate              0.00106838 +/- 3.60221e-07
   Delayed Group 5
     Total Material
       Delayed-Nu-Fission Rate              0.000349553 +/- 1.17035e-07
   Delayed Group 6
     Total Material
       Delayed-Nu-Fission Rate              0.000126949 +/- 4.17413e-08
 ============================>     TALLY 2     <============================

 Universe 13
   Delayed Group 1
     Total Material
       Decay Rate                           -nan +/- 0
   Delayed Group 2
     Total Material
       Decay Rate                           2.3698e-05 +/- 8.20649e-09
   Delayed Group 3
     Total Material
       Decay Rate                           -nan +/- 0
   Delayed Group 4
     Total Material
       Decay Rate                           -nan +/- 0
   Delayed Group 5
     Total Material
       Decay Rate                           -nan +/- 0
   Delayed Group 6
     Total Material
       Decay Rate                           -nan +/- 0
 ============================>     TALLY 3     <============================

 Universe 13
   Incoming Energy [0, 200000000)
     Total Material
       Nu-Fission Rate                      0.992339 +/- 0.000348637
 ============================>     TALLY 4     <============================

 Universe 13
   Delayed Group 1
     Incoming Energy [0, 200000000)
       Total Material
         Delayed-Nu-Fission Rate              0.000254547 +/- 8.8477e-08
   Delayed Group 2
     Incoming Energy [0, 200000000)
       Total Material
         Delayed-Nu-Fission Rate              0.000682748 +/- 2.3625e-07
   Delayed Group 3
     Incoming Energy [0, 200000000)
       Total Material
         Delayed-Nu-Fission Rate              0.000535221 +/- 1.83193e-07
   Delayed Group 4
     Incoming Energy [0, 200000000)
       Total Material
         Delayed-Nu-Fission Rate              0.00106838 +/- 3.60221e-07
   Delayed Group 5
     Incoming Energy [0, 200000000)
       Total Material
         Delayed-Nu-Fission Rate              0.000349553 +/- 1.17035e-07
   Delayed Group 6
     Incoming Energy [0, 200000000)
       Total Material
         Delayed-Nu-Fission Rate              0.000126949 +/- 4.17413e-08
 =================>     TALLY 5: BREEDING_RATIO_TALLY     <=================

 Universe 13
   U238
     (n,gamma)                            4.85594e-10 +/- 5.44572e-13
     Absorption Rate                      4.8709e-10 +/- 5.44706e-13
   Pu239
     (n,gamma)                            5.81226e-10 +/- 2.61674e-13
     Absorption Rate                      1.5461e-09 +/- 6.9124e-13
   Pu241
     (n,gamma)                            4.27546e-12 +/- 1.87071e-15
     Absorption Rate                      1.54667e-11 +/- 6.6868e-15
   U233
     (n,gamma)                            0.0483128 +/- 1.54431e-05
     Absorption Rate                      0.443138 +/- 0.000154292
   Pu238
     (n,gamma)                            5.35067e-09 +/- 2.3675e-12
     Absorption Rate                      5.71889e-09 +/- 2.45958e-12
   Th232
     (n,gamma)                            0.444708 +/- 0.000140921
     Absorption Rate                      0.446204 +/- 0.000140781
   Pu240
     (n,gamma)                            9.80299e-11 +/- 9.7819e-14
     Absorption Rate                      9.81197e-11 +/- 9.78345e-14
   U234
     (n,gamma)                            0.00702958 +/- 6.0276e-06
     Absorption Rate                      0.00707392 +/- 6.03113e-06
   U235
     (n,gamma)                            0.000229627 +/- 7.92806e-08
     Absorption Rate                      0.00126573 +/- 5.01762e-07
 ====================>     TALLY 6: FISSION_ENERGY     <====================

 Universe 13
   Total Material
     Kappa-Fission Rate                   7.59201e+07 +/- 26680.9
 =======================>     TALLY 7: HEATING     <========================

 Universe 13
   Total Material
     heating                              6.90104e+07 +/- 23860.8
 ============================>     TALLY 8     <============================

 Internal

