 ============================>     TALLY 1     <============================

 Universe 13
   Delayed Group 1
     Total Material
       Delayed-Nu-Fission Rate              0.000261881 +/- 8.67556e-08
   Delayed Group 2
     Total Material
       Delayed-Nu-Fission Rate              0.000701777 +/- 2.31642e-07
   Delayed Group 3
     Total Material
       Delayed-Nu-Fission Rate              0.000549924 +/- 1.79961e-07
   Delayed Group 4
     Total Material
       Delayed-Nu-Fission Rate              0.00109744 +/- 3.54939e-07
   Delayed Group 5
     Total Material
       Delayed-Nu-Fission Rate              0.000358834 +/- 1.15416e-07
   Delayed Group 6
     Total Material
       Delayed-Nu-Fission Rate              0.00013026 +/- 4.13148e-08
 ============================>     TALLY 2     <============================

 Universe 13
   Delayed Group 1
     Total Material
       Decay Rate                           -nan +/- 0
   Delayed Group 2
     Total Material
       Decay Rate                           -nan +/- 0
   Delayed Group 3
     Total Material
       Decay Rate                           -nan +/- 0
   Delayed Group 4
     Total Material
       Decay Rate                           -nan +/- 0
   Delayed Group 5
     Total Material
       Decay Rate                           -nan +/- 0
   Delayed Group 6
     Total Material
       Decay Rate                           -nan +/- 0
 ============================>     TALLY 3     <============================

 Universe 13
   Incoming Energy [0, 200000000)
     Total Material
       Nu-Fission Rate                      1.02088 +/- 0.000340922
 ============================>     TALLY 4     <============================

 Universe 13
   Delayed Group 1
     Incoming Energy [0, 200000000)
       Total Material
         Delayed-Nu-Fission Rate              0.000261881 +/- 8.67556e-08
   Delayed Group 2
     Incoming Energy [0, 200000000)
       Total Material
         Delayed-Nu-Fission Rate              0.000701777 +/- 2.31642e-07
   Delayed Group 3
     Incoming Energy [0, 200000000)
       Total Material
         Delayed-Nu-Fission Rate              0.000549924 +/- 1.79961e-07
   Delayed Group 4
     Incoming Energy [0, 200000000)
       Total Material
         Delayed-Nu-Fission Rate              0.00109744 +/- 3.54939e-07
   Delayed Group 5
     Incoming Energy [0, 200000000)
       Total Material
         Delayed-Nu-Fission Rate              0.000358834 +/- 1.15416e-07
   Delayed Group 6
     Incoming Energy [0, 200000000)
       Total Material
         Delayed-Nu-Fission Rate              0.00013026 +/- 4.13148e-08
 =================>     TALLY 5: BREEDING_RATIO_TALLY     <=================

 Universe 13
   U238
     (n,gamma)                            1.58043e-10 +/- 1.67306e-13
     Absorption Rate                      1.58537e-10 +/- 1.67359e-13
   Th232
     (n,gamma)                            0.451408 +/- 0.000138245
     Absorption Rate                      0.452969 +/- 0.000138232
   Pu241
     (n,gamma)                            5.75758e-13 +/- 2.39883e-16
     Absorption Rate                      2.08267e-12 +/- 8.57704e-16
   U233
     (n,gamma)                            0.0498046 +/- 1.58612e-05
     Absorption Rate                      0.456428 +/- 0.000151666
   Pu239
     (n,gamma)                            1.25437e-10 +/- 5.48397e-14
     Absorption Rate                      3.33642e-10 +/- 1.43916e-13
   Pu240
     (n,gamma)                            1.7014e-11 +/- 1.5106e-14
     Absorption Rate                      1.70295e-11 +/- 1.51092e-14
   U235
     (n,gamma)                            0.000133178 +/- 4.48816e-08
     Absorption Rate                      0.000734062 +/- 2.75918e-07
   Pu238
     (n,gamma)                            1.36498e-09 +/- 5.74319e-13
     Absorption Rate                      1.45891e-09 +/- 5.97591e-13
   U234
     (n,gamma)                            0.00509804 +/- 4.88242e-06
     Absorption Rate                      0.00512985 +/- 4.88595e-06
 ====================>     TALLY 6: FISSION_ENERGY     <====================

 Universe 13
   Total Material
     Kappa-Fission Rate                   7.80982e+07 +/- 26091.3
 =======================>     TALLY 7: HEATING     <========================

 Universe 13
   Total Material
     heating                              7.30052e+07 +/- 25466.5
 ============================>     TALLY 8     <============================

 Internal

 ============================>     TALLY 9     <============================

 Internal

 ===========================>     TALLY 10     <============================

 Internal

