 ============================>     TALLY 1     <============================

 Universe 13
   Delayed Group 1
     Total Material
       Delayed-Nu-Fission Rate              0.000265417 +/- 1.04702e-07
   Delayed Group 2
     Total Material
       Delayed-Nu-Fission Rate              0.000711004 +/- 2.79473e-07
   Delayed Group 3
     Total Material
       Delayed-Nu-Fission Rate              0.000556955 +/- 2.17067e-07
   Delayed Group 4
     Total Material
       Delayed-Nu-Fission Rate              0.001111 +/- 4.27975e-07
   Delayed Group 5
     Total Material
       Delayed-Nu-Fission Rate              0.000363147 +/- 1.39114e-07
   Delayed Group 6
     Total Material
       Delayed-Nu-Fission Rate              0.000131753 +/- 4.97626e-08
 ============================>     TALLY 2     <============================

 Universe 13
   Delayed Group 1
     Total Material
       Decay Rate                           -nan +/- 0
   Delayed Group 2
     Total Material
       Decay Rate                           2.46826e-05 +/- 9.70784e-09
   Delayed Group 3
     Total Material
       Decay Rate                           -nan +/- 0
   Delayed Group 4
     Total Material
       Decay Rate                           -nan +/- 0
   Delayed Group 5
     Total Material
       Decay Rate                           -nan +/- 0
   Delayed Group 6
     Total Material
       Decay Rate                           -nan +/- 0
 ============================>     TALLY 3     <============================

 Universe 13
   Incoming Energy [0, 200000000)
     Total Material
       Nu-Fission Rate                      1.03481 +/- 0.000411675
 ============================>     TALLY 4     <============================

 Universe 13
   Delayed Group 1
     Incoming Energy [0, 200000000)
       Total Material
         Delayed-Nu-Fission Rate              0.000265417 +/- 1.04702e-07
   Delayed Group 2
     Incoming Energy [0, 200000000)
       Total Material
         Delayed-Nu-Fission Rate              0.000711004 +/- 2.79473e-07
   Delayed Group 3
     Incoming Energy [0, 200000000)
       Total Material
         Delayed-Nu-Fission Rate              0.000556955 +/- 2.17067e-07
   Delayed Group 4
     Incoming Energy [0, 200000000)
       Total Material
         Delayed-Nu-Fission Rate              0.001111 +/- 4.27975e-07
   Delayed Group 5
     Incoming Energy [0, 200000000)
       Total Material
         Delayed-Nu-Fission Rate              0.000363147 +/- 1.39114e-07
   Delayed Group 6
     Incoming Energy [0, 200000000)
       Total Material
         Delayed-Nu-Fission Rate              0.000131753 +/- 4.97626e-08
 =================>     TALLY 5: BREEDING_RATIO_TALLY     <=================

 Universe 13
   Pu238
     (n,gamma)                            7.34681e-10 +/- 3.62996e-13
     Absorption Rate                      7.84814e-10 +/- 3.77982e-13
   U238
     (n,gamma)                            9.51454e-11 +/- 1.00183e-13
     Absorption Rate                      9.54363e-11 +/- 1.00191e-13
   Th232
     (n,gamma)                            0.455924 +/- 0.000149759
     Absorption Rate                      0.457441 +/- 0.000149652
   U235
     (n,gamma)                            0.000107324 +/- 4.19812e-08
     Absorption Rate                      0.000593304 +/- 2.62695e-07
   Pu241
     (n,gamma)                            2.28557e-13 +/- 1.0875e-16
     Absorption Rate                      8.26806e-13 +/- 3.89373e-16
   U234
     (n,gamma)                            0.00459992 +/- 4.02757e-06
     Absorption Rate                      0.0046281 +/- 4.02954e-06
   U233
     (n,gamma)                            0.0503804 +/- 1.83673e-05
     Absorption Rate                      0.462755 +/- 0.000182583
   Pu239
     (n,gamma)                            6.23932e-11 +/- 3.16471e-14
     Absorption Rate                      1.65998e-10 +/- 8.33448e-14
   Pu240
     (n,gamma)                            7.53409e-12 +/- 6.89537e-15
     Absorption Rate                      7.54087e-12 +/- 6.89704e-15
 ====================>     TALLY 6: FISSION_ENERGY     <====================

 Universe 13
   Total Material
     Kappa-Fission Rate                   7.91656e+07 +/- 31498.7
 =======================>     TALLY 7: HEATING     <========================

 Universe 13
   Total Material
     heating                              7.48988e+07 +/- 29082.5
 ============================>     TALLY 8     <============================

 Internal

