 ============================>     TALLY 1     <============================

 Universe 13
   Delayed Group 1
     Total Material
       Delayed-Nu-Fission Rate              0.000258268 +/- 9.03581e-08
   Delayed Group 2
     Total Material
       Delayed-Nu-Fission Rate              0.000691735 +/- 2.41116e-07
   Delayed Group 3
     Total Material
       Delayed-Nu-Fission Rate              0.000541875 +/- 1.8724e-07
   Delayed Group 4
     Total Material
       Delayed-Nu-Fission Rate              0.00108106 +/- 3.69111e-07
   Delayed Group 5
     Total Material
       Delayed-Nu-Fission Rate              0.000353328 +/- 1.19957e-07
   Delayed Group 6
     Total Material
       Delayed-Nu-Fission Rate              0.000128204 +/- 4.29048e-08
 ============================>     TALLY 2     <============================

 Universe 13
   Delayed Group 1
     Total Material
       Decay Rate                           -nan +/- 0
   Delayed Group 2
     Total Material
       Decay Rate                           2.4014e-05 +/- 8.37577e-09
   Delayed Group 3
     Total Material
       Decay Rate                           -nan +/- 0
   Delayed Group 4
     Total Material
       Decay Rate                           -nan +/- 0
   Delayed Group 5
     Total Material
       Decay Rate                           -nan +/- 0
   Delayed Group 6
     Total Material
       Decay Rate                           -nan +/- 0
 ============================>     TALLY 3     <============================

 Universe 13
   Incoming Energy [0, 200000000)
     Total Material
       Nu-Fission Rate                      1.00674 +/- 0.000355218
 ============================>     TALLY 4     <============================

 Universe 13
   Delayed Group 1
     Incoming Energy [0, 200000000)
       Total Material
         Delayed-Nu-Fission Rate              0.000258268 +/- 9.03581e-08
   Delayed Group 2
     Incoming Energy [0, 200000000)
       Total Material
         Delayed-Nu-Fission Rate              0.000691735 +/- 2.41116e-07
   Delayed Group 3
     Incoming Energy [0, 200000000)
       Total Material
         Delayed-Nu-Fission Rate              0.000541875 +/- 1.8724e-07
   Delayed Group 4
     Incoming Energy [0, 200000000)
       Total Material
         Delayed-Nu-Fission Rate              0.00108106 +/- 3.69111e-07
   Delayed Group 5
     Incoming Energy [0, 200000000)
       Total Material
         Delayed-Nu-Fission Rate              0.000353328 +/- 1.19957e-07
   Delayed Group 6
     Incoming Energy [0, 200000000)
       Total Material
         Delayed-Nu-Fission Rate              0.000128204 +/- 4.29048e-08
 =================>     TALLY 5: BREEDING_RATIO_TALLY     <=================

 Universe 13
   U235
     (n,gamma)                            7.9278e-05 +/- 2.83875e-08
     Absorption Rate                      0.000437445 +/- 1.75592e-07
   U234
     (n,gamma)                            0.0041232 +/- 3.9809e-06
     Absorption Rate                      0.00414876 +/- 3.98298e-06
   U238
     (n,gamma)                            4.6008e-11 +/- 4.62518e-14
     Absorption Rate                      4.61494e-11 +/- 4.62494e-14
   Th232
     (n,gamma)                            0.448451 +/- 0.000133972
     Absorption Rate                      0.449955 +/- 0.000133995
   Pu238
     (n,gamma)                            2.7484e-10 +/- 1.23622e-13
     Absorption Rate                      2.93697e-10 +/- 1.28904e-13
   Pu240
     (n,gamma)                            2.02816e-12 +/- 1.84094e-15
     Absorption Rate                      2.03e-12 +/- 1.84132e-15
   Pu241
     (n,gamma)                            5.15638e-14 +/- 2.22764e-17
     Absorption Rate                      1.86527e-13 +/- 7.97065e-17
   U233
     (n,gamma)                            0.0490718 +/- 1.59781e-05
     Absorption Rate                      0.45034 +/- 0.0001574
   Pu239
     (n,gamma)                            2.0337e-11 +/- 9.37698e-15
     Absorption Rate                      5.41004e-11 +/- 2.46589e-14
 ====================>     TALLY 6: FISSION_ENERGY     <====================

 Universe 13
   Total Material
     Kappa-Fission Rate                   7.70175e+07 +/- 27181.1
 =======================>     TALLY 7: HEATING     <========================

 Universe 13
   Total Material
     heating                              7.10275e+07 +/- 24661.6
 ============================>     TALLY 8     <============================

 Internal

