 ============================>     TALLY 1     <============================

 Universe 13
   Delayed Group 1
     Total Material
       Delayed-Nu-Fission Rate              0.000263469 +/- 8.3857e-08
   Delayed Group 2
     Total Material
       Delayed-Nu-Fission Rate              0.00070569 +/- 2.2381e-07
   Delayed Group 3
     Total Material
       Delayed-Nu-Fission Rate              0.000552845 +/- 1.73882e-07
   Delayed Group 4
     Total Material
       Delayed-Nu-Fission Rate              0.00110303 +/- 3.43017e-07
   Delayed Group 5
     Total Material
       Delayed-Nu-Fission Rate              0.000360529 +/- 1.11515e-07
   Delayed Group 6
     Total Material
       Delayed-Nu-Fission Rate              0.000130831 +/- 3.99225e-08
 ============================>     TALLY 2     <============================

 Universe 13
   Delayed Group 1
     Total Material
       Decay Rate                           -nan +/- 0
   Delayed Group 2
     Total Material
       Decay Rate                           2.44984e-05 +/- 7.77436e-09
   Delayed Group 3
     Total Material
       Decay Rate                           -nan +/- 0
   Delayed Group 4
     Total Material
       Decay Rate                           -nan +/- 0
   Delayed Group 5
     Total Material
       Decay Rate                           -nan +/- 0
   Delayed Group 6
     Total Material
       Decay Rate                           -nan +/- 0
 ============================>     TALLY 3     <============================

 Universe 13
   Incoming Energy [0, 200000000)
     Total Material
       Nu-Fission Rate                      1.02707 +/- 0.000329687
 ============================>     TALLY 4     <============================

 Universe 13
   Delayed Group 1
     Incoming Energy [0, 200000000)
       Total Material
         Delayed-Nu-Fission Rate              0.000263469 +/- 8.3857e-08
   Delayed Group 2
     Incoming Energy [0, 200000000)
       Total Material
         Delayed-Nu-Fission Rate              0.00070569 +/- 2.2381e-07
   Delayed Group 3
     Incoming Energy [0, 200000000)
       Total Material
         Delayed-Nu-Fission Rate              0.000552845 +/- 1.73882e-07
   Delayed Group 4
     Incoming Energy [0, 200000000)
       Total Material
         Delayed-Nu-Fission Rate              0.00110303 +/- 3.43017e-07
   Delayed Group 5
     Incoming Energy [0, 200000000)
       Total Material
         Delayed-Nu-Fission Rate              0.000360529 +/- 1.11515e-07
   Delayed Group 6
     Incoming Energy [0, 200000000)
       Total Material
         Delayed-Nu-Fission Rate              0.000130831 +/- 3.99225e-08
 =================>     TALLY 5: BREEDING_RATIO_TALLY     <=================

 Universe 13
   U235
     (n,gamma)                            8.24613e-05 +/- 2.55663e-08
     Absorption Rate                      0.00045419 +/- 1.60167e-07
   Pu240
     (n,gamma)                            2.94551e-12 +/- 2.44304e-15
     Absorption Rate                      2.94819e-12 +/- 2.44362e-15
   U234
     (n,gamma)                            0.00402323 +/- 3.44811e-06
     Absorption Rate                      0.00404827 +/- 3.44985e-06
   Pu241
     (n,gamma)                            7.79195e-14 +/- 3.18302e-17
     Absorption Rate                      2.81824e-13 +/- 1.12701e-16
   U238
     (n,gamma)                            5.46847e-11 +/- 4.99284e-14
     Absorption Rate                      5.48558e-11 +/- 4.9921e-14
   Pu239
     (n,gamma)                            2.75465e-11 +/- 1.19397e-14
     Absorption Rate                      7.32622e-11 +/- 3.12219e-14
   U233
     (n,gamma)                            0.0501621 +/- 1.49583e-05
     Absorption Rate                      0.459491 +/- 0.000146291
   Th232
     (n,gamma)                            0.449878 +/- 0.000134164
     Absorption Rate                      0.451439 +/- 0.000134216
   Pu238
     (n,gamma)                            3.57575e-10 +/- 1.31934e-13
     Absorption Rate                      3.8223e-10 +/- 1.3763e-13
 ====================>     TALLY 6: FISSION_ENERGY     <====================

 Universe 13
   Total Material
     Kappa-Fission Rate                   7.85695e+07 +/- 25222.4
 =======================>     TALLY 7: HEATING     <========================

 Universe 13
   Total Material
     heating                              7.39508e+07 +/- 23480.8
 ============================>     TALLY 8     <============================

 Internal

 ============================>     TALLY 9     <============================

 Internal

 ===========================>     TALLY 10     <============================

 Internal

