 ============================>     TALLY 1     <============================

 Universe 13
   Delayed Group 1
     Total Material
       Delayed-Nu-Fission Rate              0.000263058 +/- 9.03876e-08
   Delayed Group 2
     Total Material
       Delayed-Nu-Fission Rate              0.000704115 +/- 2.41172e-07
   Delayed Group 3
     Total Material
       Delayed-Nu-Fission Rate              0.000551361 +/- 1.87476e-07
   Delayed Group 4
     Total Material
       Delayed-Nu-Fission Rate              0.0010996 +/- 3.702e-07
   Delayed Group 5
     Total Material
       Delayed-Nu-Fission Rate              0.000359212 +/- 1.20364e-07
   Delayed Group 6
     Total Material
       Delayed-Nu-Fission Rate              0.000130273 +/- 4.31388e-08
 ============================>     TALLY 2     <============================

 Universe 13
   Delayed Group 1
     Total Material
       Decay Rate                           -nan +/- 0
   Delayed Group 2
     Total Material
       Decay Rate                           2.44457e-05 +/- 8.37756e-09
   Delayed Group 3
     Total Material
       Decay Rate                           -nan +/- 0
   Delayed Group 4
     Total Material
       Decay Rate                           -nan +/- 0
   Delayed Group 5
     Total Material
       Decay Rate                           -nan +/- 0
   Delayed Group 6
     Total Material
       Decay Rate                           -nan +/- 0
 ============================>     TALLY 3     <============================

 Universe 13
   Incoming Energy [0, 200000000)
     Total Material
       Nu-Fission Rate                      1.02546 +/- 0.000354916
 ============================>     TALLY 4     <============================

 Universe 13
   Delayed Group 1
     Incoming Energy [0, 200000000)
       Total Material
         Delayed-Nu-Fission Rate              0.000263058 +/- 9.03876e-08
   Delayed Group 2
     Incoming Energy [0, 200000000)
       Total Material
         Delayed-Nu-Fission Rate              0.000704115 +/- 2.41172e-07
   Delayed Group 3
     Incoming Energy [0, 200000000)
       Total Material
         Delayed-Nu-Fission Rate              0.000551361 +/- 1.87476e-07
   Delayed Group 4
     Incoming Energy [0, 200000000)
       Total Material
         Delayed-Nu-Fission Rate              0.0010996 +/- 3.702e-07
   Delayed Group 5
     Incoming Energy [0, 200000000)
       Total Material
         Delayed-Nu-Fission Rate              0.000359212 +/- 1.20364e-07
   Delayed Group 6
     Incoming Energy [0, 200000000)
       Total Material
         Delayed-Nu-Fission Rate              0.000130273 +/- 4.31388e-08
 =================>     TALLY 5: BREEDING_RATIO_TALLY     <=================

 Universe 13
   U234
     (n,gamma)                            0.00182889 +/- 1.46683e-06
     Absorption Rate                      0.00184009 +/- 1.46792e-06
   Pu239
     (n,gamma)                            1.25259e-13 +/- 5.29173e-17
     Absorption Rate                      3.33198e-13 +/- 1.39873e-16
   Pu238
     (n,gamma)                            2.89815e-12 +/- 1.32442e-15
     Absorption Rate                      3.09703e-12 +/- 1.37622e-15
   Th232
     (n,gamma)                            0.449919 +/- 0.000157291
     Absorption Rate                      0.451428 +/- 0.00015739
   U238
     (n,gamma)                            1.28521e-12 +/- 1.48443e-15
     Absorption Rate                      1.28917e-12 +/- 1.48465e-15
   Pu241
     (n,gamma)                            7.58427e-17 +/- 3.07149e-20
     Absorption Rate                      2.74339e-16 +/- 1.10282e-19
   U233
     (n,gamma)                            0.0500423 +/- 1.58104e-05
     Absorption Rate                      0.459097 +/- 0.000157294
   U235
     (n,gamma)                            1.58294e-05 +/- 5.24225e-09
     Absorption Rate                      8.73333e-05 +/- 3.37202e-08
   Pu240
     (n,gamma)                            5.74435e-15 +/- 5.01067e-18
     Absorption Rate                      5.74957e-15 +/- 5.01152e-18
 ====================>     TALLY 6: FISSION_ENERGY     <====================

 Universe 13
   Total Material
     Kappa-Fission Rate                   7.84474e+07 +/- 27155.7
 =======================>     TALLY 7: HEATING     <========================

 Universe 13
   Total Material
     heating                              7.36024e+07 +/- 24900
 ============================>     TALLY 8     <============================

 Internal

