 ============================>     TALLY 1     <============================

 Universe 13
   Delayed Group 1
     Total Material
       Delayed-Nu-Fission Rate              0.000257611 +/- 8.90592e-08
   Delayed Group 2
     Total Material
       Delayed-Nu-Fission Rate              0.000692412 +/- 2.38563e-07
   Delayed Group 3
     Total Material
       Delayed-Nu-Fission Rate              0.000543338 +/- 1.85598e-07
   Delayed Group 4
     Total Material
       Delayed-Nu-Fission Rate              0.00108534 +/- 3.66383e-07
   Delayed Group 5
     Total Material
       Delayed-Nu-Fission Rate              0.000355645 +/- 1.19417e-07
   Delayed Group 6
     Total Material
       Delayed-Nu-Fission Rate              0.000129317 +/- 4.28171e-08
 ============================>     TALLY 2     <============================

 Universe 13
   Delayed Group 1
     Total Material
       Decay Rate                           -nan +/- 0
   Delayed Group 2
     Total Material
       Decay Rate                           -nan +/- 0
   Delayed Group 3
     Total Material
       Decay Rate                           -nan +/- 0
   Delayed Group 4
     Total Material
       Decay Rate                           -nan +/- 0
   Delayed Group 5
     Total Material
       Decay Rate                           -nan +/- 0
   Delayed Group 6
     Total Material
       Decay Rate                           -nan +/- 0
 ============================>     TALLY 3     <============================

 Universe 13
   Incoming Energy [0, 200000000)
     Total Material
       Nu-Fission Rate                      1.00453 +/- 0.000350384
 ============================>     TALLY 4     <============================

 Universe 13
   Delayed Group 1
     Incoming Energy [0, 200000000)
       Total Material
         Delayed-Nu-Fission Rate              0.000257611 +/- 8.90592e-08
   Delayed Group 2
     Incoming Energy [0, 200000000)
       Total Material
         Delayed-Nu-Fission Rate              0.000692412 +/- 2.38563e-07
   Delayed Group 3
     Incoming Energy [0, 200000000)
       Total Material
         Delayed-Nu-Fission Rate              0.000543338 +/- 1.85598e-07
   Delayed Group 4
     Incoming Energy [0, 200000000)
       Total Material
         Delayed-Nu-Fission Rate              0.00108534 +/- 3.66383e-07
   Delayed Group 5
     Incoming Energy [0, 200000000)
       Total Material
         Delayed-Nu-Fission Rate              0.000355645 +/- 1.19417e-07
   Delayed Group 6
     Incoming Energy [0, 200000000)
       Total Material
         Delayed-Nu-Fission Rate              0.000129317 +/- 4.28171e-08
 =================>     TALLY 5: BREEDING_RATIO_TALLY     <=================

 Universe 13
   Pu240
     (n,gamma)                            1.55962e-09 +/- 1.35769e-12
     Absorption Rate                      1.56101e-09 +/- 1.35797e-12
   Th232
     (n,gamma)                            0.463152 +/- 0.000144219
     Absorption Rate                      0.464673 +/- 0.000144229
   U238
     (n,gamma)                            2.45501e-09 +/- 2.57401e-12
     Absorption Rate                      2.46249e-09 +/- 2.57425e-12
   U233
     (n,gamma)                            0.0485364 +/- 1.61073e-05
     Absorption Rate                      0.447201 +/- 0.0001551
   Pu241
     (n,gamma)                            9.93558e-11 +/- 4.21945e-14
     Absorption Rate                      3.5946e-10 +/- 1.49772e-13
   Pu239
     (n,gamma)                            6.3371e-09 +/- 2.78501e-12
     Absorption Rate                      1.68663e-08 +/- 7.2928e-12
   U235
     (n,gamma)                            0.000456866 +/- 1.50075e-07
     Absorption Rate                      0.00253591 +/- 9.64572e-07
   U234
     (n,gamma)                            0.00938929 +/- 8.69045e-06
     Absorption Rate                      0.00944725 +/- 8.69625e-06
   Pu238
     (n,gamma)                            4.33851e-08 +/- 1.84891e-11
     Absorption Rate                      4.63136e-08 +/- 1.92782e-11
 ====================>     TALLY 6: FISSION_ENERGY     <====================

 Universe 13
   Total Material
     Kappa-Fission Rate                   7.68611e+07 +/- 26812.7
 =======================>     TALLY 7: HEATING     <========================

 Universe 13
   Total Material
     heating                              7.06832e+07 +/- 24171.9
 ============================>     TALLY 8     <============================

 Internal

