 ============================>     TALLY 1     <============================

 Universe 13
   Delayed Group 1
     Total Material
       Delayed-Nu-Fission Rate              0.000253049 +/- 8.00379e-08
   Delayed Group 2
     Total Material
       Delayed-Nu-Fission Rate              0.000679386 +/- 2.14325e-07
   Delayed Group 3
     Total Material
       Delayed-Nu-Fission Rate              0.000532824 +/- 1.66955e-07
   Delayed Group 4
     Total Material
       Delayed-Nu-Fission Rate              0.00106392 +/- 3.30315e-07
   Delayed Group 5
     Total Material
       Delayed-Nu-Fission Rate              0.000348339 +/- 1.07713e-07
   Delayed Group 6
     Total Material
       Delayed-Nu-Fission Rate              0.000126575 +/- 3.87289e-08
 ============================>     TALLY 2     <============================

 Universe 13
   Delayed Group 1
     Total Material
       Decay Rate                           -nan +/- 0
   Delayed Group 2
     Total Material
       Decay Rate                           2.35786e-05 +/- 7.44174e-09
   Delayed Group 3
     Total Material
       Decay Rate                           -nan +/- 0
   Delayed Group 4
     Total Material
       Decay Rate                           -nan +/- 0
   Delayed Group 5
     Total Material
       Decay Rate                           -nan +/- 0
   Delayed Group 6
     Total Material
       Decay Rate                           -nan +/- 0
 ============================>     TALLY 3     <============================

 Universe 13
   Incoming Energy [0, 200000000)
     Total Material
       Nu-Fission Rate                      0.986615 +/- 0.00031422
 ============================>     TALLY 4     <============================

 Universe 13
   Delayed Group 1
     Incoming Energy [0, 200000000)
       Total Material
         Delayed-Nu-Fission Rate              0.000253049 +/- 8.00379e-08
   Delayed Group 2
     Incoming Energy [0, 200000000)
       Total Material
         Delayed-Nu-Fission Rate              0.000679386 +/- 2.14325e-07
   Delayed Group 3
     Incoming Energy [0, 200000000)
       Total Material
         Delayed-Nu-Fission Rate              0.000532824 +/- 1.66955e-07
   Delayed Group 4
     Incoming Energy [0, 200000000)
       Total Material
         Delayed-Nu-Fission Rate              0.00106392 +/- 3.30315e-07
   Delayed Group 5
     Incoming Energy [0, 200000000)
       Total Material
         Delayed-Nu-Fission Rate              0.000348339 +/- 1.07713e-07
   Delayed Group 6
     Incoming Energy [0, 200000000)
       Total Material
         Delayed-Nu-Fission Rate              0.000126575 +/- 3.87289e-08
 =================>     TALLY 5: BREEDING_RATIO_TALLY     <=================

 Universe 13
   Pu239
     (n,gamma)                            1.89666e-09 +/- 8.04425e-13
     Absorption Rate                      5.04499e-09 +/- 2.10661e-12
   U234
     (n,gamma)                            0.00844214 +/- 7.261e-06
     Absorption Rate                      0.00849583 +/- 7.26435e-06
   U235
     (n,gamma)                            0.000332638 +/- 1.12173e-07
     Absorption Rate                      0.00183331 +/- 6.77927e-07
   U238
     (n,gamma)                            1.11719e-09 +/- 1.3347e-12
     Absorption Rate                      1.12062e-09 +/- 1.33495e-12
   Th232
     (n,gamma)                            0.442676 +/- 0.000130336
     Absorption Rate                      0.444163 +/- 0.000130327
   U233
     (n,gamma)                            0.0479782 +/- 1.43565e-05
     Absorption Rate                      0.440056 +/- 0.000138689
   Pu238
     (n,gamma)                            1.52252e-08 +/- 6.55382e-12
     Absorption Rate                      1.6274e-08 +/- 6.81728e-12
   Pu240
     (n,gamma)                            3.83945e-10 +/- 3.50201e-13
     Absorption Rate                      3.84298e-10 +/- 3.50273e-13
   Pu241
     (n,gamma)                            2.02155e-11 +/- 8.24031e-15
     Absorption Rate                      7.31259e-11 +/- 2.9349e-14
 ====================>     TALLY 6: FISSION_ENERGY     <====================

 Universe 13
   Total Material
     Kappa-Fission Rate                   7.54854e+07 +/- 24046.9
 =======================>     TALLY 7: HEATING     <========================

 Universe 13
   Total Material
     heating                              6.8218e+07 +/- 22363.1
 ============================>     TALLY 8     <============================

 Internal

