 ============================>     TALLY 1     <============================

 Universe 13
   Delayed Group 1
     Total Material
       Delayed-Nu-Fission Rate              0.000261811 +/- 9.80767e-08
   Delayed Group 2
     Total Material
       Delayed-Nu-Fission Rate              0.00070156 +/- 2.62013e-07
   Delayed Group 3
     Total Material
       Delayed-Nu-Fission Rate              0.000549738 +/- 2.03835e-07
   Delayed Group 4
     Total Material
       Delayed-Nu-Fission Rate              0.00109704 +/- 4.02801e-07
   Delayed Group 5
     Total Material
       Delayed-Nu-Fission Rate              0.000358691 +/- 1.311e-07
   Delayed Group 6
     Total Material
       Delayed-Nu-Fission Rate              0.000130202 +/- 4.70417e-08
 ============================>     TALLY 2     <============================

 Universe 13
   Delayed Group 1
     Total Material
       Decay Rate                           -nan +/- 0
   Delayed Group 2
     Total Material
       Decay Rate                           2.43537e-05 +/- 9.10013e-09
   Delayed Group 3
     Total Material
       Decay Rate                           -nan +/- 0
   Delayed Group 4
     Total Material
       Decay Rate                           -nan +/- 0
   Delayed Group 5
     Total Material
       Decay Rate                           -nan +/- 0
   Delayed Group 6
     Total Material
       Decay Rate                           -nan +/- 0
 ============================>     TALLY 3     <============================

 Universe 13
   Incoming Energy [0, 200000000)
     Total Material
       Nu-Fission Rate                      1.02062 +/- 0.000385092
 ============================>     TALLY 4     <============================

 Universe 13
   Delayed Group 1
     Incoming Energy [0, 200000000)
       Total Material
         Delayed-Nu-Fission Rate              0.000261811 +/- 9.80767e-08
   Delayed Group 2
     Incoming Energy [0, 200000000)
       Total Material
         Delayed-Nu-Fission Rate              0.00070156 +/- 2.62013e-07
   Delayed Group 3
     Incoming Energy [0, 200000000)
       Total Material
         Delayed-Nu-Fission Rate              0.000549738 +/- 2.03835e-07
   Delayed Group 4
     Incoming Energy [0, 200000000)
       Total Material
         Delayed-Nu-Fission Rate              0.00109704 +/- 4.02801e-07
   Delayed Group 5
     Incoming Energy [0, 200000000)
       Total Material
         Delayed-Nu-Fission Rate              0.000358691 +/- 1.311e-07
   Delayed Group 6
     Incoming Energy [0, 200000000)
       Total Material
         Delayed-Nu-Fission Rate              0.000130202 +/- 4.70417e-08
 =================>     TALLY 5: BREEDING_RATIO_TALLY     <=================

 Universe 13
   U235
     (n,gamma)                            0.000129136 +/- 4.83154e-08
     Absorption Rate                      0.000711864 +/- 2.98944e-07
   Pu240
     (n,gamma)                            1.5218e-11 +/- 1.44505e-14
     Absorption Rate                      1.52319e-11 +/- 1.44536e-14
   U234
     (n,gamma)                            0.0050147 +/- 4.78925e-06
     Absorption Rate                      0.00504598 +/- 4.79403e-06
   Pu241
     (n,gamma)                            5.07157e-13 +/- 2.30025e-16
     Absorption Rate                      1.83443e-12 +/- 8.21473e-16
   U238
     (n,gamma)                            1.47551e-10 +/- 1.58691e-13
     Absorption Rate                      1.48012e-10 +/- 1.58702e-13
   Pu239
     (n,gamma)                            1.13934e-10 +/- 5.45215e-14
     Absorption Rate                      3.03043e-10 +/- 1.43275e-13
   U233
     (n,gamma)                            0.049782 +/- 1.73204e-05
     Absorption Rate                      0.45632 +/- 0.000170794
   Th232
     (n,gamma)                            0.450935 +/- 0.000141033
     Absorption Rate                      0.452493 +/- 0.00014107
   Pu238
     (n,gamma)                            1.25347e-09 +/- 5.74973e-13
     Absorption Rate                      1.33969e-09 +/- 6.00293e-13
 ====================>     TALLY 6: FISSION_ENERGY     <====================

 Universe 13
   Total Material
     Kappa-Fission Rate                   7.80777e+07 +/- 29465.3
 =======================>     TALLY 7: HEATING     <========================

 Universe 13
   Total Material
     heating                              7.29775e+07 +/- 26904.3
 ============================>     TALLY 8     <============================

 Internal

 ============================>     TALLY 9     <============================

 Internal

 ===========================>     TALLY 10     <============================

 Internal

