 ============================>     TALLY 1     <============================

 Universe 13
   Delayed Group 1
     Total Material
       Delayed-Nu-Fission Rate              0.000262552 +/- 9.46617e-08
   Delayed Group 2
     Total Material
       Delayed-Nu-Fission Rate              0.000702789 +/- 2.52706e-07
   Delayed Group 3
     Total Material
       Delayed-Nu-Fission Rate              0.000550342 +/- 1.9667e-07
   Delayed Group 4
     Total Material
       Delayed-Nu-Fission Rate              0.00109761 +/- 3.88977e-07
   Delayed Group 5
     Total Material
       Delayed-Nu-Fission Rate              0.000358575 +/- 1.26571e-07
   Delayed Group 6
     Total Material
       Delayed-Nu-Fission Rate              0.000130048 +/- 4.54551e-08
 ============================>     TALLY 2     <============================

 Universe 13
   Delayed Group 1
     Total Material
       Decay Rate                           -nan +/- 0
   Delayed Group 2
     Total Material
       Decay Rate                           -nan +/- 0
   Delayed Group 3
     Total Material
       Decay Rate                           -nan +/- 0
   Delayed Group 4
     Total Material
       Decay Rate                           -nan +/- 0
   Delayed Group 5
     Total Material
       Decay Rate                           -nan +/- 0
   Delayed Group 6
     Total Material
       Decay Rate                           -nan +/- 0
 ============================>     TALLY 3     <============================

 Universe 13
   Incoming Energy [0, 200000000)
     Total Material
       Nu-Fission Rate                      1.02347 +/- 0.000371263
 ============================>     TALLY 4     <============================

 Universe 13
   Delayed Group 1
     Incoming Energy [0, 200000000)
       Total Material
         Delayed-Nu-Fission Rate              0.000262552 +/- 9.46617e-08
   Delayed Group 2
     Incoming Energy [0, 200000000)
       Total Material
         Delayed-Nu-Fission Rate              0.000702789 +/- 2.52706e-07
   Delayed Group 3
     Incoming Energy [0, 200000000)
       Total Material
         Delayed-Nu-Fission Rate              0.000550342 +/- 1.9667e-07
   Delayed Group 4
     Incoming Energy [0, 200000000)
       Total Material
         Delayed-Nu-Fission Rate              0.00109761 +/- 3.88977e-07
   Delayed Group 5
     Incoming Energy [0, 200000000)
       Total Material
         Delayed-Nu-Fission Rate              0.000358575 +/- 1.26571e-07
   Delayed Group 6
     Incoming Energy [0, 200000000)
       Total Material
         Delayed-Nu-Fission Rate              0.000130048 +/- 4.54551e-08
 =================>     TALLY 5: BREEDING_RATIO_TALLY     <=================

 Universe 13
   U234
     (n,gamma)                            0.00201547 +/- 1.91836e-06
     Absorption Rate                      0.00202784 +/- 1.91924e-06
   Pu239
     (n,gamma)                            2.31203e-13 +/- 1.01315e-16
     Absorption Rate                      6.15019e-13 +/- 2.66658e-16
   Pu238
     (n,gamma)                            5.03542e-12 +/- 2.21007e-15
     Absorption Rate                      5.38108e-12 +/- 2.3045e-15
   Th232
     (n,gamma)                            0.450003 +/- 0.000135772
     Absorption Rate                      0.451513 +/- 0.000135877
   U238
     (n,gamma)                            1.98294e-12 +/- 1.9734e-15
     Absorption Rate                      1.98903e-12 +/- 1.97352e-15
   Pu241
     (n,gamma)                            1.54784e-16 +/- 6.4442e-20
     Absorption Rate                      5.59889e-16 +/- 2.31638e-19
   U233
     (n,gamma)                            0.0499456 +/- 1.74156e-05
     Absorption Rate                      0.458185 +/- 0.000165432
   U235
     (n,gamma)                            1.91908e-05 +/- 6.73898e-09
     Absorption Rate                      0.000105864 +/- 4.18646e-08
   Pu240
     (n,gamma)                            1.15741e-14 +/- 1.05883e-17
     Absorption Rate                      1.15846e-14 +/- 1.05904e-17
 ====================>     TALLY 6: FISSION_ENERGY     <====================

 Universe 13
   Total Material
     Kappa-Fission Rate                   7.82951e+07 +/- 28406.8
 =======================>     TALLY 7: HEATING     <========================

 Universe 13
   Total Material
     heating                              7.33455e+07 +/- 26347
 ============================>     TALLY 8     <============================

 Internal

