 ============================>     TALLY 1     <============================

 Universe 13
   Delayed Group 1
     Total Material
       Delayed-Nu-Fission Rate              0.000272864 +/- 9.27166e-08
   Delayed Group 2
     Total Material
       Delayed-Nu-Fission Rate              0.000730191 +/- 2.47354e-07
   Delayed Group 3
     Total Material
       Delayed-Nu-Fission Rate              0.000571616 +/- 1.92274e-07
   Delayed Group 4
     Total Material
       Delayed-Nu-Fission Rate              0.00113959 +/- 3.79652e-07
   Delayed Group 5
     Total Material
       Delayed-Nu-Fission Rate              0.000372185 +/- 1.23421e-07
   Delayed Group 6
     Total Material
       Delayed-Nu-Fission Rate              0.000134916 +/- 4.42257e-08
 ============================>     TALLY 2     <============================

 Universe 13
   Delayed Group 1
     Total Material
       Decay Rate                           -nan +/- 0
   Delayed Group 2
     Total Material
       Decay Rate                           -nan +/- 0
   Delayed Group 3
     Total Material
       Decay Rate                           -nan +/- 0
   Delayed Group 4
     Total Material
       Decay Rate                           -nan +/- 0
   Delayed Group 5
     Total Material
       Decay Rate                           -nan +/- 0
   Delayed Group 6
     Total Material
       Decay Rate                           -nan +/- 0
 ============================>     TALLY 3     <============================

 Universe 13
   Incoming Energy [0, 200000000)
     Total Material
       Nu-Fission Rate                      1.06395 +/- 0.000364067
 ============================>     TALLY 4     <============================

 Universe 13
   Delayed Group 1
     Incoming Energy [0, 200000000)
       Total Material
         Delayed-Nu-Fission Rate              0.000272864 +/- 9.27166e-08
   Delayed Group 2
     Incoming Energy [0, 200000000)
       Total Material
         Delayed-Nu-Fission Rate              0.000730191 +/- 2.47354e-07
   Delayed Group 3
     Incoming Energy [0, 200000000)
       Total Material
         Delayed-Nu-Fission Rate              0.000571616 +/- 1.92274e-07
   Delayed Group 4
     Incoming Energy [0, 200000000)
       Total Material
         Delayed-Nu-Fission Rate              0.00113959 +/- 3.79652e-07
   Delayed Group 5
     Incoming Energy [0, 200000000)
       Total Material
         Delayed-Nu-Fission Rate              0.000372185 +/- 1.23421e-07
   Delayed Group 6
     Incoming Energy [0, 200000000)
       Total Material
         Delayed-Nu-Fission Rate              0.000134916 +/- 4.42257e-08
 =================>     TALLY 5: BREEDING_RATIO_TALLY     <=================

 Universe 13
   Pu240
     (n,gamma)                            5.37435e-17 +/- 4.76758e-20
     Absorption Rate                      5.37923e-17 +/- 4.76839e-20
   U235
     (n,gamma)                            1.31735e-06 +/- 4.42386e-10
     Absorption Rate                      7.25111e-06 +/- 2.70891e-09
   Th232
     (n,gamma)                            0.448359 +/- 0.000144414
     Absorption Rate                      0.449878 +/- 0.000144451
   Pu238
     (n,gamma)                            1.69905e-15 +/- 7.27014e-19
     Absorption Rate                      1.81629e-15 +/- 7.55594e-19
   U238
     (n,gamma)                            4.19773e-15 +/- 4.5093e-18
     Absorption Rate                      4.21063e-15 +/- 4.50985e-18
   Pu241
     (n,gamma)                            1.09995e-17 +/- 4.26364e-21
     Absorption Rate                      3.97845e-17 +/- 1.53435e-20
   U234
     (n,gamma)                            0.000515978 +/- 4.80434e-07
     Absorption Rate                      0.000519133 +/- 4.80767e-07
   U233
     (n,gamma)                            0.0520509 +/- 1.66217e-05
     Absorption Rate                      0.476579 +/- 0.000161895
   Pu239
     (n,gamma)                            6.18908e-17 +/- 2.44089e-20
     Absorption Rate                      1.64603e-16 +/- 6.45994e-20
 ====================>     TALLY 6: FISSION_ENERGY     <====================

 Universe 13
   Total Material
     Kappa-Fission Rate                   8.13901e+07 +/- 27853.7
 =======================>     TALLY 7: HEATING     <========================

 Universe 13
   Total Material
     heating                              7.92373e+07 +/- 28440.8
 ============================>     TALLY 8     <============================

 Internal

