 ============================>     TALLY 1     <============================

 Universe 13
   Delayed Group 1
     Total Material
       Delayed-Nu-Fission Rate              0.000255893 +/- 9.11115e-08
   Delayed Group 2
     Total Material
       Delayed-Nu-Fission Rate              0.000685957 +/- 2.4327e-07
   Delayed Group 3
     Total Material
       Delayed-Nu-Fission Rate              0.000537572 +/- 1.88848e-07
   Delayed Group 4
     Total Material
       Delayed-Nu-Fission Rate              0.0010728 +/- 3.72015e-07
   Delayed Group 5
     Total Material
       Delayed-Nu-Fission Rate              0.000350849 +/- 1.20926e-07
   Delayed Group 6
     Total Material
       Delayed-Nu-Fission Rate              0.000127369 +/- 4.32239e-08
 ============================>     TALLY 2     <============================

 Universe 13
   Delayed Group 1
     Total Material
       Decay Rate                           -nan +/- 0
   Delayed Group 2
     Total Material
       Decay Rate                           2.3811e-05 +/- 8.45014e-09
   Delayed Group 3
     Total Material
       Decay Rate                           -nan +/- 0
   Delayed Group 4
     Total Material
       Decay Rate                           -nan +/- 0
   Delayed Group 5
     Total Material
       Decay Rate                           -nan +/- 0
   Delayed Group 6
     Total Material
       Decay Rate                           -nan +/- 0
 ============================>     TALLY 3     <============================

 Universe 13
   Incoming Energy [0, 200000000)
     Total Material
       Nu-Fission Rate                      0.99756 +/- 0.000358494
 ============================>     TALLY 4     <============================

 Universe 13
   Delayed Group 1
     Incoming Energy [0, 200000000)
       Total Material
         Delayed-Nu-Fission Rate              0.000255893 +/- 9.11115e-08
   Delayed Group 2
     Incoming Energy [0, 200000000)
       Total Material
         Delayed-Nu-Fission Rate              0.000685957 +/- 2.4327e-07
   Delayed Group 3
     Incoming Energy [0, 200000000)
       Total Material
         Delayed-Nu-Fission Rate              0.000537572 +/- 1.88848e-07
   Delayed Group 4
     Incoming Energy [0, 200000000)
       Total Material
         Delayed-Nu-Fission Rate              0.0010728 +/- 3.72015e-07
   Delayed Group 5
     Incoming Energy [0, 200000000)
       Total Material
         Delayed-Nu-Fission Rate              0.000350849 +/- 1.20926e-07
   Delayed Group 6
     Incoming Energy [0, 200000000)
       Total Material
         Delayed-Nu-Fission Rate              0.000127369 +/- 4.32239e-08
 =================>     TALLY 5: BREEDING_RATIO_TALLY     <=================

 Universe 13
   U238
     (n,gamma)                            2.45503e-10 +/- 2.70059e-13
     Absorption Rate                      2.46259e-10 +/- 2.70112e-13
   Pu239
     (n,gamma)                            2.21759e-10 +/- 1.01051e-13
     Absorption Rate                      5.89913e-10 +/- 2.66795e-13
   Pu241
     (n,gamma)                            1.20258e-12 +/- 5.23666e-16
     Absorption Rate                      4.35006e-12 +/- 1.87276e-15
   U233
     (n,gamma)                            0.0485626 +/- 1.64052e-05
     Absorption Rate                      0.445752 +/- 0.00015931
   Pu238
     (n,gamma)                            2.28054e-09 +/- 1.04973e-12
     Absorption Rate                      2.43706e-09 +/- 1.08612e-12
   Th232
     (n,gamma)                            0.446152 +/- 0.000128307
     Absorption Rate                      0.447647 +/- 0.000128346
   Pu240
     (n,gamma)                            3.2102e-11 +/- 2.76358e-14
     Absorption Rate                      3.21313e-11 +/- 2.76416e-14
   U234
     (n,gamma)                            0.0060282 +/- 5.55222e-06
     Absorption Rate                      0.00606595 +/- 5.5562e-06
   U235
     (n,gamma)                            0.000169319 +/- 5.78637e-08
     Absorption Rate                      0.000934375 +/- 3.72313e-07
 ====================>     TALLY 6: FISSION_ENERGY     <====================

 Universe 13
   Total Material
     Kappa-Fission Rate                   7.63178e+07 +/- 27434
 =======================>     TALLY 7: HEATING     <========================

 Universe 13
   Total Material
     heating                              6.98075e+07 +/- 26626.6
 ============================>     TALLY 8     <============================

 Internal

