 ============================>     TALLY 1     <============================

 Universe 13
   Delayed Group 1
     Total Material
       Delayed-Nu-Fission Rate              0.000257249 +/- 8.67383e-08
   Delayed Group 2
     Total Material
       Delayed-Nu-Fission Rate              0.000690787 +/- 2.32272e-07
   Delayed Group 3
     Total Material
       Delayed-Nu-Fission Rate              0.000541884 +/- 1.80991e-07
   Delayed Group 4
     Total Material
       Delayed-Nu-Fission Rate              0.00108228 +/- 3.5826e-07
   Delayed Group 5
     Total Material
       Delayed-Nu-Fission Rate              0.00035442 +/- 1.16845e-07
   Delayed Group 6
     Total Material
       Delayed-Nu-Fission Rate              0.000128828 +/- 4.20393e-08
 ============================>     TALLY 2     <============================

 Universe 13
   Delayed Group 1
     Total Material
       Decay Rate                           -nan +/- 0
   Delayed Group 2
     Total Material
       Decay Rate                           2.39737e-05 +/- 8.06481e-09
   Delayed Group 3
     Total Material
       Decay Rate                           -nan +/- 0
   Delayed Group 4
     Total Material
       Decay Rate                           -nan +/- 0
   Delayed Group 5
     Total Material
       Decay Rate                           -nan +/- 0
   Delayed Group 6
     Total Material
       Decay Rate                           -nan +/- 0
 ============================>     TALLY 3     <============================

 Universe 13
   Incoming Energy [0, 200000000)
     Total Material
       Nu-Fission Rate                      1.00294 +/- 0.000340447
 ============================>     TALLY 4     <============================

 Universe 13
   Delayed Group 1
     Incoming Energy [0, 200000000)
       Total Material
         Delayed-Nu-Fission Rate              0.000257249 +/- 8.67383e-08
   Delayed Group 2
     Incoming Energy [0, 200000000)
       Total Material
         Delayed-Nu-Fission Rate              0.000690787 +/- 2.32272e-07
   Delayed Group 3
     Incoming Energy [0, 200000000)
       Total Material
         Delayed-Nu-Fission Rate              0.000541884 +/- 1.80991e-07
   Delayed Group 4
     Incoming Energy [0, 200000000)
       Total Material
         Delayed-Nu-Fission Rate              0.00108228 +/- 3.5826e-07
   Delayed Group 5
     Incoming Energy [0, 200000000)
       Total Material
         Delayed-Nu-Fission Rate              0.00035442 +/- 1.16845e-07
   Delayed Group 6
     Incoming Energy [0, 200000000)
       Total Material
         Delayed-Nu-Fission Rate              0.000128828 +/- 4.20393e-08
 =================>     TALLY 5: BREEDING_RATIO_TALLY     <=================

 Universe 13
   U238
     (n,gamma)                            1.36651e-09 +/- 1.67106e-12
     Absorption Rate                      1.37077e-09 +/- 1.67155e-12
   Th232
     (n,gamma)                            0.455012 +/- 0.000124303
     Absorption Rate                      0.456572 +/- 0.000124388
   Pu241
     (n,gamma)                            3.28182e-11 +/- 1.30912e-14
     Absorption Rate                      1.18708e-10 +/- 4.65648e-14
   U233
     (n,gamma)                            0.048704 +/- 1.64064e-05
     Absorption Rate                      0.447171 +/- 0.000151465
   Pu239
     (n,gamma)                            2.71456e-09 +/- 1.16828e-12
     Absorption Rate                      7.22156e-09 +/- 3.05851e-12
   Pu240
     (n,gamma)                            5.92365e-10 +/- 5.33126e-13
     Absorption Rate                      5.92901e-10 +/- 5.33251e-13
   U235
     (n,gamma)                            0.000349376 +/- 1.13494e-07
     Absorption Rate                      0.00193033 +/- 7.00269e-07
   Pu238
     (n,gamma)                            2.05654e-08 +/- 9.05595e-12
     Absorption Rate                      2.19718e-08 +/- 9.39876e-12
   U234
     (n,gamma)                            0.00819635 +/- 7.51659e-06
     Absorption Rate                      0.00824778 +/- 7.52067e-06
 ====================>     TALLY 6: FISSION_ENERGY     <====================

 Universe 13
   Total Material
     Kappa-Fission Rate                   7.67331e+07 +/- 26052.5
 =======================>     TALLY 7: HEATING     <========================

 Universe 13
   Total Material
     heating                              7.05157e+07 +/- 23210.8
 ============================>     TALLY 8     <============================

 Internal

 ============================>     TALLY 9     <============================

 Internal

 ===========================>     TALLY 10     <============================

 Internal

