 ============================>     TALLY 1     <============================

 Universe 13
   Delayed Group 1
     Total Material
       Delayed-Nu-Fission Rate              0.000272302 +/- 8.60058e-08
   Delayed Group 2
     Total Material
       Delayed-Nu-Fission Rate              0.000728702 +/- 2.29268e-07
   Delayed Group 3
     Total Material
       Delayed-Nu-Fission Rate              0.000570459 +/- 1.7788e-07
   Delayed Group 4
     Total Material
       Delayed-Nu-Fission Rate              0.0011373 +/- 3.50323e-07
   Delayed Group 5
     Total Material
       Delayed-Nu-Fission Rate              0.000371444 +/- 1.13745e-07
   Delayed Group 6
     Total Material
       Delayed-Nu-Fission Rate              0.00013465 +/- 4.06299e-08
 ============================>     TALLY 2     <============================

 Universe 13
   Delayed Group 1
     Total Material
       Decay Rate                           -nan +/- 0
   Delayed Group 2
     Total Material
       Decay Rate                           2.53001e-05 +/- 7.96524e-09
   Delayed Group 3
     Total Material
       Decay Rate                           -nan +/- 0
   Delayed Group 4
     Total Material
       Decay Rate                           -nan +/- 0
   Delayed Group 5
     Total Material
       Decay Rate                           -nan +/- 0
   Delayed Group 6
     Total Material
       Decay Rate                           -nan +/- 0
 ============================>     TALLY 3     <============================

 Universe 13
   Incoming Energy [0, 200000000)
     Total Material
       Nu-Fission Rate                      1.06175 +/- 0.00033824
 ============================>     TALLY 4     <============================

 Universe 13
   Delayed Group 1
     Incoming Energy [0, 200000000)
       Total Material
         Delayed-Nu-Fission Rate              0.000272302 +/- 8.60058e-08
   Delayed Group 2
     Incoming Energy [0, 200000000)
       Total Material
         Delayed-Nu-Fission Rate              0.000728702 +/- 2.29268e-07
   Delayed Group 3
     Incoming Energy [0, 200000000)
       Total Material
         Delayed-Nu-Fission Rate              0.000570459 +/- 1.7788e-07
   Delayed Group 4
     Incoming Energy [0, 200000000)
       Total Material
         Delayed-Nu-Fission Rate              0.0011373 +/- 3.50323e-07
   Delayed Group 5
     Incoming Energy [0, 200000000)
       Total Material
         Delayed-Nu-Fission Rate              0.000371444 +/- 1.13745e-07
   Delayed Group 6
     Incoming Energy [0, 200000000)
       Total Material
         Delayed-Nu-Fission Rate              0.00013465 +/- 4.06299e-08
 =================>     TALLY 5: BREEDING_RATIO_TALLY     <=================

 Universe 13
   Pu240
     (n,gamma)                            6.42351e-17 +/- 6.42467e-20
     Absorption Rate                      6.42935e-17 +/- 6.42577e-20
   U235
     (n,gamma)                            2.95476e-06 +/- 8.78684e-10
     Absorption Rate                      1.627e-05 +/- 5.62229e-09
   Th232
     (n,gamma)                            0.448939 +/- 0.000129238
     Absorption Rate                      0.450456 +/- 0.000129204
   Pu238
     (n,gamma)                            2.12977e-14 +/- 8.69772e-18
     Absorption Rate                      2.27662e-14 +/- 9.07423e-18
   U238
     (n,gamma)                            2.83086e-14 +/- 3.33216e-17
     Absorption Rate                      2.83958e-14 +/- 3.33196e-17
   Pu241
     (n,gamma)                            1.12305e-17 +/- 4.37438e-21
     Absorption Rate                      4.06176e-17 +/- 1.54882e-20
   U234
     (n,gamma)                            0.000771571 +/- 7.32383e-07
     Absorption Rate                      0.000776285 +/- 7.32842e-07
   U233
     (n,gamma)                            0.0519161 +/- 1.60661e-05
     Absorption Rate                      0.475557 +/- 0.000150936
   Pu239
     (n,gamma)                            5.88681e-16 +/- 2.45969e-19
     Absorption Rate                      1.56565e-15 +/- 6.43488e-19
 ====================>     TALLY 6: FISSION_ENERGY     <====================

 Universe 13
   Total Material
     Kappa-Fission Rate                   8.12221e+07 +/- 25881.3
 =======================>     TALLY 7: HEATING     <========================

 Universe 13
   Total Material
     heating                              7.88284e+07 +/- 24685.3
 ============================>     TALLY 8     <============================

 Internal

