 ============================>     TALLY 1     <============================

 Universe 13
   Delayed Group 1
     Total Material
       Delayed-Nu-Fission Rate              0.000263403 +/- 9.05898e-08
   Delayed Group 2
     Total Material
       Delayed-Nu-Fission Rate              0.000706026 +/- 2.41981e-07
   Delayed Group 3
     Total Material
       Delayed-Nu-Fission Rate              0.00055324 +/- 1.88057e-07
   Delayed Group 4
     Total Material
       Delayed-Nu-Fission Rate              0.00110391 +/- 3.7103e-07
   Delayed Group 5
     Total Material
       Delayed-Nu-Fission Rate              0.00036099 +/- 1.20691e-07
   Delayed Group 6
     Total Material
       Delayed-Nu-Fission Rate              0.000131028 +/- 4.32204e-08
 ============================>     TALLY 2     <============================

 Universe 13
   Delayed Group 1
     Total Material
       Decay Rate                           -nan +/- 0
   Delayed Group 2
     Total Material
       Decay Rate                           2.4508e-05 +/- 8.40472e-09
   Delayed Group 3
     Total Material
       Decay Rate                           -nan +/- 0
   Delayed Group 4
     Total Material
       Decay Rate                           -nan +/- 0
   Delayed Group 5
     Total Material
       Decay Rate                           -nan +/- 0
   Delayed Group 6
     Total Material
       Decay Rate                           -nan +/- 0
 ============================>     TALLY 3     <============================

 Universe 13
   Incoming Energy [0, 200000000)
     Total Material
       Nu-Fission Rate                      1.02695 +/- 0.000356051
 ============================>     TALLY 4     <============================

 Universe 13
   Delayed Group 1
     Incoming Energy [0, 200000000)
       Total Material
         Delayed-Nu-Fission Rate              0.000263403 +/- 9.05898e-08
   Delayed Group 2
     Incoming Energy [0, 200000000)
       Total Material
         Delayed-Nu-Fission Rate              0.000706026 +/- 2.41981e-07
   Delayed Group 3
     Incoming Energy [0, 200000000)
       Total Material
         Delayed-Nu-Fission Rate              0.00055324 +/- 1.88057e-07
   Delayed Group 4
     Incoming Energy [0, 200000000)
       Total Material
         Delayed-Nu-Fission Rate              0.00110391 +/- 3.7103e-07
   Delayed Group 5
     Incoming Energy [0, 200000000)
       Total Material
         Delayed-Nu-Fission Rate              0.00036099 +/- 1.20691e-07
   Delayed Group 6
     Incoming Energy [0, 200000000)
       Total Material
         Delayed-Nu-Fission Rate              0.000131028 +/- 4.32204e-08
 =================>     TALLY 5: BREEDING_RATIO_TALLY     <=================

 Universe 13
   Pu238
     (n,gamma)                            2.58951e-09 +/- 1.12493e-12
     Absorption Rate                      2.76578e-09 +/- 1.16701e-12
   U238
     (n,gamma)                            2.58756e-10 +/- 2.67773e-13
     Absorption Rate                      2.59548e-10 +/- 2.67768e-13
   Th232
     (n,gamma)                            0.457605 +/- 0.000121762
     Absorption Rate                      0.459126 +/- 0.000121665
   U235
     (n,gamma)                            0.000168506 +/- 5.66193e-08
     Absorption Rate                      0.000932392 +/- 3.57035e-07
   Pu241
     (n,gamma)                            1.50243e-12 +/- 6.28043e-16
     Absorption Rate                      5.43498e-12 +/- 2.24361e-15
   U234
     (n,gamma)                            0.00574335 +/- 5.0041e-06
     Absorption Rate                      0.00577867 +/- 5.00733e-06
   U233
     (n,gamma)                            0.0499186 +/- 1.61451e-05
     Absorption Rate                      0.458865 +/- 0.000157968
   Pu239
     (n,gamma)                            2.60307e-10 +/- 1.10855e-13
     Absorption Rate                      6.92606e-10 +/- 2.93455e-13
   Pu240
     (n,gamma)                            3.92199e-11 +/- 3.55858e-14
     Absorption Rate                      3.92553e-11 +/- 3.55935e-14
 ====================>     TALLY 6: FISSION_ENERGY     <====================

 Universe 13
   Total Material
     Kappa-Fission Rate                   7.85665e+07 +/- 27246.4
 =======================>     TALLY 7: HEATING     <========================

 Universe 13
   Total Material
     heating                              7.37572e+07 +/- 27621.9
 ============================>     TALLY 8     <============================

 Internal

