 ============================>     TALLY 1     <============================

 Universe 13
   Delayed Group 1
     Total Material
       Delayed-Nu-Fission Rate              0.000254087 +/- 8.33152e-08
   Delayed Group 2
     Total Material
       Delayed-Nu-Fission Rate              0.000681752 +/- 2.22781e-07
   Delayed Group 3
     Total Material
       Delayed-Nu-Fission Rate              0.000534517 +/- 1.73222e-07
   Delayed Group 4
     Total Material
       Delayed-Nu-Fission Rate              0.00106706 +/- 3.41889e-07
   Delayed Group 5
     Total Material
       Delayed-Nu-Fission Rate              0.000349207 +/- 1.11299e-07
   Delayed Group 6
     Total Material
       Delayed-Nu-Fission Rate              0.000126843 +/- 3.98839e-08
 ============================>     TALLY 2     <============================

 Universe 13
   Delayed Group 1
     Total Material
       Decay Rate                           -nan +/- 0
   Delayed Group 2
     Total Material
       Decay Rate                           -nan +/- 0
   Delayed Group 3
     Total Material
       Decay Rate                           -nan +/- 0
   Delayed Group 4
     Total Material
       Decay Rate                           -nan +/- 0
   Delayed Group 5
     Total Material
       Decay Rate                           -nan +/- 0
   Delayed Group 6
     Total Material
       Decay Rate                           -nan +/- 0
 ============================>     TALLY 3     <============================

 Universe 13
   Incoming Energy [0, 200000000)
     Total Material
       Nu-Fission Rate                      0.990612 +/- 0.000327586
 ============================>     TALLY 4     <============================

 Universe 13
   Delayed Group 1
     Incoming Energy [0, 200000000)
       Total Material
         Delayed-Nu-Fission Rate              0.000254087 +/- 8.33152e-08
   Delayed Group 2
     Incoming Energy [0, 200000000)
       Total Material
         Delayed-Nu-Fission Rate              0.000681752 +/- 2.22781e-07
   Delayed Group 3
     Incoming Energy [0, 200000000)
       Total Material
         Delayed-Nu-Fission Rate              0.000534517 +/- 1.73222e-07
   Delayed Group 4
     Incoming Energy [0, 200000000)
       Total Material
         Delayed-Nu-Fission Rate              0.00106706 +/- 3.41889e-07
   Delayed Group 5
     Incoming Energy [0, 200000000)
       Total Material
         Delayed-Nu-Fission Rate              0.000349207 +/- 1.11299e-07
   Delayed Group 6
     Incoming Energy [0, 200000000)
       Total Material
         Delayed-Nu-Fission Rate              0.000126843 +/- 3.98839e-08
 =================>     TALLY 5: BREEDING_RATIO_TALLY     <=================

 Universe 13
   Pu239
     (n,gamma)                            9.51342e-10 +/- 3.84126e-13
     Absorption Rate                      2.53066e-09 +/- 1.01189e-12
   U234
     (n,gamma)                            0.00758563 +/- 6.29657e-06
     Absorption Rate                      0.00763352 +/- 6.30079e-06
   U235
     (n,gamma)                            0.000268101 +/- 8.81044e-08
     Absorption Rate                      0.00147845 +/- 5.34292e-07
   U238
     (n,gamma)                            6.85317e-10 +/- 7.49075e-13
     Absorption Rate                      6.87425e-10 +/- 7.49198e-13
   Th232
     (n,gamma)                            0.443701 +/- 0.000143002
     Absorption Rate                      0.44519 +/- 0.000142999
   U233
     (n,gamma)                            0.048194 +/- 1.50774e-05
     Absorption Rate                      0.442161 +/- 0.000145267
   Pu238
     (n,gamma)                            8.27143e-09 +/- 3.35274e-12
     Absorption Rate                      8.84021e-09 +/- 3.4836e-12
   Pu240
     (n,gamma)                            1.7316e-10 +/- 1.52228e-13
     Absorption Rate                      1.73318e-10 +/- 1.52257e-13
   Pu241
     (n,gamma)                            8.17326e-12 +/- 3.22797e-15
     Absorption Rate                      2.95676e-11 +/- 1.14677e-14
 ====================>     TALLY 6: FISSION_ENERGY     <====================

 Universe 13
   Total Material
     Kappa-Fission Rate                   7.57892e+07 +/- 25066.1
 =======================>     TALLY 7: HEATING     <========================

 Universe 13
   Total Material
     heating                              6.87743e+07 +/- 22136.3
 ============================>     TALLY 8     <============================

 Internal

