 ============================>     TALLY 1     <============================

 Universe 13
   Delayed Group 1
     Total Material
       Delayed-Nu-Fission Rate              0.000271521 +/- 1.06954e-07
   Delayed Group 2
     Total Material
       Delayed-Nu-Fission Rate              0.000726642 +/- 2.85199e-07
   Delayed Group 3
     Total Material
       Delayed-Nu-Fission Rate              0.000568865 +/- 2.21418e-07
   Delayed Group 4
     Total Material
       Delayed-Nu-Fission Rate              0.00113416 +/- 4.36431e-07
   Delayed Group 5
     Total Material
       Delayed-Nu-Fission Rate              0.00037043 +/- 1.41761e-07
   Delayed Group 6
     Total Material
       Delayed-Nu-Fission Rate              0.000134289 +/- 5.0685e-08
 ============================>     TALLY 2     <============================

 Universe 13
   Delayed Group 1
     Total Material
       Decay Rate                           -nan +/- 0
   Delayed Group 2
     Total Material
       Decay Rate                           2.52285e-05 +/- 9.90793e-09
   Delayed Group 3
     Total Material
       Decay Rate                           -nan +/- 0
   Delayed Group 4
     Total Material
       Decay Rate                           -nan +/- 0
   Delayed Group 5
     Total Material
       Decay Rate                           -nan +/- 0
   Delayed Group 6
     Total Material
       Decay Rate                           -nan +/- 0
 ============================>     TALLY 3     <============================

 Universe 13
   Incoming Energy [0, 200000000)
     Total Material
       Nu-Fission Rate                      1.05869 +/- 0.000420372
 ============================>     TALLY 4     <============================

 Universe 13
   Delayed Group 1
     Incoming Energy [0, 200000000)
       Total Material
         Delayed-Nu-Fission Rate              0.000271521 +/- 1.06954e-07
   Delayed Group 2
     Incoming Energy [0, 200000000)
       Total Material
         Delayed-Nu-Fission Rate              0.000726642 +/- 2.85199e-07
   Delayed Group 3
     Incoming Energy [0, 200000000)
       Total Material
         Delayed-Nu-Fission Rate              0.000568865 +/- 2.21418e-07
   Delayed Group 4
     Incoming Energy [0, 200000000)
       Total Material
         Delayed-Nu-Fission Rate              0.00113416 +/- 4.36431e-07
   Delayed Group 5
     Incoming Energy [0, 200000000)
       Total Material
         Delayed-Nu-Fission Rate              0.00037043 +/- 1.41761e-07
   Delayed Group 6
     Incoming Energy [0, 200000000)
       Total Material
         Delayed-Nu-Fission Rate              0.000134289 +/- 5.0685e-08
 =================>     TALLY 5: BREEDING_RATIO_TALLY     <=================

 Universe 13
   Pu240
     (n,gamma)                            3.8529e-16 +/- 3.46695e-19
     Absorption Rate                      3.8564e-16 +/- 3.46787e-19
   U235
     (n,gamma)                            7.11071e-06 +/- 2.78404e-09
     Absorption Rate                      3.91849e-05 +/- 1.71699e-08
   Th232
     (n,gamma)                            0.44949 +/- 0.000137114
     Absorption Rate                      0.451006 +/- 0.00013703
   Pu238
     (n,gamma)                            3.06968e-13 +/- 1.44738e-16
     Absorption Rate                      3.28088e-13 +/- 1.50922e-16
   U238
     (n,gamma)                            2.17889e-13 +/- 2.45398e-16
     Absorption Rate                      2.18558e-13 +/- 2.4544e-16
   Pu241
     (n,gamma)                            1.39155e-17 +/- 6.74744e-21
     Absorption Rate                      5.03344e-17 +/- 2.38859e-20
   U234
     (n,gamma)                            0.00119375 +/- 1.15611e-06
     Absorption Rate                      0.00120104 +/- 1.1568e-06
   U233
     (n,gamma)                            0.0517444 +/- 1.96141e-05
     Absorption Rate                      0.474142 +/- 0.000187353
   Pu239
     (n,gamma)                            1.04655e-14 +/- 5.46739e-18
     Absorption Rate                      2.78371e-14 +/- 1.43961e-17
 ====================>     TALLY 6: FISSION_ENERGY     <====================

 Universe 13
   Total Material
     Kappa-Fission Rate                   8.09883e+07 +/- 32165.5
 =======================>     TALLY 7: HEATING     <========================

 Universe 13
   Total Material
     heating                              7.84005e+07 +/- 30095.8
 ============================>     TALLY 8     <============================

 Internal

