 ============================>     TALLY 1     <============================

 Universe 13
   Delayed Group 1
     Total Material
       Delayed-Nu-Fission Rate              0.000259071 +/- 9.11239e-08
   Delayed Group 2
     Total Material
       Delayed-Nu-Fission Rate              0.00069577 +/- 2.4396e-07
   Delayed Group 3
     Total Material
       Delayed-Nu-Fission Rate              0.000545748 +/- 1.89855e-07
   Delayed Group 4
     Total Material
       Delayed-Nu-Fission Rate              0.00108981 +/- 3.75051e-07
   Delayed Group 5
     Total Material
       Delayed-Nu-Fission Rate              0.000356895 +/- 1.22224e-07
   Delayed Group 6
     Total Material
       Delayed-Nu-Fission Rate              0.000129704 +/- 4.38568e-08
 ============================>     TALLY 2     <============================

 Universe 13
   Delayed Group 1
     Total Material
       Decay Rate                           -nan +/- 0
   Delayed Group 2
     Total Material
       Decay Rate                           2.41464e-05 +/- 8.47111e-09
   Delayed Group 3
     Total Material
       Decay Rate                           -nan +/- 0
   Delayed Group 4
     Total Material
       Decay Rate                           -nan +/- 0
   Delayed Group 5
     Total Material
       Decay Rate                           -nan +/- 0
   Delayed Group 6
     Total Material
       Decay Rate                           -nan +/- 0
 ============================>     TALLY 3     <============================

 Universe 13
   Incoming Energy [0, 200000000)
     Total Material
       Nu-Fission Rate                      1.01017 +/- 0.000358208
 ============================>     TALLY 4     <============================

 Universe 13
   Delayed Group 1
     Incoming Energy [0, 200000000)
       Total Material
         Delayed-Nu-Fission Rate              0.000259071 +/- 9.11239e-08
   Delayed Group 2
     Incoming Energy [0, 200000000)
       Total Material
         Delayed-Nu-Fission Rate              0.00069577 +/- 2.4396e-07
   Delayed Group 3
     Incoming Energy [0, 200000000)
       Total Material
         Delayed-Nu-Fission Rate              0.000545748 +/- 1.89855e-07
   Delayed Group 4
     Incoming Energy [0, 200000000)
       Total Material
         Delayed-Nu-Fission Rate              0.00108981 +/- 3.75051e-07
   Delayed Group 5
     Incoming Energy [0, 200000000)
       Total Material
         Delayed-Nu-Fission Rate              0.000356895 +/- 1.22224e-07
   Delayed Group 6
     Incoming Energy [0, 200000000)
       Total Material
         Delayed-Nu-Fission Rate              0.000129704 +/- 4.38568e-08
 =================>     TALLY 5: BREEDING_RATIO_TALLY     <=================

 Universe 13
   Pu240
     (n,gamma)                            7.33785e-10 +/- 5.91959e-13
     Absorption Rate                      7.34441e-10 +/- 5.92094e-13
   Th232
     (n,gamma)                            0.461782 +/- 0.000148609
     Absorption Rate                      0.463302 +/- 0.000148654
   U238
     (n,gamma)                            1.53966e-09 +/- 1.70575e-12
     Absorption Rate                      1.54436e-09 +/- 1.70601e-12
   U233
     (n,gamma)                            0.0488949 +/- 1.70318e-05
     Absorption Rate                      0.450198 +/- 0.000159253
   Pu241
     (n,gamma)                            4.21393e-11 +/- 1.79383e-14
     Absorption Rate                      1.5245e-10 +/- 6.43212e-14
   Pu239
     (n,gamma)                            3.29107e-09 +/- 1.43082e-12
     Absorption Rate                      8.7582e-09 +/- 3.76411e-12
   U235
     (n,gamma)                            0.000373001 +/- 1.30844e-07
     Absorption Rate                      0.00206903 +/- 8.10231e-07
   U234
     (n,gamma)                            0.00851608 +/- 7.14059e-06
     Absorption Rate                      0.00856847 +/- 7.1482e-06
   Pu238
     (n,gamma)                            2.42768e-08 +/- 1.0896e-11
     Absorption Rate                      2.59189e-08 +/- 1.13429e-11
 ====================>     TALLY 6: FISSION_ENERGY     <====================

 Universe 13
   Total Material
     Kappa-Fission Rate                   7.72898e+07 +/- 27410.7
 =======================>     TALLY 7: HEATING     <========================

 Universe 13
   Total Material
     heating                              7.14677e+07 +/- 24932.4
 ============================>     TALLY 8     <============================

 Internal

