 ============================>     TALLY 1     <============================

 Universe 13
   Delayed Group 1
     Total Material
       Delayed-Nu-Fission Rate              0.000251425 +/- 8.65417e-08
   Delayed Group 2
     Total Material
       Delayed-Nu-Fission Rate              0.000675899 +/- 2.31691e-07
   Delayed Group 3
     Total Material
       Delayed-Nu-Fission Rate              0.000530409 +/- 1.79933e-07
   Delayed Group 4
     Total Material
       Delayed-Nu-Fission Rate              0.00105955 +/- 3.54281e-07
   Delayed Group 5
     Total Material
       Delayed-Nu-Fission Rate              0.00034723 +/- 1.15343e-07
   Delayed Group 6
     Total Material
       Delayed-Nu-Fission Rate              0.000126264 +/- 4.12209e-08
 ============================>     TALLY 2     <============================

 Universe 13
   Delayed Group 1
     Total Material
       Decay Rate                           -nan +/- 0
   Delayed Group 2
     Total Material
       Decay Rate                           -nan +/- 0
   Delayed Group 3
     Total Material
       Decay Rate                           -nan +/- 0
   Delayed Group 4
     Total Material
       Decay Rate                           -nan +/- 0
   Delayed Group 5
     Total Material
       Decay Rate                           -nan +/- 0
   Delayed Group 6
     Total Material
       Decay Rate                           -nan +/- 0
 ============================>     TALLY 3     <============================

 Universe 13
   Incoming Energy [0, 200000000)
     Total Material
       Nu-Fission Rate                      0.980435 +/- 0.000340999
 ============================>     TALLY 4     <============================

 Universe 13
   Delayed Group 1
     Incoming Energy [0, 200000000)
       Total Material
         Delayed-Nu-Fission Rate              0.000251425 +/- 8.65417e-08
   Delayed Group 2
     Incoming Energy [0, 200000000)
       Total Material
         Delayed-Nu-Fission Rate              0.000675899 +/- 2.31691e-07
   Delayed Group 3
     Incoming Energy [0, 200000000)
       Total Material
         Delayed-Nu-Fission Rate              0.000530409 +/- 1.79933e-07
   Delayed Group 4
     Incoming Energy [0, 200000000)
       Total Material
         Delayed-Nu-Fission Rate              0.00105955 +/- 3.54281e-07
   Delayed Group 5
     Incoming Energy [0, 200000000)
       Total Material
         Delayed-Nu-Fission Rate              0.00034723 +/- 1.15343e-07
   Delayed Group 6
     Incoming Energy [0, 200000000)
       Total Material
         Delayed-Nu-Fission Rate              0.000126264 +/- 4.12209e-08
 =================>     TALLY 5: BREEDING_RATIO_TALLY     <=================

 Universe 13
   Pu238
     (n,gamma)                            4.05564e-08 +/- 1.7513e-11
     Absorption Rate                      4.33531e-08 +/- 1.82776e-11
   Pu239
     (n,gamma)                            5.73032e-09 +/- 2.5023e-12
     Absorption Rate                      1.52418e-08 +/- 6.57116e-12
   Pu240
     (n,gamma)                            1.3741e-09 +/- 1.17979e-12
     Absorption Rate                      1.37536e-09 +/- 1.17995e-12
   Th232
     (n,gamma)                            0.439997 +/- 0.000128281
     Absorption Rate                      0.441477 +/- 0.000128102
   U235
     (n,gamma)                            0.000468764 +/- 1.60595e-07
     Absorption Rate                      0.00258296 +/- 9.94087e-07
   Pu241
     (n,gamma)                            8.6105e-11 +/- 3.57505e-14
     Absorption Rate                      3.11466e-10 +/- 1.27123e-13
   U238
     (n,gamma)                            2.43402e-09 +/- 2.65799e-12
     Absorption Rate                      2.44152e-09 +/- 2.65818e-12
   U233
     (n,gamma)                            0.0476058 +/- 1.56489e-05
     Absorption Rate                      0.436606 +/- 0.000151084
   U234
     (n,gamma)                            0.0100037 +/- 7.36718e-06
     Absorption Rate                      0.0100679 +/- 7.37088e-06
 ====================>     TALLY 6: FISSION_ENERGY     <====================

 Universe 13
   Total Material
     Kappa-Fission Rate                   7.50168e+07 +/- 26098.1
 =======================>     TALLY 7: HEATING     <========================

 Universe 13
   Total Material
     heating                              6.74425e+07 +/- 22974
 ============================>     TALLY 8     <============================

 Internal

