 ============================>     TALLY 1     <============================

 Universe 13
   Delayed Group 1
     Total Material
       Delayed-Nu-Fission Rate              0.000266347 +/- 8.85336e-08
   Delayed Group 2
     Total Material
       Delayed-Nu-Fission Rate              0.000712989 +/- 2.36123e-07
   Delayed Group 3
     Total Material
       Delayed-Nu-Fission Rate              0.000558383 +/- 1.83346e-07
   Delayed Group 4
     Total Material
       Delayed-Nu-Fission Rate              0.00111377 +/- 3.61461e-07
   Delayed Group 5
     Total Material
       Delayed-Nu-Fission Rate              0.000363883 +/- 1.17432e-07
   Delayed Group 6
     Total Material
       Delayed-Nu-Fission Rate              0.000131993 +/- 4.20008e-08
 ============================>     TALLY 2     <============================

 Universe 13
   Delayed Group 1
     Total Material
       Decay Rate                           -nan +/- 0
   Delayed Group 2
     Total Material
       Decay Rate                           2.47535e-05 +/- 8.20281e-09
   Delayed Group 3
     Total Material
       Decay Rate                           -nan +/- 0
   Delayed Group 4
     Total Material
       Decay Rate                           -nan +/- 0
   Delayed Group 5
     Total Material
       Decay Rate                           -nan +/- 0
   Delayed Group 6
     Total Material
       Decay Rate                           -nan +/- 0
 ============================>     TALLY 3     <============================

 Universe 13
   Incoming Energy [0, 200000000)
     Total Material
       Nu-Fission Rate                      1.03829 +/- 0.00034789
 ============================>     TALLY 4     <============================

 Universe 13
   Delayed Group 1
     Incoming Energy [0, 200000000)
       Total Material
         Delayed-Nu-Fission Rate              0.000266347 +/- 8.85336e-08
   Delayed Group 2
     Incoming Energy [0, 200000000)
       Total Material
         Delayed-Nu-Fission Rate              0.000712989 +/- 2.36123e-07
   Delayed Group 3
     Incoming Energy [0, 200000000)
       Total Material
         Delayed-Nu-Fission Rate              0.000558383 +/- 1.83346e-07
   Delayed Group 4
     Incoming Energy [0, 200000000)
       Total Material
         Delayed-Nu-Fission Rate              0.00111377 +/- 3.61461e-07
   Delayed Group 5
     Incoming Energy [0, 200000000)
       Total Material
         Delayed-Nu-Fission Rate              0.000363883 +/- 1.17432e-07
   Delayed Group 6
     Incoming Energy [0, 200000000)
       Total Material
         Delayed-Nu-Fission Rate              0.000131993 +/- 4.20008e-08
 =================>     TALLY 5: BREEDING_RATIO_TALLY     <=================

 Universe 13
   U235
     (n,gamma)                            2.22588e-05 +/- 7.1145e-09
     Absorption Rate                      0.000122344 +/- 4.44281e-08
   Pu240
     (n,gamma)                            2.42052e-14 +/- 2.23776e-17
     Absorption Rate                      2.42274e-14 +/- 2.23816e-17
   U234
     (n,gamma)                            0.0021026 +/- 2.06357e-06
     Absorption Rate                      0.00211567 +/- 2.06534e-06
   Pu241
     (n,gamma)                            3.25312e-16 +/- 1.3638e-19
     Absorption Rate                      1.17658e-15 +/- 4.84116e-19
   U238
     (n,gamma)                            2.99631e-12 +/- 3.29834e-15
     Absorption Rate                      3.00572e-12 +/- 3.29848e-15
   Pu239
     (n,gamma)                            4.30471e-13 +/- 1.91011e-16
     Absorption Rate                      1.14471e-12 +/- 4.99446e-16
   U233
     (n,gamma)                            0.0508355 +/- 1.58832e-05
     Absorption Rate                      0.464933 +/- 0.00015467
   Th232
     (n,gamma)                            0.447308 +/- 0.000128244
     Absorption Rate                      0.448872 +/- 0.000128353
   Pu238
     (n,gamma)                            8.82811e-12 +/- 3.58767e-15
     Absorption Rate                      9.44039e-12 +/- 3.73036e-15
 ====================>     TALLY 6: FISSION_ENERGY     <====================

 Universe 13
   Total Material
     Kappa-Fission Rate                   7.9426e+07 +/- 26621.4
 =======================>     TALLY 7: HEATING     <========================

 Universe 13
   Total Material
     heating                              7.54962e+07 +/- 25276.8
 ============================>     TALLY 8     <============================

 Internal

 ============================>     TALLY 9     <============================

 Internal

 ===========================>     TALLY 10     <============================

 Internal

