 ============================>     TALLY 1     <============================

 Universe 13
   Delayed Group 1
     Total Material
       Delayed-Nu-Fission Rate              0.000260535 +/- 9.74727e-08
   Delayed Group 2
     Total Material
       Delayed-Nu-Fission Rate              0.00069915 +/- 2.60891e-07
   Delayed Group 3
     Total Material
       Delayed-Nu-Fission Rate              0.000548186 +/- 2.03249e-07
   Delayed Group 4
     Total Material
       Delayed-Nu-Fission Rate              0.00109436 +/- 4.02211e-07
   Delayed Group 5
     Total Material
       Delayed-Nu-Fission Rate              0.000358178 +/- 1.31116e-07
   Delayed Group 6
     Total Material
       Delayed-Nu-Fission Rate              0.000130108 +/- 4.7138e-08
 ============================>     TALLY 2     <============================

 Universe 13
   Delayed Group 1
     Total Material
       Decay Rate                           -nan +/- 0
   Delayed Group 2
     Total Material
       Decay Rate                           -nan +/- 0
   Delayed Group 3
     Total Material
       Decay Rate                           -nan +/- 0
   Delayed Group 4
     Total Material
       Decay Rate                           -nan +/- 0
   Delayed Group 5
     Total Material
       Decay Rate                           -nan +/- 0
   Delayed Group 6
     Total Material
       Decay Rate                           -nan +/- 0
 ============================>     TALLY 3     <============================

 Universe 13
   Incoming Energy [0, 200000000)
     Total Material
       Nu-Fission Rate                      1.01581 +/- 0.000382554
 ============================>     TALLY 4     <============================

 Universe 13
   Delayed Group 1
     Incoming Energy [0, 200000000)
       Total Material
         Delayed-Nu-Fission Rate              0.000260535 +/- 9.74727e-08
   Delayed Group 2
     Incoming Energy [0, 200000000)
       Total Material
         Delayed-Nu-Fission Rate              0.00069915 +/- 2.60891e-07
   Delayed Group 3
     Incoming Energy [0, 200000000)
       Total Material
         Delayed-Nu-Fission Rate              0.000548186 +/- 2.03249e-07
   Delayed Group 4
     Incoming Energy [0, 200000000)
       Total Material
         Delayed-Nu-Fission Rate              0.00109436 +/- 4.02211e-07
   Delayed Group 5
     Incoming Energy [0, 200000000)
       Total Material
         Delayed-Nu-Fission Rate              0.000358178 +/- 1.31116e-07
   Delayed Group 6
     Incoming Energy [0, 200000000)
       Total Material
         Delayed-Nu-Fission Rate              0.000130108 +/- 4.7138e-08
 =================>     TALLY 5: BREEDING_RATIO_TALLY     <=================

 Universe 13
   U234
     (n,gamma)                            0.00751195 +/- 6.60144e-06
     Absorption Rate                      0.00755823 +/- 6.60727e-06
   U233
     (n,gamma)                            0.0492463 +/- 1.77336e-05
     Absorption Rate                      0.453181 +/- 0.000169806
   Pu239
     (n,gamma)                            1.46805e-09 +/- 6.59456e-13
     Absorption Rate                      3.9065e-09 +/- 1.74348e-12
   Th232
     (n,gamma)                            0.460491 +/- 0.000153177
     Absorption Rate                      0.462013 +/- 0.000153326
   Pu240
     (n,gamma)                            2.89618e-10 +/- 2.48507e-13
     Absorption Rate                      2.89877e-10 +/- 2.48563e-13
   Pu238
     (n,gamma)                            1.19045e-08 +/- 5.38347e-12
     Absorption Rate                      1.27121e-08 +/- 5.62101e-12
   U238
     (n,gamma)                            8.71891e-10 +/- 8.59323e-13
     Absorption Rate                      8.74557e-10 +/- 8.59198e-13
   Pu241
     (n,gamma)                            1.46152e-11 +/- 6.49739e-15
     Absorption Rate                      5.28727e-11 +/- 2.32742e-14
   U235
     (n,gamma)                            0.000290042 +/- 1.08043e-07
     Absorption Rate                      0.00160717 +/- 6.6063e-07
 ====================>     TALLY 6: FISSION_ENERGY     <====================

 Universe 13
   Total Material
     Kappa-Fission Rate                   7.77186e+07 +/- 29272.3
 =======================>     TALLY 7: HEATING     <========================

 Universe 13
   Total Material
     heating                              7.22243e+07 +/- 26621.2
 ============================>     TALLY 8     <============================

 Internal

