 ============================>     TALLY 1     <============================

 Universe 13
   Delayed Group 1
     Total Material
       Delayed-Nu-Fission Rate              0.000262376 +/- 9.97355e-08
   Delayed Group 2
     Total Material
       Delayed-Nu-Fission Rate              0.000702974 +/- 2.66343e-07
   Delayed Group 3
     Total Material
       Delayed-Nu-Fission Rate              0.000550807 +/- 2.07088e-07
   Delayed Group 4
     Total Material
       Delayed-Nu-Fission Rate              0.00109911 +/- 4.08929e-07
   Delayed Group 5
     Total Material
       Delayed-Nu-Fission Rate              0.00035933 +/- 1.33031e-07
   Delayed Group 6
     Total Material
       Delayed-Nu-Fission Rate              0.000130423 +/- 4.76875e-08
 ============================>     TALLY 2     <============================

 Universe 13
   Delayed Group 1
     Total Material
       Decay Rate                           -nan +/- 0
   Delayed Group 2
     Total Material
       Decay Rate                           2.44032e-05 +/- 9.25103e-09
   Delayed Group 3
     Total Material
       Decay Rate                           -nan +/- 0
   Delayed Group 4
     Total Material
       Decay Rate                           -nan +/- 0
   Delayed Group 5
     Total Material
       Decay Rate                           -nan +/- 0
   Delayed Group 6
     Total Material
       Decay Rate                           -nan +/- 0
 ============================>     TALLY 3     <============================

 Universe 13
   Incoming Energy [0, 200000000)
     Total Material
       Nu-Fission Rate                      1.02281 +/- 0.00039172
 ============================>     TALLY 4     <============================

 Universe 13
   Delayed Group 1
     Incoming Energy [0, 200000000)
       Total Material
         Delayed-Nu-Fission Rate              0.000262376 +/- 9.97355e-08
   Delayed Group 2
     Incoming Energy [0, 200000000)
       Total Material
         Delayed-Nu-Fission Rate              0.000702974 +/- 2.66343e-07
   Delayed Group 3
     Incoming Energy [0, 200000000)
       Total Material
         Delayed-Nu-Fission Rate              0.000550807 +/- 2.07088e-07
   Delayed Group 4
     Incoming Energy [0, 200000000)
       Total Material
         Delayed-Nu-Fission Rate              0.00109911 +/- 4.08929e-07
   Delayed Group 5
     Incoming Energy [0, 200000000)
       Total Material
         Delayed-Nu-Fission Rate              0.00035933 +/- 1.33031e-07
   Delayed Group 6
     Incoming Energy [0, 200000000)
       Total Material
         Delayed-Nu-Fission Rate              0.000130423 +/- 4.76875e-08
 =================>     TALLY 5: BREEDING_RATIO_TALLY     <=================

 Universe 13
   U235
     (n,gamma)                            0.000113784 +/- 4.33007e-08
     Absorption Rate                      0.000626978 +/- 2.61903e-07
   Pu240
     (n,gamma)                            9.59038e-12 +/- 8.88993e-15
     Absorption Rate                      9.5991e-12 +/- 8.89163e-15
   U234
     (n,gamma)                            0.00470712 +/- 3.76939e-06
     Absorption Rate                      0.0047365 +/- 3.7719e-06
   Pu241
     (n,gamma)                            2.98885e-13 +/- 1.31636e-16
     Absorption Rate                      1.08105e-12 +/- 4.7551e-16
   U238
     (n,gamma)                            1.11497e-10 +/- 1.19395e-13
     Absorption Rate                      1.11846e-10 +/- 1.1942e-13
   Pu239
     (n,gamma)                            7.63034e-11 +/- 3.43982e-14
     Absorption Rate                      2.02949e-10 +/- 9.09072e-14
   U233
     (n,gamma)                            0.0499273 +/- 1.82527e-05
     Absorption Rate                      0.457411 +/- 0.000174516
   Th232
     (n,gamma)                            0.450794 +/- 0.000142261
     Absorption Rate                      0.452355 +/- 0.000142321
   Pu238
     (n,gamma)                            8.8008e-10 +/- 3.99812e-13
     Absorption Rate                      9.40682e-10 +/- 4.16384e-13
 ====================>     TALLY 6: FISSION_ENERGY     <====================

 Universe 13
   Total Material
     Kappa-Fission Rate                   7.82451e+07 +/- 29974.3
 =======================>     TALLY 7: HEATING     <========================

 Universe 13
   Total Material
     heating                              7.33931e+07 +/- 28610.8
 ============================>     TALLY 8     <============================

 Internal

 ============================>     TALLY 9     <============================

 Internal

 ===========================>     TALLY 10     <============================

 Internal

