 ============================>     TALLY 1     <============================

 Universe 13
   Delayed Group 1
     Total Material
       Delayed-Nu-Fission Rate              0.000260785 +/- 1.03825e-07
   Delayed Group 2
     Total Material
       Delayed-Nu-Fission Rate              0.000698178 +/- 2.7698e-07
   Delayed Group 3
     Total Material
       Delayed-Nu-Fission Rate              0.000546792 +/- 2.15141e-07
   Delayed Group 4
     Total Material
       Delayed-Nu-Fission Rate              0.00109065 +/- 4.24299e-07
   Delayed Group 5
     Total Material
       Delayed-Nu-Fission Rate              0.000356348 +/- 1.37882e-07
   Delayed Group 6
     Total Material
       Delayed-Nu-Fission Rate              0.00012926 +/- 4.93337e-08
 ============================>     TALLY 2     <============================

 Universe 13
   Delayed Group 1
     Total Material
       Decay Rate                           -nan +/- 0
   Delayed Group 2
     Total Material
       Decay Rate                           2.4239e-05 +/- 9.62181e-09
   Delayed Group 3
     Total Material
       Decay Rate                           -nan +/- 0
   Delayed Group 4
     Total Material
       Decay Rate                           -nan +/- 0
   Delayed Group 5
     Total Material
       Decay Rate                           -nan +/- 0
   Delayed Group 6
     Total Material
       Decay Rate                           -nan +/- 0
 ============================>     TALLY 3     <============================

 Universe 13
   Incoming Energy [0, 200000000)
     Total Material
       Nu-Fission Rate                      1.01656 +/- 0.000407915
 ============================>     TALLY 4     <============================

 Universe 13
   Delayed Group 1
     Incoming Energy [0, 200000000)
       Total Material
         Delayed-Nu-Fission Rate              0.000260785 +/- 1.03825e-07
   Delayed Group 2
     Incoming Energy [0, 200000000)
       Total Material
         Delayed-Nu-Fission Rate              0.000698178 +/- 2.7698e-07
   Delayed Group 3
     Incoming Energy [0, 200000000)
       Total Material
         Delayed-Nu-Fission Rate              0.000546792 +/- 2.15141e-07
   Delayed Group 4
     Incoming Energy [0, 200000000)
       Total Material
         Delayed-Nu-Fission Rate              0.00109065 +/- 4.24299e-07
   Delayed Group 5
     Incoming Energy [0, 200000000)
       Total Material
         Delayed-Nu-Fission Rate              0.000356348 +/- 1.37882e-07
   Delayed Group 6
     Incoming Energy [0, 200000000)
       Total Material
         Delayed-Nu-Fission Rate              0.00012926 +/- 4.93337e-08
 =================>     TALLY 5: BREEDING_RATIO_TALLY     <=================

 Universe 13
   U235
     (n,gamma)                            3.57237e-05 +/- 1.41404e-08
     Absorption Rate                      0.000197126 +/- 8.89505e-08
   U234
     (n,gamma)                            0.00276472 +/- 2.46351e-06
     Absorption Rate                      0.00278171 +/- 2.46543e-06
   U238
     (n,gamma)                            7.90556e-12 +/- 8.98951e-15
     Absorption Rate                      7.92984e-12 +/- 8.99172e-15
   Th232
     (n,gamma)                            0.449734 +/- 0.000145496
     Absorption Rate                      0.451243 +/- 0.000145413
   Pu238
     (n,gamma)                            2.94236e-11 +/- 1.42608e-14
     Absorption Rate                      3.14417e-11 +/- 1.4864e-14
   Pu240
     (n,gamma)                            1.11317e-13 +/- 9.91722e-17
     Absorption Rate                      1.11419e-13 +/- 9.91933e-17
   Pu241
     (n,gamma)                            1.90488e-15 +/- 9.28255e-19
     Absorption Rate                      6.89059e-15 +/- 3.3326e-18
   U233
     (n,gamma)                            0.0495937 +/- 1.81232e-05
     Absorption Rate                      0.454989 +/- 0.000181063
   Pu239
     (n,gamma)                            1.65451e-12 +/- 8.2277e-16
     Absorption Rate                      4.40122e-12 +/- 2.17227e-15
 ====================>     TALLY 6: FISSION_ENERGY     <====================

 Universe 13
   Total Material
     Kappa-Fission Rate                   7.77669e+07 +/- 31214.4
 =======================>     TALLY 7: HEATING     <========================

 Universe 13
   Total Material
     heating                              7.23597e+07 +/- 28013.2
 ============================>     TALLY 8     <============================

 Internal

