 ============================>     TALLY 1     <============================

 Universe 13
   Delayed Group 1
     Total Material
       Delayed-Nu-Fission Rate              0.000254914 +/- 8.77451e-08
   Delayed Group 2
     Total Material
       Delayed-Nu-Fission Rate              0.000683687 +/- 2.34484e-07
   Delayed Group 3
     Total Material
       Delayed-Nu-Fission Rate              0.000535923 +/- 1.82217e-07
   Delayed Group 4
     Total Material
       Delayed-Nu-Fission Rate              0.0010697 +/- 3.59382e-07
   Delayed Group 5
     Total Material
       Delayed-Nu-Fission Rate              0.000349963 +/- 1.16919e-07
   Delayed Group 6
     Total Material
       Delayed-Nu-Fission Rate              0.000127085 +/- 4.18504e-08
 ============================>     TALLY 2     <============================

 Universe 13
   Delayed Group 1
     Total Material
       Decay Rate                           -nan +/- 0
   Delayed Group 2
     Total Material
       Decay Rate                           2.37308e-05 +/- 8.144e-09
   Delayed Group 3
     Total Material
       Decay Rate                           -nan +/- 0
   Delayed Group 4
     Total Material
       Decay Rate                           -nan +/- 0
   Delayed Group 5
     Total Material
       Decay Rate                           -nan +/- 0
   Delayed Group 6
     Total Material
       Decay Rate                           -nan +/- 0
 ============================>     TALLY 3     <============================

 Universe 13
   Incoming Energy [0, 200000000)
     Total Material
       Nu-Fission Rate                      0.993805 +/- 0.000345052
 ============================>     TALLY 4     <============================

 Universe 13
   Delayed Group 1
     Incoming Energy [0, 200000000)
       Total Material
         Delayed-Nu-Fission Rate              0.000254914 +/- 8.77451e-08
   Delayed Group 2
     Incoming Energy [0, 200000000)
       Total Material
         Delayed-Nu-Fission Rate              0.000683687 +/- 2.34484e-07
   Delayed Group 3
     Incoming Energy [0, 200000000)
       Total Material
         Delayed-Nu-Fission Rate              0.000535923 +/- 1.82217e-07
   Delayed Group 4
     Incoming Energy [0, 200000000)
       Total Material
         Delayed-Nu-Fission Rate              0.0010697 +/- 3.59382e-07
   Delayed Group 5
     Incoming Energy [0, 200000000)
       Total Material
         Delayed-Nu-Fission Rate              0.000349963 +/- 1.16919e-07
   Delayed Group 6
     Incoming Energy [0, 200000000)
       Total Material
         Delayed-Nu-Fission Rate              0.000127085 +/- 4.18504e-08
 =================>     TALLY 5: BREEDING_RATIO_TALLY     <=================

 Universe 13
   U238
     (n,gamma)                            4.59744e-10 +/- 4.68991e-13
     Absorption Rate                      4.61158e-10 +/- 4.68994e-13
   Pu239
     (n,gamma)                            5.4064e-10 +/- 2.36167e-13
     Absorption Rate                      1.43823e-09 +/- 6.20122e-13
   Pu241
     (n,gamma)                            3.88461e-12 +/- 1.57726e-15
     Absorption Rate                      1.40525e-11 +/- 5.61235e-15
   U233
     (n,gamma)                            0.048361 +/- 1.62473e-05
     Absorption Rate                      0.443802 +/- 0.00015351
   Pu238
     (n,gamma)                            5.01962e-09 +/- 2.1656e-12
     Absorption Rate                      5.36431e-09 +/- 2.27072e-12
   Th232
     (n,gamma)                            0.444779 +/- 0.000126041
     Absorption Rate                      0.446269 +/- 0.000125995
   Pu240
     (n,gamma)                            8.99165e-11 +/- 8.71066e-14
     Absorption Rate                      8.99986e-11 +/- 8.7124e-14
   U234
     (n,gamma)                            0.00694012 +/- 6.37227e-06
     Absorption Rate                      0.00698374 +/- 6.378e-06
   U235
     (n,gamma)                            0.000224478 +/- 7.30258e-08
     Absorption Rate                      0.00123846 +/- 4.63732e-07
 ====================>     TALLY 6: FISSION_ENERGY     <====================

 Universe 13
   Total Material
     Kappa-Fission Rate                   7.60322e+07 +/- 26403.3
 =======================>     TALLY 7: HEATING     <========================

 Universe 13
   Total Material
     heating                              6.92387e+07 +/- 23791.7
 ============================>     TALLY 8     <============================

 Internal

