 ============================>     TALLY 1     <============================

 Universe 13
   Delayed Group 1
     Total Material
       Delayed-Nu-Fission Rate              0.000264243 +/- 8.47081e-08
   Delayed Group 2
     Total Material
       Delayed-Nu-Fission Rate              0.000708126 +/- 2.26127e-07
   Delayed Group 3
     Total Material
       Delayed-Nu-Fission Rate              0.000554812 +/- 1.75555e-07
   Delayed Group 4
     Total Material
       Delayed-Nu-Fission Rate              0.00110692 +/- 3.45917e-07
   Delayed Group 5
     Total Material
       Delayed-Nu-Fission Rate              0.000361913 +/- 1.12439e-07
   Delayed Group 6
     Total Material
       Delayed-Nu-Fission Rate              0.00013134 +/- 4.02053e-08
 ============================>     TALLY 2     <============================

 Universe 13
   Delayed Group 1
     Total Material
       Decay Rate                           -nan +/- 0
   Delayed Group 2
     Total Material
       Decay Rate                           2.45815e-05 +/- 7.85481e-09
   Delayed Group 3
     Total Material
       Decay Rate                           -nan +/- 0
   Delayed Group 4
     Total Material
       Decay Rate                           -nan +/- 0
   Delayed Group 5
     Total Material
       Decay Rate                           -nan +/- 0
   Delayed Group 6
     Total Material
       Decay Rate                           -nan +/- 0
 ============================>     TALLY 3     <============================

 Universe 13
   Incoming Energy [0, 200000000)
     Total Material
       Nu-Fission Rate                      1.03024 +/- 0.00033319
 ============================>     TALLY 4     <============================

 Universe 13
   Delayed Group 1
     Incoming Energy [0, 200000000)
       Total Material
         Delayed-Nu-Fission Rate              0.000264243 +/- 8.47081e-08
   Delayed Group 2
     Incoming Energy [0, 200000000)
       Total Material
         Delayed-Nu-Fission Rate              0.000708126 +/- 2.26127e-07
   Delayed Group 3
     Incoming Energy [0, 200000000)
       Total Material
         Delayed-Nu-Fission Rate              0.000554812 +/- 1.75555e-07
   Delayed Group 4
     Incoming Energy [0, 200000000)
       Total Material
         Delayed-Nu-Fission Rate              0.00110692 +/- 3.45917e-07
   Delayed Group 5
     Incoming Energy [0, 200000000)
       Total Material
         Delayed-Nu-Fission Rate              0.000361913 +/- 1.12439e-07
   Delayed Group 6
     Incoming Energy [0, 200000000)
       Total Material
         Delayed-Nu-Fission Rate              0.00013134 +/- 4.02053e-08
 =================>     TALLY 5: BREEDING_RATIO_TALLY     <=================

 Universe 13
   Pu238
     (n,gamma)                            1.76172e-09 +/- 7.32125e-13
     Absorption Rate                      1.8817e-09 +/- 7.6254e-13
   U238
     (n,gamma)                            1.90495e-10 +/- 2.01353e-13
     Absorption Rate                      1.91076e-10 +/- 2.01367e-13
   Th232
     (n,gamma)                            0.457034 +/- 0.000143448
     Absorption Rate                      0.458552 +/- 0.000143393
   U235
     (n,gamma)                            0.000146844 +/- 4.76401e-08
     Absorption Rate                      0.000812435 +/- 2.92928e-07
   Pu241
     (n,gamma)                            8.44193e-13 +/- 3.12627e-16
     Absorption Rate                      3.05382e-12 +/- 1.13383e-15
   U234
     (n,gamma)                            0.00536447 +/- 5.01817e-06
     Absorption Rate                      0.0053974 +/- 5.02356e-06
   U233
     (n,gamma)                            0.050099 +/- 1.60921e-05
     Absorption Rate                      0.460463 +/- 0.000148713
   Pu239
     (n,gamma)                            1.68132e-10 +/- 6.49532e-14
     Absorption Rate                      4.47345e-10 +/- 1.71023e-13
   Pu240
     (n,gamma)                            2.36955e-11 +/- 2.30091e-14
     Absorption Rate                      2.37168e-11 +/- 2.30138e-14
 ====================>     TALLY 6: FISSION_ENERGY     <====================

 Universe 13
   Total Material
     Kappa-Fission Rate                   7.88174e+07 +/- 25497.4
 =======================>     TALLY 7: HEATING     <========================

 Universe 13
   Total Material
     heating                              7.42965e+07 +/- 24019
 ============================>     TALLY 8     <============================

 Internal

