 ============================>     TALLY 1     <============================

 Universe 13
   Delayed Group 1
     Total Material
       Delayed-Nu-Fission Rate              0.000263722 +/- 8.6464e-08
   Delayed Group 2
     Total Material
       Delayed-Nu-Fission Rate              0.000706327 +/- 2.30939e-07
   Delayed Group 3
     Total Material
       Delayed-Nu-Fission Rate              0.000553325 +/- 1.79754e-07
   Delayed Group 4
     Total Material
       Delayed-Nu-Fission Rate              0.00110396 +/- 3.55544e-07
   Delayed Group 5
     Total Material
       Delayed-Nu-Fission Rate              0.000360817 +/- 1.15737e-07
   Delayed Group 6
     Total Material
       Delayed-Nu-Fission Rate              0.00013093 +/- 4.15775e-08
 ============================>     TALLY 2     <============================

 Universe 13
   Delayed Group 1
     Total Material
       Decay Rate                           -nan +/- 0
   Delayed Group 2
     Total Material
       Decay Rate                           -nan +/- 0
   Delayed Group 3
     Total Material
       Decay Rate                           -nan +/- 0
   Delayed Group 4
     Total Material
       Decay Rate                           -nan +/- 0
   Delayed Group 5
     Total Material
       Decay Rate                           -nan +/- 0
   Delayed Group 6
     Total Material
       Decay Rate                           -nan +/- 0
 ============================>     TALLY 3     <============================

 Universe 13
   Incoming Energy [0, 200000000)
     Total Material
       Nu-Fission Rate                      1.02806 +/- 0.000339305
 ============================>     TALLY 4     <============================

 Universe 13
   Delayed Group 1
     Incoming Energy [0, 200000000)
       Total Material
         Delayed-Nu-Fission Rate              0.000263722 +/- 8.6464e-08
   Delayed Group 2
     Incoming Energy [0, 200000000)
       Total Material
         Delayed-Nu-Fission Rate              0.000706327 +/- 2.30939e-07
   Delayed Group 3
     Incoming Energy [0, 200000000)
       Total Material
         Delayed-Nu-Fission Rate              0.000553325 +/- 1.79754e-07
   Delayed Group 4
     Incoming Energy [0, 200000000)
       Total Material
         Delayed-Nu-Fission Rate              0.00110396 +/- 3.55544e-07
   Delayed Group 5
     Incoming Energy [0, 200000000)
       Total Material
         Delayed-Nu-Fission Rate              0.000360817 +/- 1.15737e-07
   Delayed Group 6
     Incoming Energy [0, 200000000)
       Total Material
         Delayed-Nu-Fission Rate              0.00013093 +/- 4.15775e-08
 =================>     TALLY 5: BREEDING_RATIO_TALLY     <=================

 Universe 13
   U235
     (n,gamma)                            7.61076e-05 +/- 2.51773e-08
     Absorption Rate                      0.000419145 +/- 1.54654e-07
   Pu240
     (n,gamma)                            2.1994e-12 +/- 2.03264e-15
     Absorption Rate                      2.2014e-12 +/- 2.03305e-15
   U234
     (n,gamma)                            0.00386106 +/- 3.1124e-06
     Absorption Rate                      0.00388512 +/- 3.115e-06
   Pu241
     (n,gamma)                            5.57455e-14 +/- 2.27727e-17
     Absorption Rate                      2.01634e-13 +/- 8.09732e-17
   U238
     (n,gamma)                            4.58144e-11 +/- 5.07386e-14
     Absorption Rate                      4.59578e-11 +/- 5.07507e-14
   Pu239
     (n,gamma)                            2.13717e-11 +/- 9.054e-15
     Absorption Rate                      5.68424e-11 +/- 2.37866e-14
   U233
     (n,gamma)                            0.0502311 +/- 1.51353e-05
     Absorption Rate                      0.459984 +/- 0.000150126
   Th232
     (n,gamma)                            0.44973 +/- 0.00013254
     Absorption Rate                      0.451291 +/- 0.000132579
   Pu238
     (n,gamma)                            2.85851e-10 +/- 1.22094e-13
     Absorption Rate                      3.0557e-10 +/- 1.27107e-13
 ====================>     TALLY 6: FISSION_ENERGY     <====================

 Universe 13
   Total Material
     Kappa-Fission Rate                   7.86448e+07 +/- 25958.5
 =======================>     TALLY 7: HEATING     <========================

 Universe 13
   Total Material
     heating                              7.4044e+07 +/- 23725.4
 ============================>     TALLY 8     <============================

 Internal

 ============================>     TALLY 9     <============================

 Internal

 ===========================>     TALLY 10     <============================

 Internal

