 ============================>     TALLY 1     <============================

 Universe 13
   Delayed Group 1
     Total Material
       Delayed-Nu-Fission Rate              0.00025699 +/- 8.94106e-08
   Delayed Group 2
     Total Material
       Delayed-Nu-Fission Rate              0.000690252 +/- 2.39493e-07
   Delayed Group 3
     Total Material
       Delayed-Nu-Fission Rate              0.000541528 +/- 1.86571e-07
   Delayed Group 4
     Total Material
       Delayed-Nu-Fission Rate              0.00108168 +/- 3.69089e-07
   Delayed Group 5
     Total Material
       Delayed-Nu-Fission Rate              0.000354281 +/- 1.2037e-07
   Delayed Group 6
     Total Material
       Delayed-Nu-Fission Rate              0.000128797 +/- 4.32704e-08
 ============================>     TALLY 2     <============================

 Universe 13
   Delayed Group 1
     Total Material
       Decay Rate                           -nan +/- 0
   Delayed Group 2
     Total Material
       Decay Rate                           -nan +/- 0
   Delayed Group 3
     Total Material
       Decay Rate                           -nan +/- 0
   Delayed Group 4
     Total Material
       Decay Rate                           -nan +/- 0
   Delayed Group 5
     Total Material
       Decay Rate                           -nan +/- 0
   Delayed Group 6
     Total Material
       Decay Rate                           -nan +/- 0
 ============================>     TALLY 3     <============================

 Universe 13
   Incoming Energy [0, 200000000)
     Total Material
       Nu-Fission Rate                      1.00194 +/- 0.000351068
 ============================>     TALLY 4     <============================

 Universe 13
   Delayed Group 1
     Incoming Energy [0, 200000000)
       Total Material
         Delayed-Nu-Fission Rate              0.00025699 +/- 8.94106e-08
   Delayed Group 2
     Incoming Energy [0, 200000000)
       Total Material
         Delayed-Nu-Fission Rate              0.000690252 +/- 2.39493e-07
   Delayed Group 3
     Incoming Energy [0, 200000000)
       Total Material
         Delayed-Nu-Fission Rate              0.000541528 +/- 1.86571e-07
   Delayed Group 4
     Incoming Energy [0, 200000000)
       Total Material
         Delayed-Nu-Fission Rate              0.00108168 +/- 3.69089e-07
   Delayed Group 5
     Incoming Energy [0, 200000000)
       Total Material
         Delayed-Nu-Fission Rate              0.000354281 +/- 1.2037e-07
   Delayed Group 6
     Incoming Energy [0, 200000000)
       Total Material
         Delayed-Nu-Fission Rate              0.000128797 +/- 4.32704e-08
 =================>     TALLY 5: BREEDING_RATIO_TALLY     <=================

 Universe 13
   U238
     (n,gamma)                            1.59311e-09 +/- 1.7613e-12
     Absorption Rate                      1.59807e-09 +/- 1.76135e-12
   Th232
     (n,gamma)                            0.455703 +/- 0.000137693
     Absorption Rate                      0.457264 +/- 0.0001377
   Pu241
     (n,gamma)                            4.35159e-11 +/- 1.77864e-14
     Absorption Rate                      1.57416e-10 +/- 6.40818e-14
   U233
     (n,gamma)                            0.0486352 +/- 1.59495e-05
     Absorption Rate                      0.446592 +/- 0.000155253
   Pu239
     (n,gamma)                            3.3659e-09 +/- 1.41064e-12
     Absorption Rate                      8.9548e-09 +/- 3.72394e-12
   Pu240
     (n,gamma)                            7.5898e-10 +/- 6.65757e-13
     Absorption Rate                      7.59668e-10 +/- 6.65915e-13
   U235
     (n,gamma)                            0.000373654 +/- 1.30017e-07
     Absorption Rate                      0.00206518 +/- 8.08376e-07
   Pu238
     (n,gamma)                            2.4878e-08 +/- 1.1067e-11
     Absorption Rate                      2.65781e-08 +/- 1.15514e-11
   U234
     (n,gamma)                            0.00848075 +/- 7.33898e-06
     Absorption Rate                      0.00853398 +/- 7.34363e-06
 ====================>     TALLY 6: FISSION_ENERGY     <====================

 Universe 13
   Total Material
     Kappa-Fission Rate                   7.66575e+07 +/- 26866.7
 =======================>     TALLY 7: HEATING     <========================

 Universe 13
   Total Material
     heating                              7.03843e+07 +/- 24322.5
 ============================>     TALLY 8     <============================

 Internal

 ============================>     TALLY 9     <============================

 Internal

 ===========================>     TALLY 10     <============================

 Internal

