 ============================>     TALLY 1     <============================

 Universe 13
   Delayed Group 1
     Total Material
       Delayed-Nu-Fission Rate              0.000260347 +/- 8.91982e-08
   Delayed Group 2
     Total Material
       Delayed-Nu-Fission Rate              0.000698756 +/- 2.38652e-07
   Delayed Group 3
     Total Material
       Delayed-Nu-Fission Rate              0.000547915 +/- 1.8565e-07
   Delayed Group 4
     Total Material
       Delayed-Nu-Fission Rate              0.00109387 +/- 3.66622e-07
   Delayed Group 5
     Total Material
       Delayed-Nu-Fission Rate              0.000358058 +/- 1.1942e-07
   Delayed Group 6
     Total Material
       Delayed-Nu-Fission Rate              0.000130075 +/- 4.28321e-08
 ============================>     TALLY 2     <============================

 Universe 13
   Delayed Group 1
     Total Material
       Decay Rate                           -nan +/- 0
   Delayed Group 2
     Total Material
       Decay Rate                           2.42518e-05 +/- 8.28746e-09
   Delayed Group 3
     Total Material
       Decay Rate                           -nan +/- 0
   Delayed Group 4
     Total Material
       Decay Rate                           -nan +/- 0
   Delayed Group 5
     Total Material
       Decay Rate                           -nan +/- 0
   Delayed Group 6
     Total Material
       Decay Rate                           -nan +/- 0
 ============================>     TALLY 3     <============================

 Universe 13
   Incoming Energy [0, 200000000)
     Total Material
       Nu-Fission Rate                      1.0151 +/- 0.000350618
 ============================>     TALLY 4     <============================

 Universe 13
   Delayed Group 1
     Incoming Energy [0, 200000000)
       Total Material
         Delayed-Nu-Fission Rate              0.000260347 +/- 8.91982e-08
   Delayed Group 2
     Incoming Energy [0, 200000000)
       Total Material
         Delayed-Nu-Fission Rate              0.000698756 +/- 2.38652e-07
   Delayed Group 3
     Incoming Energy [0, 200000000)
       Total Material
         Delayed-Nu-Fission Rate              0.000547915 +/- 1.8565e-07
   Delayed Group 4
     Incoming Energy [0, 200000000)
       Total Material
         Delayed-Nu-Fission Rate              0.00109387 +/- 3.66622e-07
   Delayed Group 5
     Incoming Energy [0, 200000000)
       Total Material
         Delayed-Nu-Fission Rate              0.000358058 +/- 1.1942e-07
   Delayed Group 6
     Incoming Energy [0, 200000000)
       Total Material
         Delayed-Nu-Fission Rate              0.000130075 +/- 4.28321e-08
 =================>     TALLY 5: BREEDING_RATIO_TALLY     <=================

 Universe 13
   Pu240
     (n,gamma)                            3.57529e-10 +/- 3.13284e-13
     Absorption Rate                      3.5785e-10 +/- 3.13362e-13
   Th232
     (n,gamma)                            0.460876 +/- 0.000129253
     Absorption Rate                      0.462396 +/- 0.000129366
   U238
     (n,gamma)                            9.90373e-10 +/- 1.12718e-12
     Absorption Rate                      9.93401e-10 +/- 1.12717e-12
   U233
     (n,gamma)                            0.0491891 +/- 1.53269e-05
     Absorption Rate                      0.452764 +/- 0.000154663
   Pu241
     (n,gamma)                            1.85987e-11 +/- 8.09312e-15
     Absorption Rate                      6.72806e-11 +/- 2.88479e-14
   Pu239
     (n,gamma)                            1.76489e-09 +/- 8.08004e-13
     Absorption Rate                      4.69656e-09 +/- 2.12903e-12
   U235
     (n,gamma)                            0.000307255 +/- 1.0349e-07
     Absorption Rate                      0.00170335 +/- 6.68456e-07
   U234
     (n,gamma)                            0.00772304 +/- 7.09731e-06
     Absorption Rate                      0.0077706 +/- 7.10097e-06
   Pu238
     (n,gamma)                            1.40021e-08 +/- 6.19406e-12
     Absorption Rate                      1.49507e-08 +/- 6.43344e-12
 ====================>     TALLY 6: FISSION_ENERGY     <====================

 Universe 13
   Total Material
     Kappa-Fission Rate                   7.7665e+07 +/- 26831
 =======================>     TALLY 7: HEATING     <========================

 Universe 13
   Total Material
     heating                              7.22055e+07 +/- 25121.6
 ============================>     TALLY 8     <============================

 Internal

