 ============================>     TALLY 1     <============================

 Universe 13
   Delayed Group 1
     Total Material
       Delayed-Nu-Fission Rate              0.000258022 +/- 1.03497e-07
   Delayed Group 2
     Total Material
       Delayed-Nu-Fission Rate              0.000691121 +/- 2.76202e-07
   Delayed Group 3
     Total Material
       Delayed-Nu-Fission Rate              0.000541412 +/- 2.1451e-07
   Delayed Group 4
     Total Material
       Delayed-Nu-Fission Rate              0.00108016 +/- 4.22917e-07
   Delayed Group 5
     Total Material
       Delayed-Nu-Fission Rate              0.000353053 +/- 1.37452e-07
   Delayed Group 6
     Total Material
       Delayed-Nu-Fission Rate              0.00012811 +/- 4.91643e-08
 ============================>     TALLY 2     <============================

 Universe 13
   Delayed Group 1
     Total Material
       Decay Rate                           -nan +/- 0
   Delayed Group 2
     Total Material
       Decay Rate                           2.39925e-05 +/- 9.59445e-09
   Delayed Group 3
     Total Material
       Decay Rate                           -nan +/- 0
   Delayed Group 4
     Total Material
       Decay Rate                           -nan +/- 0
   Delayed Group 5
     Total Material
       Decay Rate                           -nan +/- 0
   Delayed Group 6
     Total Material
       Decay Rate                           -nan +/- 0
 ============================>     TALLY 3     <============================

 Universe 13
   Incoming Energy [0, 200000000)
     Total Material
       Nu-Fission Rate                      1.00579 +/- 0.000406875
 ============================>     TALLY 4     <============================

 Universe 13
   Delayed Group 1
     Incoming Energy [0, 200000000)
       Total Material
         Delayed-Nu-Fission Rate              0.000258022 +/- 1.03497e-07
   Delayed Group 2
     Incoming Energy [0, 200000000)
       Total Material
         Delayed-Nu-Fission Rate              0.000691121 +/- 2.76202e-07
   Delayed Group 3
     Incoming Energy [0, 200000000)
       Total Material
         Delayed-Nu-Fission Rate              0.000541412 +/- 2.1451e-07
   Delayed Group 4
     Incoming Energy [0, 200000000)
       Total Material
         Delayed-Nu-Fission Rate              0.00108016 +/- 4.22917e-07
   Delayed Group 5
     Incoming Energy [0, 200000000)
       Total Material
         Delayed-Nu-Fission Rate              0.000353053 +/- 1.37452e-07
   Delayed Group 6
     Incoming Energy [0, 200000000)
       Total Material
         Delayed-Nu-Fission Rate              0.00012811 +/- 4.91643e-08
 =================>     TALLY 5: BREEDING_RATIO_TALLY     <=================

 Universe 13
   U235
     (n,gamma)                            8.62458e-05 +/- 3.30317e-08
     Absorption Rate                      0.00047595 +/- 2.08695e-07
   U234
     (n,gamma)                            0.00430371 +/- 3.69234e-06
     Absorption Rate                      0.00433042 +/- 3.69498e-06
   U238
     (n,gamma)                            5.54134e-11 +/- 5.53942e-14
     Absorption Rate                      5.55837e-11 +/- 5.53836e-14
   Th232
     (n,gamma)                            0.448417 +/- 0.000142311
     Absorption Rate                      0.44992 +/- 0.000142331
   Pu238
     (n,gamma)                            3.47628e-10 +/- 1.73511e-13
     Absorption Rate                      3.71481e-10 +/- 1.80558e-13
   Pu240
     (n,gamma)                            2.74652e-12 +/- 2.57156e-15
     Absorption Rate                      2.74902e-12 +/- 2.57208e-15
   Pu241
     (n,gamma)                            7.31225e-14 +/- 3.3582e-17
     Absorption Rate                      2.64508e-13 +/- 1.20751e-16
   U233
     (n,gamma)                            0.049013 +/- 1.86905e-05
     Absorption Rate                      0.449867 +/- 0.000181061
   Pu239
     (n,gamma)                            2.65071e-11 +/- 1.25604e-14
     Absorption Rate                      7.0513e-11 +/- 3.33348e-14
 ====================>     TALLY 6: FISSION_ENERGY     <====================

 Universe 13
   Total Material
     Kappa-Fission Rate                   7.69445e+07 +/- 31133.4
 =======================>     TALLY 7: HEATING     <========================

 Universe 13
   Total Material
     heating                              7.08548e+07 +/- 27733.5
 ============================>     TALLY 8     <============================

 Internal

