 ============================>     TALLY 1     <============================

 Universe 13
   Delayed Group 1
     Total Material
       Delayed-Nu-Fission Rate              0.0002516 +/- 9.02207e-08
   Delayed Group 2
     Total Material
       Delayed-Nu-Fission Rate              0.00067628 +/- 2.41536e-07
   Delayed Group 3
     Total Material
       Delayed-Nu-Fission Rate              0.000530669 +/- 1.87606e-07
   Delayed Group 4
     Total Material
       Delayed-Nu-Fission Rate              0.00106001 +/- 3.69495e-07
   Delayed Group 5
     Total Material
       Delayed-Nu-Fission Rate              0.000347345 +/- 1.2031e-07
   Delayed Group 6
     Total Material
       Delayed-Nu-Fission Rate              0.000126294 +/- 4.30164e-08
 ============================>     TALLY 2     <============================

 Universe 13
   Delayed Group 1
     Total Material
       Decay Rate                           -nan +/- 0
   Delayed Group 2
     Total Material
       Decay Rate                           -nan +/- 0
   Delayed Group 3
     Total Material
       Decay Rate                           -nan +/- 0
   Delayed Group 4
     Total Material
       Decay Rate                           -nan +/- 0
   Delayed Group 5
     Total Material
       Decay Rate                           -nan +/- 0
   Delayed Group 6
     Total Material
       Decay Rate                           -nan +/- 0
 ============================>     TALLY 3     <============================

 Universe 13
   Incoming Energy [0, 200000000)
     Total Material
       Nu-Fission Rate                      0.981115 +/- 0.000355452
 ============================>     TALLY 4     <============================

 Universe 13
   Delayed Group 1
     Incoming Energy [0, 200000000)
       Total Material
         Delayed-Nu-Fission Rate              0.0002516 +/- 9.02207e-08
   Delayed Group 2
     Incoming Energy [0, 200000000)
       Total Material
         Delayed-Nu-Fission Rate              0.00067628 +/- 2.41536e-07
   Delayed Group 3
     Incoming Energy [0, 200000000)
       Total Material
         Delayed-Nu-Fission Rate              0.000530669 +/- 1.87606e-07
   Delayed Group 4
     Incoming Energy [0, 200000000)
       Total Material
         Delayed-Nu-Fission Rate              0.00106001 +/- 3.69495e-07
   Delayed Group 5
     Incoming Energy [0, 200000000)
       Total Material
         Delayed-Nu-Fission Rate              0.000347345 +/- 1.2031e-07
   Delayed Group 6
     Incoming Energy [0, 200000000)
       Total Material
         Delayed-Nu-Fission Rate              0.000126294 +/- 4.30164e-08
 =================>     TALLY 5: BREEDING_RATIO_TALLY     <=================

 Universe 13
   Pu238
     (n,gamma)                            3.72713e-08 +/- 1.70142e-11
     Absorption Rate                      3.9839e-08 +/- 1.76725e-11
   Pu239
     (n,gamma)                            5.20806e-09 +/- 2.35667e-12
     Absorption Rate                      1.38533e-08 +/- 6.20632e-12
   Pu240
     (n,gamma)                            1.23055e-09 +/- 1.03581e-12
     Absorption Rate                      1.23168e-09 +/- 1.03598e-12
   Th232
     (n,gamma)                            0.440213 +/- 0.000146286
     Absorption Rate                      0.441691 +/- 0.000146135
   U235
     (n,gamma)                            0.000455126 +/- 1.57963e-07
     Absorption Rate                      0.00250823 +/- 1.01086e-06
   Pu241
     (n,gamma)                            7.59918e-11 +/- 3.32041e-14
     Absorption Rate                      2.74889e-10 +/- 1.195e-13
   U238
     (n,gamma)                            2.27142e-09 +/- 1.99957e-12
     Absorption Rate                      2.27842e-09 +/- 1.99949e-12
   U233
     (n,gamma)                            0.047641 +/- 1.54832e-05
     Absorption Rate                      0.436976 +/- 0.00015662
   U234
     (n,gamma)                            0.00985583 +/- 8.69418e-06
     Absorption Rate                      0.00991893 +/- 8.69872e-06
 ====================>     TALLY 6: FISSION_ENERGY     <====================

 Universe 13
   Total Material
     Kappa-Fission Rate                   7.50684e+07 +/- 27204.1
 =======================>     TALLY 7: HEATING     <========================

 Universe 13
   Total Material
     heating                              6.74803e+07 +/- 24578.3
 ============================>     TALLY 8     <============================

 Internal

