 ============================>     TALLY 1     <============================

 Universe 13
   Delayed Group 1
     Total Material
       Delayed-Nu-Fission Rate              0.000273756 +/- 8.95034e-08
   Delayed Group 2
     Total Material
       Delayed-Nu-Fission Rate              0.000732563 +/- 2.38648e-07
   Delayed Group 3
     Total Material
       Delayed-Nu-Fission Rate              0.000573456 +/- 1.85272e-07
   Delayed Group 4
     Total Material
       Delayed-Nu-Fission Rate              0.00114321 +/- 3.65196e-07
   Delayed Group 5
     Total Material
       Delayed-Nu-Fission Rate              0.000373361 +/- 1.18623e-07
   Delayed Group 6
     Total Material
       Delayed-Nu-Fission Rate              0.000135336 +/- 4.24189e-08
 ============================>     TALLY 2     <============================

 Universe 13
   Delayed Group 1
     Total Material
       Decay Rate                           -nan +/- 0
   Delayed Group 2
     Total Material
       Decay Rate                           2.54343e-05 +/- 8.29079e-09
   Delayed Group 3
     Total Material
       Decay Rate                           -nan +/- 0
   Delayed Group 4
     Total Material
       Decay Rate                           -nan +/- 0
   Delayed Group 5
     Total Material
       Decay Rate                           -nan +/- 0
   Delayed Group 6
     Total Material
       Decay Rate                           -nan +/- 0
 ============================>     TALLY 3     <============================

 Universe 13
   Incoming Energy [0, 200000000)
     Total Material
       Nu-Fission Rate                      1.06745 +/- 0.000351794
 ============================>     TALLY 4     <============================

 Universe 13
   Delayed Group 1
     Incoming Energy [0, 200000000)
       Total Material
         Delayed-Nu-Fission Rate              0.000273756 +/- 8.95034e-08
   Delayed Group 2
     Incoming Energy [0, 200000000)
       Total Material
         Delayed-Nu-Fission Rate              0.000732563 +/- 2.38648e-07
   Delayed Group 3
     Incoming Energy [0, 200000000)
       Total Material
         Delayed-Nu-Fission Rate              0.000573456 +/- 1.85272e-07
   Delayed Group 4
     Incoming Energy [0, 200000000)
       Total Material
         Delayed-Nu-Fission Rate              0.00114321 +/- 3.65196e-07
   Delayed Group 5
     Incoming Energy [0, 200000000)
       Total Material
         Delayed-Nu-Fission Rate              0.000373361 +/- 1.18623e-07
   Delayed Group 6
     Incoming Energy [0, 200000000)
       Total Material
         Delayed-Nu-Fission Rate              0.000135336 +/- 4.24189e-08
 =================>     TALLY 5: BREEDING_RATIO_TALLY     <=================

 Universe 13
   Pu240
     (n,gamma)                            4.78727e-17 +/- 4.13095e-20
     Absorption Rate                      4.79163e-17 +/- 4.13192e-20
   U235
     (n,gamma)                            3.66298e-08 +/- 1.18885e-11
     Absorption Rate                      2.01471e-07 +/- 7.27484e-11
   Th232
     (n,gamma)                            0.44734 +/- 0.000142466
     Absorption Rate                      0.448859 +/- 0.000142358
   Pu238
     (n,gamma)                            3.3714e-18 +/- 1.29624e-21
     Absorption Rate                      3.60466e-18 +/- 1.35116e-21
   U238
     (n,gamma)                            1.21932e-18 +/- 1.34372e-21
     Absorption Rate                      1.22308e-18 +/- 1.34352e-21
   Pu241
     (n,gamma)                            1.06798e-17 +/- 4.41821e-21
     Absorption Rate                      3.86272e-17 +/- 1.56958e-20
   U234
     (n,gamma)                            8.62987e-05 +/- 6.96337e-08
     Absorption Rate                      8.68269e-05 +/- 6.96857e-08
   U233
     (n,gamma)                            0.0522512 +/- 1.6925e-05
     Absorption Rate                      0.47819 +/- 0.000157217
   Pu239
     (n,gamma)                            2.02579e-17 +/- 8.915e-21
     Absorption Rate                      5.38729e-17 +/- 2.33596e-20
 ====================>     TALLY 6: FISSION_ENERGY     <====================

 Universe 13
   Total Material
     Kappa-Fission Rate                   8.1658e+07 +/- 26918.3
 =======================>     TALLY 7: HEATING     <========================

 Universe 13
   Total Material
     heating                              7.96834e+07 +/- 26263.5
 ============================>     TALLY 8     <============================

 Internal

