 ============================>     TALLY 1     <============================

 Universe 13
   Delayed Group 1
     Total Material
       Delayed-Nu-Fission Rate              0.00026012 +/- 9.42501e-08
   Delayed Group 2
     Total Material
       Delayed-Nu-Fission Rate              0.000696459 +/- 2.51648e-07
   Delayed Group 3
     Total Material
       Delayed-Nu-Fission Rate              0.000545462 +/- 1.95821e-07
   Delayed Group 4
     Total Material
       Delayed-Nu-Fission Rate              0.00108801 +/- 3.87183e-07
   Delayed Group 5
     Total Material
       Delayed-Nu-Fission Rate              0.000355507 +/- 1.25986e-07
   Delayed Group 6
     Total Material
       Delayed-Nu-Fission Rate              0.000128959 +/- 4.52263e-08
 ============================>     TALLY 2     <============================

 Universe 13
   Delayed Group 1
     Total Material
       Decay Rate                           -nan +/- 0
   Delayed Group 2
     Total Material
       Decay Rate                           2.4179e-05 +/- 8.74061e-09
   Delayed Group 3
     Total Material
       Decay Rate                           -nan +/- 0
   Delayed Group 4
     Total Material
       Decay Rate                           -nan +/- 0
   Delayed Group 5
     Total Material
       Decay Rate                           -nan +/- 0
   Delayed Group 6
     Total Material
       Decay Rate                           -nan +/- 0
 ============================>     TALLY 3     <============================

 Universe 13
   Incoming Energy [0, 200000000)
     Total Material
       Nu-Fission Rate                      1.01399 +/- 0.000369798
 ============================>     TALLY 4     <============================

 Universe 13
   Delayed Group 1
     Incoming Energy [0, 200000000)
       Total Material
         Delayed-Nu-Fission Rate              0.00026012 +/- 9.42501e-08
   Delayed Group 2
     Incoming Energy [0, 200000000)
       Total Material
         Delayed-Nu-Fission Rate              0.000696459 +/- 2.51648e-07
   Delayed Group 3
     Incoming Energy [0, 200000000)
       Total Material
         Delayed-Nu-Fission Rate              0.000545462 +/- 1.95821e-07
   Delayed Group 4
     Incoming Energy [0, 200000000)
       Total Material
         Delayed-Nu-Fission Rate              0.00108801 +/- 3.87183e-07
   Delayed Group 5
     Incoming Energy [0, 200000000)
       Total Material
         Delayed-Nu-Fission Rate              0.000355507 +/- 1.25986e-07
   Delayed Group 6
     Incoming Energy [0, 200000000)
       Total Material
         Delayed-Nu-Fission Rate              0.000128959 +/- 4.52263e-08
 =================>     TALLY 5: BREEDING_RATIO_TALLY     <=================

 Universe 13
   U235
     (n,gamma)                            4.58077e-05 +/- 1.60616e-08
     Absorption Rate                      0.000252906 +/- 1.00038e-07
   U234
     (n,gamma)                            0.00313066 +/- 2.93267e-06
     Absorption Rate                      0.00314989 +/- 2.93395e-06
   U238
     (n,gamma)                            1.36734e-11 +/- 1.60837e-14
     Absorption Rate                      1.37154e-11 +/- 1.6083e-14
   Th232
     (n,gamma)                            0.449456 +/- 0.000137954
     Absorption Rate                      0.450958 +/- 0.000137956
   Pu238
     (n,gamma)                            5.92333e-11 +/- 2.66418e-14
     Absorption Rate                      6.3289e-11 +/- 2.77164e-14
   Pu240
     (n,gamma)                            2.74772e-13 +/- 2.37932e-16
     Absorption Rate                      2.75022e-13 +/- 2.37983e-16
   Pu241
     (n,gamma)                            5.31835e-15 +/- 2.28747e-18
     Absorption Rate                      1.92384e-14 +/- 8.17352e-18
   U233
     (n,gamma)                            0.0494251 +/- 1.72333e-05
     Absorption Rate                      0.45375 +/- 0.000164489
   Pu239
     (n,gamma)                            3.62096e-12 +/- 1.58161e-15
     Absorption Rate                      9.6328e-12 +/- 4.1671e-15
 ====================>     TALLY 6: FISSION_ENERGY     <====================

 Universe 13
   Total Material
     Kappa-Fission Rate                   7.75706e+07 +/- 28293.5
 =======================>     TALLY 7: HEATING     <========================

 Universe 13
   Total Material
     heating                              7.20355e+07 +/- 26058.8
 ============================>     TALLY 8     <============================

 Internal

