 ============================>     TALLY 1     <============================

 Universe 13
   Delayed Group 1
     Total Material
       Delayed-Nu-Fission Rate              0.000257407 +/- 9.86033e-08
   Delayed Group 2
     Total Material
       Delayed-Nu-Fission Rate              0.000689571 +/- 2.63398e-07
   Delayed Group 3
     Total Material
       Delayed-Nu-Fission Rate              0.000540235 +/- 2.0497e-07
   Delayed Group 4
     Total Material
       Delayed-Nu-Fission Rate              0.00107787 +/- 4.05219e-07
   Delayed Group 5
     Total Material
       Delayed-Nu-Fission Rate              0.000352339 +/- 1.31892e-07
   Delayed Group 6
     Total Material
       Delayed-Nu-Fission Rate              0.000127861 +/- 4.73452e-08
 ============================>     TALLY 2     <============================

 Universe 13
   Delayed Group 1
     Total Material
       Decay Rate                           -nan +/- 0
   Delayed Group 2
     Total Material
       Decay Rate                           2.39383e-05 +/- 9.14823e-09
   Delayed Group 3
     Total Material
       Decay Rate                           -nan +/- 0
   Delayed Group 4
     Total Material
       Decay Rate                           -nan +/- 0
   Delayed Group 5
     Total Material
       Decay Rate                           -nan +/- 0
   Delayed Group 6
     Total Material
       Decay Rate                           -nan +/- 0
 ============================>     TALLY 3     <============================

 Universe 13
   Incoming Energy [0, 200000000)
     Total Material
       Nu-Fission Rate                      1.0034 +/- 0.000386973
 ============================>     TALLY 4     <============================

 Universe 13
   Delayed Group 1
     Incoming Energy [0, 200000000)
       Total Material
         Delayed-Nu-Fission Rate              0.000257407 +/- 9.86033e-08
   Delayed Group 2
     Incoming Energy [0, 200000000)
       Total Material
         Delayed-Nu-Fission Rate              0.000689571 +/- 2.63398e-07
   Delayed Group 3
     Incoming Energy [0, 200000000)
       Total Material
         Delayed-Nu-Fission Rate              0.000540235 +/- 2.0497e-07
   Delayed Group 4
     Incoming Energy [0, 200000000)
       Total Material
         Delayed-Nu-Fission Rate              0.00107787 +/- 4.05219e-07
   Delayed Group 5
     Incoming Energy [0, 200000000)
       Total Material
         Delayed-Nu-Fission Rate              0.000352339 +/- 1.31892e-07
   Delayed Group 6
     Incoming Energy [0, 200000000)
       Total Material
         Delayed-Nu-Fission Rate              0.000127861 +/- 4.73452e-08
 =================>     TALLY 5: BREEDING_RATIO_TALLY     <=================

 Universe 13
   U235
     (n,gamma)                            0.000100907 +/- 3.88931e-08
     Absorption Rate                      0.000556851 +/- 2.40228e-07
   U234
     (n,gamma)                            0.00465408 +/- 4.40462e-06
     Absorption Rate                      0.004683 +/- 4.40953e-06
   U238
     (n,gamma)                            7.82897e-11 +/- 8.40315e-14
     Absorption Rate                      7.85303e-11 +/- 8.40438e-14
   Th232
     (n,gamma)                            0.447952 +/- 0.000147548
     Absorption Rate                      0.449452 +/- 0.000147566
   Pu238
     (n,gamma)                            5.39012e-10 +/- 2.5293e-13
     Absorption Rate                      5.75979e-10 +/- 2.63313e-13
   Pu240
     (n,gamma)                            4.86381e-12 +/- 4.46523e-15
     Absorption Rate                      4.86824e-12 +/- 4.46634e-15
   Pu241
     (n,gamma)                            1.40381e-13 +/- 6.34016e-17
     Absorption Rate                      5.07818e-13 +/- 2.28353e-16
   U233
     (n,gamma)                            0.0488957 +/- 1.76635e-05
     Absorption Rate                      0.448731 +/- 0.000171761
   Pu239
     (n,gamma)                            4.34317e-11 +/- 2.03944e-14
     Absorption Rate                      1.1554e-10 +/- 5.38477e-14
 ====================>     TALLY 6: FISSION_ENERGY     <====================

 Universe 13
   Total Material
     Kappa-Fission Rate                   7.67627e+07 +/- 29608.9
 =======================>     TALLY 7: HEATING     <========================

 Universe 13
   Total Material
     heating                              7.04864e+07 +/- 27577.4
 ============================>     TALLY 8     <============================

 Internal

