 ============================>     TALLY 1     <============================

 Universe 13
   Delayed Group 1
     Total Material
       Delayed-Nu-Fission Rate              0.000264985 +/- 9.1099e-08
   Delayed Group 2
     Total Material
       Delayed-Nu-Fission Rate              0.000709496 +/- 2.43093e-07
   Delayed Group 3
     Total Material
       Delayed-Nu-Fission Rate              0.00055571 +/- 1.88915e-07
   Delayed Group 4
     Total Material
       Delayed-Nu-Fission Rate              0.00110854 +/- 3.72869e-07
   Delayed Group 5
     Total Material
       Delayed-Nu-Fission Rate              0.000362232 +/- 1.21227e-07
   Delayed Group 6
     Total Material
       Delayed-Nu-Fission Rate              0.000131412 +/- 4.34289e-08
 ============================>     TALLY 2     <============================

 Universe 13
   Delayed Group 1
     Total Material
       Decay Rate                           -nan +/- 0
   Delayed Group 2
     Total Material
       Decay Rate                           2.46316e-05 +/- 8.44428e-09
   Delayed Group 3
     Total Material
       Decay Rate                           -nan +/- 0
   Delayed Group 4
     Total Material
       Decay Rate                           -nan +/- 0
   Delayed Group 5
     Total Material
       Decay Rate                           -nan +/- 0
   Delayed Group 6
     Total Material
       Decay Rate                           -nan +/- 0
 ============================>     TALLY 3     <============================

 Universe 13
   Incoming Energy [0, 200000000)
     Total Material
       Nu-Fission Rate                      1.03299 +/- 0.000357883
 ============================>     TALLY 4     <============================

 Universe 13
   Delayed Group 1
     Incoming Energy [0, 200000000)
       Total Material
         Delayed-Nu-Fission Rate              0.000264985 +/- 9.1099e-08
   Delayed Group 2
     Incoming Energy [0, 200000000)
       Total Material
         Delayed-Nu-Fission Rate              0.000709496 +/- 2.43093e-07
   Delayed Group 3
     Incoming Energy [0, 200000000)
       Total Material
         Delayed-Nu-Fission Rate              0.00055571 +/- 1.88915e-07
   Delayed Group 4
     Incoming Energy [0, 200000000)
       Total Material
         Delayed-Nu-Fission Rate              0.00110854 +/- 3.72869e-07
   Delayed Group 5
     Incoming Energy [0, 200000000)
       Total Material
         Delayed-Nu-Fission Rate              0.000362232 +/- 1.21227e-07
   Delayed Group 6
     Incoming Energy [0, 200000000)
       Total Material
         Delayed-Nu-Fission Rate              0.000131412 +/- 4.34289e-08
 =================>     TALLY 5: BREEDING_RATIO_TALLY     <=================

 Universe 13
   U235
     (n,gamma)                            4.54246e-05 +/- 1.52636e-08
     Absorption Rate                      0.00024995 +/- 9.48095e-08
   Pu240
     (n,gamma)                            3.32763e-13 +/- 3.05338e-16
     Absorption Rate                      3.33066e-13 +/- 3.05409e-16
   U234
     (n,gamma)                            0.00299307 +/- 2.6053e-06
     Absorption Rate                      0.00301166 +/- 2.6076e-06
   Pu241
     (n,gamma)                            6.46693e-15 +/- 2.6199e-18
     Absorption Rate                      2.3389e-14 +/- 9.37384e-18
   U238
     (n,gamma)                            1.46374e-11 +/- 1.47466e-14
     Absorption Rate                      1.46832e-11 +/- 1.47485e-14
   Pu239
     (n,gamma)                            4.17439e-12 +/- 1.77868e-15
     Absorption Rate                      1.11011e-11 +/- 4.66949e-15
   U233
     (n,gamma)                            0.0505162 +/- 1.70075e-05
     Absorption Rate                      0.462388 +/- 0.000159665
   Th232
     (n,gamma)                            0.448469 +/- 0.000139325
     Absorption Rate                      0.450028 +/- 0.000139246
   Pu238
     (n,gamma)                            6.70921e-11 +/- 2.94371e-14
     Absorption Rate                      7.17317e-11 +/- 3.05968e-14
 ====================>     TALLY 6: FISSION_ENERGY     <====================

 Universe 13
   Total Material
     Kappa-Fission Rate                   7.90213e+07 +/- 27382.3
 =======================>     TALLY 7: HEATING     <========================

 Universe 13
   Total Material
     heating                              7.47098e+07 +/- 26841.4
 ============================>     TALLY 8     <============================

 Internal

 ============================>     TALLY 9     <============================

 Internal

 ===========================>     TALLY 10     <============================

 Internal

