 ============================>     TALLY 1     <============================

 Universe 13
   Delayed Group 1
     Total Material
       Delayed-Nu-Fission Rate              0.000263781 +/- 1.02023e-07
   Delayed Group 2
     Total Material
       Delayed-Nu-Fission Rate              0.000706976 +/- 2.72441e-07
   Delayed Group 3
     Total Material
       Delayed-Nu-Fission Rate              0.000553949 +/- 2.11611e-07
   Delayed Group 4
     Total Material
       Delayed-Nu-Fission Rate              0.00110526 +/- 4.17172e-07
   Delayed Group 5
     Total Material
       Delayed-Nu-Fission Rate              0.000361405 +/- 1.35639e-07
   Delayed Group 6
     Total Material
       Delayed-Nu-Fission Rate              0.000131167 +/- 4.85202e-08
 ============================>     TALLY 2     <============================

 Universe 13
   Delayed Group 1
     Total Material
       Decay Rate                           -nan +/- 0
   Delayed Group 2
     Total Material
       Decay Rate                           2.45413e-05 +/- 9.46312e-09
   Delayed Group 3
     Total Material
       Decay Rate                           -nan +/- 0
   Delayed Group 4
     Total Material
       Decay Rate                           -nan +/- 0
   Delayed Group 5
     Total Material
       Decay Rate                           -nan +/- 0
   Delayed Group 6
     Total Material
       Decay Rate                           -nan +/- 0
 ============================>     TALLY 3     <============================

 Universe 13
   Incoming Energy [0, 200000000)
     Total Material
       Nu-Fission Rate                      1.02844 +/- 0.000401209
 ============================>     TALLY 4     <============================

 Universe 13
   Delayed Group 1
     Incoming Energy [0, 200000000)
       Total Material
         Delayed-Nu-Fission Rate              0.000263781 +/- 1.02023e-07
   Delayed Group 2
     Incoming Energy [0, 200000000)
       Total Material
         Delayed-Nu-Fission Rate              0.000706976 +/- 2.72441e-07
   Delayed Group 3
     Incoming Energy [0, 200000000)
       Total Material
         Delayed-Nu-Fission Rate              0.000553949 +/- 2.11611e-07
   Delayed Group 4
     Incoming Energy [0, 200000000)
       Total Material
         Delayed-Nu-Fission Rate              0.00110526 +/- 4.17172e-07
   Delayed Group 5
     Incoming Energy [0, 200000000)
       Total Material
         Delayed-Nu-Fission Rate              0.000361405 +/- 1.35639e-07
   Delayed Group 6
     Incoming Energy [0, 200000000)
       Total Material
         Delayed-Nu-Fission Rate              0.000131167 +/- 4.85202e-08
 =================>     TALLY 5: BREEDING_RATIO_TALLY     <=================

 Universe 13
   Pu238
     (n,gamma)                            2.22794e-09 +/- 1.06803e-12
     Absorption Rate                      2.37963e-09 +/- 1.11687e-12
   U238
     (n,gamma)                            2.28722e-10 +/- 2.25782e-13
     Absorption Rate                      2.29422e-10 +/- 2.25796e-13
   Th232
     (n,gamma)                            0.457398 +/- 0.000131047
     Absorption Rate                      0.458916 +/- 0.000131193
   U235
     (n,gamma)                            0.000159689 +/- 6.0914e-08
     Absorption Rate                      0.000883645 +/- 3.85061e-07
   Pu241
     (n,gamma)                            1.19991e-12 +/- 5.52766e-16
     Absorption Rate                      4.34054e-12 +/- 1.971e-15
   U234
     (n,gamma)                            0.00559445 +/- 4.74728e-06
     Absorption Rate                      0.00562879 +/- 4.75012e-06
   U233
     (n,gamma)                            0.0499996 +/- 1.78793e-05
     Absorption Rate                      0.459585 +/- 0.000177841
   Pu239
     (n,gamma)                            2.19495e-10 +/- 1.05719e-13
     Absorption Rate                      5.84007e-10 +/- 2.80343e-13
   Pu240
     (n,gamma)                            3.2221e-11 +/- 3.02498e-14
     Absorption Rate                      3.225e-11 +/- 3.02547e-14
 ====================>     TALLY 6: FISSION_ENERGY     <====================

 Universe 13
   Total Material
     Kappa-Fission Rate                   7.86801e+07 +/- 30700.4
 =======================>     TALLY 7: HEATING     <========================

 Universe 13
   Total Material
     heating                              7.39945e+07 +/- 29569.1
 ============================>     TALLY 8     <============================

 Internal

