 ============================>     TALLY 1     <============================

 Universe 13
   Delayed Group 1
     Total Material
       Delayed-Nu-Fission Rate              0.000259397 +/- 9.30327e-08
   Delayed Group 2
     Total Material
       Delayed-Nu-Fission Rate              0.000694573 +/- 2.48072e-07
   Delayed Group 3
     Total Material
       Delayed-Nu-Fission Rate              0.000544023 +/- 1.92422e-07
   Delayed Group 4
     Total Material
       Delayed-Nu-Fission Rate              0.00108523 +/- 3.7877e-07
   Delayed Group 5
     Total Material
       Delayed-Nu-Fission Rate              0.000354621 +/- 1.22987e-07
   Delayed Group 6
     Total Material
       Delayed-Nu-Fission Rate              0.000128651 +/- 4.39071e-08
 ============================>     TALLY 2     <============================

 Universe 13
   Delayed Group 1
     Total Material
       Decay Rate                           -nan +/- 0
   Delayed Group 2
     Total Material
       Decay Rate                           -nan +/- 0
   Delayed Group 3
     Total Material
       Decay Rate                           -nan +/- 0
   Delayed Group 4
     Total Material
       Decay Rate                           -nan +/- 0
   Delayed Group 5
     Total Material
       Decay Rate                           -nan +/- 0
   Delayed Group 6
     Total Material
       Decay Rate                           -nan +/- 0
 ============================>     TALLY 3     <============================

 Universe 13
   Incoming Energy [0, 200000000)
     Total Material
       Nu-Fission Rate                      1.01113 +/- 0.000366095
 ============================>     TALLY 4     <============================

 Universe 13
   Delayed Group 1
     Incoming Energy [0, 200000000)
       Total Material
         Delayed-Nu-Fission Rate              0.000259397 +/- 9.30327e-08
   Delayed Group 2
     Incoming Energy [0, 200000000)
       Total Material
         Delayed-Nu-Fission Rate              0.000694573 +/- 2.48072e-07
   Delayed Group 3
     Incoming Energy [0, 200000000)
       Total Material
         Delayed-Nu-Fission Rate              0.000544023 +/- 1.92422e-07
   Delayed Group 4
     Incoming Energy [0, 200000000)
       Total Material
         Delayed-Nu-Fission Rate              0.00108523 +/- 3.7877e-07
   Delayed Group 5
     Incoming Energy [0, 200000000)
       Total Material
         Delayed-Nu-Fission Rate              0.000354621 +/- 1.22987e-07
   Delayed Group 6
     Incoming Energy [0, 200000000)
       Total Material
         Delayed-Nu-Fission Rate              0.000128651 +/- 4.39071e-08
 =================>     TALLY 5: BREEDING_RATIO_TALLY     <=================

 Universe 13
   U235
     (n,gamma)                            5.12126e-05 +/- 1.78765e-08
     Absorption Rate                      0.000282573 +/- 1.14391e-07
   U234
     (n,gamma)                            0.0033124 +/- 3.15996e-06
     Absorption Rate                      0.00333284 +/- 3.16237e-06
   U238
     (n,gamma)                            1.75931e-11 +/- 1.71187e-14
     Absorption Rate                      1.76471e-11 +/- 1.71214e-14
   Th232
     (n,gamma)                            0.449188 +/- 0.000140273
     Absorption Rate                      0.450695 +/- 0.000140331
   Pu238
     (n,gamma)                            8.11093e-11 +/- 3.96409e-14
     Absorption Rate                      8.66745e-11 +/- 4.11378e-14
   Pu240
     (n,gamma)                            4.13438e-13 +/- 3.52785e-16
     Absorption Rate                      4.13815e-13 +/- 3.52858e-16
   Pu241
     (n,gamma)                            8.46217e-15 +/- 3.69821e-18
     Absorption Rate                      3.06099e-14 +/- 1.32334e-17
   U233
     (n,gamma)                            0.0493077 +/- 1.63235e-05
     Absorption Rate                      0.45246 +/- 0.000162302
   Pu239
     (n,gamma)                            5.15606e-12 +/- 2.26993e-15
     Absorption Rate                      1.37158e-11 +/- 6.00027e-15
 ====================>     TALLY 6: FISSION_ENERGY     <====================

 Universe 13
   Total Material
     Kappa-Fission Rate                   7.73523e+07 +/- 28013
 =======================>     TALLY 7: HEATING     <========================

 Universe 13
   Total Material
     heating                              7.16006e+07 +/- 24975.1
 ============================>     TALLY 8     <============================

 Internal

