 ============================>     TALLY 1     <============================

 Universe 13
   Delayed Group 1
     Total Material
       Delayed-Nu-Fission Rate              0.00026457 +/- 8.05279e-08
   Delayed Group 2
     Total Material
       Delayed-Nu-Fission Rate              0.000708428 +/- 2.14718e-07
   Delayed Group 3
     Total Material
       Delayed-Nu-Fission Rate              0.000554904 +/- 1.6655e-07
   Delayed Group 4
     Total Material
       Delayed-Nu-Fission Rate              0.001107 +/- 3.27878e-07
   Delayed Group 5
     Total Material
       Delayed-Nu-Fission Rate              0.000361749 +/- 1.06471e-07
   Delayed Group 6
     Total Material
       Delayed-Nu-Fission Rate              0.000131248 +/- 3.80254e-08
 ============================>     TALLY 2     <============================

 Universe 13
   Delayed Group 1
     Total Material
       Decay Rate                           -nan +/- 0
   Delayed Group 2
     Total Material
       Decay Rate                           2.45943e-05 +/- 7.4596e-09
   Delayed Group 3
     Total Material
       Decay Rate                           -nan +/- 0
   Delayed Group 4
     Total Material
       Decay Rate                           -nan +/- 0
   Delayed Group 5
     Total Material
       Decay Rate                           -nan +/- 0
   Delayed Group 6
     Total Material
       Decay Rate                           -nan +/- 0
 ============================>     TALLY 3     <============================

 Universe 13
   Incoming Energy [0, 200000000)
     Total Material
       Nu-Fission Rate                      1.03134 +/- 0.000316884
 ============================>     TALLY 4     <============================

 Universe 13
   Delayed Group 1
     Incoming Energy [0, 200000000)
       Total Material
         Delayed-Nu-Fission Rate              0.00026457 +/- 8.05279e-08
   Delayed Group 2
     Incoming Energy [0, 200000000)
       Total Material
         Delayed-Nu-Fission Rate              0.000708428 +/- 2.14718e-07
   Delayed Group 3
     Incoming Energy [0, 200000000)
       Total Material
         Delayed-Nu-Fission Rate              0.000554904 +/- 1.6655e-07
   Delayed Group 4
     Incoming Energy [0, 200000000)
       Total Material
         Delayed-Nu-Fission Rate              0.001107 +/- 3.27878e-07
   Delayed Group 5
     Incoming Energy [0, 200000000)
       Total Material
         Delayed-Nu-Fission Rate              0.000361749 +/- 1.06471e-07
   Delayed Group 6
     Incoming Energy [0, 200000000)
       Total Material
         Delayed-Nu-Fission Rate              0.000131248 +/- 3.80254e-08
 =================>     TALLY 5: BREEDING_RATIO_TALLY     <=================

 Universe 13
   U235
     (n,gamma)                            5.04347e-05 +/- 1.5157e-08
     Absorption Rate                      0.000277429 +/- 9.36727e-08
   Pu240
     (n,gamma)                            4.88738e-13 +/- 3.89606e-16
     Absorption Rate                      4.89185e-13 +/- 3.89674e-16
   U234
     (n,gamma)                            0.00315372 +/- 2.95833e-06
     Absorption Rate                      0.00317336 +/- 2.96047e-06
   Pu241
     (n,gamma)                            1.00209e-14 +/- 3.72074e-18
     Absorption Rate                      3.62467e-14 +/- 1.31953e-17
   U238
     (n,gamma)                            1.85193e-11 +/- 1.96235e-14
     Absorption Rate                      1.85772e-11 +/- 1.96258e-14
   Pu239
     (n,gamma)                            5.81581e-12 +/- 2.31748e-15
     Absorption Rate                      1.54667e-11 +/- 6.07804e-15
   U233
     (n,gamma)                            0.0504439 +/- 1.52815e-05
     Absorption Rate                      0.461629 +/- 0.000141635
   Th232
     (n,gamma)                            0.448702 +/- 0.000133891
     Absorption Rate                      0.450265 +/- 0.000133863
   Pu238
     (n,gamma)                            9.01352e-11 +/- 3.44047e-14
     Absorption Rate                      9.63695e-11 +/- 3.58281e-14
 ====================>     TALLY 6: FISSION_ENERGY     <====================

 Universe 13
   Total Material
     Kappa-Fission Rate                   7.88955e+07 +/- 24247.9
 =======================>     TALLY 7: HEATING     <========================

 Universe 13
   Total Material
     heating                              7.45224e+07 +/- 22093.2
 ============================>     TALLY 8     <============================

 Internal

 ============================>     TALLY 9     <============================

 Internal

 ===========================>     TALLY 10     <============================

 Internal

