 ============================>     TALLY 1     <============================

 Universe 13
   Delayed Group 1
     Total Material
       Delayed-Nu-Fission Rate              0.000253155 +/- 8.35198e-08
   Delayed Group 2
     Total Material
       Delayed-Nu-Fission Rate              0.000679593 +/- 2.23315e-07
   Delayed Group 3
     Total Material
       Delayed-Nu-Fission Rate              0.000532953 +/- 1.73402e-07
   Delayed Group 4
     Total Material
       Delayed-Nu-Fission Rate              0.00106413 +/- 3.41525e-07
   Delayed Group 5
     Total Material
       Delayed-Nu-Fission Rate              0.000348375 +/- 1.11111e-07
   Delayed Group 6
     Total Material
       Delayed-Nu-Fission Rate              0.000126579 +/- 3.97168e-08
 ============================>     TALLY 2     <============================

 Universe 13
   Delayed Group 1
     Total Material
       Decay Rate                           -nan +/- 0
   Delayed Group 2
     Total Material
       Decay Rate                           -nan +/- 0
   Delayed Group 3
     Total Material
       Decay Rate                           -nan +/- 0
   Delayed Group 4
     Total Material
       Decay Rate                           -nan +/- 0
   Delayed Group 5
     Total Material
       Decay Rate                           -nan +/- 0
   Delayed Group 6
     Total Material
       Decay Rate                           -nan +/- 0
 ============================>     TALLY 3     <============================

 Universe 13
   Incoming Energy [0, 200000000)
     Total Material
       Nu-Fission Rate                      0.987027 +/- 0.000328863
 ============================>     TALLY 4     <============================

 Universe 13
   Delayed Group 1
     Incoming Energy [0, 200000000)
       Total Material
         Delayed-Nu-Fission Rate              0.000253155 +/- 8.35198e-08
   Delayed Group 2
     Incoming Energy [0, 200000000)
       Total Material
         Delayed-Nu-Fission Rate              0.000679593 +/- 2.23315e-07
   Delayed Group 3
     Incoming Energy [0, 200000000)
       Total Material
         Delayed-Nu-Fission Rate              0.000532953 +/- 1.73402e-07
   Delayed Group 4
     Incoming Energy [0, 200000000)
       Total Material
         Delayed-Nu-Fission Rate              0.00106413 +/- 3.41525e-07
   Delayed Group 5
     Incoming Energy [0, 200000000)
       Total Material
         Delayed-Nu-Fission Rate              0.000348375 +/- 1.11111e-07
   Delayed Group 6
     Incoming Energy [0, 200000000)
       Total Material
         Delayed-Nu-Fission Rate              0.000126579 +/- 3.97168e-08
 =================>     TALLY 5: BREEDING_RATIO_TALLY     <=================

 Universe 13
   Pu239
     (n,gamma)                            1.68422e-09 +/- 7.31643e-13
     Absorption Rate                      4.48002e-09 +/- 1.92115e-12
   U234
     (n,gamma)                            0.00827495 +/- 7.17455e-06
     Absorption Rate                      0.00832749 +/- 7.18012e-06
   U235
     (n,gamma)                            0.000320415 +/- 1.06655e-07
     Absorption Rate                      0.00176665 +/- 6.67869e-07
   U238
     (n,gamma)                            1.02435e-09 +/- 1.21234e-12
     Absorption Rate                      1.0275e-09 +/- 1.21262e-12
   Th232
     (n,gamma)                            0.442547 +/- 0.000129718
     Absorption Rate                      0.444033 +/- 0.000129688
   U233
     (n,gamma)                            0.0479981 +/- 1.52792e-05
     Absorption Rate                      0.440297 +/- 0.000145853
   Pu238
     (n,gamma)                            1.37043e-08 +/- 5.65149e-12
     Absorption Rate                      1.46474e-08 +/- 5.88347e-12
   Pu240
     (n,gamma)                            3.34676e-10 +/- 3.00812e-13
     Absorption Rate                      3.34982e-10 +/- 3.00879e-13
   Pu241
     (n,gamma)                            1.72976e-11 +/- 7.35052e-15
     Absorption Rate                      6.25727e-11 +/- 2.62548e-14
 ====================>     TALLY 6: FISSION_ENERGY     <====================

 Universe 13
   Total Material
     Kappa-Fission Rate                   7.55166e+07 +/- 25167.6
 =======================>     TALLY 7: HEATING     <========================

 Universe 13
   Total Material
     heating                              6.82654e+07 +/- 22938.3
 ============================>     TALLY 8     <============================

 Internal

