 ============================>     TALLY 1     <============================

 Universe 13
   Delayed Group 1
     Total Material
       Delayed-Nu-Fission Rate              0.000256517 +/- 8.28848e-08
   Delayed Group 2
     Total Material
       Delayed-Nu-Fission Rate              0.000689066 +/- 2.21698e-07
   Delayed Group 3
     Total Material
       Delayed-Nu-Fission Rate              0.000540636 +/- 1.72094e-07
   Delayed Group 4
     Total Material
       Delayed-Nu-Fission Rate              0.00107996 +/- 3.38772e-07
   Delayed Group 5
     Total Material
       Delayed-Nu-Fission Rate              0.000353751 +/- 1.10232e-07
   Delayed Group 6
     Total Material
       Delayed-Nu-Fission Rate              0.000128616 +/- 3.93904e-08
 ============================>     TALLY 2     <============================

 Universe 13
   Delayed Group 1
     Total Material
       Decay Rate                           -nan +/- 0
   Delayed Group 2
     Total Material
       Decay Rate                           -nan +/- 0
   Delayed Group 3
     Total Material
       Decay Rate                           -nan +/- 0
   Delayed Group 4
     Total Material
       Decay Rate                           -nan +/- 0
   Delayed Group 5
     Total Material
       Decay Rate                           -nan +/- 0
   Delayed Group 6
     Total Material
       Decay Rate                           -nan +/- 0
 ============================>     TALLY 3     <============================

 Universe 13
   Incoming Energy [0, 200000000)
     Total Material
       Nu-Fission Rate                      1.0001 +/- 0.000326613
 ============================>     TALLY 4     <============================

 Universe 13
   Delayed Group 1
     Incoming Energy [0, 200000000)
       Total Material
         Delayed-Nu-Fission Rate              0.000256517 +/- 8.28848e-08
   Delayed Group 2
     Incoming Energy [0, 200000000)
       Total Material
         Delayed-Nu-Fission Rate              0.000689066 +/- 2.21698e-07
   Delayed Group 3
     Incoming Energy [0, 200000000)
       Total Material
         Delayed-Nu-Fission Rate              0.000540636 +/- 1.72094e-07
   Delayed Group 4
     Incoming Energy [0, 200000000)
       Total Material
         Delayed-Nu-Fission Rate              0.00107996 +/- 3.38772e-07
   Delayed Group 5
     Incoming Energy [0, 200000000)
       Total Material
         Delayed-Nu-Fission Rate              0.000353751 +/- 1.10232e-07
   Delayed Group 6
     Incoming Energy [0, 200000000)
       Total Material
         Delayed-Nu-Fission Rate              0.000128616 +/- 3.93904e-08
 =================>     TALLY 5: BREEDING_RATIO_TALLY     <=================

 Universe 13
   U238
     (n,gamma)                            1.71612e-09 +/- 1.85108e-12
     Absorption Rate                      1.72147e-09 +/- 1.85099e-12
   Th232
     (n,gamma)                            0.455502 +/- 0.000122274
     Absorption Rate                      0.457063 +/- 0.000122286
   Pu241
     (n,gamma)                            4.98196e-11 +/- 2.06083e-14
     Absorption Rate                      1.80224e-10 +/- 7.3156e-14
   U233
     (n,gamma)                            0.0485473 +/- 1.47751e-05
     Absorption Rate                      0.445712 +/- 0.000144542
   Pu239
     (n,gamma)                            3.7309e-09 +/- 1.62744e-12
     Absorption Rate                      9.92591e-09 +/- 4.24564e-12
   Pu240
     (n,gamma)                            8.56417e-10 +/- 7.3798e-13
     Absorption Rate                      8.57192e-10 +/- 7.38132e-13
   U235
     (n,gamma)                            0.000385599 +/- 1.28498e-07
     Absorption Rate                      0.0021307 +/- 7.84932e-07
   Pu238
     (n,gamma)                            2.72491e-08 +/- 1.14528e-11
     Absorption Rate                      2.91116e-08 +/- 1.18826e-11
   U234
     (n,gamma)                            0.00860722 +/- 6.79178e-06
     Absorption Rate                      0.00866131 +/- 6.79549e-06
 ====================>     TALLY 6: FISSION_ENERGY     <====================

 Universe 13
   Total Material
     Kappa-Fission Rate                   7.65168e+07 +/- 24995.8
 =======================>     TALLY 7: HEATING     <========================

 Universe 13
   Total Material
     heating                              7.01563e+07 +/- 24107
 ============================>     TALLY 8     <============================

 Internal

 ============================>     TALLY 9     <============================

 Internal

 ===========================>     TALLY 10     <============================

 Internal

