 ============================>     TALLY 1     <============================

 Universe 13
   Delayed Group 1
     Total Material
       Delayed-Nu-Fission Rate              0.000269506 +/- 9.61167e-08
   Delayed Group 2
     Total Material
       Delayed-Nu-Fission Rate              0.000721269 +/- 2.5641e-07
   Delayed Group 3
     Total Material
       Delayed-Nu-Fission Rate              0.000564754 +/- 1.99293e-07
   Delayed Group 4
     Total Material
       Delayed-Nu-Fission Rate              0.00112624 +/- 3.93473e-07
   Delayed Group 5
     Total Material
       Delayed-Nu-Fission Rate              0.00036788 +/- 1.2791e-07
   Delayed Group 6
     Total Material
       Delayed-Nu-Fission Rate              0.000133405 +/- 4.58338e-08
 ============================>     TALLY 2     <============================

 Universe 13
   Delayed Group 1
     Total Material
       Decay Rate                           -nan +/- 0
   Delayed Group 2
     Total Material
       Decay Rate                           2.50417e-05 +/- 8.9071e-09
   Delayed Group 3
     Total Material
       Decay Rate                           -nan +/- 0
   Delayed Group 4
     Total Material
       Decay Rate                           -nan +/- 0
   Delayed Group 5
     Total Material
       Decay Rate                           -nan +/- 0
   Delayed Group 6
     Total Material
       Decay Rate                           -nan +/- 0
 ============================>     TALLY 3     <============================

 Universe 13
   Incoming Energy [0, 200000000)
     Total Material
       Nu-Fission Rate                      1.0507 +/- 0.000377364
 ============================>     TALLY 4     <============================

 Universe 13
   Delayed Group 1
     Incoming Energy [0, 200000000)
       Total Material
         Delayed-Nu-Fission Rate              0.000269506 +/- 9.61167e-08
   Delayed Group 2
     Incoming Energy [0, 200000000)
       Total Material
         Delayed-Nu-Fission Rate              0.000721269 +/- 2.5641e-07
   Delayed Group 3
     Incoming Energy [0, 200000000)
       Total Material
         Delayed-Nu-Fission Rate              0.000564754 +/- 1.99293e-07
   Delayed Group 4
     Incoming Energy [0, 200000000)
       Total Material
         Delayed-Nu-Fission Rate              0.00112624 +/- 3.93473e-07
   Delayed Group 5
     Incoming Energy [0, 200000000)
       Total Material
         Delayed-Nu-Fission Rate              0.00036788 +/- 1.2791e-07
   Delayed Group 6
     Incoming Energy [0, 200000000)
       Total Material
         Delayed-Nu-Fission Rate              0.000133405 +/- 4.58338e-08
 =================>     TALLY 5: BREEDING_RATIO_TALLY     <=================

 Universe 13
   U235
     (n,gamma)                            5.85372e-07 +/- 2.13616e-10
     Absorption Rate                      3.21194e-06 +/- 1.31673e-09
   Pu240
     (n,gamma)                            2.69597e-20 +/- 2.75752e-23
     Absorption Rate                      2.69844e-20 +/- 2.75806e-23
   U234
     (n,gamma)                            0.000342975 +/- 3.07102e-07
     Absorption Rate                      0.000345101 +/- 3.07329e-07
   Pu241
     (n,gamma)                            5.68465e-23 +/- 2.49222e-26
     Absorption Rate                      2.05588e-22 +/- 8.91697e-26
   U238
     (n,gamma)                            6.16829e-16 +/- 6.38647e-19
     Absorption Rate                      6.18766e-16 +/- 6.38461e-19
   Pu239
     (n,gamma)                            2.24695e-18 +/- 1.03029e-21
     Absorption Rate                      5.97419e-18 +/- 2.71935e-21
   U233
     (n,gamma)                            0.0515309 +/- 1.63614e-05
     Absorption Rate                      0.470704 +/- 0.000166909
   Th232
     (n,gamma)                            0.444257 +/- 0.000143879
     Absorption Rate                      0.445817 +/- 0.00014394
   Pu238
     (n,gamma)                            1.26458e-16 +/- 5.76364e-20
     Absorption Rate                      1.35264e-16 +/- 6.01695e-20
 ====================>     TALLY 6: FISSION_ENERGY     <====================

 Universe 13
   Total Material
     Kappa-Fission Rate                   8.0374e+07 +/- 28875.1
 =======================>     TALLY 7: HEATING     <========================

 Universe 13
   Total Material
     heating                              7.73194e+07 +/- 26803.6
 ============================>     TALLY 8     <============================

 Internal

 ============================>     TALLY 9     <============================

 Internal

 ===========================>     TALLY 10     <============================

 Internal

