 ============================>     TALLY 1     <============================

 Universe 13
   Delayed Group 1
     Total Material
       Delayed-Nu-Fission Rate              0.000261667 +/- 8.63062e-08
   Delayed Group 2
     Total Material
       Delayed-Nu-Fission Rate              0.000701231 +/- 2.30586e-07
   Delayed Group 3
     Total Material
       Delayed-Nu-Fission Rate              0.000549511 +/- 1.79373e-07
   Delayed Group 4
     Total Material
       Delayed-Nu-Fission Rate              0.00109664 +/- 3.54401e-07
   Delayed Group 5
     Total Material
       Delayed-Nu-Fission Rate              0.000358585 +/- 1.15345e-07
   Delayed Group 6
     Total Material
       Delayed-Nu-Fission Rate              0.000130174 +/- 4.13789e-08
 ============================>     TALLY 2     <============================

 Universe 13
   Delayed Group 1
     Total Material
       Decay Rate                           -nan +/- 0
   Delayed Group 2
     Total Material
       Decay Rate                           -nan +/- 0
   Delayed Group 3
     Total Material
       Decay Rate                           -nan +/- 0
   Delayed Group 4
     Total Material
       Decay Rate                           -nan +/- 0
   Delayed Group 5
     Total Material
       Decay Rate                           -nan +/- 0
   Delayed Group 6
     Total Material
       Decay Rate                           -nan +/- 0
 ============================>     TALLY 3     <============================

 Universe 13
   Incoming Energy [0, 200000000)
     Total Material
       Nu-Fission Rate                      1.02004 +/- 0.000338909
 ============================>     TALLY 4     <============================

 Universe 13
   Delayed Group 1
     Incoming Energy [0, 200000000)
       Total Material
         Delayed-Nu-Fission Rate              0.000261667 +/- 8.63062e-08
   Delayed Group 2
     Incoming Energy [0, 200000000)
       Total Material
         Delayed-Nu-Fission Rate              0.000701231 +/- 2.30586e-07
   Delayed Group 3
     Incoming Energy [0, 200000000)
       Total Material
         Delayed-Nu-Fission Rate              0.000549511 +/- 1.79373e-07
   Delayed Group 4
     Incoming Energy [0, 200000000)
       Total Material
         Delayed-Nu-Fission Rate              0.00109664 +/- 3.54401e-07
   Delayed Group 5
     Incoming Energy [0, 200000000)
       Total Material
         Delayed-Nu-Fission Rate              0.000358585 +/- 1.15345e-07
   Delayed Group 6
     Incoming Energy [0, 200000000)
       Total Material
         Delayed-Nu-Fission Rate              0.000130174 +/- 4.13789e-08
 =================>     TALLY 5: BREEDING_RATIO_TALLY     <=================

 Universe 13
   U238
     (n,gamma)                            1.68744e-10 +/- 1.89795e-13
     Absorption Rate                      1.69271e-10 +/- 1.89771e-13
   Th232
     (n,gamma)                            0.451527 +/- 0.000149055
     Absorption Rate                      0.453089 +/- 0.000149119
   Pu241
     (n,gamma)                            6.518e-13 +/- 2.77493e-16
     Absorption Rate                      2.35749e-12 +/- 9.98266e-16
   U233
     (n,gamma)                            0.0497502 +/- 1.51646e-05
     Absorption Rate                      0.456018 +/- 0.00014981
   Pu239
     (n,gamma)                            1.37861e-10 +/- 6.09069e-14
     Absorption Rate                      3.66683e-10 +/- 1.60173e-13
   Pu240
     (n,gamma)                            1.8972e-11 +/- 1.84184e-14
     Absorption Rate                      1.89892e-11 +/- 1.84225e-14
   U235
     (n,gamma)                            0.000137172 +/- 4.66388e-08
     Absorption Rate                      0.000756127 +/- 2.91444e-07
   Pu238
     (n,gamma)                            1.4832e-09 +/- 6.32992e-13
     Absorption Rate                      1.58525e-09 +/- 6.5935e-13
   U234
     (n,gamma)                            0.00517381 +/- 4.39792e-06
     Absorption Rate                      0.00520609 +/- 4.4013e-06
 ====================>     TALLY 6: FISSION_ENERGY     <====================

 Universe 13
   Total Material
     Kappa-Fission Rate                   7.8034e+07 +/- 25932.5
 =======================>     TALLY 7: HEATING     <========================

 Universe 13
   Total Material
     heating                              7.2925e+07 +/- 24282.6
 ============================>     TALLY 8     <============================

 Internal

 ============================>     TALLY 9     <============================

 Internal

 ===========================>     TALLY 10     <============================

 Internal

