 ============================>     TALLY 1     <============================

 Universe 13
   Delayed Group 1
     Total Material
       Delayed-Nu-Fission Rate              0.000255169 +/- 8.57383e-08
   Delayed Group 2
     Total Material
       Delayed-Nu-Fission Rate              0.000684234 +/- 2.29114e-07
   Delayed Group 3
     Total Material
       Delayed-Nu-Fission Rate              0.000536299 +/- 1.78074e-07
   Delayed Group 4
     Total Material
       Delayed-Nu-Fission Rate              0.00107037 +/- 3.51325e-07
   Delayed Group 5
     Total Material
       Delayed-Nu-Fission Rate              0.000350132 +/- 1.1431e-07
   Delayed Group 6
     Total Material
       Delayed-Nu-Fission Rate              0.000127131 +/- 4.09363e-08
 ============================>     TALLY 2     <============================

 Universe 13
   Delayed Group 1
     Total Material
       Decay Rate                           -nan +/- 0
   Delayed Group 2
     Total Material
       Decay Rate                           -nan +/- 0
   Delayed Group 3
     Total Material
       Decay Rate                           -nan +/- 0
   Delayed Group 4
     Total Material
       Decay Rate                           -nan +/- 0
   Delayed Group 5
     Total Material
       Decay Rate                           -nan +/- 0
   Delayed Group 6
     Total Material
       Decay Rate                           -nan +/- 0
 ============================>     TALLY 3     <============================

 Universe 13
   Incoming Energy [0, 200000000)
     Total Material
       Nu-Fission Rate                      0.994781 +/- 0.000337034
 ============================>     TALLY 4     <============================

 Universe 13
   Delayed Group 1
     Incoming Energy [0, 200000000)
       Total Material
         Delayed-Nu-Fission Rate              0.000255169 +/- 8.57383e-08
   Delayed Group 2
     Incoming Energy [0, 200000000)
       Total Material
         Delayed-Nu-Fission Rate              0.000684234 +/- 2.29114e-07
   Delayed Group 3
     Incoming Energy [0, 200000000)
       Total Material
         Delayed-Nu-Fission Rate              0.000536299 +/- 1.78074e-07
   Delayed Group 4
     Incoming Energy [0, 200000000)
       Total Material
         Delayed-Nu-Fission Rate              0.00107037 +/- 3.51325e-07
   Delayed Group 5
     Incoming Energy [0, 200000000)
       Total Material
         Delayed-Nu-Fission Rate              0.000350132 +/- 1.1431e-07
   Delayed Group 6
     Incoming Energy [0, 200000000)
       Total Material
         Delayed-Nu-Fission Rate              0.000127131 +/- 4.09363e-08
 =================>     TALLY 5: BREEDING_RATIO_TALLY     <=================

 Universe 13
   U238
     (n,gamma)                            3.70161e-10 +/- 4.13728e-13
     Absorption Rate                      3.71299e-10 +/- 4.13818e-13
   Pu239
     (n,gamma)                            3.97714e-10 +/- 1.69824e-13
     Absorption Rate                      1.05795e-09 +/- 4.45247e-13
   Pu241
     (n,gamma)                            2.59317e-12 +/- 1.0748e-15
     Absorption Rate                      9.37982e-12 +/- 3.86264e-15
   U233
     (n,gamma)                            0.0484091 +/- 1.55648e-05
     Absorption Rate                      0.444335 +/- 0.000149668
   Pu238
     (n,gamma)                            3.8229e-09 +/- 1.65915e-12
     Absorption Rate                      4.08518e-09 +/- 1.72667e-12
   Th232
     (n,gamma)                            0.445173 +/- 0.00014414
     Absorption Rate                      0.446663 +/- 0.000144075
   Pu240
     (n,gamma)                            6.30394e-11 +/- 5.15601e-14
     Absorption Rate                      6.30969e-11 +/- 5.15712e-14
   U234
     (n,gamma)                            0.00659722 +/- 5.62851e-06
     Absorption Rate                      0.00663868 +/- 5.63236e-06
   U235
     (n,gamma)                            0.000203657 +/- 7.17286e-08
     Absorption Rate                      0.00112376 +/- 4.33224e-07
 ====================>     TALLY 6: FISSION_ENERGY     <====================

 Universe 13
   Total Material
     Kappa-Fission Rate                   7.61062e+07 +/- 25791.2
 =======================>     TALLY 7: HEATING     <========================

 Universe 13
   Total Material
     heating                              6.93784e+07 +/- 22966.2
 ============================>     TALLY 8     <============================

 Internal

