 ============================>     TALLY 1     <============================

 Universe 13
   Delayed Group 1
     Total Material
       Delayed-Nu-Fission Rate              0.000260134 +/- 8.38497e-08
   Delayed Group 2
     Total Material
       Delayed-Nu-Fission Rate              0.000696487 +/- 2.23845e-07
   Delayed Group 3
     Total Material
       Delayed-Nu-Fission Rate              0.000545491 +/- 1.74132e-07
   Delayed Group 4
     Total Material
       Delayed-Nu-Fission Rate              0.00108809 +/- 3.44174e-07
   Delayed Group 5
     Total Material
       Delayed-Nu-Fission Rate              0.000355533 +/- 1.11974e-07
   Delayed Group 6
     Total Material
       Delayed-Nu-Fission Rate              0.000128971 +/- 4.01843e-08
 ============================>     TALLY 2     <============================

 Universe 13
   Delayed Group 1
     Total Material
       Decay Rate                           -nan +/- 0
   Delayed Group 2
     Total Material
       Decay Rate                           -nan +/- 0
   Delayed Group 3
     Total Material
       Decay Rate                           -nan +/- 0
   Delayed Group 4
     Total Material
       Decay Rate                           -nan +/- 0
   Delayed Group 5
     Total Material
       Decay Rate                           -nan +/- 0
   Delayed Group 6
     Total Material
       Decay Rate                           -nan +/- 0
 ============================>     TALLY 3     <============================

 Universe 13
   Incoming Energy [0, 200000000)
     Total Material
       Nu-Fission Rate                      1.01402 +/- 0.000329005
 ============================>     TALLY 4     <============================

 Universe 13
   Delayed Group 1
     Incoming Energy [0, 200000000)
       Total Material
         Delayed-Nu-Fission Rate              0.000260134 +/- 8.38497e-08
   Delayed Group 2
     Incoming Energy [0, 200000000)
       Total Material
         Delayed-Nu-Fission Rate              0.000696487 +/- 2.23845e-07
   Delayed Group 3
     Incoming Energy [0, 200000000)
       Total Material
         Delayed-Nu-Fission Rate              0.000545491 +/- 1.74132e-07
   Delayed Group 4
     Incoming Energy [0, 200000000)
       Total Material
         Delayed-Nu-Fission Rate              0.00108809 +/- 3.44174e-07
   Delayed Group 5
     Incoming Energy [0, 200000000)
       Total Material
         Delayed-Nu-Fission Rate              0.000355533 +/- 1.11974e-07
   Delayed Group 6
     Incoming Energy [0, 200000000)
       Total Material
         Delayed-Nu-Fission Rate              0.000128971 +/- 4.01843e-08
 =================>     TALLY 5: BREEDING_RATIO_TALLY     <=================

 Universe 13
   U235
     (n,gamma)                            4.31519e-05 +/- 1.38736e-08
     Absorption Rate                      0.000238173 +/- 8.65182e-08
   U234
     (n,gamma)                            0.00303977 +/- 2.77304e-06
     Absorption Rate                      0.00305848 +/- 2.77465e-06
   U238
     (n,gamma)                            1.19837e-11 +/- 1.14779e-14
     Absorption Rate                      1.20206e-11 +/- 1.14812e-14
   Th232
     (n,gamma)                            0.449501 +/- 0.000141505
     Absorption Rate                      0.451008 +/- 0.00014152
   Pu238
     (n,gamma)                            5.0128e-11 +/- 2.03022e-14
     Absorption Rate                      5.35638e-11 +/- 2.12174e-14
   Pu240
     (n,gamma)                            2.21675e-13 +/- 2.12773e-16
     Absorption Rate                      2.21876e-13 +/- 2.12823e-16
   Pu241
     (n,gamma)                            4.16144e-15 +/- 1.66571e-18
     Absorption Rate                      1.50534e-14 +/- 5.96289e-18
   U233
     (n,gamma)                            0.0494467 +/- 1.54405e-05
     Absorption Rate                      0.453792 +/- 0.000146469
   Pu239
     (n,gamma)                            3.00385e-12 +/- 1.25826e-15
     Absorption Rate                      7.99086e-12 +/- 3.30383e-15
 ====================>     TALLY 6: FISSION_ENERGY     <====================

 Universe 13
   Total Material
     Kappa-Fission Rate                   7.75729e+07 +/- 25175.4
 =======================>     TALLY 7: HEATING     <========================

 Universe 13
   Total Material
     heating                              7.19976e+07 +/- 23277.9
 ============================>     TALLY 8     <============================

 Internal

