 ============================>     TALLY 1     <============================

 Universe 13
   Delayed Group 1
     Total Material
       Delayed-Nu-Fission Rate              0.000259474 +/- 8.93661e-08
   Delayed Group 2
     Total Material
       Delayed-Nu-Fission Rate              0.000695962 +/- 2.38838e-07
   Delayed Group 3
     Total Material
       Delayed-Nu-Fission Rate              0.000545635 +/- 1.85638e-07
   Delayed Group 4
     Total Material
       Delayed-Nu-Fission Rate              0.00108931 +/- 3.66251e-07
   Delayed Group 5
     Total Material
       Delayed-Nu-Fission Rate              0.000356422 +/- 1.19176e-07
   Delayed Group 6
     Total Material
       Delayed-Nu-Fission Rate              0.000129465 +/- 4.26806e-08
 ============================>     TALLY 2     <============================

 Universe 13
   Delayed Group 1
     Total Material
       Decay Rate                           -nan +/- 0
   Delayed Group 2
     Total Material
       Decay Rate                           2.41566e-05 +/- 8.29509e-09
   Delayed Group 3
     Total Material
       Decay Rate                           -nan +/- 0
   Delayed Group 4
     Total Material
       Decay Rate                           -nan +/- 0
   Delayed Group 5
     Total Material
       Decay Rate                           -nan +/- 0
   Delayed Group 6
     Total Material
       Decay Rate                           -nan +/- 0
 ============================>     TALLY 3     <============================

 Universe 13
   Incoming Energy [0, 200000000)
     Total Material
       Nu-Fission Rate                      1.01152 +/- 0.000351303
 ============================>     TALLY 4     <============================

 Universe 13
   Delayed Group 1
     Incoming Energy [0, 200000000)
       Total Material
         Delayed-Nu-Fission Rate              0.000259474 +/- 8.93661e-08
   Delayed Group 2
     Incoming Energy [0, 200000000)
       Total Material
         Delayed-Nu-Fission Rate              0.000695962 +/- 2.38838e-07
   Delayed Group 3
     Incoming Energy [0, 200000000)
       Total Material
         Delayed-Nu-Fission Rate              0.000545635 +/- 1.85638e-07
   Delayed Group 4
     Incoming Energy [0, 200000000)
       Total Material
         Delayed-Nu-Fission Rate              0.00108931 +/- 3.66251e-07
   Delayed Group 5
     Incoming Energy [0, 200000000)
       Total Material
         Delayed-Nu-Fission Rate              0.000356422 +/- 1.19176e-07
   Delayed Group 6
     Incoming Energy [0, 200000000)
       Total Material
         Delayed-Nu-Fission Rate              0.000129465 +/- 4.26806e-08
 =================>     TALLY 5: BREEDING_RATIO_TALLY     <=================

 Universe 13
   U238
     (n,gamma)                            5.24341e-10 +/- 5.58326e-13
     Absorption Rate                      5.2598e-10 +/- 5.58242e-13
   Th232
     (n,gamma)                            0.4535 +/- 0.000128654
     Absorption Rate                      0.455064 +/- 0.000128706
   Pu241
     (n,gamma)                            5.47936e-12 +/- 2.21658e-15
     Absorption Rate                      1.9821e-11 +/- 7.88114e-15
   U233
     (n,gamma)                            0.0492462 +/- 1.63994e-05
     Absorption Rate                      0.45169 +/- 0.000156168
   Pu239
     (n,gamma)                            6.94158e-10 +/- 2.86971e-13
     Absorption Rate                      1.84653e-09 +/- 7.55283e-13
   Pu240
     (n,gamma)                            1.23102e-10 +/- 1.17605e-13
     Absorption Rate                      1.23213e-10 +/- 1.17633e-13
   U235
     (n,gamma)                            0.000228231 +/- 7.99895e-08
     Absorption Rate                      0.0012593 +/- 4.80326e-07
   Pu238
     (n,gamma)                            6.1736e-09 +/- 2.70987e-12
     Absorption Rate                      6.59742e-09 +/- 2.82054e-12
   U234
     (n,gamma)                            0.00665317 +/- 4.97749e-06
     Absorption Rate                      0.00669484 +/- 4.98035e-06
 ====================>     TALLY 6: FISSION_ENERGY     <====================

 Universe 13
   Total Material
     Kappa-Fission Rate                   7.73853e+07 +/- 26884.2
 =======================>     TALLY 7: HEATING     <========================

 Universe 13
   Total Material
     heating                              7.17257e+07 +/- 24177.6
 ============================>     TALLY 8     <============================

 Internal

 ============================>     TALLY 9     <============================

 Internal

 ===========================>     TALLY 10     <============================

 Internal

