 ============================>     TALLY 1     <============================

 Universe 13
   Delayed Group 1
     Total Material
       Delayed-Nu-Fission Rate              0.000256002 +/- 8.90623e-08
   Delayed Group 2
     Total Material
       Delayed-Nu-Fission Rate              0.000686186 +/- 2.37969e-07
   Delayed Group 3
     Total Material
       Delayed-Nu-Fission Rate              0.000537727 +/- 1.85067e-07
   Delayed Group 4
     Total Material
       Delayed-Nu-Fission Rate              0.00107308 +/- 3.65501e-07
   Delayed Group 5
     Total Material
       Delayed-Nu-Fission Rate              0.000350914 +/- 1.18953e-07
   Delayed Group 6
     Total Material
       Delayed-Nu-Fission Rate              0.000127386 +/- 4.26561e-08
 ============================>     TALLY 2     <============================

 Universe 13
   Delayed Group 1
     Total Material
       Decay Rate                           -nan +/- 0
   Delayed Group 2
     Total Material
       Decay Rate                           2.38192e-05 +/- 8.26497e-09
   Delayed Group 3
     Total Material
       Decay Rate                           -nan +/- 0
   Delayed Group 4
     Total Material
       Decay Rate                           -nan +/- 0
   Delayed Group 5
     Total Material
       Decay Rate                           -nan +/- 0
   Delayed Group 6
     Total Material
       Decay Rate                           -nan +/- 0
 ============================>     TALLY 3     <============================

 Universe 13
   Incoming Energy [0, 200000000)
     Total Material
       Nu-Fission Rate                      0.997978 +/- 0.000349853
 ============================>     TALLY 4     <============================

 Universe 13
   Delayed Group 1
     Incoming Energy [0, 200000000)
       Total Material
         Delayed-Nu-Fission Rate              0.000256002 +/- 8.90623e-08
   Delayed Group 2
     Incoming Energy [0, 200000000)
       Total Material
         Delayed-Nu-Fission Rate              0.000686186 +/- 2.37969e-07
   Delayed Group 3
     Incoming Energy [0, 200000000)
       Total Material
         Delayed-Nu-Fission Rate              0.000537727 +/- 1.85067e-07
   Delayed Group 4
     Incoming Energy [0, 200000000)
       Total Material
         Delayed-Nu-Fission Rate              0.00107308 +/- 3.65501e-07
   Delayed Group 5
     Incoming Energy [0, 200000000)
       Total Material
         Delayed-Nu-Fission Rate              0.000350914 +/- 1.18953e-07
   Delayed Group 6
     Incoming Energy [0, 200000000)
       Total Material
         Delayed-Nu-Fission Rate              0.000127386 +/- 4.26561e-08
 =================>     TALLY 5: BREEDING_RATIO_TALLY     <=================

 Universe 13
   U238
     (n,gamma)                            2.16737e-10 +/- 2.32005e-13
     Absorption Rate                      2.17402e-10 +/- 2.32046e-13
   Pu239
     (n,gamma)                            1.85292e-10 +/- 8.7999e-14
     Absorption Rate                      4.92904e-10 +/- 2.31028e-13
   Pu241
     (n,gamma)                            9.49202e-13 +/- 4.23711e-16
     Absorption Rate                      3.43353e-12 +/- 1.49956e-15
   U233
     (n,gamma)                            0.0485975 +/- 1.52168e-05
     Absorption Rate                      0.445998 +/- 0.000154455
   Pu238
     (n,gamma)                            1.94501e-09 +/- 8.68902e-13
     Absorption Rate                      2.07851e-09 +/- 9.07053e-13
   Th232
     (n,gamma)                            0.446332 +/- 0.000137009
     Absorption Rate                      0.447827 +/- 0.000137022
   Pu240
     (n,gamma)                            2.60828e-11 +/- 2.20839e-14
     Absorption Rate                      2.61066e-11 +/- 2.2088e-14
   U234
     (n,gamma)                            0.00585486 +/- 5.1766e-06
     Absorption Rate                      0.00589149 +/- 5.17723e-06
   U235
     (n,gamma)                            0.000159948 +/- 5.6734e-08
     Absorption Rate                      0.000882512 +/- 3.5079e-07
 ====================>     TALLY 6: FISSION_ENERGY     <====================

 Universe 13
   Total Material
     Kappa-Fission Rate                   7.63495e+07 +/- 26770.9
 =======================>     TALLY 7: HEATING     <========================

 Universe 13
   Total Material
     heating                              6.98005e+07 +/- 23893.3
 ============================>     TALLY 8     <============================

 Internal

