 ============================>     TALLY 1     <============================

 Universe 13
   Delayed Group 1
     Total Material
       Delayed-Nu-Fission Rate              0.000270106 +/- 9.70642e-08
   Delayed Group 2
     Total Material
       Delayed-Nu-Fission Rate              0.000722941 +/- 2.58933e-07
   Delayed Group 3
     Total Material
       Delayed-Nu-Fission Rate              0.000566025 +/- 2.01184e-07
   Delayed Group 4
     Total Material
       Delayed-Nu-Fission Rate              0.00112862 +/- 3.96997e-07
   Delayed Group 5
     Total Material
       Delayed-Nu-Fission Rate              0.00036866 +/- 1.29035e-07
   Delayed Group 6
     Total Material
       Delayed-Nu-Fission Rate              0.000133667 +/- 4.62084e-08
 ============================>     TALLY 2     <============================

 Universe 13
   Delayed Group 1
     Total Material
       Decay Rate                           -nan +/- 0
   Delayed Group 2
     Total Material
       Decay Rate                           2.50996e-05 +/- 8.99485e-09
   Delayed Group 3
     Total Material
       Decay Rate                           -nan +/- 0
   Delayed Group 4
     Total Material
       Decay Rate                           -nan +/- 0
   Delayed Group 5
     Total Material
       Decay Rate                           -nan +/- 0
   Delayed Group 6
     Total Material
       Decay Rate                           -nan +/- 0
 ============================>     TALLY 3     <============================

 Universe 13
   Incoming Energy [0, 200000000)
     Total Material
       Nu-Fission Rate                      1.05312 +/- 0.000381279
 ============================>     TALLY 4     <============================

 Universe 13
   Delayed Group 1
     Incoming Energy [0, 200000000)
       Total Material
         Delayed-Nu-Fission Rate              0.000270106 +/- 9.70642e-08
   Delayed Group 2
     Incoming Energy [0, 200000000)
       Total Material
         Delayed-Nu-Fission Rate              0.000722941 +/- 2.58933e-07
   Delayed Group 3
     Incoming Energy [0, 200000000)
       Total Material
         Delayed-Nu-Fission Rate              0.000566025 +/- 2.01184e-07
   Delayed Group 4
     Incoming Energy [0, 200000000)
       Total Material
         Delayed-Nu-Fission Rate              0.00112862 +/- 3.96997e-07
   Delayed Group 5
     Incoming Energy [0, 200000000)
       Total Material
         Delayed-Nu-Fission Rate              0.00036866 +/- 1.29035e-07
   Delayed Group 6
     Incoming Energy [0, 200000000)
       Total Material
         Delayed-Nu-Fission Rate              0.000133667 +/- 4.62084e-08
 =================>     TALLY 5: BREEDING_RATIO_TALLY     <=================

 Universe 13
   Pu240
     (n,gamma)                            9.44071e-15 +/- 9.47465e-18
     Absorption Rate                      9.44927e-15 +/- 9.47618e-18
   U235
     (n,gamma)                            1.73838e-05 +/- 6.15627e-09
     Absorption Rate                      9.58167e-05 +/- 3.89462e-08
   Th232
     (n,gamma)                            0.451041 +/- 0.000138568
     Absorption Rate                      0.452561 +/- 0.000138552
   Pu238
     (n,gamma)                            4.24826e-12 +/- 1.90967e-15
     Absorption Rate                      4.54046e-12 +/- 1.98791e-15
   U238
     (n,gamma)                            1.67114e-12 +/- 2.00055e-15
     Absorption Rate                      1.67627e-12 +/- 2.00106e-15
   Pu241
     (n,gamma)                            1.23132e-16 +/- 5.30753e-20
     Absorption Rate                      4.45365e-16 +/- 1.9019e-19
   U234
     (n,gamma)                            0.00186601 +/- 1.71686e-06
     Absorption Rate                      0.00187743 +/- 1.71863e-06
   U233
     (n,gamma)                            0.0514475 +/- 1.74138e-05
     Absorption Rate                      0.471562 +/- 0.000169326
   Pu239
     (n,gamma)                            1.91034e-13 +/- 8.47285e-17
     Absorption Rate                      5.08111e-13 +/- 2.24179e-16
 ====================>     TALLY 6: FISSION_ENERGY     <====================

 Universe 13
   Total Material
     Kappa-Fission Rate                   8.05628e+07 +/- 29173.9
 =======================>     TALLY 7: HEATING     <========================

 Universe 13
   Total Material
     heating                              7.76412e+07 +/- 27873.1
 ============================>     TALLY 8     <============================

 Internal

