 ============================>     TALLY 1     <============================

 Universe 13
   Delayed Group 1
     Total Material
       Delayed-Nu-Fission Rate              0.000270971 +/- 1.03455e-07
   Delayed Group 2
     Total Material
       Delayed-Nu-Fission Rate              0.00072521 +/- 2.75867e-07
   Delayed Group 3
     Total Material
       Delayed-Nu-Fission Rate              0.00056777 +/- 2.14145e-07
   Delayed Group 4
     Total Material
       Delayed-Nu-Fission Rate              0.00113203 +/- 4.22009e-07
   Delayed Group 5
     Total Material
       Delayed-Nu-Fission Rate              0.000369754 +/- 1.37065e-07
   Delayed Group 6
     Total Material
       Delayed-Nu-Fission Rate              0.000134053 +/- 4.89912e-08
 ============================>     TALLY 2     <============================

 Universe 13
   Delayed Group 1
     Total Material
       Decay Rate                           -nan +/- 0
   Delayed Group 2
     Total Material
       Decay Rate                           -nan +/- 0
   Delayed Group 3
     Total Material
       Decay Rate                           -nan +/- 0
   Delayed Group 4
     Total Material
       Decay Rate                           -nan +/- 0
   Delayed Group 5
     Total Material
       Decay Rate                           -nan +/- 0
   Delayed Group 6
     Total Material
       Decay Rate                           -nan +/- 0
 ============================>     TALLY 3     <============================

 Universe 13
   Incoming Energy [0, 200000000)
     Total Material
       Nu-Fission Rate                      1.05652 +/- 0.000406699
 ============================>     TALLY 4     <============================

 Universe 13
   Delayed Group 1
     Incoming Energy [0, 200000000)
       Total Material
         Delayed-Nu-Fission Rate              0.000270971 +/- 1.03455e-07
   Delayed Group 2
     Incoming Energy [0, 200000000)
       Total Material
         Delayed-Nu-Fission Rate              0.00072521 +/- 2.75867e-07
   Delayed Group 3
     Incoming Energy [0, 200000000)
       Total Material
         Delayed-Nu-Fission Rate              0.00056777 +/- 2.14145e-07
   Delayed Group 4
     Incoming Energy [0, 200000000)
       Total Material
         Delayed-Nu-Fission Rate              0.00113203 +/- 4.22009e-07
   Delayed Group 5
     Incoming Energy [0, 200000000)
       Total Material
         Delayed-Nu-Fission Rate              0.000369754 +/- 1.37065e-07
   Delayed Group 6
     Incoming Energy [0, 200000000)
       Total Material
         Delayed-Nu-Fission Rate              0.000134053 +/- 4.89912e-08
 =================>     TALLY 5: BREEDING_RATIO_TALLY     <=================

 Universe 13
   Pu240
     (n,gamma)                            2.20579e-15 +/- 2.25886e-18
     Absorption Rate                      2.20779e-15 +/- 2.25924e-18
   U235
     (n,gamma)                            1.17064e-05 +/- 4.25055e-09
     Absorption Rate                      6.45087e-05 +/- 2.74511e-08
   Th232
     (n,gamma)                            0.450501 +/- 0.000141406
     Absorption Rate                      0.452019 +/- 0.000141374
   Pu238
     (n,gamma)                            1.34043e-12 +/- 6.5037e-16
     Absorption Rate                      1.43264e-12 +/- 6.75636e-16
   U238
     (n,gamma)                            6.81203e-13 +/- 6.68757e-16
     Absorption Rate                      6.83293e-13 +/- 6.68909e-16
   Pu241
     (n,gamma)                            3.24104e-17 +/- 1.46779e-20
     Absorption Rate                      1.17232e-16 +/- 5.26123e-20
   U234
     (n,gamma)                            0.00152986 +/- 1.39888e-06
     Absorption Rate                      0.00153923 +/- 1.39931e-06
   U233
     (n,gamma)                            0.0516345 +/- 1.87899e-05
     Absorption Rate                      0.473138 +/- 0.000181192
   Pu239
     (n,gamma)                            5.3118e-14 +/- 2.47651e-17
     Absorption Rate                      1.41284e-13 +/- 6.56002e-17
 ====================>     TALLY 6: FISSION_ENERGY     <====================

 Universe 13
   Total Material
     Kappa-Fission Rate                   8.08226e+07 +/- 31119.1
 =======================>     TALLY 7: HEATING     <========================

 Universe 13
   Total Material
     heating                              7.81035e+07 +/- 29554.2
 ============================>     TALLY 8     <============================

 Internal

