 ============================>     TALLY 1     <============================

 Universe 13
   Delayed Group 1
     Total Material
       Delayed-Nu-Fission Rate              0.000262284 +/- 9.04592e-08
   Delayed Group 2
     Total Material
       Delayed-Nu-Fission Rate              0.000703313 +/- 2.41866e-07
   Delayed Group 3
     Total Material
       Delayed-Nu-Fission Rate              0.000551238 +/- 1.88244e-07
   Delayed Group 4
     Total Material
       Delayed-Nu-Fission Rate              0.00110012 +/- 3.72113e-07
   Delayed Group 5
     Total Material
       Delayed-Nu-Fission Rate              0.000359864 +/- 1.21187e-07
   Delayed Group 6
     Total Material
       Delayed-Nu-Fission Rate              0.000130657 +/- 4.3507e-08
 ============================>     TALLY 2     <============================

 Universe 13
   Delayed Group 1
     Total Material
       Decay Rate                           -nan +/- 0
   Delayed Group 2
     Total Material
       Decay Rate                           2.44126e-05 +/- 8.39955e-09
   Delayed Group 3
     Total Material
       Decay Rate                           -nan +/- 0
   Delayed Group 4
     Total Material
       Decay Rate                           -nan +/- 0
   Delayed Group 5
     Total Material
       Decay Rate                           -nan +/- 0
   Delayed Group 6
     Total Material
       Decay Rate                           -nan +/- 0
 ============================>     TALLY 3     <============================

 Universe 13
   Incoming Energy [0, 200000000)
     Total Material
       Nu-Fission Rate                      1.02259 +/- 0.000355135
 ============================>     TALLY 4     <============================

 Universe 13
   Delayed Group 1
     Incoming Energy [0, 200000000)
       Total Material
         Delayed-Nu-Fission Rate              0.000262284 +/- 9.04592e-08
   Delayed Group 2
     Incoming Energy [0, 200000000)
       Total Material
         Delayed-Nu-Fission Rate              0.000703313 +/- 2.41866e-07
   Delayed Group 3
     Incoming Energy [0, 200000000)
       Total Material
         Delayed-Nu-Fission Rate              0.000551238 +/- 1.88244e-07
   Delayed Group 4
     Incoming Energy [0, 200000000)
       Total Material
         Delayed-Nu-Fission Rate              0.00110012 +/- 3.72113e-07
   Delayed Group 5
     Incoming Energy [0, 200000000)
       Total Material
         Delayed-Nu-Fission Rate              0.000359864 +/- 1.21187e-07
   Delayed Group 6
     Incoming Energy [0, 200000000)
       Total Material
         Delayed-Nu-Fission Rate              0.000130657 +/- 4.3507e-08
 =================>     TALLY 5: BREEDING_RATIO_TALLY     <=================

 Universe 13
   U234
     (n,gamma)                            0.00642694 +/- 5.88398e-06
     Absorption Rate                      0.00646648 +/- 5.88846e-06
   U233
     (n,gamma)                            0.049662 +/- 1.64227e-05
     Absorption Rate                      0.456667 +/- 0.000157654
   Pu239
     (n,gamma)                            5.30308e-10 +/- 2.31614e-13
     Absorption Rate                      1.41112e-09 +/- 6.09756e-13
   Th232
     (n,gamma)                            0.458817 +/- 0.000139135
     Absorption Rate                      0.46034 +/- 0.000139284
   Pu240
     (n,gamma)                            8.939e-11 +/- 8.18499e-14
     Absorption Rate                      8.94704e-11 +/- 8.18635e-14
   Pu238
     (n,gamma)                            4.85356e-09 +/- 2.11799e-12
     Absorption Rate                      5.18368e-09 +/- 2.21054e-12
   U238
     (n,gamma)                            4.27407e-10 +/- 4.58467e-13
     Absorption Rate                      4.28713e-10 +/- 4.58439e-13
   Pu241
     (n,gamma)                            3.83456e-12 +/- 1.62193e-15
     Absorption Rate                      1.38722e-11 +/- 5.78523e-15
   U235
     (n,gamma)                            0.000210833 +/- 7.24652e-08
     Absorption Rate                      0.00116707 +/- 4.49754e-07
 ====================>     TALLY 6: FISSION_ENERGY     <====================

 Universe 13
   Total Material
     Kappa-Fission Rate                   7.82342e+07 +/- 27175.8
 =======================>     TALLY 7: HEATING     <========================

 Universe 13
   Total Material
     heating                              7.32568e+07 +/- 25869.2
 ============================>     TALLY 8     <============================

 Internal

