 ============================>     TALLY 1     <============================

 Universe 13
   Delayed Group 1
     Total Material
       Delayed-Nu-Fission Rate              0.000259791 +/- 9.23269e-08
   Delayed Group 2
     Total Material
       Delayed-Nu-Fission Rate              0.000696677 +/- 2.46812e-07
   Delayed Group 3
     Total Material
       Delayed-Nu-Fission Rate              0.000546133 +/- 1.92012e-07
   Delayed Group 4
     Total Material
       Delayed-Nu-Fission Rate              0.0010902 +/- 3.79363e-07
   Delayed Group 5
     Total Material
       Delayed-Nu-Fission Rate              0.000356658 +/- 1.23521e-07
   Delayed Group 6
     Total Material
       Delayed-Nu-Fission Rate              0.000129532 +/- 4.43232e-08
 ============================>     TALLY 2     <============================

 Universe 13
   Delayed Group 1
     Total Material
       Decay Rate                           -nan +/- 0
   Delayed Group 2
     Total Material
       Decay Rate                           2.4182e-05 +/- 8.57159e-09
   Delayed Group 3
     Total Material
       Decay Rate                           -nan +/- 0
   Delayed Group 4
     Total Material
       Decay Rate                           -nan +/- 0
   Delayed Group 5
     Total Material
       Decay Rate                           -nan +/- 0
   Delayed Group 6
     Total Material
       Decay Rate                           -nan +/- 0
 ============================>     TALLY 3     <============================

 Universe 13
   Incoming Energy [0, 200000000)
     Total Material
       Nu-Fission Rate                      1.01277 +/- 0.000362751
 ============================>     TALLY 4     <============================

 Universe 13
   Delayed Group 1
     Incoming Energy [0, 200000000)
       Total Material
         Delayed-Nu-Fission Rate              0.000259791 +/- 9.23269e-08
   Delayed Group 2
     Incoming Energy [0, 200000000)
       Total Material
         Delayed-Nu-Fission Rate              0.000696677 +/- 2.46812e-07
   Delayed Group 3
     Incoming Energy [0, 200000000)
       Total Material
         Delayed-Nu-Fission Rate              0.000546133 +/- 1.92012e-07
   Delayed Group 4
     Incoming Energy [0, 200000000)
       Total Material
         Delayed-Nu-Fission Rate              0.0010902 +/- 3.79363e-07
   Delayed Group 5
     Incoming Energy [0, 200000000)
       Total Material
         Delayed-Nu-Fission Rate              0.000356658 +/- 1.23521e-07
   Delayed Group 6
     Incoming Energy [0, 200000000)
       Total Material
         Delayed-Nu-Fission Rate              0.000129532 +/- 4.43232e-08
 =================>     TALLY 5: BREEDING_RATIO_TALLY     <=================

 Universe 13
   U238
     (n,gamma)                            4.27418e-10 +/- 4.55722e-13
     Absorption Rate                      4.28753e-10 +/- 4.55797e-13
   Th232
     (n,gamma)                            0.452892 +/- 0.000120561
     Absorption Rate                      0.454452 +/- 0.000120639
   Pu241
     (n,gamma)                            3.74893e-12 +/- 1.64696e-15
     Absorption Rate                      1.35606e-11 +/- 5.86661e-15
   U233
     (n,gamma)                            0.0493299 +/- 1.67568e-05
     Absorption Rate                      0.452365 +/- 0.000161079
   Pu239
     (n,gamma)                            5.20187e-10 +/- 2.40449e-13
     Absorption Rate                      1.38371e-09 +/- 6.3088e-13
   Pu240
     (n,gamma)                            8.82016e-11 +/- 8.09414e-14
     Absorption Rate                      8.82816e-11 +/- 8.09604e-14
   U235
     (n,gamma)                            0.000208373 +/- 7.50034e-08
     Absorption Rate                      0.00114966 +/- 4.6079e-07
   Pu238
     (n,gamma)                            4.78554e-09 +/- 2.09861e-12
     Absorption Rate                      5.11399e-09 +/- 2.18333e-12
   U234
     (n,gamma)                            0.00635289 +/- 6.01841e-06
     Absorption Rate                      0.00639262 +/- 6.02216e-06
 ====================>     TALLY 6: FISSION_ENERGY     <====================

 Universe 13
   Total Material
     Kappa-Fission Rate                   7.74799e+07 +/- 27755.6
 =======================>     TALLY 7: HEATING     <========================

 Universe 13
   Total Material
     heating                              7.19015e+07 +/- 25917.9
 ============================>     TALLY 8     <============================

 Internal

 ============================>     TALLY 9     <============================

 Internal

 ===========================>     TALLY 10     <============================

 Internal

