 ============================>     TALLY 1     <============================

 Universe 13
   Delayed Group 1
     Total Material
       Delayed-Nu-Fission Rate              0.000258047 +/- 8.85743e-08
   Delayed Group 2
     Total Material
       Delayed-Nu-Fission Rate              0.000693404 +/- 2.3739e-07
   Delayed Group 3
     Total Material
       Delayed-Nu-Fission Rate              0.00054404 +/- 1.85066e-07
   Delayed Group 4
     Total Material
       Delayed-Nu-Fission Rate              0.00108662 +/- 3.66454e-07
   Delayed Group 5
     Total Material
       Delayed-Nu-Fission Rate              0.000355995 +/- 1.19591e-07
   Delayed Group 6
     Total Material
       Delayed-Nu-Fission Rate              0.000129421 +/- 4.30471e-08
 ============================>     TALLY 2     <============================

 Universe 13
   Delayed Group 1
     Total Material
       Decay Rate                           -nan +/- 0
   Delayed Group 2
     Total Material
       Decay Rate                           -nan +/- 0
   Delayed Group 3
     Total Material
       Decay Rate                           -nan +/- 0
   Delayed Group 4
     Total Material
       Decay Rate                           -nan +/- 0
   Delayed Group 5
     Total Material
       Decay Rate                           -nan +/- 0
   Delayed Group 6
     Total Material
       Decay Rate                           -nan +/- 0
 ============================>     TALLY 3     <============================

 Universe 13
   Incoming Energy [0, 200000000)
     Total Material
       Nu-Fission Rate                      1.00622 +/- 0.000347696
 ============================>     TALLY 4     <============================

 Universe 13
   Delayed Group 1
     Incoming Energy [0, 200000000)
       Total Material
         Delayed-Nu-Fission Rate              0.000258047 +/- 8.85743e-08
   Delayed Group 2
     Incoming Energy [0, 200000000)
       Total Material
         Delayed-Nu-Fission Rate              0.000693404 +/- 2.3739e-07
   Delayed Group 3
     Incoming Energy [0, 200000000)
       Total Material
         Delayed-Nu-Fission Rate              0.00054404 +/- 1.85066e-07
   Delayed Group 4
     Incoming Energy [0, 200000000)
       Total Material
         Delayed-Nu-Fission Rate              0.00108662 +/- 3.66454e-07
   Delayed Group 5
     Incoming Energy [0, 200000000)
       Total Material
         Delayed-Nu-Fission Rate              0.000355995 +/- 1.19591e-07
   Delayed Group 6
     Incoming Energy [0, 200000000)
       Total Material
         Delayed-Nu-Fission Rate              0.000129421 +/- 4.30471e-08
 =================>     TALLY 5: BREEDING_RATIO_TALLY     <=================

 Universe 13
   Pu240
     (n,gamma)                            1.2489e-09 +/- 1.07581e-12
     Absorption Rate                      1.25002e-09 +/- 1.07605e-12
   Th232
     (n,gamma)                            0.463053 +/- 0.000147504
     Absorption Rate                      0.464572 +/- 0.000147677
   U238
     (n,gamma)                            2.13644e-09 +/- 2.51023e-12
     Absorption Rate                      2.14295e-09 +/- 2.51064e-12
   U233
     (n,gamma)                            0.0486399 +/- 1.66334e-05
     Absorption Rate                      0.448104 +/- 0.000154507
   Pu241
     (n,gamma)                            7.71687e-11 +/- 2.94248e-14
     Absorption Rate                      2.79192e-10 +/- 1.05561e-13
   Pu239
     (n,gamma)                            5.22248e-09 +/- 2.07846e-12
     Absorption Rate                      1.38997e-08 +/- 5.4995e-12
   U235
     (n,gamma)                            0.000430326 +/- 1.43468e-07
     Absorption Rate                      0.00238853 +/- 8.81205e-07
   U234
     (n,gamma)                            0.00913457 +/- 7.82581e-06
     Absorption Rate                      0.00919079 +/- 7.83021e-06
   Pu238
     (n,gamma)                            3.65573e-08 +/- 1.50451e-11
     Absorption Rate                      3.90269e-08 +/- 1.57104e-11
 ====================>     TALLY 6: FISSION_ENERGY     <====================

 Universe 13
   Total Material
     Kappa-Fission Rate                   7.69897e+07 +/- 26606.5
 =======================>     TALLY 7: HEATING     <========================

 Universe 13
   Total Material
     heating                              7.09571e+07 +/- 25563.8
 ============================>     TALLY 8     <============================

 Internal

