 ============================>     TALLY 1     <============================

 Universe 13
   Delayed Group 1
     Total Material
       Delayed-Nu-Fission Rate              0.000259535 +/- 9.2729e-08
   Delayed Group 2
     Total Material
       Delayed-Nu-Fission Rate              0.000696889 +/- 2.48067e-07
   Delayed Group 3
     Total Material
       Delayed-Nu-Fission Rate              0.00054657 +/- 1.9277e-07
   Delayed Group 4
     Total Material
       Delayed-Nu-Fission Rate              0.00109136 +/- 3.80044e-07
   Delayed Group 5
     Total Material
       Delayed-Nu-Fission Rate              0.000357354 +/- 1.23714e-07
   Delayed Group 6
     Total Material
       Delayed-Nu-Fission Rate              0.000129854 +/- 4.4273e-08
 ============================>     TALLY 2     <============================

 Universe 13
   Delayed Group 1
     Total Material
       Decay Rate                           -nan +/- 0
   Delayed Group 2
     Total Material
       Decay Rate                           -nan +/- 0
   Delayed Group 3
     Total Material
       Decay Rate                           -nan +/- 0
   Delayed Group 4
     Total Material
       Decay Rate                           -nan +/- 0
   Delayed Group 5
     Total Material
       Decay Rate                           -nan +/- 0
   Delayed Group 6
     Total Material
       Decay Rate                           -nan +/- 0
 ============================>     TALLY 3     <============================

 Universe 13
   Incoming Energy [0, 200000000)
     Total Material
       Nu-Fission Rate                      1.01198 +/- 0.00036496
 ============================>     TALLY 4     <============================

 Universe 13
   Delayed Group 1
     Incoming Energy [0, 200000000)
       Total Material
         Delayed-Nu-Fission Rate              0.000259535 +/- 9.2729e-08
   Delayed Group 2
     Incoming Energy [0, 200000000)
       Total Material
         Delayed-Nu-Fission Rate              0.000696889 +/- 2.48067e-07
   Delayed Group 3
     Incoming Energy [0, 200000000)
       Total Material
         Delayed-Nu-Fission Rate              0.00054657 +/- 1.9277e-07
   Delayed Group 4
     Incoming Energy [0, 200000000)
       Total Material
         Delayed-Nu-Fission Rate              0.00109136 +/- 3.80044e-07
   Delayed Group 5
     Incoming Energy [0, 200000000)
       Total Material
         Delayed-Nu-Fission Rate              0.000357354 +/- 1.23714e-07
   Delayed Group 6
     Incoming Energy [0, 200000000)
       Total Material
         Delayed-Nu-Fission Rate              0.000129854 +/- 4.4273e-08
 =================>     TALLY 5: BREEDING_RATIO_TALLY     <=================

 Universe 13
   Pu240
     (n,gamma)                            6.07728e-10 +/- 5.19783e-13
     Absorption Rate                      6.08272e-10 +/- 5.19879e-13
   Th232
     (n,gamma)                            0.461647 +/- 0.00014618
     Absorption Rate                      0.463165 +/- 0.000146136
   U238
     (n,gamma)                            1.37338e-09 +/- 1.43254e-12
     Absorption Rate                      1.37757e-09 +/- 1.4328e-12
   U233
     (n,gamma)                            0.0489916 +/- 1.62566e-05
     Absorption Rate                      0.451102 +/- 0.000161363
   Pu241
     (n,gamma)                            3.40461e-11 +/- 1.40897e-14
     Absorption Rate                      1.23171e-10 +/- 5.09349e-14
   Pu239
     (n,gamma)                            2.79743e-09 +/- 1.19735e-12
     Absorption Rate                      7.44445e-09 +/- 3.16057e-12
   U235
     (n,gamma)                            0.00035471 +/- 1.22742e-07
     Absorption Rate                      0.00196747 +/- 7.79164e-07
   U234
     (n,gamma)                            0.00828993 +/- 6.70349e-06
     Absorption Rate                      0.00834099 +/- 6.70738e-06
   Pu238
     (n,gamma)                            2.10276e-08 +/- 9.52136e-12
     Absorption Rate                      2.24501e-08 +/- 9.89117e-12
 ====================>     TALLY 6: FISSION_ENERGY     <====================

 Universe 13
   Total Material
     Kappa-Fission Rate                   7.74274e+07 +/- 27928.3
 =======================>     TALLY 7: HEATING     <========================

 Universe 13
   Total Material
     heating                              7.17206e+07 +/- 25109.3
 ============================>     TALLY 8     <============================

 Internal

