 ============================>     TALLY 1     <============================

 Universe 13
   Delayed Group 1
     Total Material
       Delayed-Nu-Fission Rate              0.000268328 +/- 9.77929e-08
   Delayed Group 2
     Total Material
       Delayed-Nu-Fission Rate              0.000718158 +/- 2.60949e-07
   Delayed Group 3
     Total Material
       Delayed-Nu-Fission Rate              0.00056235 +/- 2.02922e-07
   Delayed Group 4
     Total Material
       Delayed-Nu-Fission Rate              0.00112152 +/- 4.00887e-07
   Delayed Group 5
     Total Material
       Delayed-Nu-Fission Rate              0.000366356 +/- 1.3036e-07
   Delayed Group 6
     Total Material
       Delayed-Nu-Fission Rate              0.000132863 +/- 4.67421e-08
 ============================>     TALLY 2     <============================

 Universe 13
   Delayed Group 1
     Total Material
       Decay Rate                           -nan +/- 0
   Delayed Group 2
     Total Material
       Decay Rate                           -nan +/- 0
   Delayed Group 3
     Total Material
       Decay Rate                           -nan +/- 0
   Delayed Group 4
     Total Material
       Decay Rate                           -nan +/- 0
   Delayed Group 5
     Total Material
       Decay Rate                           -nan +/- 0
   Delayed Group 6
     Total Material
       Decay Rate                           -nan +/- 0
 ============================>     TALLY 3     <============================

 Universe 13
   Incoming Energy [0, 200000000)
     Total Material
       Nu-Fission Rate                      1.04608 +/- 0.000383738
 ============================>     TALLY 4     <============================

 Universe 13
   Delayed Group 1
     Incoming Energy [0, 200000000)
       Total Material
         Delayed-Nu-Fission Rate              0.000268328 +/- 9.77929e-08
   Delayed Group 2
     Incoming Energy [0, 200000000)
       Total Material
         Delayed-Nu-Fission Rate              0.000718158 +/- 2.60949e-07
   Delayed Group 3
     Incoming Energy [0, 200000000)
       Total Material
         Delayed-Nu-Fission Rate              0.00056235 +/- 2.02922e-07
   Delayed Group 4
     Incoming Energy [0, 200000000)
       Total Material
         Delayed-Nu-Fission Rate              0.00112152 +/- 4.00887e-07
   Delayed Group 5
     Incoming Energy [0, 200000000)
       Total Material
         Delayed-Nu-Fission Rate              0.000366356 +/- 1.3036e-07
   Delayed Group 6
     Incoming Energy [0, 200000000)
       Total Material
         Delayed-Nu-Fission Rate              0.000132863 +/- 4.67421e-08
 =================>     TALLY 5: BREEDING_RATIO_TALLY     <=================

 Universe 13
   U235
     (n,gamma)                            5.22603e-06 +/- 1.87275e-09
     Absorption Rate                      2.86984e-05 +/- 1.15293e-08
   Pu240
     (n,gamma)                            1.09065e-16 +/- 9.46326e-20
     Absorption Rate                      1.09165e-16 +/- 9.465e-20
   U234
     (n,gamma)                            0.00102091 +/- 9.09272e-07
     Absorption Rate                      0.00102724 +/- 9.09944e-07
   Pu241
     (n,gamma)                            6.94839e-19 +/- 3.00714e-22
     Absorption Rate                      2.51293e-18 +/- 1.07623e-21
   U238
     (n,gamma)                            1.1037e-13 +/- 1.12658e-16
     Absorption Rate                      1.10717e-13 +/- 1.12675e-16
   Pu239
     (n,gamma)                            3.85987e-15 +/- 1.74538e-18
     Absorption Rate                      1.02629e-14 +/- 4.60944e-18
   U233
     (n,gamma)                            0.0512583 +/- 1.82944e-05
     Absorption Rate                      0.468555 +/- 0.000171406
   Th232
     (n,gamma)                            0.445361 +/- 0.000123856
     Absorption Rate                      0.446922 +/- 0.000123915
   Pu238
     (n,gamma)                            1.23681e-13 +/- 5.58411e-17
     Absorption Rate                      1.32276e-13 +/- 5.82813e-17
 ====================>     TALLY 6: FISSION_ENERGY     <====================

 Universe 13
   Total Material
     Kappa-Fission Rate                   8.00205e+07 +/- 29363
 =======================>     TALLY 7: HEATING     <========================

 Universe 13
   Total Material
     heating                              7.66449e+07 +/- 27194.1
 ============================>     TALLY 8     <============================

 Internal

 ============================>     TALLY 9     <============================

 Internal

 ===========================>     TALLY 10     <============================

 Internal

