 ============================>     TALLY 1     <============================

 Universe 13
   Delayed Group 1
     Total Material
       Delayed-Nu-Fission Rate              0.000266922 +/- 8.95815e-08
   Delayed Group 2
     Total Material
       Delayed-Nu-Fission Rate              0.000714786 +/- 2.39055e-07
   Delayed Group 3
     Total Material
       Delayed-Nu-Fission Rate              0.00055981 +/- 1.85709e-07
   Delayed Group 4
     Total Material
       Delayed-Nu-Fission Rate              0.00111652 +/- 3.66309e-07
   Delayed Group 5
     Total Material
       Delayed-Nu-Fission Rate              0.000364854 +/- 1.1907e-07
   Delayed Group 6
     Total Material
       Delayed-Nu-Fission Rate              0.000132339 +/- 4.26185e-08
 ============================>     TALLY 2     <============================

 Universe 13
   Delayed Group 1
     Total Material
       Decay Rate                           -nan +/- 0
   Delayed Group 2
     Total Material
       Decay Rate                           2.48149e-05 +/- 8.30404e-09
   Delayed Group 3
     Total Material
       Decay Rate                           -nan +/- 0
   Delayed Group 4
     Total Material
       Decay Rate                           -nan +/- 0
   Delayed Group 5
     Total Material
       Decay Rate                           -nan +/- 0
   Delayed Group 6
     Total Material
       Decay Rate                           -nan +/- 0
 ============================>     TALLY 3     <============================

 Universe 13
   Incoming Energy [0, 200000000)
     Total Material
       Nu-Fission Rate                      1.04068 +/- 0.00035206
 ============================>     TALLY 4     <============================

 Universe 13
   Delayed Group 1
     Incoming Energy [0, 200000000)
       Total Material
         Delayed-Nu-Fission Rate              0.000266922 +/- 8.95815e-08
   Delayed Group 2
     Incoming Energy [0, 200000000)
       Total Material
         Delayed-Nu-Fission Rate              0.000714786 +/- 2.39055e-07
   Delayed Group 3
     Incoming Energy [0, 200000000)
       Total Material
         Delayed-Nu-Fission Rate              0.00055981 +/- 1.85709e-07
   Delayed Group 4
     Incoming Energy [0, 200000000)
       Total Material
         Delayed-Nu-Fission Rate              0.00111652 +/- 3.66309e-07
   Delayed Group 5
     Incoming Energy [0, 200000000)
       Total Material
         Delayed-Nu-Fission Rate              0.000364854 +/- 1.1907e-07
   Delayed Group 6
     Incoming Energy [0, 200000000)
       Total Material
         Delayed-Nu-Fission Rate              0.000132339 +/- 4.26185e-08
 =================>     TALLY 5: BREEDING_RATIO_TALLY     <=================

 Universe 13
   Pu241
     (n,gamma)                            3.95051e-14 +/- 1.52593e-17
     Absorption Rate                      1.42903e-13 +/- 5.53667e-17
   U233
     (n,gamma)                            0.0507138 +/- 1.62572e-05
     Absorption Rate                      0.465604 +/- 0.00015661
   Pu238
     (n,gamma)                            2.26546e-10 +/- 9.22841e-14
     Absorption Rate                      2.42032e-10 +/- 9.65591e-14
   U234
     (n,gamma)                            0.00373105 +/- 3.18926e-06
     Absorption Rate                      0.00375391 +/- 3.19043e-06
   Pu240
     (n,gamma)                            1.61414e-12 +/- 1.48082e-15
     Absorption Rate                      1.6156e-12 +/- 1.4811e-15
   U238
     (n,gamma)                            3.74647e-11 +/- 4.70518e-14
     Absorption Rate                      3.75796e-11 +/- 4.70534e-14
   U235
     (n,gamma)                            7.04547e-05 +/- 2.34811e-08
     Absorption Rate                      0.00038923 +/- 1.43681e-07
   Th232
     (n,gamma)                            0.454362 +/- 0.000129323
     Absorption Rate                      0.45588 +/- 0.000129354
   Pu239
     (n,gamma)                            1.64899e-11 +/- 6.61173e-15
     Absorption Rate                      4.38687e-11 +/- 1.7441e-14
 ====================>     TALLY 6: FISSION_ENERGY     <====================

 Universe 13
   Total Material
     Kappa-Fission Rate                   7.96131e+07 +/- 26937.4
 =======================>     TALLY 7: HEATING     <========================

 Universe 13
   Total Material
     heating                              7.58083e+07 +/- 25189.4
 ============================>     TALLY 8     <============================

 Internal

