 ============================>     TALLY 1     <============================

 Universe 13
   Delayed Group 1
     Total Material
       Delayed-Nu-Fission Rate              0.000264353 +/- 8.54416e-08
   Delayed Group 2
     Total Material
       Delayed-Nu-Fission Rate              0.000707899 +/- 2.28051e-07
   Delayed Group 3
     Total Material
       Delayed-Nu-Fission Rate              0.000554507 +/- 1.7728e-07
   Delayed Group 4
     Total Material
       Delayed-Nu-Fission Rate              0.00110623 +/- 3.50024e-07
   Delayed Group 5
     Total Material
       Delayed-Nu-Fission Rate              0.000361516 +/- 1.13824e-07
   Delayed Group 6
     Total Material
       Delayed-Nu-Fission Rate              0.000131168 +/- 4.07906e-08
 ============================>     TALLY 2     <============================

 Universe 13
   Delayed Group 1
     Total Material
       Decay Rate                           -nan +/- 0
   Delayed Group 2
     Total Material
       Decay Rate                           2.45757e-05 +/- 7.9215e-09
   Delayed Group 3
     Total Material
       Decay Rate                           -nan +/- 0
   Delayed Group 4
     Total Material
       Decay Rate                           -nan +/- 0
   Delayed Group 5
     Total Material
       Decay Rate                           -nan +/- 0
   Delayed Group 6
     Total Material
       Decay Rate                           -nan +/- 0
 ============================>     TALLY 3     <============================

 Universe 13
   Incoming Energy [0, 200000000)
     Total Material
       Nu-Fission Rate                      1.03051 +/- 0.00033547
 ============================>     TALLY 4     <============================

 Universe 13
   Delayed Group 1
     Incoming Energy [0, 200000000)
       Total Material
         Delayed-Nu-Fission Rate              0.000264353 +/- 8.54416e-08
   Delayed Group 2
     Incoming Energy [0, 200000000)
       Total Material
         Delayed-Nu-Fission Rate              0.000707899 +/- 2.28051e-07
   Delayed Group 3
     Incoming Energy [0, 200000000)
       Total Material
         Delayed-Nu-Fission Rate              0.000554507 +/- 1.7728e-07
   Delayed Group 4
     Incoming Energy [0, 200000000)
       Total Material
         Delayed-Nu-Fission Rate              0.00110623 +/- 3.50024e-07
   Delayed Group 5
     Incoming Energy [0, 200000000)
       Total Material
         Delayed-Nu-Fission Rate              0.000361516 +/- 1.13824e-07
   Delayed Group 6
     Incoming Energy [0, 200000000)
       Total Material
         Delayed-Nu-Fission Rate              0.000131168 +/- 4.07906e-08
 =================>     TALLY 5: BREEDING_RATIO_TALLY     <=================

 Universe 13
   U235
     (n,gamma)                            5.84584e-05 +/- 1.84263e-08
     Absorption Rate                      0.00032169 +/- 1.14065e-07
   Pu240
     (n,gamma)                            8.37213e-13 +/- 7.14123e-16
     Absorption Rate                      8.37978e-13 +/- 7.14299e-16
   U234
     (n,gamma)                            0.00338887 +/- 2.73306e-06
     Absorption Rate                      0.00340998 +/- 2.73491e-06
   Pu241
     (n,gamma)                            1.85437e-14 +/- 7.16476e-18
     Absorption Rate                      6.70712e-14 +/- 2.55382e-17
   U238
     (n,gamma)                            2.56291e-11 +/- 2.6971e-14
     Absorption Rate                      2.57092e-11 +/- 2.69753e-14
   Pu239
     (n,gamma)                            9.27865e-12 +/- 3.80036e-15
     Absorption Rate                      2.46761e-11 +/- 9.99584e-15
   U233
     (n,gamma)                            0.0503854 +/- 1.55823e-05
     Absorption Rate                      0.461202 +/- 0.00014919
   Th232
     (n,gamma)                            0.449094 +/- 0.000138853
     Absorption Rate                      0.450655 +/- 0.000138843
   Pu238
     (n,gamma)                            1.36455e-10 +/- 5.58259e-14
     Absorption Rate                      1.45884e-10 +/- 5.82031e-14
 ====================>     TALLY 6: FISSION_ENERGY     <====================

 Universe 13
   Total Material
     Kappa-Fission Rate                   7.8832e+07 +/- 25670.7
 =======================>     TALLY 7: HEATING     <========================

 Universe 13
   Total Material
     heating                              7.44083e+07 +/- 23424.2
 ============================>     TALLY 8     <============================

 Internal

 ============================>     TALLY 9     <============================

 Internal

 ===========================>     TALLY 10     <============================

 Internal

