 ============================>     TALLY 1     <============================

 Universe 13
   Delayed Group 1
     Total Material
       Delayed-Nu-Fission Rate              0.000263512 +/- 8.57369e-08
   Delayed Group 2
     Total Material
       Delayed-Nu-Fission Rate              0.000706344 +/- 2.2903e-07
   Delayed Group 3
     Total Material
       Delayed-Nu-Fission Rate              0.000553493 +/- 1.77978e-07
   Delayed Group 4
     Total Material
       Delayed-Nu-Fission Rate              0.00110441 +/- 3.51108e-07
   Delayed Group 5
     Total Material
       Delayed-Nu-Fission Rate              0.000361162 +/- 1.14214e-07
   Delayed Group 6
     Total Material
       Delayed-Nu-Fission Rate              0.000131091 +/- 4.09004e-08
 ============================>     TALLY 2     <============================

 Universe 13
   Delayed Group 1
     Total Material
       Decay Rate                           -nan +/- 0
   Delayed Group 2
     Total Material
       Decay Rate                           2.4519e-05 +/- 7.95487e-09
   Delayed Group 3
     Total Material
       Decay Rate                           -nan +/- 0
   Delayed Group 4
     Total Material
       Decay Rate                           -nan +/- 0
   Delayed Group 5
     Total Material
       Decay Rate                           -nan +/- 0
   Delayed Group 6
     Total Material
       Decay Rate                           -nan +/- 0
 ============================>     TALLY 3     <============================

 Universe 13
   Incoming Energy [0, 200000000)
     Total Material
       Nu-Fission Rate                      1.02739 +/- 0.000337066
 ============================>     TALLY 4     <============================

 Universe 13
   Delayed Group 1
     Incoming Energy [0, 200000000)
       Total Material
         Delayed-Nu-Fission Rate              0.000263512 +/- 8.57369e-08
   Delayed Group 2
     Incoming Energy [0, 200000000)
       Total Material
         Delayed-Nu-Fission Rate              0.000706344 +/- 2.2903e-07
   Delayed Group 3
     Incoming Energy [0, 200000000)
       Total Material
         Delayed-Nu-Fission Rate              0.000553493 +/- 1.77978e-07
   Delayed Group 4
     Incoming Energy [0, 200000000)
       Total Material
         Delayed-Nu-Fission Rate              0.00110441 +/- 3.51108e-07
   Delayed Group 5
     Incoming Energy [0, 200000000)
       Total Material
         Delayed-Nu-Fission Rate              0.000361162 +/- 1.14214e-07
   Delayed Group 6
     Incoming Energy [0, 200000000)
       Total Material
         Delayed-Nu-Fission Rate              0.000131091 +/- 4.09004e-08
 =================>     TALLY 5: BREEDING_RATIO_TALLY     <=================

 Universe 13
   Pu238
     (n,gamma)                            2.78999e-09 +/- 1.19081e-12
     Absorption Rate                      2.97991e-09 +/- 1.24046e-12
   U238
     (n,gamma)                            2.73791e-10 +/- 3.15153e-13
     Absorption Rate                      2.74629e-10 +/- 3.15147e-13
   Th232
     (n,gamma)                            0.457749 +/- 0.000136953
     Absorption Rate                      0.459268 +/- 0.000136975
   U235
     (n,gamma)                            0.000173149 +/- 5.75838e-08
     Absorption Rate                      0.000958119 +/- 3.6072e-07
   Pu241
     (n,gamma)                            1.67901e-12 +/- 6.89567e-16
     Absorption Rate                      6.07386e-12 +/- 2.45769e-15
   U234
     (n,gamma)                            0.00582964 +/- 4.97177e-06
     Absorption Rate                      0.00586541 +/- 4.97595e-06
   U233
     (n,gamma)                            0.049941 +/- 1.46958e-05
     Absorption Rate                      0.459045 +/- 0.000148696
   Pu239
     (n,gamma)                            2.8322e-10 +/- 1.23109e-13
     Absorption Rate                      7.53581e-10 +/- 3.22764e-13
   Pu240
     (n,gamma)                            4.32857e-11 +/- 3.97289e-14
     Absorption Rate                      4.33246e-11 +/- 3.97362e-14
 ====================>     TALLY 6: FISSION_ENERGY     <====================

 Universe 13
   Total Material
     Kappa-Fission Rate                   7.86005e+07 +/- 25792.3
 =======================>     TALLY 7: HEATING     <========================

 Universe 13
   Total Material
     heating                              7.38936e+07 +/- 23643.8
 ============================>     TALLY 8     <============================

 Internal

