 ============================>     TALLY 1     <============================

 Universe 13
   Delayed Group 1
     Total Material
       Delayed-Nu-Fission Rate              0.000252582 +/- 8.77158e-08
   Delayed Group 2
     Total Material
       Delayed-Nu-Fission Rate              0.000678371 +/- 2.34832e-07
   Delayed Group 3
     Total Material
       Delayed-Nu-Fission Rate              0.000532113 +/- 1.82742e-07
   Delayed Group 4
     Total Material
       Delayed-Nu-Fission Rate              0.00106262 +/- 3.60968e-07
   Delayed Group 5
     Total Material
       Delayed-Nu-Fission Rate              0.000348 +/- 1.17629e-07
   Delayed Group 6
     Total Material
       Delayed-Nu-Fission Rate              0.000126477 +/- 4.22011e-08
 ============================>     TALLY 2     <============================

 Universe 13
   Delayed Group 1
     Total Material
       Decay Rate                           -nan +/- 0
   Delayed Group 2
     Total Material
       Decay Rate                           2.35424e-05 +/- 8.1542e-09
   Delayed Group 3
     Total Material
       Decay Rate                           -nan +/- 0
   Delayed Group 4
     Total Material
       Decay Rate                           -nan +/- 0
   Delayed Group 5
     Total Material
       Decay Rate                           -nan +/- 0
   Delayed Group 6
     Total Material
       Decay Rate                           -nan +/- 0
 ============================>     TALLY 3     <============================

 Universe 13
   Incoming Energy [0, 200000000)
     Total Material
       Nu-Fission Rate                      0.98484 +/- 0.000344765
 ============================>     TALLY 4     <============================

 Universe 13
   Delayed Group 1
     Incoming Energy [0, 200000000)
       Total Material
         Delayed-Nu-Fission Rate              0.000252582 +/- 8.77158e-08
   Delayed Group 2
     Incoming Energy [0, 200000000)
       Total Material
         Delayed-Nu-Fission Rate              0.000678371 +/- 2.34832e-07
   Delayed Group 3
     Incoming Energy [0, 200000000)
       Total Material
         Delayed-Nu-Fission Rate              0.000532113 +/- 1.82742e-07
   Delayed Group 4
     Incoming Energy [0, 200000000)
       Total Material
         Delayed-Nu-Fission Rate              0.00106262 +/- 3.60968e-07
   Delayed Group 5
     Incoming Energy [0, 200000000)
       Total Material
         Delayed-Nu-Fission Rate              0.000348 +/- 1.17629e-07
   Delayed Group 6
     Incoming Energy [0, 200000000)
       Total Material
         Delayed-Nu-Fission Rate              0.000126477 +/- 4.22011e-08
 =================>     TALLY 5: BREEDING_RATIO_TALLY     <=================

 Universe 13
   Pu239
     (n,gamma)                            2.66816e-09 +/- 1.19496e-12
     Absorption Rate                      7.09728e-09 +/- 3.14214e-12
   U234
     (n,gamma)                            0.00889434 +/- 7.8878e-06
     Absorption Rate                      0.008951 +/- 7.8941e-06
   U235
     (n,gamma)                            0.00036986 +/- 1.2997e-07
     Absorption Rate                      0.00203894 +/- 7.8427e-07
   U238
     (n,gamma)                            1.41716e-09 +/- 1.45886e-12
     Absorption Rate                      1.42153e-09 +/- 1.45884e-12
   Th232
     (n,gamma)                            0.441984 +/- 0.000133334
     Absorption Rate                      0.443468 +/- 0.00013325
   U233
     (n,gamma)                            0.0478633 +/- 1.57349e-05
     Absorption Rate                      0.439066 +/- 0.000152691
   Pu238
     (n,gamma)                            2.06e-08 +/- 8.59692e-12
     Absorption Rate                      2.20183e-08 +/- 9.00079e-12
   Pu240
     (n,gamma)                            5.69138e-10 +/- 5.13815e-13
     Absorption Rate                      5.6966e-10 +/- 5.1394e-13
   Pu241
     (n,gamma)                            3.16423e-11 +/- 1.36231e-14
     Absorption Rate                      1.14459e-10 +/- 4.84756e-14
 ====================>     TALLY 6: FISSION_ENERGY     <====================

 Universe 13
   Total Material
     Kappa-Fission Rate                   7.53508e+07 +/- 26383.3
 =======================>     TALLY 7: HEATING     <========================

 Universe 13
   Total Material
     heating                              6.80226e+07 +/- 23697.2
 ============================>     TALLY 8     <============================

 Internal

