 ============================>     TALLY 1     <============================

 Universe 13
   Delayed Group 1
     Total Material
       Delayed-Nu-Fission Rate              0.000256177 +/- 8.53122e-08
   Delayed Group 2
     Total Material
       Delayed-Nu-Fission Rate              0.00068663 +/- 2.27668e-07
   Delayed Group 3
     Total Material
       Delayed-Nu-Fission Rate              0.000538071 +/- 1.76576e-07
   Delayed Group 4
     Total Material
       Delayed-Nu-Fission Rate              0.00107377 +/- 3.47404e-07
   Delayed Group 5
     Total Material
       Delayed-Nu-Fission Rate              0.000351132 +/- 1.12845e-07
   Delayed Group 6
     Total Material
       Delayed-Nu-Fission Rate              0.000127465 +/- 4.02689e-08
 ============================>     TALLY 2     <============================

 Universe 13
   Delayed Group 1
     Total Material
       Decay Rate                           -nan +/- 0
   Delayed Group 2
     Total Material
       Decay Rate                           -nan +/- 0
   Delayed Group 3
     Total Material
       Decay Rate                           -nan +/- 0
   Delayed Group 4
     Total Material
       Decay Rate                           -nan +/- 0
   Delayed Group 5
     Total Material
       Decay Rate                           -nan +/- 0
   Delayed Group 6
     Total Material
       Decay Rate                           -nan +/- 0
 ============================>     TALLY 3     <============================

 Universe 13
   Incoming Energy [0, 200000000)
     Total Material
       Nu-Fission Rate                      0.998642 +/- 0.000335898
 ============================>     TALLY 4     <============================

 Universe 13
   Delayed Group 1
     Incoming Energy [0, 200000000)
       Total Material
         Delayed-Nu-Fission Rate              0.000256177 +/- 8.53122e-08
   Delayed Group 2
     Incoming Energy [0, 200000000)
       Total Material
         Delayed-Nu-Fission Rate              0.00068663 +/- 2.27668e-07
   Delayed Group 3
     Incoming Energy [0, 200000000)
       Total Material
         Delayed-Nu-Fission Rate              0.000538071 +/- 1.76576e-07
   Delayed Group 4
     Incoming Energy [0, 200000000)
       Total Material
         Delayed-Nu-Fission Rate              0.00107377 +/- 3.47404e-07
   Delayed Group 5
     Incoming Energy [0, 200000000)
       Total Material
         Delayed-Nu-Fission Rate              0.000351132 +/- 1.12845e-07
   Delayed Group 6
     Incoming Energy [0, 200000000)
       Total Material
         Delayed-Nu-Fission Rate              0.000127465 +/- 4.02689e-08
 =================>     TALLY 5: BREEDING_RATIO_TALLY     <=================

 Universe 13
   U238
     (n,gamma)                            2.03337e-10 +/- 2.21802e-13
     Absorption Rate                      2.03963e-10 +/- 2.21811e-13
   Pu239
     (n,gamma)                            1.69092e-10 +/- 7.25281e-14
     Absorption Rate                      4.49806e-10 +/- 1.90174e-13
   Pu241
     (n,gamma)                            8.41203e-13 +/- 3.40753e-16
     Absorption Rate                      3.04293e-12 +/- 1.22504e-15
   U233
     (n,gamma)                            0.048638 +/- 1.5687e-05
     Absorption Rate                      0.446321 +/- 0.000149572
   Pu238
     (n,gamma)                            1.79359e-09 +/- 7.46595e-13
     Absorption Rate                      1.91678e-09 +/- 7.79063e-13
   Th232
     (n,gamma)                            0.44683 +/- 0.000139575
     Absorption Rate                      0.448328 +/- 0.000139491
   Pu240
     (n,gamma)                            2.34774e-11 +/- 1.80766e-14
     Absorption Rate                      2.34989e-11 +/- 1.80802e-14
   U234
     (n,gamma)                            0.00578288 +/- 5.12989e-06
     Absorption Rate                      0.00581905 +/- 5.13351e-06
   U235
     (n,gamma)                            0.000155427 +/- 5.07374e-08
     Absorption Rate                      0.000857451 +/- 3.18177e-07
 ====================>     TALLY 6: FISSION_ENERGY     <====================

 Universe 13
   Total Material
     Kappa-Fission Rate                   7.64001e+07 +/- 25705.6
 =======================>     TALLY 7: HEATING     <========================

 Universe 13
   Total Material
     heating                              6.99242e+07 +/- 22804.5
 ============================>     TALLY 8     <============================

 Internal

