 ============================>     TALLY 1     <============================

 Universe 13
   Delayed Group 1
     Total Material
       Delayed-Nu-Fission Rate              0.000260254 +/- 8.91642e-08
   Delayed Group 2
     Total Material
       Delayed-Nu-Fission Rate              0.000698471 +/- 2.38458e-07
   Delayed Group 3
     Total Material
       Delayed-Nu-Fission Rate              0.000547678 +/- 1.85355e-07
   Delayed Group 4
     Total Material
       Delayed-Nu-Fission Rate              0.00109337 +/- 3.65671e-07
   Delayed Group 5
     Total Material
       Delayed-Nu-Fission Rate              0.000357883 +/- 1.19045e-07
   Delayed Group 6
     Total Material
       Delayed-Nu-Fission Rate              0.000130007 +/- 4.26469e-08
 ============================>     TALLY 2     <============================

 Universe 13
   Delayed Group 1
     Total Material
       Decay Rate                           -nan +/- 0
   Delayed Group 2
     Total Material
       Decay Rate                           2.42421e-05 +/- 8.28126e-09
   Delayed Group 3
     Total Material
       Decay Rate                           -nan +/- 0
   Delayed Group 4
     Total Material
       Decay Rate                           -nan +/- 0
   Delayed Group 5
     Total Material
       Decay Rate                           -nan +/- 0
   Delayed Group 6
     Total Material
       Decay Rate                           -nan +/- 0
 ============================>     TALLY 3     <============================

 Universe 13
   Incoming Energy [0, 200000000)
     Total Material
       Nu-Fission Rate                      1.01473 +/- 0.000350773
 ============================>     TALLY 4     <============================

 Universe 13
   Delayed Group 1
     Incoming Energy [0, 200000000)
       Total Material
         Delayed-Nu-Fission Rate              0.000260254 +/- 8.91642e-08
   Delayed Group 2
     Incoming Energy [0, 200000000)
       Total Material
         Delayed-Nu-Fission Rate              0.000698471 +/- 2.38458e-07
   Delayed Group 3
     Incoming Energy [0, 200000000)
       Total Material
         Delayed-Nu-Fission Rate              0.000547678 +/- 1.85355e-07
   Delayed Group 4
     Incoming Energy [0, 200000000)
       Total Material
         Delayed-Nu-Fission Rate              0.00109337 +/- 3.65671e-07
   Delayed Group 5
     Incoming Energy [0, 200000000)
       Total Material
         Delayed-Nu-Fission Rate              0.000357883 +/- 1.19045e-07
   Delayed Group 6
     Incoming Energy [0, 200000000)
       Total Material
         Delayed-Nu-Fission Rate              0.000130007 +/- 4.26469e-08
 =================>     TALLY 5: BREEDING_RATIO_TALLY     <=================

 Universe 13
   Pu240
     (n,gamma)                            3.33787e-10 +/- 3.07124e-13
     Absorption Rate                      3.34086e-10 +/- 3.07192e-13
   Th232
     (n,gamma)                            0.460593 +/- 0.00012382
     Absorption Rate                      0.462112 +/- 0.000123859
   U238
     (n,gamma)                            9.4904e-10 +/- 1.07462e-12
     Absorption Rate                      9.51941e-10 +/- 1.07482e-12
   U233
     (n,gamma)                            0.0491831 +/- 1.56669e-05
     Absorption Rate                      0.452639 +/- 0.000154794
   Pu241
     (n,gamma)                            1.71662e-11 +/- 7.21048e-15
     Absorption Rate                      6.21013e-11 +/- 2.5719e-14
   Pu239
     (n,gamma)                            1.65994e-09 +/- 7.23989e-13
     Absorption Rate                      4.41719e-09 +/- 1.90277e-12
   U235
     (n,gamma)                            0.000301288 +/- 1.03253e-07
     Absorption Rate                      0.00166992 +/- 6.52099e-07
   U234
     (n,gamma)                            0.00767444 +/- 6.34618e-06
     Absorption Rate                      0.00772156 +/- 6.34986e-06
   Pu238
     (n,gamma)                            1.32641e-08 +/- 5.7478e-12
     Absorption Rate                      1.4163e-08 +/- 5.97918e-12
 ====================>     TALLY 6: FISSION_ENERGY     <====================

 Universe 13
   Total Material
     Kappa-Fission Rate                   7.76367e+07 +/- 26841.1
 =======================>     TALLY 7: HEATING     <========================

 Universe 13
   Total Material
     heating                              7.21118e+07 +/- 24124.7
 ============================>     TALLY 8     <============================

 Internal

