 ============================>     TALLY 1     <============================

 Universe 13
   Delayed Group 1
     Total Material
       Delayed-Nu-Fission Rate              0.000258844 +/- 1.00237e-07
   Delayed Group 2
     Total Material
       Delayed-Nu-Fission Rate              0.00069319 +/- 2.67604e-07
   Delayed Group 3
     Total Material
       Delayed-Nu-Fission Rate              0.000542977 +/- 2.08095e-07
   Delayed Group 4
     Total Material
       Delayed-Nu-Fission Rate              0.00108319 +/- 4.1104e-07
   Delayed Group 5
     Total Material
       Delayed-Nu-Fission Rate              0.000353993 +/- 1.33703e-07
   Delayed Group 6
     Total Material
       Delayed-Nu-Fission Rate              0.000128434 +/- 4.7942e-08
 ============================>     TALLY 2     <============================

 Universe 13
   Delayed Group 1
     Total Material
       Decay Rate                           -nan +/- 0
   Delayed Group 2
     Total Material
       Decay Rate                           -nan +/- 0
   Delayed Group 3
     Total Material
       Decay Rate                           -nan +/- 0
   Delayed Group 4
     Total Material
       Decay Rate                           -nan +/- 0
   Delayed Group 5
     Total Material
       Decay Rate                           -nan +/- 0
   Delayed Group 6
     Total Material
       Decay Rate                           -nan +/- 0
 ============================>     TALLY 3     <============================

 Universe 13
   Incoming Energy [0, 200000000)
     Total Material
       Nu-Fission Rate                      1.00899 +/- 0.000393525
 ============================>     TALLY 4     <============================

 Universe 13
   Delayed Group 1
     Incoming Energy [0, 200000000)
       Total Material
         Delayed-Nu-Fission Rate              0.000258844 +/- 1.00237e-07
   Delayed Group 2
     Incoming Energy [0, 200000000)
       Total Material
         Delayed-Nu-Fission Rate              0.00069319 +/- 2.67604e-07
   Delayed Group 3
     Incoming Energy [0, 200000000)
       Total Material
         Delayed-Nu-Fission Rate              0.000542977 +/- 2.08095e-07
   Delayed Group 4
     Incoming Energy [0, 200000000)
       Total Material
         Delayed-Nu-Fission Rate              0.00108319 +/- 4.1104e-07
   Delayed Group 5
     Incoming Energy [0, 200000000)
       Total Material
         Delayed-Nu-Fission Rate              0.000353993 +/- 1.33703e-07
   Delayed Group 6
     Incoming Energy [0, 200000000)
       Total Material
         Delayed-Nu-Fission Rate              0.000128434 +/- 4.7942e-08
 =================>     TALLY 5: BREEDING_RATIO_TALLY     <=================

 Universe 13
   U235
     (n,gamma)                            6.6143e-05 +/- 2.52241e-08
     Absorption Rate                      0.000365027 +/- 1.59735e-07
   U234
     (n,gamma)                            0.00376596 +/- 3.54588e-06
     Absorption Rate                      0.00378925 +/- 3.5493e-06
   U238
     (n,gamma)                            3.07806e-11 +/- 3.44137e-14
     Absorption Rate                      3.08753e-11 +/- 3.44179e-14
   Th232
     (n,gamma)                            0.448987 +/- 0.000145898
     Absorption Rate                      0.450492 +/- 0.000145998
   Pu238
     (n,gamma)                            1.65743e-10 +/- 8.34493e-14
     Absorption Rate                      1.7711e-10 +/- 8.70808e-14
   Pu240
     (n,gamma)                            1.04834e-12 +/- 9.76931e-16
     Absorption Rate                      1.0493e-12 +/- 9.77149e-16
   Pu241
     (n,gamma)                            2.43486e-14 +/- 1.176e-17
     Absorption Rate                      8.80804e-14 +/- 4.1917e-17
   U233
     (n,gamma)                            0.0491901 +/- 1.74473e-05
     Absorption Rate                      0.451416 +/- 0.000174279
   Pu239
     (n,gamma)                            1.15081e-11 +/- 5.81438e-15
     Absorption Rate                      3.06141e-11 +/- 1.5331e-14
 ====================>     TALLY 6: FISSION_ENERGY     <====================

 Universe 13
   Total Material
     Kappa-Fission Rate                   7.71887e+07 +/- 30111.6
 =======================>     TALLY 7: HEATING     <========================

 Universe 13
   Total Material
     heating                              7.12957e+07 +/- 27103.2
 ============================>     TALLY 8     <============================

 Internal

