 ============================>     TALLY 1     <============================

 Universe 13
   Delayed Group 1
     Total Material
       Delayed-Nu-Fission Rate              0.000263913 +/- 9.44141e-08
   Delayed Group 2
     Total Material
       Delayed-Nu-Fission Rate              0.000707302 +/- 2.52127e-07
   Delayed Group 3
     Total Material
       Delayed-Nu-Fission Rate              0.000554199 +/- 1.95852e-07
   Delayed Group 4
     Total Material
       Delayed-Nu-Fission Rate              0.00110576 +/- 3.86164e-07
   Delayed Group 5
     Total Material
       Delayed-Nu-Fission Rate              0.00036156 +/- 1.25565e-07
   Delayed Group 6
     Total Material
       Delayed-Nu-Fission Rate              0.000131222 +/- 4.49253e-08
 ============================>     TALLY 2     <============================

 Universe 13
   Delayed Group 1
     Total Material
       Decay Rate                           -nan +/- 0
   Delayed Group 2
     Total Material
       Decay Rate                           2.45527e-05 +/- 8.75748e-09
   Delayed Group 3
     Total Material
       Decay Rate                           -nan +/- 0
   Delayed Group 4
     Total Material
       Decay Rate                           -nan +/- 0
   Delayed Group 5
     Total Material
       Decay Rate                           -nan +/- 0
   Delayed Group 6
     Total Material
       Decay Rate                           -nan +/- 0
 ============================>     TALLY 3     <============================

 Universe 13
   Incoming Energy [0, 200000000)
     Total Material
       Nu-Fission Rate                      1.02894 +/- 0.000371206
 ============================>     TALLY 4     <============================

 Universe 13
   Delayed Group 1
     Incoming Energy [0, 200000000)
       Total Material
         Delayed-Nu-Fission Rate              0.000263913 +/- 9.44141e-08
   Delayed Group 2
     Incoming Energy [0, 200000000)
       Total Material
         Delayed-Nu-Fission Rate              0.000707302 +/- 2.52127e-07
   Delayed Group 3
     Incoming Energy [0, 200000000)
       Total Material
         Delayed-Nu-Fission Rate              0.000554199 +/- 1.95852e-07
   Delayed Group 4
     Incoming Energy [0, 200000000)
       Total Material
         Delayed-Nu-Fission Rate              0.00110576 +/- 3.86164e-07
   Delayed Group 5
     Incoming Energy [0, 200000000)
       Total Material
         Delayed-Nu-Fission Rate              0.00036156 +/- 1.25565e-07
   Delayed Group 6
     Incoming Energy [0, 200000000)
       Total Material
         Delayed-Nu-Fission Rate              0.000131222 +/- 4.49253e-08
 =================>     TALLY 5: BREEDING_RATIO_TALLY     <=================

 Universe 13
   Pu238
     (n,gamma)                            2.06223e-09 +/- 9.31939e-13
     Absorption Rate                      2.2027e-09 +/- 9.70387e-13
   U238
     (n,gamma)                            2.159e-10 +/- 2.70259e-13
     Absorption Rate                      2.1656e-10 +/- 2.70258e-13
   Th232
     (n,gamma)                            0.457431 +/- 0.000151791
     Absorption Rate                      0.458951 +/- 0.00015167
   U235
     (n,gamma)                            0.000155359 +/- 5.62371e-08
     Absorption Rate                      0.00085949 +/- 3.48279e-07
   Pu241
     (n,gamma)                            1.06893e-12 +/- 4.83178e-16
     Absorption Rate                      3.86679e-12 +/- 1.71286e-15
   U234
     (n,gamma)                            0.00551983 +/- 4.47519e-06
     Absorption Rate                      0.00555374 +/- 4.47926e-06
   U233
     (n,gamma)                            0.0500351 +/- 1.63623e-05
     Absorption Rate                      0.459837 +/- 0.000164341
   Pu239
     (n,gamma)                            2.01067e-10 +/- 9.60324e-14
     Absorption Rate                      5.34974e-10 +/- 2.51288e-13
   Pu240
     (n,gamma)                            2.90633e-11 +/- 2.67645e-14
     Absorption Rate                      2.90895e-11 +/- 2.67686e-14
 ====================>     TALLY 6: FISSION_ENERGY     <====================

 Universe 13
   Total Material
     Kappa-Fission Rate                   7.87181e+07 +/- 28405.4
 =======================>     TALLY 7: HEATING     <========================

 Universe 13
   Total Material
     heating                              7.41138e+07 +/- 26340.2
 ============================>     TALLY 8     <============================

 Internal

