 ============================>     TALLY 1     <============================

 Universe 13
   Delayed Group 1
     Total Material
       Delayed-Nu-Fission Rate              0.000256529 +/- 8.55432e-08
   Delayed Group 2
     Total Material
       Delayed-Nu-Fission Rate              0.000687458 +/- 2.28318e-07
   Delayed Group 3
     Total Material
       Delayed-Nu-Fission Rate              0.000538674 +/- 1.77194e-07
   Delayed Group 4
     Total Material
       Delayed-Nu-Fission Rate              0.0010749 +/- 3.48959e-07
   Delayed Group 5
     Total Material
       Delayed-Nu-Fission Rate              0.000351458 +/- 1.13394e-07
   Delayed Group 6
     Total Material
       Delayed-Nu-Fission Rate              0.00012757 +/- 4.05138e-08
 ============================>     TALLY 2     <============================

 Universe 13
   Delayed Group 1
     Total Material
       Decay Rate                           -nan +/- 0
   Delayed Group 2
     Total Material
       Decay Rate                           2.3864e-05 +/- 7.93114e-09
   Delayed Group 3
     Total Material
       Decay Rate                           -nan +/- 0
   Delayed Group 4
     Total Material
       Decay Rate                           -nan +/- 0
   Delayed Group 5
     Total Material
       Decay Rate                           -nan +/- 0
   Delayed Group 6
     Total Material
       Decay Rate                           -nan +/- 0
 ============================>     TALLY 3     <============================

 Universe 13
   Incoming Energy [0, 200000000)
     Total Material
       Nu-Fission Rate                      1 +/- 0.000336575
 ============================>     TALLY 4     <============================

 Universe 13
   Delayed Group 1
     Incoming Energy [0, 200000000)
       Total Material
         Delayed-Nu-Fission Rate              0.000256529 +/- 8.55432e-08
   Delayed Group 2
     Incoming Energy [0, 200000000)
       Total Material
         Delayed-Nu-Fission Rate              0.000687458 +/- 2.28318e-07
   Delayed Group 3
     Incoming Energy [0, 200000000)
       Total Material
         Delayed-Nu-Fission Rate              0.000538674 +/- 1.77194e-07
   Delayed Group 4
     Incoming Energy [0, 200000000)
       Total Material
         Delayed-Nu-Fission Rate              0.0010749 +/- 3.48959e-07
   Delayed Group 5
     Incoming Energy [0, 200000000)
       Total Material
         Delayed-Nu-Fission Rate              0.000351458 +/- 1.13394e-07
   Delayed Group 6
     Incoming Energy [0, 200000000)
       Total Material
         Delayed-Nu-Fission Rate              0.00012757 +/- 4.05138e-08
 =================>     TALLY 5: BREEDING_RATIO_TALLY     <=================

 Universe 13
   U238
     (n,gamma)                            1.55126e-10 +/- 1.65691e-13
     Absorption Rate                      1.55603e-10 +/- 1.65736e-13
   Pu239
     (n,gamma)                            1.15216e-10 +/- 4.81108e-14
     Absorption Rate                      3.06487e-10 +/- 1.27204e-13
   Pu241
     (n,gamma)                            5.07396e-13 +/- 2.05863e-16
     Absorption Rate                      1.83546e-12 +/- 7.41422e-16
   U233
     (n,gamma)                            0.0487129 +/- 1.54089e-05
     Absorption Rate                      0.447022 +/- 0.000149507
   Pu238
     (n,gamma)                            1.27754e-09 +/- 5.36449e-13
     Absorption Rate                      1.36525e-09 +/- 5.57272e-13
   Th232
     (n,gamma)                            0.447067 +/- 0.000117617
     Absorption Rate                      0.448565 +/- 0.000117652
   Pu240
     (n,gamma)                            1.50542e-11 +/- 1.3096e-14
     Absorption Rate                      1.50679e-11 +/- 1.30988e-14
   U234
     (n,gamma)                            0.00544231 +/- 4.95945e-06
     Absorption Rate                      0.00547625 +/- 4.96262e-06
   U235
     (n,gamma)                            0.000137596 +/- 4.46515e-08
     Absorption Rate                      0.000759142 +/- 2.86474e-07
 ====================>     TALLY 6: FISSION_ENERGY     <====================

 Universe 13
   Total Material
     Kappa-Fission Rate                   7.65038e+07 +/- 25757.1
 =======================>     TALLY 7: HEATING     <========================

 Universe 13
   Total Material
     heating                              7.01177e+07 +/- 23259.5
 ============================>     TALLY 8     <============================

 Internal

