 ============================>     TALLY 1     <============================

 Universe 13
   Delayed Group 1
     Total Material
       Delayed-Nu-Fission Rate              0.000261193 +/- 9.04353e-08
   Delayed Group 2
     Total Material
       Delayed-Nu-Fission Rate              0.000699225 +/- 2.41331e-07
   Delayed Group 3
     Total Material
       Delayed-Nu-Fission Rate              0.000547592 +/- 1.87618e-07
   Delayed Group 4
     Total Material
       Delayed-Nu-Fission Rate              0.00109221 +/- 3.70519e-07
   Delayed Group 5
     Total Material
       Delayed-Nu-Fission Rate              0.00035684 +/- 1.20484e-07
   Delayed Group 6
     Total Material
       Delayed-Nu-Fission Rate              0.000129432 +/- 4.31903e-08
 ============================>     TALLY 2     <============================

 Universe 13
   Delayed Group 1
     Total Material
       Decay Rate                           -nan +/- 0
   Delayed Group 2
     Total Material
       Decay Rate                           2.42755e-05 +/- 8.38296e-09
   Delayed Group 3
     Total Material
       Decay Rate                           -nan +/- 0
   Delayed Group 4
     Total Material
       Decay Rate                           -nan +/- 0
   Delayed Group 5
     Total Material
       Decay Rate                           -nan +/- 0
   Delayed Group 6
     Total Material
       Decay Rate                           -nan +/- 0
 ============================>     TALLY 3     <============================

 Universe 13
   Incoming Energy [0, 200000000)
     Total Material
       Nu-Fission Rate                      1.01815 +/- 0.000355087
 ============================>     TALLY 4     <============================

 Universe 13
   Delayed Group 1
     Incoming Energy [0, 200000000)
       Total Material
         Delayed-Nu-Fission Rate              0.000261193 +/- 9.04353e-08
   Delayed Group 2
     Incoming Energy [0, 200000000)
       Total Material
         Delayed-Nu-Fission Rate              0.000699225 +/- 2.41331e-07
   Delayed Group 3
     Incoming Energy [0, 200000000)
       Total Material
         Delayed-Nu-Fission Rate              0.000547592 +/- 1.87618e-07
   Delayed Group 4
     Incoming Energy [0, 200000000)
       Total Material
         Delayed-Nu-Fission Rate              0.00109221 +/- 3.70519e-07
   Delayed Group 5
     Incoming Energy [0, 200000000)
       Total Material
         Delayed-Nu-Fission Rate              0.00035684 +/- 1.20484e-07
   Delayed Group 6
     Incoming Energy [0, 200000000)
       Total Material
         Delayed-Nu-Fission Rate              0.000129432 +/- 4.31903e-08
 =================>     TALLY 5: BREEDING_RATIO_TALLY     <=================

 Universe 13
   U234
     (n,gamma)                            0.00248152 +/- 2.13927e-06
     Absorption Rate                      0.00249678 +/- 2.14127e-06
   Pu239
     (n,gamma)                            8.50727e-13 +/- 3.59752e-16
     Absorption Rate                      2.2631e-12 +/- 9.47523e-16
   Pu238
     (n,gamma)                            1.62315e-11 +/- 7.02572e-15
     Absorption Rate                      1.73456e-11 +/- 7.33475e-15
   Th232
     (n,gamma)                            0.449769 +/- 0.000140087
     Absorption Rate                      0.451278 +/- 0.000140087
   U238
     (n,gamma)                            4.95958e-12 +/- 5.70861e-15
     Absorption Rate                      4.97482e-12 +/- 5.71001e-15
   Pu241
     (n,gamma)                            8.02328e-16 +/- 3.21341e-19
     Absorption Rate                      2.90231e-15 +/- 1.15179e-18
   U233
     (n,gamma)                            0.0496733 +/- 1.70361e-05
     Absorption Rate                      0.455737 +/- 0.000158678
   U235
     (n,gamma)                            2.89336e-05 +/- 1.00746e-08
     Absorption Rate                      0.000159636 +/- 6.02955e-08
   Pu240
     (n,gamma)                            5.17231e-14 +/- 4.76543e-17
     Absorption Rate                      5.17702e-14 +/- 4.76627e-17
 ====================>     TALLY 6: FISSION_ENERGY     <====================

 Universe 13
   Total Material
     Kappa-Fission Rate                   7.78884e+07 +/- 27168.8
 =======================>     TALLY 7: HEATING     <========================

 Universe 13
   Total Material
     heating                              7.2608e+07 +/- 24386.9
 ============================>     TALLY 8     <============================

 Internal

