 ============================>     TALLY 1     <============================

 Universe 13
   Delayed Group 1
     Total Material
       Delayed-Nu-Fission Rate              0.000255569 +/- 8.88358e-08
   Delayed Group 2
     Total Material
       Delayed-Nu-Fission Rate              0.00068518 +/- 2.37399e-07
   Delayed Group 3
     Total Material
       Delayed-Nu-Fission Rate              0.000536994 +/- 1.84625e-07
   Delayed Group 4
     Total Material
       Delayed-Nu-Fission Rate              0.00107169 +/- 3.64588e-07
   Delayed Group 5
     Total Material
       Delayed-Nu-Fission Rate              0.000350518 +/- 1.18659e-07
   Delayed Group 6
     Total Material
       Delayed-Nu-Fission Rate              0.000127258 +/- 4.25412e-08
 ============================>     TALLY 2     <============================

 Universe 13
   Delayed Group 1
     Total Material
       Decay Rate                           -nan +/- 0
   Delayed Group 2
     Total Material
       Decay Rate                           2.37837e-05 +/- 8.24506e-09
   Delayed Group 3
     Total Material
       Decay Rate                           -nan +/- 0
   Delayed Group 4
     Total Material
       Decay Rate                           -nan +/- 0
   Delayed Group 5
     Total Material
       Decay Rate                           -nan +/- 0
   Delayed Group 6
     Total Material
       Decay Rate                           -nan +/- 0
 ============================>     TALLY 3     <============================

 Universe 13
   Incoming Energy [0, 200000000)
     Total Material
       Nu-Fission Rate                      0.996318 +/- 0.000349034
 ============================>     TALLY 4     <============================

 Universe 13
   Delayed Group 1
     Incoming Energy [0, 200000000)
       Total Material
         Delayed-Nu-Fission Rate              0.000255569 +/- 8.88358e-08
   Delayed Group 2
     Incoming Energy [0, 200000000)
       Total Material
         Delayed-Nu-Fission Rate              0.00068518 +/- 2.37399e-07
   Delayed Group 3
     Incoming Energy [0, 200000000)
       Total Material
         Delayed-Nu-Fission Rate              0.000536994 +/- 1.84625e-07
   Delayed Group 4
     Incoming Energy [0, 200000000)
       Total Material
         Delayed-Nu-Fission Rate              0.00107169 +/- 3.64588e-07
   Delayed Group 5
     Incoming Energy [0, 200000000)
       Total Material
         Delayed-Nu-Fission Rate              0.000350518 +/- 1.18659e-07
   Delayed Group 6
     Incoming Energy [0, 200000000)
       Total Material
         Delayed-Nu-Fission Rate              0.000127258 +/- 4.25412e-08
 =================>     TALLY 5: BREEDING_RATIO_TALLY     <=================

 Universe 13
   U238
     (n,gamma)                            2.94308e-10 +/- 3.58944e-13
     Absorption Rate                      2.95213e-10 +/- 3.58958e-13
   Pu239
     (n,gamma)                            2.86909e-10 +/- 1.18338e-13
     Absorption Rate                      7.63246e-10 +/- 3.1336e-13
   Pu241
     (n,gamma)                            1.68876e-12 +/- 6.79992e-16
     Absorption Rate                      6.109e-12 +/- 2.43438e-15
   U233
     (n,gamma)                            0.048498 +/- 1.66058e-05
     Absorption Rate                      0.445128 +/- 0.000155528
   Pu238
     (n,gamma)                            2.86613e-09 +/- 1.22415e-12
     Absorption Rate                      3.06285e-09 +/- 1.27325e-12
   Th232
     (n,gamma)                            0.445565 +/- 0.000120849
     Absorption Rate                      0.447057 +/- 0.000120899
   Pu240
     (n,gamma)                            4.32222e-11 +/- 3.89815e-14
     Absorption Rate                      4.32617e-11 +/- 3.89896e-14
   U234
     (n,gamma)                            0.00628423 +/- 5.91392e-06
     Absorption Rate                      0.00632355 +/- 5.91559e-06
   U235
     (n,gamma)                            0.000183723 +/- 6.35638e-08
     Absorption Rate                      0.00101381 +/- 3.89653e-07
 ====================>     TALLY 6: FISSION_ENERGY     <====================

 Universe 13
   Total Material
     Kappa-Fission Rate                   7.62233e+07 +/- 26706.7
 =======================>     TALLY 7: HEATING     <========================

 Universe 13
   Total Material
     heating                              6.95924e+07 +/- 24410.9
 ============================>     TALLY 8     <============================

 Internal

